[ 2016-07-04T00:07:08+08:00 ] 121.42.0.57 /
SQL: SHOW COLUMNS FROM `ot_document` [ RunTime:0.000311s ]
SQL: SELECT * FROM `ot_document` WHERE ( status=1 ) ORDER BY view desc LIMIT 0,12   [ RunTime:0.000051s ]
SQL: SHOW COLUMNS FROM `ot_category` [ RunTime:0.000361s ]
SQL: SELECT `id`,`name`,`title`,`pid`,`sort`,`list_row`,`meta_title`,`keywords`,`description`,`template_index`,`template_lists`,`template_detail`,`template_edit`,`model`,`type`,`link_id`,`allow_publish`,`display`,`reply`,`check`,`reply_model`,`extend`,`create_time`,`update_time`,`status`,`icon` FROM `ot_category` WHERE ( `status` = 1 ) ORDER BY sort  [ RunTime:0.000082s ]
SQL: SELECT COUNT(*) AS tp_count FROM `ot_document` WHERE ( status=1 ) LIMIT 1   [ RunTime:0.000042s ]
SQL: SELECT * FROM `ot_document` WHERE ( status=1 ) ORDER BY create_time desc LIMIT 0,10   [ RunTime:0.000061s ]
SQL: SELECT * FROM `ot_category` WHERE ( id=61 ) LIMIT 1   [ RunTime:0.000043s ]
SQL: SELECT * FROM `ot_category` WHERE ( id=50 ) LIMIT 1   [ RunTime:0.000045s ]
SQL: SELECT * FROM `ot_category` WHERE ( id=50 ) LIMIT 1   [ RunTime:0.000041s ]
SQL: SELECT * FROM `ot_category` WHERE ( id=50 ) LIMIT 1   [ RunTime:0.000041s ]
SQL: SELECT * FROM `ot_category` WHERE ( id=50 ) LIMIT 1   [ RunTime:0.000052s ]
SQL: SELECT * FROM `ot_category` WHERE ( id=50 ) LIMIT 1   [ RunTime:0.000043s ]
SQL: SELECT * FROM `ot_category` WHERE ( id=50 ) LIMIT 1   [ RunTime:0.000072s ]
SQL: SELECT * FROM `ot_category` WHERE ( id=61 ) LIMIT 1   [ RunTime:0.000040s ]
SQL: SELECT * FROM `ot_category` WHERE ( id=61 ) LIMIT 1   [ RunTime:0.000040s ]
SQL: SELECT * FROM `ot_category` WHERE ( id=60 ) LIMIT 1   [ RunTime:0.000039s ]
INFO: [ view_parse ] --START--
INFO: [ template_filter ] --START--
INFO: Run Behavior\ContentReplace [ RunTime:0.000112s ]
INFO: [ template_filter ] --END-- [ RunTime:0.000149s ]
INFO: Run Behavior\ParseTemplate [ RunTime:0.010681s ]
INFO: [ view_parse ] --END-- [ RunTime:0.010713s ]
INFO: [ view_filter ] --START--
INFO: Run Behavior\WriteHtmlCache [ RunTime:0.000028s ]
INFO: [ view_filter ] --END-- [ RunTime:0.000050s ]
INFO: [ app_end ] --START--
INFO: Run Behavior\ShowPageTrace [ RunTime:0.000030s ]
INFO: [ app_end ] --END-- [ RunTime:0.000059s ]

[ 2016-07-04T10:34:51+08:00 ] 207.46.13.48 /index.php
SQL: SHOW COLUMNS FROM `ot_document` [ RunTime:0.000335s ]
SQL: SELECT * FROM `ot_document` WHERE ( status=1 ) ORDER BY view desc LIMIT 0,12   [ RunTime:0.000054s ]
SQL: SHOW COLUMNS FROM `ot_category` [ RunTime:0.000335s ]
SQL: SELECT `id`,`name`,`title`,`pid`,`sort`,`list_row`,`meta_title`,`keywords`,`description`,`template_index`,`template_lists`,`template_detail`,`template_edit`,`model`,`type`,`link_id`,`allow_publish`,`display`,`reply`,`check`,`reply_model`,`extend`,`create_time`,`update_time`,`status`,`icon` FROM `ot_category` WHERE ( `status` = 1 ) ORDER BY sort  [ RunTime:0.000059s ]
SQL: SELECT COUNT(*) AS tp_count FROM `ot_document` WHERE ( status=1 ) LIMIT 1   [ RunTime:0.000043s ]
SQL: SELECT * FROM `ot_document` WHERE ( status=1 ) ORDER BY create_time desc LIMIT 0,10   [ RunTime:0.000052s ]
SQL: SELECT * FROM `ot_category` WHERE ( id=61 ) LIMIT 1   [ RunTime:0.000058s ]
SQL: SELECT * FROM `ot_category` WHERE ( id=50 ) LIMIT 1   [ RunTime:0.000089s ]
SQL: SELECT * FROM `ot_category` WHERE ( id=50 ) LIMIT 1   [ RunTime:0.000058s ]
SQL: SELECT * FROM `ot_category` WHERE ( id=50 ) LIMIT 1   [ RunTime:0.000041s ]
SQL: SELECT * FROM `ot_category` WHERE ( id=50 ) LIMIT 1   [ RunTime:0.000041s ]
SQL: SELECT * FROM `ot_category` WHERE ( id=50 ) LIMIT 1   [ RunTime:0.000054s ]
SQL: SELECT * FROM `ot_category` WHERE ( id=50 ) LIMIT 1   [ RunTime:0.000046s ]
SQL: SELECT * FROM `ot_category` WHERE ( id=61 ) LIMIT 1   [ RunTime:0.000055s ]
SQL: SELECT * FROM `ot_category` WHERE ( id=61 ) LIMIT 1   [ RunTime:0.000043s ]
SQL: SELECT * FROM `ot_category` WHERE ( id=60 ) LIMIT 1   [ RunTime:0.000046s ]
INFO: [ view_parse ] --START--
INFO: [ template_filter ] --START--
INFO: Run Behavior\ContentReplace [ RunTime:0.000122s ]
INFO: [ template_filter ] --END-- [ RunTime:0.000160s ]
INFO: Run Behavior\ParseTemplate [ RunTime:0.010630s ]
INFO: [ view_parse ] --END-- [ RunTime:0.010663s ]
INFO: [ view_filter ] --START--
INFO: Run Behavior\WriteHtmlCache [ RunTime:0.000029s ]
INFO: [ view_filter ] --END-- [ RunTime:0.000063s ]
INFO: [ app_end ] --START--
INFO: Run Behavior\ShowPageTrace [ RunTime:0.000044s ]
INFO: [ app_end ] --END-- [ RunTime:0.000072s ]

[ 2016-07-04T16:58:35+08:00 ] 58.251.152.224 /
SQL: SHOW COLUMNS FROM `ot_document` [ RunTime:0.000341s ]
SQL: SELECT * FROM `ot_document` WHERE ( status=1 ) ORDER BY view desc LIMIT 0,12   [ RunTime:0.000057s ]
SQL: SHOW COLUMNS FROM `ot_category` [ RunTime:0.000376s ]
SQL: SELECT `id`,`name`,`title`,`pid`,`sort`,`list_row`,`meta_title`,`keywords`,`description`,`template_index`,`template_lists`,`template_detail`,`template_edit`,`model`,`type`,`link_id`,`allow_publish`,`display`,`reply`,`check`,`reply_model`,`extend`,`create_time`,`update_time`,`status`,`icon` FROM `ot_category` WHERE ( `status` = 1 ) ORDER BY sort  [ RunTime:0.000057s ]
SQL: SELECT COUNT(*) AS tp_count FROM `ot_document` WHERE ( status=1 ) LIMIT 1   [ RunTime:0.000042s ]
SQL: SELECT * FROM `ot_document` WHERE ( status=1 ) ORDER BY create_time desc LIMIT 0,10   [ RunTime:0.000053s ]
SQL: SELECT * FROM `ot_category` WHERE ( id=61 ) LIMIT 1   [ RunTime:0.000046s ]
SQL: SELECT * FROM `ot_category` WHERE ( id=50 ) LIMIT 1   [ RunTime:0.000051s ]
SQL: SELECT * FROM `ot_category` WHERE ( id=50 ) LIMIT 1   [ RunTime:0.000044s ]
SQL: SELECT * FROM `ot_category` WHERE ( id=50 ) LIMIT 1   [ RunTime:0.000049s ]
SQL: SELECT * FROM `ot_category` WHERE ( id=50 ) LIMIT 1   [ RunTime:0.000044s ]
SQL: SELECT * FROM `ot_category` WHERE ( id=50 ) LIMIT 1   [ RunTime:0.000043s ]
SQL: SELECT * FROM `ot_category` WHERE ( id=50 ) LIMIT 1   [ RunTime:0.000043s ]
SQL: SELECT * FROM `ot_category` WHERE ( id=61 ) LIMIT 1   [ RunTime:0.000043s ]
SQL: SELECT * FROM `ot_category` WHERE ( id=61 ) LIMIT 1   [ RunTime:0.000043s ]
SQL: SELECT * FROM `ot_category` WHERE ( id=60 ) LIMIT 1   [ RunTime:0.000042s ]
INFO: [ view_parse ] --START--
INFO: [ template_filter ] --START--
INFO: Run Behavior\ContentReplace [ RunTime:0.000139s ]
INFO: [ template_filter ] --END-- [ RunTime:0.000175s ]
INFO: Run Behavior\ParseTemplate [ RunTime:0.010601s ]
INFO: [ view_parse ] --END-- [ RunTime:0.010635s ]
INFO: [ view_filter ] --START--
INFO: Run Behavior\WriteHtmlCache [ RunTime:0.000028s ]
INFO: [ view_filter ] --END-- [ RunTime:0.000050s ]
INFO: [ app_end ] --START--
INFO: Run Behavior\ShowPageTrace [ RunTime:0.000031s ]
INFO: [ app_end ] --END-- [ RunTime:0.000059s ]

[ 2016-07-04T16:58:46+08:00 ] 58.251.152.224 /index.php?s=/home/article/detail/id/47.html
SQL: SHOW COLUMNS FROM `ot_document` [ RunTime:0.000332s ]
SQL: SELECT * FROM `ot_document` WHERE ( status=1 ) ORDER BY view desc LIMIT 0,12   [ RunTime:0.000055s ]
SQL: SELECT `id`,`uid`,`name`,`title`,`category_id`,`description`,`root`,`pid`,`model_id`,`type`,`position`,`link_id`,`cover_id`,`display`,`deadline`,`attach`,`view`,`comment`,`extend`,`level`,`create_time`,`update_time`,`status` FROM `ot_document` WHERE ( `id` = 47 ) LIMIT 1   [ RunTime:0.000157s ]
SQL: SHOW COLUMNS FROM `ot_document_article` [ RunTime:0.000235s ]
SQL: SELECT `id`,`parse`,`content`,`template`,`bookmark` FROM `ot_document_article` WHERE ( `id` = 47 ) LIMIT 1   [ RunTime:0.000130s ]
SQL: SHOW COLUMNS FROM `ot_category` [ RunTime:0.000394s ]
SQL: SELECT `id`,`name`,`title`,`pid`,`sort`,`list_row`,`meta_title`,`keywords`,`description`,`template_index`,`template_lists`,`template_detail`,`template_edit`,`model`,`type`,`link_id`,`allow_publish`,`display`,`reply`,`check`,`reply_model`,`extend`,`create_time`,`update_time`,`status`,`icon` FROM `ot_category` WHERE ( `id` = 50 ) LIMIT 1   [ RunTime:0.000055s ]
SQL: UPDATE `ot_document` SET `view`=view+1 WHERE ( `id` = 47 ) [ RunTime:0.000174s ]
INFO: [ view_parse ] --START--
INFO: [ template_filter ] --START--
INFO: Run Behavior\ContentReplace [ RunTime:0.000084s ]
INFO: [ template_filter ] --END-- [ RunTime:0.000117s ]
SQL: SELECT `id`,`uid`,`name`,`title`,`category_id`,`description`,`root`,`pid`,`model_id`,`type`,`position`,`link_id`,`cover_id`,`display`,`deadline`,`attach`,`view`,`comment`,`extend`,`level`,`create_time`,`update_time`,`status` FROM `ot_document` WHERE ( `id` < '47' ) AND ( `pid` = 0 ) AND ( `category_id` = 50 ) AND ( `status` = 1 ) ORDER BY id DESC LIMIT 1   [ RunTime:0.000218s ]
SQL: SELECT `id`,`uid`,`name`,`title`,`category_id`,`description`,`root`,`pid`,`model_id`,`type`,`position`,`link_id`,`cover_id`,`display`,`deadline`,`attach`,`view`,`comment`,`extend`,`level`,`create_time`,`update_time`,`status` FROM `ot_document` WHERE ( `id` > '47' ) AND ( `pid` = 0 ) AND ( `category_id` = 50 ) AND ( `status` = 1 ) ORDER BY id LIMIT 1   [ RunTime:0.000200s ]
INFO: [ documentDetailAfter ] --START--
SQL: SHOW COLUMNS FROM `ot_attachment` [ RunTime:0.000278s ]
SQL: SELECT `id`,`uid`,`title`,`type`,`source`,`record_id`,`download`,`size`,`dir`,`sort`,`create_time`,`update_time`,`status` FROM `ot_attachment` WHERE ( `record_id` = 47 ) AND ( `status` = 1 )  [ RunTime:0.000115s ]
INFO: Run Attachment [ RunTime:0.000763s ]
SQL: SHOW COLUMNS FROM `ot_addons` [ RunTime:0.000261s ]
SQL: SELECT `config` FROM `ot_addons` WHERE ( `name` = 'SocialComment' ) AND ( `status` = 1 ) LIMIT 1   [ RunTime:0.000042s ]
INFO: [ view_parse ] --START--
INFO: [ template_filter ] --START--
INFO: Run Behavior\ContentReplace [ RunTime:0.000024s ]
INFO: [ template_filter ] --END-- [ RunTime:-0.003700s ]
NOTIC: [8] Undefined variable: addons /usr/share/nginx/html/Runtime/Cache/Home/58bd718024fb066be57959b1979e41a4.php 第 3 行.
INFO: Run Behavior\ParseTemplate [ RunTime:0.001067s ]
INFO: [ view_parse ] --END-- [ RunTime:0.001099s ]
INFO: [ view_filter ] --START--
INFO: Run Behavior\WriteHtmlCache [ RunTime:0.000031s ]
INFO: [ view_filter ] --END-- [ RunTime:0.000052s ]
INFO: Run SocialComment [ RunTime:0.001767s ]
INFO: [ documentDetailAfter ] --END-- [ RunTime:0.002565s ]
INFO: Run Behavior\ParseTemplate [ RunTime:0.001211s ]
INFO: [ view_parse ] --END-- [ RunTime:0.001099s ]
INFO: [ view_filter ] --START--
INFO: Run Behavior\WriteHtmlCache [ RunTime:0.000004s ]
INFO: [ view_filter ] --END-- [ RunTime:-0.000085s ]
INFO: [ app_end ] --START--
INFO: Run Behavior\ShowPageTrace [ RunTime:0.000033s ]
INFO: [ app_end ] --END-- [ RunTime:0.000097s ]

[ 2016-07-04T21:51:07+08:00 ] 27.38.12.221 /
SQL: SHOW COLUMNS FROM `ot_document` [ RunTime:0.000299s ]
SQL: SELECT * FROM `ot_document` WHERE ( status=1 ) ORDER BY view desc LIMIT 0,12   [ RunTime:0.000270s ]
SQL: SHOW COLUMNS FROM `ot_category` [ RunTime:0.000327s ]
SQL: SELECT `id`,`name`,`title`,`pid`,`sort`,`list_row`,`meta_title`,`keywords`,`description`,`template_index`,`template_lists`,`template_detail`,`template_edit`,`model`,`type`,`link_id`,`allow_publish`,`display`,`reply`,`check`,`reply_model`,`extend`,`create_time`,`update_time`,`status`,`icon` FROM `ot_category` WHERE ( `status` = 1 ) ORDER BY sort  [ RunTime:0.000059s ]
SQL: SELECT COUNT(*) AS tp_count FROM `ot_document` WHERE ( status=1 ) LIMIT 1   [ RunTime:0.000134s ]
SQL: SELECT * FROM `ot_document` WHERE ( status=1 ) ORDER BY create_time desc LIMIT 0,10   [ RunTime:0.000196s ]
SQL: SELECT * FROM `ot_category` WHERE ( id=61 ) LIMIT 1   [ RunTime:0.000049s ]
SQL: SELECT * FROM `ot_category` WHERE ( id=50 ) LIMIT 1   [ RunTime:0.000051s ]
SQL: SELECT * FROM `ot_category` WHERE ( id=50 ) LIMIT 1   [ RunTime:0.000045s ]
SQL: SELECT * FROM `ot_category` WHERE ( id=50 ) LIMIT 1   [ RunTime:0.000045s ]
SQL: SELECT * FROM `ot_category` WHERE ( id=50 ) LIMIT 1   [ RunTime:0.000044s ]
SQL: SELECT * FROM `ot_category` WHERE ( id=50 ) LIMIT 1   [ RunTime:0.000043s ]
SQL: SELECT * FROM `ot_category` WHERE ( id=50 ) LIMIT 1   [ RunTime:0.000043s ]
SQL: SELECT * FROM `ot_category` WHERE ( id=61 ) LIMIT 1   [ RunTime:0.000043s ]
SQL: SELECT * FROM `ot_category` WHERE ( id=61 ) LIMIT 1   [ RunTime:0.000040s ]
SQL: SELECT * FROM `ot_category` WHERE ( id=60 ) LIMIT 1   [ RunTime:0.000039s ]
INFO: [ view_parse ] --START--
INFO: [ template_filter ] --START--
INFO: Run Behavior\ContentReplace [ RunTime:0.000137s ]
INFO: [ template_filter ] --END-- [ RunTime:0.000173s ]
INFO: Run Behavior\ParseTemplate [ RunTime:0.010683s ]
INFO: [ view_parse ] --END-- [ RunTime:0.010717s ]
INFO: [ view_filter ] --START--
INFO: Run Behavior\WriteHtmlCache [ RunTime:0.000028s ]
INFO: [ view_filter ] --END-- [ RunTime:0.000050s ]
INFO: [ app_end ] --START--
INFO: Run Behavior\ShowPageTrace [ RunTime:0.000030s ]
INFO: [ app_end ] --END-- [ RunTime:0.000059s ]

[ 2016-07-04T22:27:28+08:00 ] 27.38.12.221 /index.php?s=/Admin/Public/login/
INFO: [ view_parse ] --START--
INFO: [ template_filter ] --START--
INFO: Run Behavior\ContentReplace [ RunTime:0.000037s ]
INFO: [ template_filter ] --END-- [ RunTime:0.000067s ]
INFO: Run Behavior\ParseTemplate [ RunTime:0.001491s ]
INFO: [ view_parse ] --END-- [ RunTime:0.001537s ]
INFO: [ view_filter ] --START--
INFO: Run Behavior\WriteHtmlCache [ RunTime:0.000027s ]
INFO: [ view_filter ] --END-- [ RunTime:0.000048s ]
INFO: [ app_end ] --START--
INFO: Run Behavior\ShowPageTrace [ RunTime:0.000022s ]
INFO: [ app_end ] --END-- [ RunTime:0.000042s ]

[ 2016-07-04T22:28:02+08:00 ] 27.38.12.221 /index.php?s=/Admin/Index/index.html
NOTIC: [8192] mysql_connect(): The mysql extension is deprecated and will be removed in the future: use mysqli or PDO instead /usr/share/nginx/html/ThinkPHP/Library/Think/Db/Driver/Mysql.class.php 第 52 行.
SQL: SHOW COLUMNS FROM `ot_menu` [ RunTime:0.000405s ]
SQL: SELECT * FROM `ot_menu` WHERE ( `pid` = 0 ) AND ( `hide` = 0 ) ORDER BY sort asc  [ RunTime:0.000047s ]
SQL: SELECT `id` FROM `ot_menu` WHERE ( url like '%Index/index%' ) LIMIT 1   [ RunTime:0.000039s ]
SQL: SHOW COLUMNS FROM `ot_menu` [ RunTime:0.000257s ]
SQL: SELECT `id`,`pid`,`title` FROM `ot_menu` WHERE ( id=1 ) LIMIT 1   [ RunTime:0.000044s ]
SQL: SELECT DISTINCT  `group` FROM `ot_menu` WHERE ( pid = 1 )  [ RunTime:0.000040s ]
SQL: SELECT `id`,`url` FROM `ot_menu` WHERE ( `pid` = 1 ) AND ( `hide` = 0 )  [ RunTime:0.000039s ]
INFO: [ view_parse ] --START--
INFO: [ template_filter ] --START--
INFO: Run Behavior\ContentReplace [ RunTime:0.000061s ]
INFO: [ template_filter ] --END-- [ RunTime:0.000107s ]
INFO: [ AdminIndex ] --START--
SQL: SHOW COLUMNS FROM `ot_addons` [ RunTime:0.000290s ]
SQL: SELECT `config` FROM `ot_addons` WHERE ( `name` = 'SiteStat' ) AND ( `status` = 1 ) LIMIT 1   [ RunTime:0.000043s ]
SQL: SHOW COLUMNS FROM `ot_member` [ RunTime:0.000247s ]
SQL: SELECT COUNT(*) AS tp_count FROM `ot_member` LIMIT 1   [ RunTime:0.000090s ]
SQL: SHOW COLUMNS FROM `ot_action_log` [ RunTime:0.000256s ]
SQL: SELECT COUNT(*) AS tp_count FROM `ot_action_log` LIMIT 1   [ RunTime:0.000082s ]
SQL: SHOW COLUMNS FROM `ot_document` [ RunTime:0.000298s ]
SQL: SELECT COUNT(*) AS tp_count FROM `ot_document` LIMIT 1   [ RunTime:0.000082s ]
SQL: SHOW COLUMNS FROM `ot_category` [ RunTime:0.000362s ]
SQL: SELECT COUNT(*) AS tp_count FROM `ot_category` LIMIT 1   [ RunTime:0.000043s ]
SQL: SHOW COLUMNS FROM `ot_model` [ RunTime:0.000291s ]
SQL: SELECT COUNT(*) AS tp_count FROM `ot_model` LIMIT 1   [ RunTime:0.000043s ]
INFO: [ view_parse ] --START--
INFO: [ template_filter ] --START--
INFO: Run Behavior\ContentReplace [ RunTime:0.000018s ]
INFO: [ template_filter ] --END-- [ RunTime:-0.004998s ]
INFO: Run Behavior\ParseTemplate [ RunTime:0.000850s ]
INFO: [ view_parse ] --END-- [ RunTime:0.000883s ]
INFO: [ view_filter ] --START--
INFO: Run Behavior\WriteHtmlCache [ RunTime:0.000022s ]
INFO: [ view_filter ] --END-- [ RunTime:0.000043s ]
INFO: Run SiteStat [ RunTime:0.004399s ]
SQL: SELECT `config` FROM `ot_addons` WHERE ( `name` = 'SystemInfo' ) AND ( `status` = 1 ) LIMIT 1   [ RunTime:0.000049s ]
INFO: [ view_parse ] --START--
INFO: [ template_filter ] --START--
INFO: Run Behavior\ContentReplace [ RunTime:0.000034s ]
INFO: [ template_filter ] --END-- [ RunTime:-0.006328s ]
SQL: select version() as v; [ RunTime:0.000064s ]
INFO: Run Behavior\ParseTemplate [ RunTime:0.001236s ]
INFO: [ view_parse ] --END-- [ RunTime:-0.000323s ]
INFO: [ view_filter ] --START--
INFO: Run Behavior\WriteHtmlCache [ RunTime:0.000005s ]
INFO: [ view_filter ] --END-- [ RunTime:-0.001536s ]
INFO: Run SystemInfo [ RunTime:0.001531s ]
SQL: SELECT `config` FROM `ot_addons` WHERE ( `name` = 'DevTeam' ) AND ( `status` = 1 ) LIMIT 1   [ RunTime:0.000048s ]
INFO: [ view_parse ] --START--
INFO: [ template_filter ] --START--
INFO: Run Behavior\ContentReplace [ RunTime:0.000019s ]
INFO: [ template_filter ] --END-- [ RunTime:-0.007784s ]
INFO: Run Behavior\ParseTemplate [ RunTime:0.000846s ]
INFO: [ view_parse ] --END-- [ RunTime:-0.001886s ]
INFO: [ view_filter ] --START--
INFO: Run Behavior\WriteHtmlCache [ RunTime:0.000006s ]
INFO: [ view_filter ] --END-- [ RunTime:-0.002716s ]
INFO: Run DevTeam [ RunTime:0.001173s ]
INFO: [ AdminIndex ] --END-- [ RunTime:0.007145s ]
INFO: Run Behavior\ParseTemplate [ RunTime:0.000943s ]
INFO: [ view_parse ] --END-- [ RunTime:-0.001886s ]
INFO: [ view_filter ] --START--
INFO: Run Behavior\WriteHtmlCache [ RunTime:0.000003s ]
INFO: [ view_filter ] --END-- [ RunTime:-0.002802s ]
INFO: [ app_end ] --START--
INFO: Run Behavior\ShowPageTrace [ RunTime:0.000026s ]
INFO: [ app_end ] --END-- [ RunTime:0.000055s ]

[ 2016-07-04T22:28:08+08:00 ] 27.38.12.221 /index.php?s=/Admin/Article/mydocument.html
NOTIC: [8192] mysql_connect(): The mysql extension is deprecated and will be removed in the future: use mysqli or PDO instead /usr/share/nginx/html/ThinkPHP/Library/Think/Db/Driver/Mysql.class.php 第 52 行.
SQL: SHOW COLUMNS FROM `ot_menu` [ RunTime:0.000401s ]
SQL: SELECT * FROM `ot_menu` WHERE ( `pid` = 0 ) AND ( `hide` = 0 ) ORDER BY sort asc  [ RunTime:0.000048s ]
SQL: SELECT `id` FROM `ot_menu` WHERE ( url like '%Article/mydocument%' ) LIMIT 1   [ RunTime:0.000041s ]
SQL: SHOW COLUMNS FROM `ot_menu` [ RunTime:0.000259s ]
SQL: SELECT `id`,`pid`,`title` FROM `ot_menu` WHERE ( id=2 ) LIMIT 1   [ RunTime:0.000044s ]
SQL: SELECT DISTINCT  `group` FROM `ot_menu` WHERE ( pid = 2 )  [ RunTime:0.000040s ]
SQL: SELECT `id`,`url` FROM `ot_menu` WHERE ( `pid` = 2 ) AND ( `hide` = 0 )  [ RunTime:0.000050s ]
SQL: SELECT `id`,`pid`,`title`,`url`,`tip` FROM `ot_menu` WHERE ( `group` = '内容' ) AND ( `pid` = 2 ) AND ( `hide` = 0 ) ORDER BY sort asc  [ RunTime:0.000053s ]
SQL: SHOW COLUMNS FROM `ot_auth_group_access` [ RunTime:0.000236s ]
SQL: SELECT `extend_id` FROM ot_auth_group_access g INNER JOIN ot_auth_extend c on g.group_id=c.group_id  WHERE ( g.uid='1' and c.type='1' and !isnull(extend_id) )  [ RunTime:0.000041s ]
SQL: SHOW COLUMNS FROM `ot_category` [ RunTime:0.000326s ]
SQL: SELECT `id`,`title`,`pid`,`allow_publish` FROM `ot_category` WHERE ( `status` = 1 ) ORDER BY pid,sort  [ RunTime:0.000044s ]
SQL: SHOW COLUMNS FROM `ot_document` [ RunTime:0.000332s ]
SQL: SELECT COUNT(*) AS tp_count FROM `ot_document` WHERE ( `status` IN ('0','1','2') ) AND ( `uid` = 1 ) AND ( `pid` = 0 ) LIMIT 1   [ RunTime:0.000193s ]
SQL: SELECT `id`,`uid`,`name`,`title`,`category_id`,`description`,`root`,`pid`,`model_id`,`type`,`position`,`link_id`,`cover_id`,`display`,`deadline`,`attach`,`view`,`comment`,`extend`,`level`,`create_time`,`update_time`,`status` FROM `ot_document` WHERE ( `status` IN ('0','1','2') ) AND ( `uid` = 1 ) AND ( `pid` = 0 ) ORDER BY update_time desc LIMIT 0,10   [ RunTime:0.000300s ]
INFO: [ view_parse ] --START--
INFO: [ template_filter ] --START--
INFO: Run Behavior\ContentReplace [ RunTime:0.000144s ]
INFO: [ template_filter ] --END-- [ RunTime:0.000180s ]
SQL: SHOW COLUMNS FROM `ot_document` [ RunTime:0.000357s ]
SQL: SELECT COUNT(*) AS tp_count FROM `ot_document` WHERE ( pid=51 ) LIMIT 1   [ RunTime:0.000123s ]
SQL: SELECT `title` FROM `ot_category` WHERE ( id=61 ) LIMIT 1   [ RunTime:0.000041s ]
SQL: SELECT COUNT(*) AS tp_count FROM `ot_document` WHERE ( pid=39 ) LIMIT 1   [ RunTime:0.000113s ]
SQL: SELECT `title` FROM `ot_category` WHERE ( id=60 ) LIMIT 1   [ RunTime:0.000042s ]
SQL: SELECT COUNT(*) AS tp_count FROM `ot_document` WHERE ( pid=50 ) LIMIT 1   [ RunTime:0.000107s ]
SQL: SELECT `title` FROM `ot_category` WHERE ( id=50 ) LIMIT 1   [ RunTime:0.000040s ]
SQL: SELECT COUNT(*) AS tp_count FROM `ot_document` WHERE ( pid=49 ) LIMIT 1   [ RunTime:0.000108s ]
SQL: SELECT `title` FROM `ot_category` WHERE ( id=50 ) LIMIT 1   [ RunTime:0.000039s ]
SQL: SELECT COUNT(*) AS tp_count FROM `ot_document` WHERE ( pid=47 ) LIMIT 1   [ RunTime:0.000107s ]
SQL: SELECT `title` FROM `ot_category` WHERE ( id=50 ) LIMIT 1   [ RunTime:0.000040s ]
SQL: SELECT COUNT(*) AS tp_count FROM `ot_document` WHERE ( pid=46 ) LIMIT 1   [ RunTime:0.000106s ]
SQL: SELECT `title` FROM `ot_category` WHERE ( id=50 ) LIMIT 1   [ RunTime:0.000039s ]
SQL: SELECT COUNT(*) AS tp_count FROM `ot_document` WHERE ( pid=45 ) LIMIT 1   [ RunTime:0.000106s ]
SQL: SELECT `title` FROM `ot_category` WHERE ( id=50 ) LIMIT 1   [ RunTime:0.000040s ]
SQL: SELECT COUNT(*) AS tp_count FROM `ot_document` WHERE ( pid=44 ) LIMIT 1   [ RunTime:0.000109s ]
SQL: SELECT `title` FROM `ot_category` WHERE ( id=50 ) LIMIT 1   [ RunTime:0.000040s ]
SQL: SELECT COUNT(*) AS tp_count FROM `ot_document` WHERE ( pid=29 ) LIMIT 1   [ RunTime:0.000150s ]
SQL: SELECT `title` FROM `ot_category` WHERE ( id=57 ) LIMIT 1   [ RunTime:0.000041s ]
SQL: SELECT COUNT(*) AS tp_count FROM `ot_document` WHERE ( pid=38 ) LIMIT 1   [ RunTime:0.000112s ]
SQL: SELECT `title` FROM `ot_category` WHERE ( id=59 ) LIMIT 1   [ RunTime:0.000039s ]
INFO: Run Behavior\ParseTemplate [ RunTime:0.020307s ]
INFO: [ view_parse ] --END-- [ RunTime:0.020339s ]
INFO: [ view_filter ] --START--
INFO: Run Behavior\WriteHtmlCache [ RunTime:0.000032s ]
INFO: [ view_filter ] --END-- [ RunTime:0.000054s ]
INFO: [ app_end ] --START--
INFO: Run Behavior\ShowPageTrace [ RunTime:0.000029s ]
INFO: [ app_end ] --END-- [ RunTime:0.000058s ]

[ 2016-07-04T22:28:12+08:00 ] 27.38.12.221 /index.php?s=/Admin/Article/index/cate_id/50/pid/47.html
NOTIC: [8192] mysql_connect(): The mysql extension is deprecated and will be removed in the future: use mysqli or PDO instead /usr/share/nginx/html/ThinkPHP/Library/Think/Db/Driver/Mysql.class.php 第 52 行.
SQL: SHOW COLUMNS FROM `ot_menu` [ RunTime:0.000356s ]
SQL: SELECT * FROM `ot_menu` WHERE ( `pid` = 0 ) AND ( `hide` = 0 ) ORDER BY sort asc  [ RunTime:0.000048s ]
SQL: SELECT `id` FROM `ot_menu` WHERE ( url like '%Article/index%' ) LIMIT 1   [ RunTime:0.000042s ]
SQL: SHOW COLUMNS FROM `ot_menu` [ RunTime:0.000270s ]
SQL: SELECT `id`,`pid`,`title` FROM `ot_menu` WHERE ( id=3 ) LIMIT 1   [ RunTime:0.000045s ]
SQL: SELECT `id`,`pid`,`title` FROM `ot_menu` WHERE ( id=2 ) LIMIT 1   [ RunTime:0.000041s ]
SQL: SELECT DISTINCT  `group` FROM `ot_menu` WHERE ( pid = 2 )  [ RunTime:0.000039s ]
SQL: SELECT `id`,`url` FROM `ot_menu` WHERE ( `pid` = 2 ) AND ( `hide` = 0 )  [ RunTime:0.000044s ]
SQL: SELECT `id`,`pid`,`title`,`url`,`tip` FROM `ot_menu` WHERE ( `group` = '内容' ) AND ( `pid` = 2 ) AND ( `hide` = 0 ) ORDER BY sort asc  [ RunTime:0.000041s ]
SQL: SHOW COLUMNS FROM `ot_auth_group_access` [ RunTime:0.000282s ]
SQL: SELECT `extend_id` FROM ot_auth_group_access g INNER JOIN ot_auth_extend c on g.group_id=c.group_id  WHERE ( g.uid='1' and c.type='1' and !isnull(extend_id) )  [ RunTime:0.000043s ]
SQL: SHOW COLUMNS FROM `ot_category` [ RunTime:0.000328s ]
SQL: SELECT `id`,`title`,`pid`,`allow_publish` FROM `ot_category` WHERE ( `status` = 1 ) ORDER BY pid,sort  [ RunTime:0.000046s ]
SQL: SELECT `id`,`title`,`pid` FROM `ot_category` WHERE ( `status` = 1 ) ORDER BY sort  [ RunTime:0.000046s ]
SQL: SHOW COLUMNS FROM `ot_model` [ RunTime:0.000294s ]
SQL: SELECT * FROM `ot_model` WHERE ( `name` = 'document' ) LIMIT 1   [ RunTime:0.000051s ]
SQL: SHOW COLUMNS FROM `ot_document` [ RunTime:0.000308s ]
SQL: SELECT * FROM `ot_document` WHERE ( `id` = 47 ) LIMIT 1   [ RunTime:0.000154s ]
SQL: SHOW COLUMNS FROM `ot_document` [ RunTime:0.000308s ]
SQL: SELECT COUNT(*) AS tp_count FROM ot_document l INNER JOIN ot_document_article r ON l.id=r.id  WHERE ( `status` IN ('0','1','2') ) AND ( `pid` = '47' ) ORDER BY l.id DESC LIMIT 1   [ RunTime:0.000229s ]
SQL: SHOW COLUMNS FROM `ot_document` [ RunTime:0.000283s ]
SQL: SELECT l.id id,l.pid pid,l.category_id,l.title title,l.update_time update_time,l.uid uid,l.status status,r.content content FROM ot_document l INNER JOIN ot_document_article r ON l.id=r.id  WHERE ( `status` IN ('0','1','2') ) AND ( `pid` = '47' ) ORDER BY l.id DESC LIMIT 0,10   [ RunTime:0.000251s ]
SQL: SELECT `id`,`title`,`type` FROM `ot_document` WHERE ( `id` = 47 ) LIMIT 1   [ RunTime:0.000114s ]
INFO: [ view_parse ] --START--
INFO: [ template_filter ] --START--
INFO: Run Behavior\ContentReplace [ RunTime:0.000147s ]
INFO: [ template_filter ] --END-- [ RunTime:0.000181s ]
INFO: Run Behavior\ParseTemplate [ RunTime:0.017470s ]
INFO: [ view_parse ] --END-- [ RunTime:0.017517s ]
INFO: [ view_filter ] --START--
INFO: Run Behavior\WriteHtmlCache [ RunTime:0.000040s ]
INFO: [ view_filter ] --END-- [ RunTime:0.000073s ]
INFO: [ app_end ] --START--
INFO: Run Behavior\ShowPageTrace [ RunTime:0.000026s ]
INFO: [ app_end ] --END-- [ RunTime:0.000058s ]

[ 2016-07-04T22:28:18+08:00 ] 27.38.12.221 /index.php?s=/Admin/Article/index/cate_id/50.html
NOTIC: [8192] mysql_connect(): The mysql extension is deprecated and will be removed in the future: use mysqli or PDO instead /usr/share/nginx/html/ThinkPHP/Library/Think/Db/Driver/Mysql.class.php 第 52 行.
SQL: SHOW COLUMNS FROM `ot_menu` [ RunTime:0.000342s ]
SQL: SELECT * FROM `ot_menu` WHERE ( `pid` = 0 ) AND ( `hide` = 0 ) ORDER BY sort asc  [ RunTime:0.000048s ]
SQL: SELECT `id` FROM `ot_menu` WHERE ( url like '%Article/index%' ) LIMIT 1   [ RunTime:0.000040s ]
SQL: SHOW COLUMNS FROM `ot_menu` [ RunTime:0.000258s ]
SQL: SELECT `id`,`pid`,`title` FROM `ot_menu` WHERE ( id=3 ) LIMIT 1   [ RunTime:0.000043s ]
SQL: SELECT `id`,`pid`,`title` FROM `ot_menu` WHERE ( id=2 ) LIMIT 1   [ RunTime:0.000041s ]
SQL: SELECT DISTINCT  `group` FROM `ot_menu` WHERE ( pid = 2 )  [ RunTime:0.000038s ]
SQL: SELECT `id`,`url` FROM `ot_menu` WHERE ( `pid` = 2 ) AND ( `hide` = 0 )  [ RunTime:0.000039s ]
SQL: SELECT `id`,`pid`,`title`,`url`,`tip` FROM `ot_menu` WHERE ( `group` = '内容' ) AND ( `pid` = 2 ) AND ( `hide` = 0 ) ORDER BY sort asc  [ RunTime:0.000041s ]
SQL: SHOW COLUMNS FROM `ot_auth_group_access` [ RunTime:0.000234s ]
SQL: SELECT `extend_id` FROM ot_auth_group_access g INNER JOIN ot_auth_extend c on g.group_id=c.group_id  WHERE ( g.uid='1' and c.type='1' and !isnull(extend_id) )  [ RunTime:0.000042s ]
SQL: SHOW COLUMNS FROM `ot_category` [ RunTime:0.000323s ]
SQL: SELECT `id`,`title`,`pid`,`allow_publish` FROM `ot_category` WHERE ( `status` = 1 ) ORDER BY pid,sort  [ RunTime:0.000085s ]
SQL: SELECT `id`,`title`,`pid` FROM `ot_category` WHERE ( `status` = 1 ) ORDER BY sort  [ RunTime:0.000051s ]
SQL: SHOW COLUMNS FROM `ot_model` [ RunTime:0.000322s ]
SQL: SELECT * FROM `ot_model` WHERE ( `name` = 'document' ) LIMIT 1   [ RunTime:0.000052s ]
SQL: SHOW COLUMNS FROM `ot_document` [ RunTime:0.000280s ]
SQL: SELECT COUNT(*) AS tp_count FROM `ot_document` WHERE ( `status` IN ('0','1','2') ) AND ( `pid` = 0 ) AND ( `category_id` = 50 ) LIMIT 1   [ RunTime:0.000202s ]
SQL: SELECT `id`,`uid`,`name`,`title`,`category_id`,`description`,`root`,`pid`,`model_id`,`type`,`position`,`link_id`,`cover_id`,`display`,`deadline`,`attach`,`view`,`comment`,`extend`,`level`,`create_time`,`update_time`,`status` FROM `ot_document` WHERE ( `status` IN ('0','1','2') ) AND ( `pid` = 0 ) AND ( `category_id` = 50 ) ORDER BY level DESC,id DESC LIMIT 0,10   [ RunTime:0.000211s ]
INFO: [ view_parse ] --START--
INFO: [ template_filter ] --START--
INFO: Run Behavior\ContentReplace [ RunTime:0.000150s ]
INFO: [ template_filter ] --END-- [ RunTime:0.000203s ]
INFO: Run Behavior\ParseTemplate [ RunTime:0.018843s ]
INFO: [ view_parse ] --END-- [ RunTime:0.018880s ]
INFO: [ view_filter ] --START--
INFO: Run Behavior\WriteHtmlCache [ RunTime:0.000032s ]
INFO: [ view_filter ] --END-- [ RunTime:0.000053s ]
INFO: [ app_end ] --START--
INFO: Run Behavior\ShowPageTrace [ RunTime:0.000029s ]
INFO: [ app_end ] --END-- [ RunTime:0.000057s ]

[ 2016-07-04T22:28:23+08:00 ] 27.38.12.221 /index.php?s=/Admin/Article/edit/id/47/model/1/cate_id/50.html
NOTIC: [8192] mysql_connect(): The mysql extension is deprecated and will be removed in the future: use mysqli or PDO instead /usr/share/nginx/html/ThinkPHP/Library/Think/Db/Driver/Mysql.class.php 第 52 行.
SQL: SHOW COLUMNS FROM `ot_menu` [ RunTime:0.000385s ]
SQL: SELECT * FROM `ot_menu` WHERE ( `pid` = 0 ) AND ( `hide` = 0 ) ORDER BY sort asc  [ RunTime:0.000047s ]
SQL: SELECT `id` FROM `ot_menu` WHERE ( url like '%Article/edit%' ) LIMIT 1   [ RunTime:0.000041s ]
SQL: SHOW COLUMNS FROM `ot_menu` [ RunTime:0.000261s ]
SQL: SELECT `id`,`pid`,`title` FROM `ot_menu` WHERE ( id=5 ) LIMIT 1   [ RunTime:0.000043s ]
SQL: SELECT `id`,`pid`,`title` FROM `ot_menu` WHERE ( id=3 ) LIMIT 1   [ RunTime:0.000039s ]
SQL: SELECT `id`,`pid`,`title` FROM `ot_menu` WHERE ( id=2 ) LIMIT 1   [ RunTime:0.000037s ]
SQL: SELECT DISTINCT  `group` FROM `ot_menu` WHERE ( pid = 2 )  [ RunTime:0.000037s ]
SQL: SELECT `id`,`url` FROM `ot_menu` WHERE ( `pid` = 2 ) AND ( `hide` = 0 )  [ RunTime:0.000038s ]
SQL: SELECT `id`,`pid`,`title`,`url`,`tip` FROM `ot_menu` WHERE ( `group` = '内容' ) AND ( `pid` = 2 ) AND ( `hide` = 0 ) ORDER BY sort asc  [ RunTime:0.000038s ]
SQL: SHOW COLUMNS FROM `ot_auth_group_access` [ RunTime:0.000225s ]
SQL: SELECT `extend_id` FROM ot_auth_group_access g INNER JOIN ot_auth_extend c on g.group_id=c.group_id  WHERE ( g.uid='1' and c.type='1' and !isnull(extend_id) )  [ RunTime:0.000041s ]
SQL: SHOW COLUMNS FROM `ot_category` [ RunTime:0.000362s ]
SQL: SELECT `id`,`title`,`pid`,`allow_publish` FROM `ot_category` WHERE ( `status` = 1 ) ORDER BY pid,sort  [ RunTime:0.000048s ]
SQL: SELECT `id`,`title`,`pid` FROM `ot_category` WHERE ( `status` = 1 ) ORDER BY sort  [ RunTime:0.000046s ]
SQL: SHOW COLUMNS FROM `ot_document` [ RunTime:0.000309s ]
SQL: SELECT `id`,`uid`,`name`,`title`,`category_id`,`description`,`root`,`pid`,`model_id`,`type`,`position`,`link_id`,`cover_id`,`display`,`deadline`,`attach`,`view`,`comment`,`extend`,`level`,`create_time`,`update_time`,`status` FROM `ot_document` WHERE ( `id` = 47 ) LIMIT 1   [ RunTime:0.000156s ]
SQL: SHOW COLUMNS FROM `ot_document_article` [ RunTime:0.000247s ]
SQL: SELECT `id`,`parse`,`content`,`template`,`bookmark` FROM `ot_document_article` WHERE ( `id` = 47 ) LIMIT 1   [ RunTime:0.000056s ]
SQL: SHOW COLUMNS FROM `ot_model` [ RunTime:0.000291s ]
SQL: SELECT `extend` FROM `ot_model` WHERE ( `id` = 2 ) LIMIT 1   [ RunTime:0.000043s ]
SQL: SHOW COLUMNS FROM `ot_attribute` [ RunTime:0.000291s ]
SQL: SELECT * FROM `ot_attribute` WHERE ( `model_id` IN ('2','1') )  [ RunTime:0.000058s ]
SQL: SELECT `field_sort` FROM `ot_model` WHERE ( `id` = 2 ) LIMIT 1   [ RunTime:0.000042s ]
SQL: SELECT `type` FROM `ot_category` WHERE ( `id` = 50 ) LIMIT 1   [ RunTime:0.000158s ]
INFO: [ view_parse ] --START--
INFO: [ template_filter ] --START--
INFO: Run Behavior\ContentReplace [ RunTime:0.000216s ]
INFO: [ template_filter ] --END-- [ RunTime:0.000257s ]
INFO: [ adminArticleEdit ] --START--
SQL: SHOW COLUMNS FROM `ot_addons` [ RunTime:0.000380s ]
SQL: SELECT `config` FROM `ot_addons` WHERE ( `name` = 'EditorForAdmin' ) AND ( `status` = 1 ) LIMIT 1   [ RunTime:0.000042s ]
INFO: [ view_parse ] --START--
INFO: [ template_filter ] --START--
INFO: Run Behavior\ContentReplace [ RunTime:0.000050s ]
INFO: [ template_filter ] --END-- [ RunTime:-0.008722s ]
INFO: Run Behavior\ParseTemplate [ RunTime:0.002236s ]
INFO: [ view_parse ] --END-- [ RunTime:0.002269s ]
INFO: [ view_filter ] --START--
INFO: Run Behavior\WriteHtmlCache [ RunTime:0.000026s ]
INFO: [ view_filter ] --END-- [ RunTime:0.000047s ]
INFO: Run EditorForAdmin [ RunTime:0.003130s ]
INFO: [ adminArticleEdit ] --END-- [ RunTime:0.003156s ]
INFO: Run Behavior\ParseTemplate [ RunTime:0.002543s ]
INFO: [ view_parse ] --END-- [ RunTime:0.002269s ]
INFO: [ view_filter ] --START--
INFO: Run Behavior\WriteHtmlCache [ RunTime:0.000005s ]
INFO: [ view_filter ] --END-- [ RunTime:-0.000268s ]
INFO: [ app_end ] --START--
INFO: Run Behavior\ShowPageTrace [ RunTime:0.000033s ]
INFO: [ app_end ] --END-- [ RunTime:0.000065s ]

[ 2016-07-04T22:29:13+08:00 ] 27.38.12.221 /index.php?s=/Admin/Article/update.html
INFO: [ app_begin ] --START--
INFO: Run Behavior\ReadHtmlCache [ RunTime:0.000022s ]
INFO: [ app_begin ] --END-- [ RunTime:0.000063s ]
NOTIC: [8192] mysql_connect(): The mysql extension is deprecated and will be removed in the future: use mysqli or PDO instead /usr/share/nginx/html/ThinkPHP/Library/Think/Db/Driver/Mysql.class.php 第 52 行.
SQL: SHOW COLUMNS FROM `ot_menu` [ RunTime:0.000350s ]
SQL: SELECT * FROM `ot_menu` WHERE ( `pid` = 0 ) AND ( `hide` = 0 ) ORDER BY sort asc  [ RunTime:0.000059s ]
SQL: SELECT `id` FROM `ot_menu` WHERE ( url like '%Article/update%' ) LIMIT 1   [ RunTime:0.000041s ]
SQL: SHOW COLUMNS FROM `ot_menu` [ RunTime:0.000257s ]
SQL: SELECT `id`,`pid`,`title` FROM `ot_menu` WHERE ( id=7 ) LIMIT 1   [ RunTime:0.000044s ]
SQL: SELECT `id`,`pid`,`title` FROM `ot_menu` WHERE ( id=3 ) LIMIT 1   [ RunTime:0.000039s ]
SQL: SELECT `id`,`pid`,`title` FROM `ot_menu` WHERE ( id=2 ) LIMIT 1   [ RunTime:0.000039s ]
SQL: SELECT DISTINCT  `group` FROM `ot_menu` WHERE ( pid = 2 )  [ RunTime:0.000040s ]
SQL: SELECT `id`,`url` FROM `ot_menu` WHERE ( `pid` = 2 ) AND ( `hide` = 0 )  [ RunTime:0.000039s ]
SQL: SELECT `id`,`pid`,`title`,`url`,`tip` FROM `ot_menu` WHERE ( `group` = '内容' ) AND ( `pid` = 2 ) AND ( `hide` = 0 ) ORDER BY sort asc  [ RunTime:0.000040s ]
SQL: SHOW COLUMNS FROM `ot_document` [ RunTime:0.000321s ]
SQL: SELECT `id` FROM `ot_document` WHERE ( `root` = 0 ) AND ( `name` = 'FQIgridworld' ) AND ( `id` <> '47' ) LIMIT 1   [ RunTime:0.000186s ]
SQL: SELECT `status` FROM `ot_document` WHERE ( `id` = 47 ) LIMIT 1   [ RunTime:0.000105s ]
SQL: UPDATE `ot_document` SET `title`='thesis FQI in grid world',`name`='FQIgridworld',`description`='论文 FQI 应用在格子世界',`type`=2,`display`=1,`level`=0,`cover_id`=0,`view`=1,`comment`=0,`create_time`=1467212160,`deadline`=0,`link_id`=0,`pid`=0,`model_id`=2,`category_id`=50,`root`=0,`update_time`=1467642553,`status`=1,`position`=0 WHERE ( `id` = 47 ) [ RunTime:0.000230s ]
SQL: SHOW COLUMNS FROM `ot_document_article` [ RunTime:0.000250s ]
NOTIC: [8] Undefined variable: id /usr/share/nginx/html/Application/Admin/Model/DocumentModel.class.php 第 178 行.
SQL: UPDATE `ot_document_article` SET `content`='<p><span style=\"font-size: 16px;\"><strong><span style=\"font-family: &quot;Times New Roman&quot;; font-size: 14px;\">3,Fitted&nbsp;Q&nbsp;iteration&nbsp;in&nbsp;Grid&nbsp;world&nbsp;2500</span></strong></span></p><p><span style=\"font-family: &quot;Times New Roman&quot;; font-size: 16px;\">&nbsp;</span></p><p><span style=\"font-family: &quot;Times New Roman&quot;; font-size: 16px;\">Grid&nbsp;world&nbsp;is&nbsp;a&nbsp;simple&nbsp;but&nbsp;useful&nbsp;example&nbsp;to&nbsp;explain&nbsp;the&nbsp;basic&nbsp;RL&nbsp;algorithm.</span></p><p><span style=\"font-family: &quot;Times New Roman&quot;; font-size: 16px;\">&nbsp;</span></p><p style=\"margin-left:28px;text-indent:28px\"><span style=\"font-family: &quot;Times New Roman&quot;; font-size: 16px;\">[3,3,3,3,3;</span></p><p><span style=\"font-family: &quot;Times New Roman&quot;; font-size: 16px;\">&nbsp;&nbsp;&nbsp;&nbsp;&nbsp;&nbsp;&nbsp;&nbsp;5,4,5,3,4;</span></p><p><span style=\"font-family: &quot;Times New Roman&quot;; font-size: 16px;\">&nbsp;&nbsp;&nbsp;&nbsp;&nbsp;&nbsp;&nbsp;&nbsp;4,2,5,3,4;</span></p><p><span style=\"font-family: &quot;Times New Roman&quot;; font-size: 16px;\">&nbsp;&nbsp;&nbsp;&nbsp;&nbsp;&nbsp;&nbsp;&nbsp;2,2,4,3,4;</span></p><p><span style=\"font-family: &quot;Times New Roman&quot;; font-size: 16px;\">&nbsp;&nbsp;&nbsp;&nbsp;&nbsp;&nbsp;&nbsp;&nbsp;2,2,4,2,1];</span></p><p><span style=\"font-family: &quot;Times New Roman&quot;; font-size: 16px;\">Figure&nbsp;3.5a&nbsp;</span></p><p><span style=\"font-family: &quot;Times New Roman&quot;; font-size: 16px;\">Figure&nbsp;3.5a&nbsp;uses&nbsp;a&nbsp;5*5&nbsp;matrix&nbsp;grid&nbsp;world&nbsp;to&nbsp;illustrate</span></p><p><span style=\"font-family: &quot;Times New Roman&quot;; font-size: 16px;\">value&nbsp;functions&nbsp;for&nbsp;a&nbsp;simple&nbsp;finite&nbsp;MDP.&nbsp;The&nbsp;agent&nbsp;starts&nbsp;from&nbsp;the&nbsp;start&nbsp;points&nbsp;(&nbsp;the&nbsp;upper&nbsp;left&nbsp;corner),&nbsp;and&nbsp;stops&nbsp;at&nbsp;in&nbsp;the&nbsp;target&nbsp;location(&nbsp;the&nbsp;lower&nbsp;right&nbsp;corner),&nbsp;which&nbsp;is&nbsp;also&nbsp;called&nbsp;absorbing&nbsp;state.&nbsp;The&nbsp;immediate&nbsp;reward&nbsp;of&nbsp;absorbing&nbsp;state&nbsp;is&nbsp;100.&nbsp;</span></p><p><span style=\"font-family: &quot;Times New Roman&quot;; font-size: 16px;\">What’s&nbsp;more,&nbsp;Sij&nbsp;means&nbsp;the&nbsp;state&nbsp;in&nbsp;ith&nbsp;row&nbsp;and&nbsp;jth&nbsp;column.&nbsp;There&nbsp;are&nbsp;four&nbsp;actions:&nbsp;up,down,&nbsp;left,&nbsp;right,&nbsp;denoted&nbsp;as&nbsp;Au,&nbsp;ad,&nbsp;Al,&nbsp;AR,&nbsp;SIJ,&nbsp;and&nbsp;the&nbsp;probability&nbsp;that&nbsp;the&nbsp;state&nbsp;is&nbsp;selected&nbsp;by&nbsp;the&nbsp;action&nbsp;of&nbsp;a&nbsp;is&nbsp;1.</span></p><p><span style=\"font-family: &quot;Times New Roman&quot;; font-size: 16px;\">&nbsp;</span></p><p><span style=\"font-family: &quot;Times New Roman&quot;; font-size: 16px;\"></span></p><p><span style=\"font-size: 16px;\">Step1, build a grid world.</span></p><p><span style=\"font-size: 16px;\">Initial a grid 5*5 world. The start point is [0,0], the end point is [5,5]</span></p><p><span style=\"font-size: 16px;\">Step2, build reward function</span></p><p><span style=\"font-size: 16px;\">[0,0,0,0,0;</span></p><p><span style=\"font-size: 16px;\">-4,-3,-4,0,-3;</span></p><p><span style=\"font-size: 16px;\">-3,1,-4,0,-3;</span></p><p><span style=\"font-size: 16px;\">1,1,-3,0,-3;</span></p><p><span style=\"font-size: 16px;\">1,1,-3,1,5];</span></p><p><br/></p><p><span style=\"font-size: 16px;\">According to the reward function, it is obvious that the best policy is ………</span></p><p><br/></p><p><span style=\"font-size: 16px;\">Step3, build transition function</span></p><p><span style=\"font-size: 16px;\">When move to right&nbsp;</span></p><p><span style=\"font-size: 16px;\">Step4, Policy Iteration</span></p><p><span style=\"font-size: 16px;\">Step4 result.</span></p><p><span style=\"font-size: 16px;\">Step5 get trajectory</span></p><p><span style=\"font-family: &quot;Times New Roman&quot;; font-size: 14px;\"><br/></span></p><p><span style=\"font-family: &quot;Times New Roman&quot;; font-size: 16px;\">&nbsp;</span></p><p><span style=\"font-family: &quot;Times New Roman&quot;; font-size: 16px;\">&nbsp;</span></p><p><span style=\"font-family: &quot;Times New Roman&quot;; font-size: 16px;\">&nbsp;</span></p><p><span style=\"font-family: &quot;Times New Roman&quot;; font-size: 16px;\">&nbsp;</span></p><p><span style=\"font-size: 16px;\"><strong><span style=\"font-family: &quot;Times New Roman&quot;; font-size: 14px;\">Fitted&nbsp;Q&nbsp;iteration</span></strong></span></p><p><span style=\"font-family: &quot;Times New Roman&quot;; font-size: 16px;\">As&nbsp;in&nbsp;the&nbsp;general&nbsp;reinforcement&nbsp;learning&nbsp;problem&nbsp;defined&nbsp;by&nbsp;Sutton&nbsp;and&nbsp;Barto</span></p><p><span style=\"font-family: &quot;Times New Roman&quot;; font-size: 16px;\">(1998),&nbsp;the&nbsp;task&nbsp;in&nbsp;the&nbsp;batch&nbsp;learning&nbsp;problem&nbsp;is&nbsp;to&nbsp;find&nbsp;a&nbsp;policy&nbsp;that&nbsp;maximizes</span></p><p><span style=\"font-family: &quot;Times New Roman&quot;; font-size: 16px;\">the&nbsp;sum&nbsp;of&nbsp;expected&nbsp;rewards&nbsp;in&nbsp;the&nbsp;familiar&nbsp;agent-environment&nbsp;loop.&nbsp;However,&nbsp;differing&nbsp;from&nbsp;the&nbsp;general&nbsp;case,&nbsp;in&nbsp;the&nbsp;batch&nbsp;learning&nbsp;problem&nbsp;the&nbsp;agent&nbsp;itself&nbsp;is&nbsp;not&nbsp;allowed&nbsp;to&nbsp;interact&nbsp;with&nbsp;the&nbsp;system&nbsp;during&nbsp;learning.&nbsp;</span></p><p><span style=\"font-family: &quot;Times New Roman&quot;; font-size: 16px;\">Instead&nbsp;of&nbsp;observing&nbsp;a&nbsp;state&nbsp;s,&nbsp;trying&nbsp;an&nbsp;action&nbsp;a&nbsp;and&nbsp;adapting&nbsp;its&nbsp;policy&nbsp;according&nbsp;to&nbsp;the&nbsp;subsequent&nbsp;following&nbsp;state&nbsp;Batch&nbsp;Reinforcement&nbsp;Learning.</span></p><p><span style=\"font-family: &quot;Times New Roman&quot;; font-size: 16px;\">&nbsp;</span></p><p><span style=\"font-family: &quot;Times New Roman&quot;; font-size: 16px;\">Perhaps&nbsp;the&nbsp;most&nbsp;popular&nbsp;algorithm&nbsp;in&nbsp;batch&nbsp;RL&nbsp;is&nbsp;Damien&nbsp;Ernst’s&nbsp;‘Fitted&nbsp;Q&nbsp;Iteration’</span></p><p><span style=\"font-family: &quot;Times New Roman&quot;; font-size: 16px;\">(FQI,&nbsp;Ernst&nbsp;et&nbsp;al&nbsp;(2005a)).&nbsp;It&nbsp;can&nbsp;be&nbsp;seen&nbsp;as&nbsp;the&nbsp;‘Q-Learning&nbsp;of&nbsp;batch&nbsp;RL’,</span></p><p><span style=\"font-family: &quot;Times New Roman&quot;; font-size: 16px;\">as&nbsp;it&nbsp;is&nbsp;actually&nbsp;a&nbsp;straight-forward&nbsp;transfer&nbsp;of&nbsp;the&nbsp;basic&nbsp;Q-learning&nbsp;update-rule&nbsp;to</span></p><p><span style=\"font-family: &quot;Times New Roman&quot;; font-size: 16px;\">the&nbsp;batch&nbsp;case.&nbsp;Given&nbsp;a&nbsp;fixed&nbsp;set&nbsp;F&nbsp;=&nbsp;f(st&nbsp;;at&nbsp;;&nbsp;rt+1;&nbsp;st+1)jt&nbsp;=&nbsp;1;&nbsp;:&nbsp;:&nbsp;:&nbsp;;&nbsp;pg&nbsp;of&nbsp;p&nbsp;transitions</span></p><p><span style=\"font-family: &quot;Times New Roman&quot;; font-size: 16px;\">(s;a;&nbsp;r;&nbsp;s0)&nbsp;and&nbsp;an&nbsp;initial&nbsp;Q-value&nbsp;¯&nbsp;q0&nbsp;(Ernst&nbsp;et&nbsp;al&nbsp;(2005a)&nbsp;used&nbsp;¯&nbsp;q0&nbsp;=&nbsp;0)&nbsp;the</span></p><p><span style=\"font-family: &quot;Times New Roman&quot;; font-size: 16px;\">algorithm&nbsp;starts&nbsp;by&nbsp;initializing&nbsp;an&nbsp;initial&nbsp;approximation&nbsp;ˆQ0&nbsp;of&nbsp;the&nbsp;Q-function&nbsp;Q0</span></p><p><span style=\"font-family: &quot;Times New Roman&quot;; font-size: 16px;\">with&nbsp;ˆQ0(s;a)&nbsp;=&nbsp;¯&nbsp;q0&nbsp;for&nbsp;all&nbsp;(s;a)&nbsp;2&nbsp;S_A.&nbsp;It&nbsp;then&nbsp;iterates&nbsp;over&nbsp;the&nbsp;following&nbsp;two&nbsp;steps:</span></p><p><span style=\"font-family: &quot;Times New Roman&quot;; font-size: 16px;\">1.&nbsp;Start&nbsp;with&nbsp;an&nbsp;empty&nbsp;set&nbsp;Pi+1&nbsp;of&nbsp;patterns&nbsp;(s;a;&nbsp;¯&nbsp;qi+1</span></p><p><span style=\"font-family: &quot;Times New Roman&quot;; font-size: 16px;\">s;a&nbsp;).&nbsp;Then,&nbsp;for&nbsp;each&nbsp;transition</span></p><p><span style=\"font-family: &quot;Times New Roman&quot;; font-size: 16px;\">(s;a;&nbsp;r;&nbsp;s0)&nbsp;2F&nbsp;calculate&nbsp;a&nbsp;new&nbsp;target&nbsp;Q-value&nbsp;¯&nbsp;qi+1</span></p><p><span style=\"font-family: &quot;Times New Roman&quot;; font-size: 16px;\">s;a&nbsp;according&nbsp;to</span></p><p><span style=\"font-family: &quot;Times New Roman&quot;; font-size: 16px;\">&nbsp;(similar&nbsp;to&nbsp;the&nbsp;update&nbsp;in&nbsp;equation&nbsp;(2))&nbsp;and&nbsp;add&nbsp;a&nbsp;corresponding&nbsp;pattern&nbsp;(s;a;&nbsp;¯&nbsp;qi+1</span></p><p><span style=\"font-family: &quot;Times New Roman&quot;; font-size: 16px;\">s;a&nbsp;)</span></p><p><span style=\"font-family: &quot;Times New Roman&quot;; font-size: 16px;\">to&nbsp;the&nbsp;pattern&nbsp;set;&nbsp;thus:</span></p><p><span style=\"font-family: &quot;Times New Roman&quot;; font-size: 16px;\">2.&nbsp;Use&nbsp;supervised&nbsp;learning&nbsp;to&nbsp;train&nbsp;a&nbsp;function&nbsp;approximator&nbsp;on&nbsp;the&nbsp;pattern&nbsp;set&nbsp;Pi+1.</span></p><p><span style=\"font-family: &quot;Times New Roman&quot;; font-size: 16px;\">The&nbsp;resulting&nbsp;function&nbsp;ˆQi+1&nbsp;then&nbsp;is&nbsp;an&nbsp;approximation&nbsp;of&nbsp;the&nbsp;Q-function&nbsp;Qi+1&nbsp;after</span></p><p><span style=\"font-family: &quot;Times New Roman&quot;; font-size: 16px;\">i+1&nbsp;steps&nbsp;of&nbsp;dynamic&nbsp;programming.</span></p><p><span style=\"font-family: &quot;Times New Roman&quot;; font-size: 16px;\">Originally,&nbsp;Ernst&nbsp;proposed&nbsp;randomized&nbsp;trees&nbsp;for&nbsp;approximating&nbsp;the&nbsp;value&nbsp;function.</span></p><p><span style=\"font-family: &quot;Times New Roman&quot;; font-size: 16px;\">After&nbsp;fixing&nbsp;their&nbsp;structure,&nbsp;these&nbsp;trees&nbsp;can&nbsp;also&nbsp;be&nbsp;represented&nbsp;as&nbsp;kernel-based&nbsp;averagers,</span></p><p><span style=\"font-family: &quot;Times New Roman&quot;; font-size: 16px;\">thereby&nbsp;reducing&nbsp;step&nbsp;2&nbsp;to</span></p><p><span style=\"font-family: &quot;Times New Roman&quot;; font-size: 16px;\">&nbsp;(7)</span></p><p><span style=\"font-family: &quot;Times New Roman&quot;; font-size: 16px;\">with&nbsp;the&nbsp;weights&nbsp;k(_;s)&nbsp;determined&nbsp;by&nbsp;the&nbsp;structure&nbsp;of&nbsp;the&nbsp;tree.&nbsp;This&nbsp;variant&nbsp;of&nbsp;FQI</span></p><p><span style=\"font-family: &quot;Times New Roman&quot;; font-size: 16px;\">constructs&nbsp;an&nbsp;individual&nbsp;approximation&nbsp;ˆQi+1</span></p><p><span style=\"font-family: &quot;Times New Roman&quot;; font-size: 16px;\">a&nbsp;for&nbsp;each&nbsp;discrete&nbsp;action&nbsp;a&nbsp;2&nbsp;A&nbsp;which,</span></p><p><span style=\"font-family: &quot;Times New Roman&quot;; font-size: 16px;\">together,&nbsp;form&nbsp;the&nbsp;approximation&nbsp;ˆQi+1(s;a)&nbsp;=&nbsp;ˆQi+1</span></p><p><span style=\"font-family: &quot;Times New Roman&quot;; font-size: 16px;\">a&nbsp;(s)&nbsp;(Ernst&nbsp;et&nbsp;al,&nbsp;2005a,&nbsp;section&nbsp;3.4).&nbsp;Besides&nbsp;this&nbsp;variant&nbsp;of&nbsp;FQI,&nbsp;Ernst&nbsp;also&nbsp;proposed&nbsp;a&nbsp;variant&nbsp;with&nbsp;continuous</span></p><p><span style=\"font-family: &quot;Times New Roman&quot;; font-size: 16px;\">actions.&nbsp;We&nbsp;may&nbsp;refer&nbsp;the&nbsp;interested&nbsp;reader&nbsp;to&nbsp;Ernst&nbsp;et&nbsp;al&nbsp;(2005a)&nbsp;for&nbsp;a&nbsp;detailed</span></p><p><span style=\"font-family: &quot;Times New Roman&quot;; font-size: 16px;\">description&nbsp;of&nbsp;this.</span></p><p><span style=\"font-family: &quot;Times New Roman&quot;; font-size: 16px;\">&nbsp;</span></p><p><span style=\"font-family: &quot;Times New Roman&quot;; font-size: 16px;\">&nbsp;</span></p><p><span style=\"font-family: &quot;Times New Roman&quot;; font-size: 16px;\">In&nbsp;order&nbsp;to&nbsp;use&nbsp;Fitted&nbsp;Q&nbsp;iteration&nbsp;algorithm&nbsp;in&nbsp;the&nbsp;project,&nbsp;it&nbsp;is&nbsp;necessary&nbsp;to&nbsp;verify&nbsp;it,&nbsp;So&nbsp;we&nbsp;apply&nbsp;the&nbsp;algorithm&nbsp;in&nbsp;grid&nbsp;world&nbsp;first.</span></p><p><span style=\"font-family: &quot;Times New Roman&quot;; font-size: 16px;\">&nbsp;</span></p><p><span style=\"font-family: &quot;Times New Roman&quot;; font-size: 16px;\">Comparing&nbsp;with&nbsp;traditional&nbsp;reinforcement&nbsp;learning,&nbsp;the&nbsp;phase&nbsp;of&nbsp;training&nbsp;and&nbsp;learning&nbsp;is&nbsp;online.&nbsp;The&nbsp;agent&nbsp;doesn’t&nbsp;know&nbsp;the&nbsp;environment,&nbsp;the&nbsp;reward,&nbsp;and&nbsp;the&nbsp;policy,&nbsp;it&nbsp;is&nbsp;just&nbsp;like&nbsp;a&nbsp;baby,&nbsp;it&nbsp;will&nbsp;try&nbsp;some&nbsp;actions,&nbsp;and&nbsp;then&nbsp;get&nbsp;rewards,&nbsp;and&nbsp;learn&nbsp;a&nbsp;policy.&nbsp;However,&nbsp;there&nbsp;some&nbsp;disadvantages&nbsp;in&nbsp;this&nbsp;method,&nbsp;such&nbsp;as&nbsp;…</span></p><p><span style=\"font-family: &quot;Times New Roman&quot;; font-size: 16px;\">&nbsp;</span></p><p><span style=\"font-family: &quot;Times New Roman&quot;; font-size: 16px;\">If&nbsp;we&nbsp;already&nbsp;know&nbsp;the&nbsp;trajectory&nbsp;of&nbsp;the&nbsp;grid&nbsp;word.&nbsp;It&nbsp;is&nbsp;effective&nbsp;to&nbsp;utilize&nbsp;this&nbsp;information.&nbsp;</span></p><p><span style=\"font-family: &quot;Times New Roman&quot;; font-size: 16px;\">&nbsp;</span></p><p><span style=\"font-family: &quot;Times New Roman&quot;; font-size: 14px;\">In&nbsp;step1,&nbsp;build&nbsp;the&nbsp;data&nbsp;set.</span></p><p><span style=\"font-family: &quot;Times New Roman&quot;; font-size: 16px;\">&nbsp;</span></p><p><br/></p>',`parse`=0,`bookmark`=0,`template`='' WHERE ( `id` = 47 ) [ RunTime:0.000333s ]
INFO: [ documentSaveComplete ] --START--
INFO: Run Attachment [ RunTime:0.000084s ]
INFO: [ documentSaveComplete ] --END-- [ RunTime:0.000108s ]
NOTIC: [8] Undefined variable: id /usr/share/nginx/html/Application/Admin/Model/DocumentModel.class.php 第 189 行.

[ 2016-07-04T22:29:15+08:00 ] 27.38.12.221 /index.php?s=/Admin/Article/index/cate_id/50.html
NOTIC: [8192] mysql_connect(): The mysql extension is deprecated and will be removed in the future: use mysqli or PDO instead /usr/share/nginx/html/ThinkPHP/Library/Think/Db/Driver/Mysql.class.php 第 52 行.
SQL: SHOW COLUMNS FROM `ot_menu` [ RunTime:0.000347s ]
SQL: SELECT * FROM `ot_menu` WHERE ( `pid` = 0 ) AND ( `hide` = 0 ) ORDER BY sort asc  [ RunTime:0.000057s ]
SQL: SELECT `id` FROM `ot_menu` WHERE ( url like '%Article/index%' ) LIMIT 1   [ RunTime:0.000039s ]
SQL: SHOW COLUMNS FROM `ot_menu` [ RunTime:0.000291s ]
SQL: SELECT `id`,`pid`,`title` FROM `ot_menu` WHERE ( id=3 ) LIMIT 1   [ RunTime:0.000055s ]
SQL: SELECT `id`,`pid`,`title` FROM `ot_menu` WHERE ( id=2 ) LIMIT 1   [ RunTime:0.000036s ]
SQL: SELECT DISTINCT  `group` FROM `ot_menu` WHERE ( pid = 2 )  [ RunTime:0.000048s ]
SQL: SELECT `id`,`url` FROM `ot_menu` WHERE ( `pid` = 2 ) AND ( `hide` = 0 )  [ RunTime:0.000037s ]
SQL: SELECT `id`,`pid`,`title`,`url`,`tip` FROM `ot_menu` WHERE ( `group` = '内容' ) AND ( `pid` = 2 ) AND ( `hide` = 0 ) ORDER BY sort asc  [ RunTime:0.000039s ]
SQL: SHOW COLUMNS FROM `ot_auth_group_access` [ RunTime:0.000232s ]
SQL: SELECT `extend_id` FROM ot_auth_group_access g INNER JOIN ot_auth_extend c on g.group_id=c.group_id  WHERE ( g.uid='1' and c.type='1' and !isnull(extend_id) )  [ RunTime:0.000040s ]
SQL: SHOW COLUMNS FROM `ot_category` [ RunTime:0.000315s ]
SQL: SELECT `id`,`title`,`pid`,`allow_publish` FROM `ot_category` WHERE ( `status` = 1 ) ORDER BY pid,sort  [ RunTime:0.000042s ]
SQL: SELECT `id`,`title`,`pid` FROM `ot_category` WHERE ( `status` = 1 ) ORDER BY sort  [ RunTime:0.000043s ]
SQL: SHOW COLUMNS FROM `ot_model` [ RunTime:0.000345s ]
SQL: SELECT * FROM `ot_model` WHERE ( `name` = 'document' ) LIMIT 1   [ RunTime:0.000052s ]
SQL: SHOW COLUMNS FROM `ot_document` [ RunTime:0.000304s ]
SQL: SELECT COUNT(*) AS tp_count FROM `ot_document` WHERE ( `status` IN ('0','1','2') ) AND ( `pid` = 0 ) AND ( `category_id` = 50 ) LIMIT 1   [ RunTime:0.000200s ]
SQL: SELECT `id`,`uid`,`name`,`title`,`category_id`,`description`,`root`,`pid`,`model_id`,`type`,`position`,`link_id`,`cover_id`,`display`,`deadline`,`attach`,`view`,`comment`,`extend`,`level`,`create_time`,`update_time`,`status` FROM `ot_document` WHERE ( `status` IN ('0','1','2') ) AND ( `pid` = 0 ) AND ( `category_id` = 50 ) ORDER BY level DESC,id DESC LIMIT 0,10   [ RunTime:0.000203s ]
INFO: [ view_parse ] --START--
INFO: [ template_filter ] --START--
INFO: Run Behavior\ContentReplace [ RunTime:0.000150s ]
INFO: [ template_filter ] --END-- [ RunTime:0.000185s ]
INFO: Run Behavior\ParseTemplate [ RunTime:0.018633s ]
INFO: [ view_parse ] --END-- [ RunTime:0.018668s ]
INFO: [ view_filter ] --START--
INFO: Run Behavior\WriteHtmlCache [ RunTime:0.000027s ]
INFO: [ view_filter ] --END-- [ RunTime:0.000048s ]
INFO: [ app_end ] --START--
INFO: Run Behavior\ShowPageTrace [ RunTime:0.000028s ]
INFO: [ app_end ] --END-- [ RunTime:0.000056s ]

