[ 2016-07-10T02:25:57+08:00 ] 208.43.225.85 /
SQL: SHOW COLUMNS FROM `ot_document` [ RunTime:0.000304s ]
SQL: SELECT * FROM `ot_document` WHERE ( status=1 ) ORDER BY view desc LIMIT 0,12   [ RunTime:0.000053s ]
SQL: SHOW COLUMNS FROM `ot_category` [ RunTime:0.000361s ]
SQL: SELECT `id`,`name`,`title`,`pid`,`sort`,`list_row`,`meta_title`,`keywords`,`description`,`template_index`,`template_lists`,`template_detail`,`template_edit`,`model`,`type`,`link_id`,`allow_publish`,`display`,`reply`,`check`,`reply_model`,`extend`,`create_time`,`update_time`,`status`,`icon` FROM `ot_category` WHERE ( `status` = 1 ) ORDER BY sort  [ RunTime:0.000060s ]
SQL: SELECT COUNT(*) AS tp_count FROM `ot_document` WHERE ( status=1 ) LIMIT 1   [ RunTime:0.000054s ]
SQL: SELECT * FROM `ot_document` WHERE ( status=1 ) ORDER BY create_time desc LIMIT 0,10   [ RunTime:0.000047s ]
SQL: SELECT * FROM `ot_category` WHERE ( id=61 ) LIMIT 1   [ RunTime:0.000041s ]
SQL: SELECT * FROM `ot_category` WHERE ( id=61 ) LIMIT 1   [ RunTime:0.000058s ]
SQL: SELECT * FROM `ot_category` WHERE ( id=50 ) LIMIT 1   [ RunTime:0.000043s ]
SQL: SELECT * FROM `ot_category` WHERE ( id=50 ) LIMIT 1   [ RunTime:0.000047s ]
SQL: SELECT * FROM `ot_category` WHERE ( id=50 ) LIMIT 1   [ RunTime:0.000043s ]
SQL: SELECT * FROM `ot_category` WHERE ( id=50 ) LIMIT 1   [ RunTime:0.000043s ]
SQL: SELECT * FROM `ot_category` WHERE ( id=50 ) LIMIT 1   [ RunTime:0.000054s ]
SQL: SELECT * FROM `ot_category` WHERE ( id=50 ) LIMIT 1   [ RunTime:0.000043s ]
SQL: SELECT * FROM `ot_category` WHERE ( id=61 ) LIMIT 1   [ RunTime:0.000043s ]
SQL: SELECT * FROM `ot_category` WHERE ( id=61 ) LIMIT 1   [ RunTime:0.000053s ]
INFO: [ view_parse ] --START--
INFO: [ template_filter ] --START--
INFO: Run Behavior\ContentReplace [ RunTime:0.000113s ]
INFO: [ template_filter ] --END-- [ RunTime:0.000150s ]
INFO: Run Behavior\ParseTemplate [ RunTime:0.010805s ]
INFO: [ view_parse ] --END-- [ RunTime:0.010839s ]
INFO: [ view_filter ] --START--
INFO: Run Behavior\WriteHtmlCache [ RunTime:0.000029s ]
INFO: [ view_filter ] --END-- [ RunTime:0.000052s ]
INFO: [ app_end ] --START--
INFO: Run Behavior\ShowPageTrace [ RunTime:0.000031s ]
INFO: [ app_end ] --END-- [ RunTime:0.000059s ]

[ 2016-07-10T10:22:46+08:00 ] 157.55.39.95 /
SQL: SHOW COLUMNS FROM `ot_document` [ RunTime:0.000310s ]
SQL: SELECT * FROM `ot_document` WHERE ( status=1 ) ORDER BY view desc LIMIT 0,12   [ RunTime:0.000053s ]
SQL: SHOW COLUMNS FROM `ot_category` [ RunTime:0.000336s ]
SQL: SELECT `id`,`name`,`title`,`pid`,`sort`,`list_row`,`meta_title`,`keywords`,`description`,`template_index`,`template_lists`,`template_detail`,`template_edit`,`model`,`type`,`link_id`,`allow_publish`,`display`,`reply`,`check`,`reply_model`,`extend`,`create_time`,`update_time`,`status`,`icon` FROM `ot_category` WHERE ( `status` = 1 ) ORDER BY sort  [ RunTime:0.000071s ]
SQL: SELECT COUNT(*) AS tp_count FROM `ot_document` WHERE ( status=1 ) LIMIT 1   [ RunTime:0.000042s ]
SQL: SELECT * FROM `ot_document` WHERE ( status=1 ) ORDER BY create_time desc LIMIT 0,10   [ RunTime:0.000052s ]
SQL: SELECT * FROM `ot_category` WHERE ( id=61 ) LIMIT 1   [ RunTime:0.000044s ]
SQL: SELECT * FROM `ot_category` WHERE ( id=61 ) LIMIT 1   [ RunTime:0.000047s ]
SQL: SELECT * FROM `ot_category` WHERE ( id=50 ) LIMIT 1   [ RunTime:0.000054s ]
SQL: SELECT * FROM `ot_category` WHERE ( id=50 ) LIMIT 1   [ RunTime:0.000044s ]
SQL: SELECT * FROM `ot_category` WHERE ( id=50 ) LIMIT 1   [ RunTime:0.000057s ]
SQL: SELECT * FROM `ot_category` WHERE ( id=50 ) LIMIT 1   [ RunTime:0.000039s ]
SQL: SELECT * FROM `ot_category` WHERE ( id=50 ) LIMIT 1   [ RunTime:0.000051s ]
SQL: SELECT * FROM `ot_category` WHERE ( id=50 ) LIMIT 1   [ RunTime:0.000041s ]
SQL: SELECT * FROM `ot_category` WHERE ( id=61 ) LIMIT 1   [ RunTime:0.000041s ]
SQL: SELECT * FROM `ot_category` WHERE ( id=61 ) LIMIT 1   [ RunTime:0.000052s ]
INFO: [ view_parse ] --START--
INFO: [ template_filter ] --START--
INFO: Run Behavior\ContentReplace [ RunTime:0.000108s ]
INFO: [ template_filter ] --END-- [ RunTime:0.000142s ]
INFO: Run Behavior\ParseTemplate [ RunTime:0.010836s ]
INFO: [ view_parse ] --END-- [ RunTime:0.010869s ]
INFO: [ view_filter ] --START--
INFO: Run Behavior\WriteHtmlCache [ RunTime:0.000028s ]
INFO: [ view_filter ] --END-- [ RunTime:0.000050s ]
INFO: [ app_end ] --START--
INFO: Run Behavior\ShowPageTrace [ RunTime:0.000030s ]
INFO: [ app_end ] --END-- [ RunTime:0.000063s ]

[ 2016-07-10T14:07:41+08:00 ] 100.43.81.147 /
SQL: SHOW COLUMNS FROM `ot_document` [ RunTime:0.000296s ]
SQL: SELECT * FROM `ot_document` WHERE ( status=1 ) ORDER BY view desc LIMIT 0,12   [ RunTime:0.000053s ]
SQL: SHOW COLUMNS FROM `ot_category` [ RunTime:0.000321s ]
SQL: SELECT `id`,`name`,`title`,`pid`,`sort`,`list_row`,`meta_title`,`keywords`,`description`,`template_index`,`template_lists`,`template_detail`,`template_edit`,`model`,`type`,`link_id`,`allow_publish`,`display`,`reply`,`check`,`reply_model`,`extend`,`create_time`,`update_time`,`status`,`icon` FROM `ot_category` WHERE ( `status` = 1 ) ORDER BY sort  [ RunTime:0.000072s ]
SQL: SELECT COUNT(*) AS tp_count FROM `ot_document` WHERE ( status=1 ) LIMIT 1   [ RunTime:0.000040s ]
SQL: SELECT * FROM `ot_document` WHERE ( status=1 ) ORDER BY create_time desc LIMIT 0,10   [ RunTime:0.000063s ]
SQL: SELECT * FROM `ot_category` WHERE ( id=61 ) LIMIT 1   [ RunTime:0.000044s ]
SQL: SELECT * FROM `ot_category` WHERE ( id=61 ) LIMIT 1   [ RunTime:0.000048s ]
SQL: SELECT * FROM `ot_category` WHERE ( id=50 ) LIMIT 1   [ RunTime:0.000045s ]
SQL: SELECT * FROM `ot_category` WHERE ( id=50 ) LIMIT 1   [ RunTime:0.000044s ]
SQL: SELECT * FROM `ot_category` WHERE ( id=50 ) LIMIT 1   [ RunTime:0.000053s ]
SQL: SELECT * FROM `ot_category` WHERE ( id=50 ) LIMIT 1   [ RunTime:0.000042s ]
SQL: SELECT * FROM `ot_category` WHERE ( id=50 ) LIMIT 1   [ RunTime:0.000042s ]
SQL: SELECT * FROM `ot_category` WHERE ( id=50 ) LIMIT 1   [ RunTime:0.000041s ]
SQL: SELECT * FROM `ot_category` WHERE ( id=61 ) LIMIT 1   [ RunTime:0.000041s ]
SQL: SELECT * FROM `ot_category` WHERE ( id=61 ) LIMIT 1   [ RunTime:0.000043s ]
INFO: [ view_parse ] --START--
INFO: [ template_filter ] --START--
INFO: Run Behavior\ContentReplace [ RunTime:0.000111s ]
INFO: [ template_filter ] --END-- [ RunTime:0.000146s ]
INFO: Run Behavior\ParseTemplate [ RunTime:0.010661s ]
INFO: [ view_parse ] --END-- [ RunTime:0.010695s ]
INFO: [ view_filter ] --START--
INFO: Run Behavior\WriteHtmlCache [ RunTime:0.000029s ]
INFO: [ view_filter ] --END-- [ RunTime:0.000051s ]
INFO: [ app_end ] --START--
INFO: Run Behavior\ShowPageTrace [ RunTime:0.000030s ]
INFO: [ app_end ] --END-- [ RunTime:0.000061s ]

[ 2016-07-10T20:36:18+08:00 ] 69.164.111.198 /
SQL: SHOW COLUMNS FROM `ot_document` [ RunTime:0.000310s ]
SQL: SELECT * FROM `ot_document` WHERE ( status=1 ) ORDER BY view desc LIMIT 0,12   [ RunTime:0.000055s ]
SQL: SHOW COLUMNS FROM `ot_category` [ RunTime:0.000325s ]
SQL: SELECT `id`,`name`,`title`,`pid`,`sort`,`list_row`,`meta_title`,`keywords`,`description`,`template_index`,`template_lists`,`template_detail`,`template_edit`,`model`,`type`,`link_id`,`allow_publish`,`display`,`reply`,`check`,`reply_model`,`extend`,`create_time`,`update_time`,`status`,`icon` FROM `ot_category` WHERE ( `status` = 1 ) ORDER BY sort  [ RunTime:0.000062s ]
SQL: SELECT COUNT(*) AS tp_count FROM `ot_document` WHERE ( status=1 ) LIMIT 1   [ RunTime:0.000042s ]
SQL: SELECT * FROM `ot_document` WHERE ( status=1 ) ORDER BY create_time desc LIMIT 0,10   [ RunTime:0.000054s ]
SQL: SELECT * FROM `ot_category` WHERE ( id=61 ) LIMIT 1   [ RunTime:0.000046s ]
SQL: SELECT * FROM `ot_category` WHERE ( id=61 ) LIMIT 1   [ RunTime:0.000050s ]
SQL: SELECT * FROM `ot_category` WHERE ( id=50 ) LIMIT 1   [ RunTime:0.000045s ]
SQL: SELECT * FROM `ot_category` WHERE ( id=50 ) LIMIT 1   [ RunTime:0.000043s ]
SQL: SELECT * FROM `ot_category` WHERE ( id=50 ) LIMIT 1   [ RunTime:0.000044s ]
SQL: SELECT * FROM `ot_category` WHERE ( id=50 ) LIMIT 1   [ RunTime:0.000044s ]
SQL: SELECT * FROM `ot_category` WHERE ( id=50 ) LIMIT 1   [ RunTime:0.000044s ]
SQL: SELECT * FROM `ot_category` WHERE ( id=50 ) LIMIT 1   [ RunTime:0.000043s ]
SQL: SELECT * FROM `ot_category` WHERE ( id=61 ) LIMIT 1   [ RunTime:0.000043s ]
SQL: SELECT * FROM `ot_category` WHERE ( id=61 ) LIMIT 1   [ RunTime:0.000047s ]
INFO: [ view_parse ] --START--
INFO: [ template_filter ] --START--
INFO: Run Behavior\ContentReplace [ RunTime:0.000129s ]
INFO: [ template_filter ] --END-- [ RunTime:0.000175s ]
INFO: Run Behavior\ParseTemplate [ RunTime:0.010941s ]
INFO: [ view_parse ] --END-- [ RunTime:0.010976s ]
INFO: [ view_filter ] --START--
INFO: Run Behavior\WriteHtmlCache [ RunTime:0.000032s ]
INFO: [ view_filter ] --END-- [ RunTime:0.000054s ]
INFO: [ app_end ] --START--
INFO: Run Behavior\ShowPageTrace [ RunTime:0.000032s ]
INFO: [ app_end ] --END-- [ RunTime:0.000060s ]

