[ 2016-06-16T05:22:15+08:00 ] 185.103.109.13 /
SQL: SHOW COLUMNS FROM `ot_document` [ RunTime:0.000315s ]
SQL: SELECT * FROM `ot_document` WHERE ( status=1 ) ORDER BY view desc LIMIT 0,12   [ RunTime:0.000096s ]
SQL: SHOW COLUMNS FROM `ot_category` [ RunTime:0.000333s ]
SQL: SELECT `id`,`name`,`title`,`pid`,`sort`,`list_row`,`meta_title`,`keywords`,`description`,`template_index`,`template_lists`,`template_detail`,`template_edit`,`model`,`type`,`link_id`,`allow_publish`,`display`,`reply`,`check`,`reply_model`,`extend`,`create_time`,`update_time`,`status`,`icon` FROM `ot_category` WHERE ( `status` = 1 ) ORDER BY sort  [ RunTime:0.000065s ]
SQL: SELECT COUNT(*) AS tp_count FROM `ot_document` WHERE ( status=1 ) LIMIT 1   [ RunTime:0.000051s ]
SQL: SELECT * FROM `ot_document` WHERE ( status=1 ) ORDER BY create_time desc LIMIT 0,10   [ RunTime:0.000054s ]
SQL: SELECT * FROM `ot_category` WHERE ( id=54 ) LIMIT 1   [ RunTime:0.000057s ]
SQL: SELECT * FROM `ot_category` WHERE ( id=51 ) LIMIT 1   [ RunTime:0.000048s ]
SQL: SELECT * FROM `ot_category` WHERE ( id=54 ) LIMIT 1   [ RunTime:0.000056s ]
SQL: SELECT * FROM `ot_category` WHERE ( id=56 ) LIMIT 1   [ RunTime:0.000043s ]
SQL: SELECT * FROM `ot_category` WHERE ( id=54 ) LIMIT 1   [ RunTime:0.000056s ]
SQL: SELECT * FROM `ot_category` WHERE ( id=56 ) LIMIT 1   [ RunTime:0.000054s ]
SQL: SELECT * FROM `ot_category` WHERE ( id=56 ) LIMIT 1   [ RunTime:0.000043s ]
SQL: SELECT * FROM `ot_category` WHERE ( id=58 ) LIMIT 1   [ RunTime:0.000043s ]
SQL: SELECT * FROM `ot_category` WHERE ( id=57 ) LIMIT 1   [ RunTime:0.000042s ]
SQL: SELECT * FROM `ot_category` WHERE ( id=51 ) LIMIT 1   [ RunTime:0.000043s ]
INFO: [ view_parse ] --START--
INFO: [ template_filter ] --START--
INFO: Run Behavior\ContentReplace [ RunTime:0.000131s ]
INFO: [ template_filter ] --END-- [ RunTime:0.000178s ]
INFO: Run Behavior\ParseTemplate [ RunTime:0.010651s ]
INFO: [ view_parse ] --END-- [ RunTime:0.010686s ]
INFO: [ view_filter ] --START--
INFO: Run Behavior\WriteHtmlCache [ RunTime:0.000030s ]
INFO: [ view_filter ] --END-- [ RunTime:0.000052s ]
INFO: [ app_end ] --START--
INFO: Run Behavior\ShowPageTrace [ RunTime:0.000030s ]
INFO: [ app_end ] --END-- [ RunTime:0.000062s ]

[ 2016-06-16T12:00:58+08:00 ] 94.102.49.54 /
SQL: SHOW COLUMNS FROM `ot_document` [ RunTime:0.000343s ]
SQL: SELECT * FROM `ot_document` WHERE ( status=1 ) ORDER BY view desc LIMIT 0,12   [ RunTime:0.000060s ]
SQL: SHOW COLUMNS FROM `ot_category` [ RunTime:0.000325s ]
SQL: SELECT `id`,`name`,`title`,`pid`,`sort`,`list_row`,`meta_title`,`keywords`,`description`,`template_index`,`template_lists`,`template_detail`,`template_edit`,`model`,`type`,`link_id`,`allow_publish`,`display`,`reply`,`check`,`reply_model`,`extend`,`create_time`,`update_time`,`status`,`icon` FROM `ot_category` WHERE ( `status` = 1 ) ORDER BY sort  [ RunTime:0.000059s ]
SQL: SELECT COUNT(*) AS tp_count FROM `ot_document` WHERE ( status=1 ) LIMIT 1   [ RunTime:0.000042s ]
SQL: SELECT * FROM `ot_document` WHERE ( status=1 ) ORDER BY create_time desc LIMIT 0,10   [ RunTime:0.000052s ]
SQL: SELECT * FROM `ot_category` WHERE ( id=54 ) LIMIT 1   [ RunTime:0.000047s ]
SQL: SELECT * FROM `ot_category` WHERE ( id=51 ) LIMIT 1   [ RunTime:0.000050s ]
SQL: SELECT * FROM `ot_category` WHERE ( id=54 ) LIMIT 1   [ RunTime:0.000045s ]
SQL: SELECT * FROM `ot_category` WHERE ( id=56 ) LIMIT 1   [ RunTime:0.000044s ]
SQL: SELECT * FROM `ot_category` WHERE ( id=54 ) LIMIT 1   [ RunTime:0.000043s ]
SQL: SELECT * FROM `ot_category` WHERE ( id=56 ) LIMIT 1   [ RunTime:0.000044s ]
SQL: SELECT * FROM `ot_category` WHERE ( id=56 ) LIMIT 1   [ RunTime:0.000044s ]
SQL: SELECT * FROM `ot_category` WHERE ( id=58 ) LIMIT 1   [ RunTime:0.000044s ]
SQL: SELECT * FROM `ot_category` WHERE ( id=57 ) LIMIT 1   [ RunTime:0.000054s ]
SQL: SELECT * FROM `ot_category` WHERE ( id=51 ) LIMIT 1   [ RunTime:0.000044s ]
INFO: [ view_parse ] --START--
INFO: [ template_filter ] --START--
INFO: Run Behavior\ContentReplace [ RunTime:0.000112s ]
INFO: [ template_filter ] --END-- [ RunTime:0.000147s ]
INFO: Run Behavior\ParseTemplate [ RunTime:0.010501s ]
INFO: [ view_parse ] --END-- [ RunTime:0.010537s ]
INFO: [ view_filter ] --START--
INFO: Run Behavior\WriteHtmlCache [ RunTime:0.000028s ]
INFO: [ view_filter ] --END-- [ RunTime:0.000050s ]
INFO: [ app_end ] --START--
INFO: Run Behavior\ShowPageTrace [ RunTime:0.000032s ]
INFO: [ app_end ] --END-- [ RunTime:0.000069s ]

