[ 2016-06-15T12:09:35+08:00 ] 104.128.144.131 /
SQL: SHOW COLUMNS FROM `ot_document` [ RunTime:0.000304s ]
SQL: SELECT * FROM `ot_document` WHERE ( status=1 ) ORDER BY view desc LIMIT 0,12   [ RunTime:0.000057s ]
SQL: SHOW COLUMNS FROM `ot_category` [ RunTime:0.000317s ]
SQL: SELECT `id`,`name`,`title`,`pid`,`sort`,`list_row`,`meta_title`,`keywords`,`description`,`template_index`,`template_lists`,`template_detail`,`template_edit`,`model`,`type`,`link_id`,`allow_publish`,`display`,`reply`,`check`,`reply_model`,`extend`,`create_time`,`update_time`,`status`,`icon` FROM `ot_category` WHERE ( `status` = 1 ) ORDER BY sort  [ RunTime:0.000056s ]
SQL: SELECT COUNT(*) AS tp_count FROM `ot_document` WHERE ( status=1 ) LIMIT 1   [ RunTime:0.000041s ]
SQL: SELECT * FROM `ot_document` WHERE ( status=1 ) ORDER BY create_time desc LIMIT 0,10   [ RunTime:0.000051s ]
SQL: SELECT * FROM `ot_category` WHERE ( id=54 ) LIMIT 1   [ RunTime:0.000047s ]
SQL: SELECT * FROM `ot_category` WHERE ( id=51 ) LIMIT 1   [ RunTime:0.000050s ]
SQL: SELECT * FROM `ot_category` WHERE ( id=54 ) LIMIT 1   [ RunTime:0.000044s ]
SQL: SELECT * FROM `ot_category` WHERE ( id=56 ) LIMIT 1   [ RunTime:0.000044s ]
SQL: SELECT * FROM `ot_category` WHERE ( id=54 ) LIMIT 1   [ RunTime:0.000043s ]
SQL: SELECT * FROM `ot_category` WHERE ( id=56 ) LIMIT 1   [ RunTime:0.000087s ]
SQL: SELECT * FROM `ot_category` WHERE ( id=56 ) LIMIT 1   [ RunTime:0.000058s ]
SQL: SELECT * FROM `ot_category` WHERE ( id=58 ) LIMIT 1   [ RunTime:0.000043s ]
SQL: SELECT * FROM `ot_category` WHERE ( id=57 ) LIMIT 1   [ RunTime:0.000043s ]
SQL: SELECT * FROM `ot_category` WHERE ( id=51 ) LIMIT 1   [ RunTime:0.000042s ]
INFO: [ view_parse ] --START--
INFO: [ template_filter ] --START--
INFO: Run Behavior\ContentReplace [ RunTime:0.000113s ]
INFO: [ template_filter ] --END-- [ RunTime:0.000147s ]
INFO: Run Behavior\ParseTemplate [ RunTime:0.010406s ]
INFO: [ view_parse ] --END-- [ RunTime:0.010444s ]
INFO: [ view_filter ] --START--
INFO: Run Behavior\WriteHtmlCache [ RunTime:0.000028s ]
INFO: [ view_filter ] --END-- [ RunTime:0.000049s ]
INFO: [ app_end ] --START--
INFO: Run Behavior\ShowPageTrace [ RunTime:0.000028s ]
INFO: [ app_end ] --END-- [ RunTime:0.000057s ]

