[ 2016-07-08T09:31:33+08:00 ] 119.145.15.60 /index.php?s=/Admin/Public/login.html
INFO: [ view_parse ] --START--
INFO: [ template_filter ] --START--
INFO: Run Behavior\ContentReplace [ RunTime:0.000035s ]
INFO: [ template_filter ] --END-- [ RunTime:0.000067s ]
INFO: Run Behavior\ParseTemplate [ RunTime:0.001537s ]
INFO: [ view_parse ] --END-- [ RunTime:0.001579s ]
INFO: [ view_filter ] --START--
INFO: Run Behavior\WriteHtmlCache [ RunTime:0.000029s ]
INFO: [ view_filter ] --END-- [ RunTime:0.000050s ]
INFO: [ app_end ] --START--
INFO: Run Behavior\ShowPageTrace [ RunTime:0.000023s ]
INFO: [ app_end ] --END-- [ RunTime:0.000043s ]

[ 2016-07-08T09:31:55+08:00 ] 119.145.15.60 /index.php?s=/Admin/Index/index.html
NOTIC: [8192] mysql_connect(): The mysql extension is deprecated and will be removed in the future: use mysqli or PDO instead /usr/share/nginx/html/ThinkPHP/Library/Think/Db/Driver/Mysql.class.php 第 52 行.
SQL: SHOW COLUMNS FROM `ot_menu` [ RunTime:0.000345s ]
SQL: SELECT * FROM `ot_menu` WHERE ( `pid` = 0 ) AND ( `hide` = 0 ) ORDER BY sort asc  [ RunTime:0.000047s ]
SQL: SELECT `id` FROM `ot_menu` WHERE ( url like '%Index/index%' ) LIMIT 1   [ RunTime:0.000038s ]
SQL: SHOW COLUMNS FROM `ot_menu` [ RunTime:0.000237s ]
SQL: SELECT `id`,`pid`,`title` FROM `ot_menu` WHERE ( id=1 ) LIMIT 1   [ RunTime:0.000043s ]
SQL: SELECT DISTINCT  `group` FROM `ot_menu` WHERE ( pid = 1 )  [ RunTime:0.000039s ]
SQL: SELECT `id`,`url` FROM `ot_menu` WHERE ( `pid` = 1 ) AND ( `hide` = 0 )  [ RunTime:0.000037s ]
INFO: [ view_parse ] --START--
INFO: [ template_filter ] --START--
INFO: Run Behavior\ContentReplace [ RunTime:0.000058s ]
INFO: [ template_filter ] --END-- [ RunTime:0.000102s ]
INFO: [ AdminIndex ] --START--
SQL: SHOW COLUMNS FROM `ot_addons` [ RunTime:0.000282s ]
SQL: SELECT `config` FROM `ot_addons` WHERE ( `name` = 'SiteStat' ) AND ( `status` = 1 ) LIMIT 1   [ RunTime:0.000042s ]
SQL: SHOW COLUMNS FROM `ot_member` [ RunTime:0.000259s ]
SQL: SELECT COUNT(*) AS tp_count FROM `ot_member` LIMIT 1   [ RunTime:0.000112s ]
SQL: SHOW COLUMNS FROM `ot_action_log` [ RunTime:0.000224s ]
SQL: SELECT COUNT(*) AS tp_count FROM `ot_action_log` LIMIT 1   [ RunTime:0.000074s ]
SQL: SHOW COLUMNS FROM `ot_document` [ RunTime:0.000300s ]
SQL: SELECT COUNT(*) AS tp_count FROM `ot_document` LIMIT 1   [ RunTime:0.000089s ]
SQL: SHOW COLUMNS FROM `ot_category` [ RunTime:0.000321s ]
SQL: SELECT COUNT(*) AS tp_count FROM `ot_category` LIMIT 1   [ RunTime:0.000040s ]
SQL: SHOW COLUMNS FROM `ot_model` [ RunTime:0.000368s ]
SQL: SELECT COUNT(*) AS tp_count FROM `ot_model` LIMIT 1   [ RunTime:0.000042s ]
INFO: [ view_parse ] --START--
INFO: [ template_filter ] --START--
INFO: Run Behavior\ContentReplace [ RunTime:0.000018s ]
INFO: [ template_filter ] --END-- [ RunTime:-0.005069s ]
INFO: Run Behavior\ParseTemplate [ RunTime:0.000882s ]
INFO: [ view_parse ] --END-- [ RunTime:0.000914s ]
INFO: [ view_filter ] --START--
INFO: Run Behavior\WriteHtmlCache [ RunTime:0.000022s ]
INFO: [ view_filter ] --END-- [ RunTime:0.000046s ]
INFO: Run SiteStat [ RunTime:0.004373s ]
SQL: SELECT `config` FROM `ot_addons` WHERE ( `name` = 'SystemInfo' ) AND ( `status` = 1 ) LIMIT 1   [ RunTime:0.000044s ]
INFO: [ view_parse ] --START--
INFO: [ template_filter ] --START--
INFO: Run Behavior\ContentReplace [ RunTime:0.000021s ]
INFO: [ template_filter ] --END-- [ RunTime:-0.006424s ]
SQL: select version() as v; [ RunTime:0.000067s ]
INFO: Run Behavior\ParseTemplate [ RunTime:0.001229s ]
INFO: [ view_parse ] --END-- [ RunTime:-0.000302s ]
INFO: [ view_filter ] --START--
INFO: Run Behavior\WriteHtmlCache [ RunTime:0.000006s ]
INFO: [ view_filter ] --END-- [ RunTime:-0.001508s ]
INFO: Run SystemInfo [ RunTime:0.001519s ]
SQL: SELECT `config` FROM `ot_addons` WHERE ( `name` = 'DevTeam' ) AND ( `status` = 1 ) LIMIT 1   [ RunTime:0.000046s ]
INFO: [ view_parse ] --START--
INFO: [ template_filter ] --START--
INFO: Run Behavior\ContentReplace [ RunTime:0.000019s ]
INFO: [ template_filter ] --END-- [ RunTime:-0.007889s ]
INFO: Run Behavior\ParseTemplate [ RunTime:0.000915s ]
INFO: [ view_parse ] --END-- [ RunTime:-0.001843s ]
INFO: [ view_filter ] --START--
INFO: Run Behavior\WriteHtmlCache [ RunTime:0.000006s ]
INFO: [ view_filter ] --END-- [ RunTime:-0.002741s ]
INFO: Run DevTeam [ RunTime:0.001224s ]
INFO: [ AdminIndex ] --END-- [ RunTime:0.007161s ]
INFO: Run Behavior\ParseTemplate [ RunTime:0.001011s ]
INFO: [ view_parse ] --END-- [ RunTime:-0.001843s ]
INFO: [ view_filter ] --START--
INFO: Run Behavior\WriteHtmlCache [ RunTime:0.000004s ]
INFO: [ view_filter ] --END-- [ RunTime:-0.002827s ]
INFO: [ app_end ] --START--
INFO: Run Behavior\ShowPageTrace [ RunTime:0.000026s ]
INFO: [ app_end ] --END-- [ RunTime:0.000054s ]

[ 2016-07-08T09:32:01+08:00 ] 119.145.15.60 /index.php?s=/Admin/Article/mydocument.html
NOTIC: [8192] mysql_connect(): The mysql extension is deprecated and will be removed in the future: use mysqli or PDO instead /usr/share/nginx/html/ThinkPHP/Library/Think/Db/Driver/Mysql.class.php 第 52 行.
SQL: SHOW COLUMNS FROM `ot_menu` [ RunTime:0.000374s ]
SQL: SELECT * FROM `ot_menu` WHERE ( `pid` = 0 ) AND ( `hide` = 0 ) ORDER BY sort asc  [ RunTime:0.000047s ]
SQL: SELECT `id` FROM `ot_menu` WHERE ( url like '%Article/mydocument%' ) LIMIT 1   [ RunTime:0.000039s ]
SQL: SHOW COLUMNS FROM `ot_menu` [ RunTime:0.000254s ]
SQL: SELECT `id`,`pid`,`title` FROM `ot_menu` WHERE ( id=2 ) LIMIT 1   [ RunTime:0.000043s ]
SQL: SELECT DISTINCT  `group` FROM `ot_menu` WHERE ( pid = 2 )  [ RunTime:0.000038s ]
SQL: SELECT `id`,`url` FROM `ot_menu` WHERE ( `pid` = 2 ) AND ( `hide` = 0 )  [ RunTime:0.000036s ]
SQL: SELECT `id`,`pid`,`title`,`url`,`tip` FROM `ot_menu` WHERE ( `group` = '内容' ) AND ( `pid` = 2 ) AND ( `hide` = 0 ) ORDER BY sort asc  [ RunTime:0.000040s ]
SQL: SHOW COLUMNS FROM `ot_auth_group_access` [ RunTime:0.000230s ]
SQL: SELECT `extend_id` FROM ot_auth_group_access g INNER JOIN ot_auth_extend c on g.group_id=c.group_id  WHERE ( g.uid='1' and c.type='1' and !isnull(extend_id) )  [ RunTime:0.000040s ]
SQL: SHOW COLUMNS FROM `ot_category` [ RunTime:0.000318s ]
SQL: SELECT `id`,`title`,`pid`,`allow_publish` FROM `ot_category` WHERE ( `status` = 1 ) ORDER BY pid,sort  [ RunTime:0.000044s ]
SQL: SHOW COLUMNS FROM `ot_document` [ RunTime:0.000315s ]
SQL: SELECT COUNT(*) AS tp_count FROM `ot_document` WHERE ( `status` IN ('0','1','2') ) AND ( `uid` = 1 ) AND ( `pid` = 0 ) LIMIT 1   [ RunTime:0.000237s ]
SQL: SELECT `id`,`uid`,`name`,`title`,`category_id`,`description`,`root`,`pid`,`model_id`,`type`,`position`,`link_id`,`cover_id`,`display`,`deadline`,`attach`,`view`,`comment`,`extend`,`level`,`create_time`,`update_time`,`status` FROM `ot_document` WHERE ( `status` IN ('0','1','2') ) AND ( `uid` = 1 ) AND ( `pid` = 0 ) ORDER BY update_time desc LIMIT 0,10   [ RunTime:0.000249s ]
INFO: [ view_parse ] --START--
INFO: [ template_filter ] --START--
INFO: Run Behavior\ContentReplace [ RunTime:0.000145s ]
INFO: [ template_filter ] --END-- [ RunTime:0.000179s ]
SQL: SHOW COLUMNS FROM `ot_document` [ RunTime:0.000335s ]
SQL: SELECT COUNT(*) AS tp_count FROM `ot_document` WHERE ( pid=52 ) LIMIT 1   [ RunTime:0.000122s ]
SQL: SELECT `title` FROM `ot_category` WHERE ( id=61 ) LIMIT 1   [ RunTime:0.000040s ]
SQL: SELECT COUNT(*) AS tp_count FROM `ot_document` WHERE ( pid=47 ) LIMIT 1   [ RunTime:0.000111s ]
SQL: SELECT `title` FROM `ot_category` WHERE ( id=50 ) LIMIT 1   [ RunTime:0.000039s ]
SQL: SELECT COUNT(*) AS tp_count FROM `ot_document` WHERE ( pid=51 ) LIMIT 1   [ RunTime:0.000103s ]
SQL: SELECT `title` FROM `ot_category` WHERE ( id=61 ) LIMIT 1   [ RunTime:0.000038s ]
SQL: SELECT COUNT(*) AS tp_count FROM `ot_document` WHERE ( pid=39 ) LIMIT 1   [ RunTime:0.000107s ]
SQL: SELECT `title` FROM `ot_category` WHERE ( id=60 ) LIMIT 1   [ RunTime:0.000039s ]
SQL: SELECT COUNT(*) AS tp_count FROM `ot_document` WHERE ( pid=50 ) LIMIT 1   [ RunTime:0.000105s ]
SQL: SELECT `title` FROM `ot_category` WHERE ( id=50 ) LIMIT 1   [ RunTime:0.000039s ]
SQL: SELECT COUNT(*) AS tp_count FROM `ot_document` WHERE ( pid=49 ) LIMIT 1   [ RunTime:0.000103s ]
SQL: SELECT `title` FROM `ot_category` WHERE ( id=50 ) LIMIT 1   [ RunTime:0.000038s ]
SQL: SELECT COUNT(*) AS tp_count FROM `ot_document` WHERE ( pid=46 ) LIMIT 1   [ RunTime:0.000105s ]
SQL: SELECT `title` FROM `ot_category` WHERE ( id=50 ) LIMIT 1   [ RunTime:0.000038s ]
SQL: SELECT COUNT(*) AS tp_count FROM `ot_document` WHERE ( pid=45 ) LIMIT 1   [ RunTime:0.000103s ]
SQL: SELECT `title` FROM `ot_category` WHERE ( id=50 ) LIMIT 1   [ RunTime:0.000038s ]
SQL: SELECT COUNT(*) AS tp_count FROM `ot_document` WHERE ( pid=44 ) LIMIT 1   [ RunTime:0.000105s ]
SQL: SELECT `title` FROM `ot_category` WHERE ( id=50 ) LIMIT 1   [ RunTime:0.000038s ]
SQL: SELECT COUNT(*) AS tp_count FROM `ot_document` WHERE ( pid=29 ) LIMIT 1   [ RunTime:0.000102s ]
SQL: SELECT `title` FROM `ot_category` WHERE ( id=57 ) LIMIT 1   [ RunTime:0.000038s ]
INFO: Run Behavior\ParseTemplate [ RunTime:0.020000s ]
INFO: [ view_parse ] --END-- [ RunTime:0.020030s ]
INFO: [ view_filter ] --START--
INFO: Run Behavior\WriteHtmlCache [ RunTime:0.000032s ]
INFO: [ view_filter ] --END-- [ RunTime:0.000052s ]
INFO: [ app_end ] --START--
INFO: Run Behavior\ShowPageTrace [ RunTime:0.000028s ]
INFO: [ app_end ] --END-- [ RunTime:0.000056s ]

[ 2016-07-08T09:32:25+08:00 ] 119.145.15.60 /index.php?s=/Admin/Article/index/cate_id/50.html
NOTIC: [8192] mysql_connect(): The mysql extension is deprecated and will be removed in the future: use mysqli or PDO instead /usr/share/nginx/html/ThinkPHP/Library/Think/Db/Driver/Mysql.class.php 第 52 行.
SQL: SHOW COLUMNS FROM `ot_menu` [ RunTime:0.000350s ]
SQL: SELECT * FROM `ot_menu` WHERE ( `pid` = 0 ) AND ( `hide` = 0 ) ORDER BY sort asc  [ RunTime:0.000046s ]
SQL: SELECT `id` FROM `ot_menu` WHERE ( url like '%Article/index%' ) LIMIT 1   [ RunTime:0.000039s ]
SQL: SHOW COLUMNS FROM `ot_menu` [ RunTime:0.000251s ]
SQL: SELECT `id`,`pid`,`title` FROM `ot_menu` WHERE ( id=3 ) LIMIT 1   [ RunTime:0.000043s ]
SQL: SELECT `id`,`pid`,`title` FROM `ot_menu` WHERE ( id=2 ) LIMIT 1   [ RunTime:0.000047s ]
SQL: SELECT DISTINCT  `group` FROM `ot_menu` WHERE ( pid = 2 )  [ RunTime:0.000037s ]
SQL: SELECT `id`,`url` FROM `ot_menu` WHERE ( `pid` = 2 ) AND ( `hide` = 0 )  [ RunTime:0.000039s ]
SQL: SELECT `id`,`pid`,`title`,`url`,`tip` FROM `ot_menu` WHERE ( `group` = '内容' ) AND ( `pid` = 2 ) AND ( `hide` = 0 ) ORDER BY sort asc  [ RunTime:0.000040s ]
SQL: SHOW COLUMNS FROM `ot_auth_group_access` [ RunTime:0.000225s ]
SQL: SELECT `extend_id` FROM ot_auth_group_access g INNER JOIN ot_auth_extend c on g.group_id=c.group_id  WHERE ( g.uid='1' and c.type='1' and !isnull(extend_id) )  [ RunTime:0.000041s ]
SQL: SHOW COLUMNS FROM `ot_category` [ RunTime:0.000316s ]
SQL: SELECT `id`,`title`,`pid`,`allow_publish` FROM `ot_category` WHERE ( `status` = 1 ) ORDER BY pid,sort  [ RunTime:0.000049s ]
SQL: SELECT `id`,`title`,`pid` FROM `ot_category` WHERE ( `status` = 1 ) ORDER BY sort  [ RunTime:0.000082s ]
SQL: SHOW COLUMNS FROM `ot_model` [ RunTime:0.000301s ]
SQL: SELECT * FROM `ot_model` WHERE ( `name` = 'document' ) LIMIT 1   [ RunTime:0.000052s ]
SQL: SHOW COLUMNS FROM `ot_document` [ RunTime:0.000310s ]
SQL: SELECT COUNT(*) AS tp_count FROM `ot_document` WHERE ( `status` IN ('0','1','2') ) AND ( `pid` = 0 ) AND ( `category_id` = 50 ) LIMIT 1   [ RunTime:0.000195s ]
SQL: SELECT `id`,`uid`,`name`,`title`,`category_id`,`description`,`root`,`pid`,`model_id`,`type`,`position`,`link_id`,`cover_id`,`display`,`deadline`,`attach`,`view`,`comment`,`extend`,`level`,`create_time`,`update_time`,`status` FROM `ot_document` WHERE ( `status` IN ('0','1','2') ) AND ( `pid` = 0 ) AND ( `category_id` = 50 ) ORDER BY level DESC,id DESC LIMIT 0,10   [ RunTime:0.000208s ]
INFO: [ view_parse ] --START--
INFO: [ template_filter ] --START--
INFO: Run Behavior\ContentReplace [ RunTime:0.000154s ]
INFO: [ template_filter ] --END-- [ RunTime:0.000191s ]
INFO: Run Behavior\ParseTemplate [ RunTime:0.018618s ]
INFO: [ view_parse ] --END-- [ RunTime:0.018656s ]
INFO: [ view_filter ] --START--
INFO: Run Behavior\WriteHtmlCache [ RunTime:0.000031s ]
INFO: [ view_filter ] --END-- [ RunTime:0.000053s ]
INFO: [ app_end ] --START--
INFO: Run Behavior\ShowPageTrace [ RunTime:0.000029s ]
INFO: [ app_end ] --END-- [ RunTime:0.000057s ]

[ 2016-07-08T09:32:30+08:00 ] 119.145.15.60 /index.php?s=/Admin/Article/edit/id/47/model/1/cate_id/50.html
NOTIC: [8192] mysql_connect(): The mysql extension is deprecated and will be removed in the future: use mysqli or PDO instead /usr/share/nginx/html/ThinkPHP/Library/Think/Db/Driver/Mysql.class.php 第 52 行.
SQL: SHOW COLUMNS FROM `ot_menu` [ RunTime:0.000360s ]
SQL: SELECT * FROM `ot_menu` WHERE ( `pid` = 0 ) AND ( `hide` = 0 ) ORDER BY sort asc  [ RunTime:0.000094s ]
SQL: SELECT `id` FROM `ot_menu` WHERE ( url like '%Article/edit%' ) LIMIT 1   [ RunTime:0.000042s ]
SQL: SHOW COLUMNS FROM `ot_menu` [ RunTime:0.000277s ]
SQL: SELECT `id`,`pid`,`title` FROM `ot_menu` WHERE ( id=5 ) LIMIT 1   [ RunTime:0.000045s ]
SQL: SELECT `id`,`pid`,`title` FROM `ot_menu` WHERE ( id=3 ) LIMIT 1   [ RunTime:0.000040s ]
SQL: SELECT `id`,`pid`,`title` FROM `ot_menu` WHERE ( id=2 ) LIMIT 1   [ RunTime:0.000039s ]
SQL: SELECT DISTINCT  `group` FROM `ot_menu` WHERE ( pid = 2 )  [ RunTime:0.000050s ]
SQL: SELECT `id`,`url` FROM `ot_menu` WHERE ( `pid` = 2 ) AND ( `hide` = 0 )  [ RunTime:0.000049s ]
SQL: SELECT `id`,`pid`,`title`,`url`,`tip` FROM `ot_menu` WHERE ( `group` = '内容' ) AND ( `pid` = 2 ) AND ( `hide` = 0 ) ORDER BY sort asc  [ RunTime:0.000039s ]
SQL: SHOW COLUMNS FROM `ot_auth_group_access` [ RunTime:0.000226s ]
SQL: SELECT `extend_id` FROM ot_auth_group_access g INNER JOIN ot_auth_extend c on g.group_id=c.group_id  WHERE ( g.uid='1' and c.type='1' and !isnull(extend_id) )  [ RunTime:0.000042s ]
SQL: SHOW COLUMNS FROM `ot_category` [ RunTime:0.000326s ]
SQL: SELECT `id`,`title`,`pid`,`allow_publish` FROM `ot_category` WHERE ( `status` = 1 ) ORDER BY pid,sort  [ RunTime:0.000060s ]
SQL: SELECT `id`,`title`,`pid` FROM `ot_category` WHERE ( `status` = 1 ) ORDER BY sort  [ RunTime:0.000048s ]
SQL: SHOW COLUMNS FROM `ot_document` [ RunTime:0.000322s ]
SQL: SELECT `id`,`uid`,`name`,`title`,`category_id`,`description`,`root`,`pid`,`model_id`,`type`,`position`,`link_id`,`cover_id`,`display`,`deadline`,`attach`,`view`,`comment`,`extend`,`level`,`create_time`,`update_time`,`status` FROM `ot_document` WHERE ( `id` = 47 ) LIMIT 1   [ RunTime:0.000197s ]
SQL: SHOW COLUMNS FROM `ot_document_article` [ RunTime:0.000253s ]
SQL: SELECT `id`,`parse`,`content`,`template`,`bookmark` FROM `ot_document_article` WHERE ( `id` = 47 ) LIMIT 1   [ RunTime:0.000069s ]
SQL: SHOW COLUMNS FROM `ot_model` [ RunTime:0.000299s ]
SQL: SELECT `extend` FROM `ot_model` WHERE ( `id` = 2 ) LIMIT 1   [ RunTime:0.000055s ]
SQL: SHOW COLUMNS FROM `ot_attribute` [ RunTime:0.000288s ]
SQL: SELECT * FROM `ot_attribute` WHERE ( `model_id` IN ('2','1') )  [ RunTime:0.000056s ]
SQL: SELECT `field_sort` FROM `ot_model` WHERE ( `id` = 2 ) LIMIT 1   [ RunTime:0.000041s ]
SQL: SELECT `type` FROM `ot_category` WHERE ( `id` = 50 ) LIMIT 1   [ RunTime:0.000040s ]
INFO: [ view_parse ] --START--
INFO: [ template_filter ] --START--
INFO: Run Behavior\ContentReplace [ RunTime:0.000223s ]
INFO: [ template_filter ] --END-- [ RunTime:0.000271s ]
INFO: [ adminArticleEdit ] --START--
SQL: SHOW COLUMNS FROM `ot_addons` [ RunTime:0.000401s ]
SQL: SELECT `config` FROM `ot_addons` WHERE ( `name` = 'EditorForAdmin' ) AND ( `status` = 1 ) LIMIT 1   [ RunTime:0.000044s ]
INFO: [ view_parse ] --START--
INFO: [ template_filter ] --START--
INFO: Run Behavior\ContentReplace [ RunTime:0.000053s ]
INFO: [ template_filter ] --END-- [ RunTime:-0.008685s ]
INFO: Run Behavior\ParseTemplate [ RunTime:0.002212s ]
INFO: [ view_parse ] --END-- [ RunTime:0.002244s ]
INFO: [ view_filter ] --START--
INFO: Run Behavior\WriteHtmlCache [ RunTime:0.000027s ]
INFO: [ view_filter ] --END-- [ RunTime:0.000048s ]
INFO: Run EditorForAdmin [ RunTime:0.003142s ]
INFO: [ adminArticleEdit ] --END-- [ RunTime:0.003171s ]
INFO: Run Behavior\ParseTemplate [ RunTime:0.002540s ]
INFO: [ view_parse ] --END-- [ RunTime:0.002244s ]
INFO: [ view_filter ] --START--
INFO: Run Behavior\WriteHtmlCache [ RunTime:0.000005s ]
INFO: [ view_filter ] --END-- [ RunTime:-0.000277s ]
INFO: [ app_end ] --START--
INFO: Run Behavior\ShowPageTrace [ RunTime:0.000031s ]
INFO: [ app_end ] --END-- [ RunTime:0.000059s ]

[ 2016-07-08T09:33:25+08:00 ] 119.145.15.60 /index.php?s=/Admin/Article/index/cate_id/50.html
NOTIC: [8192] mysql_connect(): The mysql extension is deprecated and will be removed in the future: use mysqli or PDO instead /usr/share/nginx/html/ThinkPHP/Library/Think/Db/Driver/Mysql.class.php 第 52 行.
SQL: SHOW COLUMNS FROM `ot_menu` [ RunTime:0.000375s ]
SQL: SELECT * FROM `ot_menu` WHERE ( `pid` = 0 ) AND ( `hide` = 0 ) ORDER BY sort asc  [ RunTime:0.000046s ]
SQL: SELECT `id` FROM `ot_menu` WHERE ( url like '%Article/index%' ) LIMIT 1   [ RunTime:0.000039s ]
SQL: SHOW COLUMNS FROM `ot_menu` [ RunTime:0.000264s ]
SQL: SELECT `id`,`pid`,`title` FROM `ot_menu` WHERE ( id=3 ) LIMIT 1   [ RunTime:0.000052s ]
SQL: SELECT `id`,`pid`,`title` FROM `ot_menu` WHERE ( id=2 ) LIMIT 1   [ RunTime:0.000034s ]
SQL: SELECT DISTINCT  `group` FROM `ot_menu` WHERE ( pid = 2 )  [ RunTime:0.000034s ]
SQL: SELECT `id`,`url` FROM `ot_menu` WHERE ( `pid` = 2 ) AND ( `hide` = 0 )  [ RunTime:0.000039s ]
SQL: SELECT `id`,`pid`,`title`,`url`,`tip` FROM `ot_menu` WHERE ( `group` = '内容' ) AND ( `pid` = 2 ) AND ( `hide` = 0 ) ORDER BY sort asc  [ RunTime:0.000052s ]
SQL: SHOW COLUMNS FROM `ot_auth_group_access` [ RunTime:0.000225s ]
SQL: SELECT `extend_id` FROM ot_auth_group_access g INNER JOIN ot_auth_extend c on g.group_id=c.group_id  WHERE ( g.uid='1' and c.type='1' and !isnull(extend_id) )  [ RunTime:0.000046s ]
SQL: SHOW COLUMNS FROM `ot_category` [ RunTime:0.000317s ]
SQL: SELECT `id`,`title`,`pid`,`allow_publish` FROM `ot_category` WHERE ( `status` = 1 ) ORDER BY pid,sort  [ RunTime:0.000044s ]
SQL: SELECT `id`,`title`,`pid` FROM `ot_category` WHERE ( `status` = 1 ) ORDER BY sort  [ RunTime:0.000046s ]
SQL: SHOW COLUMNS FROM `ot_model` [ RunTime:0.000304s ]
SQL: SELECT * FROM `ot_model` WHERE ( `name` = 'document' ) LIMIT 1   [ RunTime:0.000050s ]
SQL: SHOW COLUMNS FROM `ot_document` [ RunTime:0.000274s ]
SQL: SELECT COUNT(*) AS tp_count FROM `ot_document` WHERE ( `status` IN ('0','1','2') ) AND ( `pid` = 0 ) AND ( `category_id` = 50 ) LIMIT 1   [ RunTime:0.000044s ]
SQL: SELECT `id`,`uid`,`name`,`title`,`category_id`,`description`,`root`,`pid`,`model_id`,`type`,`position`,`link_id`,`cover_id`,`display`,`deadline`,`attach`,`view`,`comment`,`extend`,`level`,`create_time`,`update_time`,`status` FROM `ot_document` WHERE ( `status` IN ('0','1','2') ) AND ( `pid` = 0 ) AND ( `category_id` = 50 ) ORDER BY level DESC,id DESC LIMIT 0,10   [ RunTime:0.000048s ]
INFO: [ view_parse ] --START--
INFO: [ template_filter ] --START--
INFO: Run Behavior\ContentReplace [ RunTime:0.000155s ]
INFO: [ template_filter ] --END-- [ RunTime:0.000188s ]
INFO: Run Behavior\ParseTemplate [ RunTime:0.018576s ]
INFO: [ view_parse ] --END-- [ RunTime:0.018608s ]
INFO: [ view_filter ] --START--
INFO: Run Behavior\WriteHtmlCache [ RunTime:0.000027s ]
INFO: [ view_filter ] --END-- [ RunTime:0.000049s ]
INFO: [ app_end ] --START--
INFO: Run Behavior\ShowPageTrace [ RunTime:0.000028s ]
INFO: [ app_end ] --END-- [ RunTime:0.000055s ]

[ 2016-07-08T13:47:57+08:00 ] 183.156.8.172 /
SQL: SHOW COLUMNS FROM `ot_document` [ RunTime:0.000310s ]
SQL: SELECT * FROM `ot_document` WHERE ( status=1 ) ORDER BY view desc LIMIT 0,12   [ RunTime:0.000246s ]
SQL: SHOW COLUMNS FROM `ot_category` [ RunTime:0.000350s ]
SQL: SELECT `id`,`name`,`title`,`pid`,`sort`,`list_row`,`meta_title`,`keywords`,`description`,`template_index`,`template_lists`,`template_detail`,`template_edit`,`model`,`type`,`link_id`,`allow_publish`,`display`,`reply`,`check`,`reply_model`,`extend`,`create_time`,`update_time`,`status`,`icon` FROM `ot_category` WHERE ( `status` = 1 ) ORDER BY sort  [ RunTime:0.000063s ]
SQL: SELECT COUNT(*) AS tp_count FROM `ot_document` WHERE ( status=1 ) LIMIT 1   [ RunTime:0.000135s ]
SQL: SELECT * FROM `ot_document` WHERE ( status=1 ) ORDER BY create_time desc LIMIT 0,10   [ RunTime:0.000196s ]
SQL: SELECT * FROM `ot_category` WHERE ( id=61 ) LIMIT 1   [ RunTime:0.000051s ]
SQL: SELECT * FROM `ot_category` WHERE ( id=61 ) LIMIT 1   [ RunTime:0.000050s ]
SQL: SELECT * FROM `ot_category` WHERE ( id=50 ) LIMIT 1   [ RunTime:0.000047s ]
SQL: SELECT * FROM `ot_category` WHERE ( id=50 ) LIMIT 1   [ RunTime:0.000046s ]
SQL: SELECT * FROM `ot_category` WHERE ( id=50 ) LIMIT 1   [ RunTime:0.000045s ]
SQL: SELECT * FROM `ot_category` WHERE ( id=50 ) LIMIT 1   [ RunTime:0.000044s ]
SQL: SELECT * FROM `ot_category` WHERE ( id=50 ) LIMIT 1   [ RunTime:0.000043s ]
SQL: SELECT * FROM `ot_category` WHERE ( id=50 ) LIMIT 1   [ RunTime:0.000044s ]
SQL: SELECT * FROM `ot_category` WHERE ( id=61 ) LIMIT 1   [ RunTime:0.000043s ]
SQL: SELECT * FROM `ot_category` WHERE ( id=61 ) LIMIT 1   [ RunTime:0.000043s ]
INFO: [ view_parse ] --START--
INFO: [ template_filter ] --START--
INFO: Run Behavior\ContentReplace [ RunTime:0.000117s ]
INFO: [ template_filter ] --END-- [ RunTime:0.000153s ]
INFO: Run Behavior\ParseTemplate [ RunTime:0.010799s ]
INFO: [ view_parse ] --END-- [ RunTime:0.010838s ]
INFO: [ view_filter ] --START--
INFO: Run Behavior\WriteHtmlCache [ RunTime:0.000028s ]
INFO: [ view_filter ] --END-- [ RunTime:0.000050s ]
INFO: [ app_end ] --START--
INFO: Run Behavior\ShowPageTrace [ RunTime:0.000031s ]
INFO: [ app_end ] --END-- [ RunTime:0.000061s ]

[ 2016-07-08T22:24:13+08:00 ] 157.55.39.7 /
SQL: SHOW COLUMNS FROM `ot_document` [ RunTime:0.000314s ]
SQL: SELECT * FROM `ot_document` WHERE ( status=1 ) ORDER BY view desc LIMIT 0,12   [ RunTime:0.000110s ]
SQL: SHOW COLUMNS FROM `ot_category` [ RunTime:0.000333s ]
SQL: SELECT `id`,`name`,`title`,`pid`,`sort`,`list_row`,`meta_title`,`keywords`,`description`,`template_index`,`template_lists`,`template_detail`,`template_edit`,`model`,`type`,`link_id`,`allow_publish`,`display`,`reply`,`check`,`reply_model`,`extend`,`create_time`,`update_time`,`status`,`icon` FROM `ot_category` WHERE ( `status` = 1 ) ORDER BY sort  [ RunTime:0.000062s ]
SQL: SELECT COUNT(*) AS tp_count FROM `ot_document` WHERE ( status=1 ) LIMIT 1   [ RunTime:0.000043s ]
SQL: SELECT * FROM `ot_document` WHERE ( status=1 ) ORDER BY create_time desc LIMIT 0,10   [ RunTime:0.000052s ]
SQL: SELECT * FROM `ot_category` WHERE ( id=61 ) LIMIT 1   [ RunTime:0.000046s ]
SQL: SELECT * FROM `ot_category` WHERE ( id=61 ) LIMIT 1   [ RunTime:0.000050s ]
SQL: SELECT * FROM `ot_category` WHERE ( id=50 ) LIMIT 1   [ RunTime:0.000045s ]
SQL: SELECT * FROM `ot_category` WHERE ( id=50 ) LIMIT 1   [ RunTime:0.000045s ]
SQL: SELECT * FROM `ot_category` WHERE ( id=50 ) LIMIT 1   [ RunTime:0.000044s ]
SQL: SELECT * FROM `ot_category` WHERE ( id=50 ) LIMIT 1   [ RunTime:0.000044s ]
SQL: SELECT * FROM `ot_category` WHERE ( id=50 ) LIMIT 1   [ RunTime:0.000043s ]
SQL: SELECT * FROM `ot_category` WHERE ( id=50 ) LIMIT 1   [ RunTime:0.000043s ]
SQL: SELECT * FROM `ot_category` WHERE ( id=61 ) LIMIT 1   [ RunTime:0.000043s ]
SQL: SELECT * FROM `ot_category` WHERE ( id=61 ) LIMIT 1   [ RunTime:0.000044s ]
INFO: [ view_parse ] --START--
INFO: [ template_filter ] --START--
INFO: Run Behavior\ContentReplace [ RunTime:0.000122s ]
INFO: [ template_filter ] --END-- [ RunTime:0.000166s ]
INFO: Run Behavior\ParseTemplate [ RunTime:0.010750s ]
INFO: [ view_parse ] --END-- [ RunTime:0.010786s ]
INFO: [ view_filter ] --START--
INFO: Run Behavior\WriteHtmlCache [ RunTime:0.000035s ]
INFO: [ view_filter ] --END-- [ RunTime:0.000058s ]
INFO: [ app_end ] --START--
INFO: Run Behavior\ShowPageTrace [ RunTime:0.000047s ]
INFO: [ app_end ] --END-- [ RunTime:0.000078s ]

