[ 2016-12-20T01:39:49+08:00 ] 121.42.0.64 /
SQL: SHOW COLUMNS FROM `ot_document` [ RunTime:0.000317s ]
SQL: SELECT * FROM `ot_document` WHERE ( status=1 ) ORDER BY view desc LIMIT 0,12   [ RunTime:0.000053s ]
SQL: SHOW COLUMNS FROM `ot_category` [ RunTime:0.000318s ]
SQL: SELECT `id`,`name`,`title`,`pid`,`sort`,`list_row`,`meta_title`,`keywords`,`description`,`template_index`,`template_lists`,`template_detail`,`template_edit`,`model`,`type`,`link_id`,`allow_publish`,`display`,`reply`,`check`,`reply_model`,`extend`,`create_time`,`update_time`,`status`,`icon` FROM `ot_category` WHERE ( `status` = 1 ) ORDER BY sort  [ RunTime:0.000060s ]
SQL: SELECT COUNT(*) AS tp_count FROM `ot_document` WHERE ( status=1 ) LIMIT 1   [ RunTime:0.000040s ]
SQL: SELECT * FROM `ot_document` WHERE ( status=1 ) ORDER BY create_time desc LIMIT 0,10   [ RunTime:0.000050s ]
SQL: SELECT * FROM `ot_category` WHERE ( id=61 ) LIMIT 1   [ RunTime:0.000042s ]
SQL: SELECT * FROM `ot_category` WHERE ( id=61 ) LIMIT 1   [ RunTime:0.000049s ]
SQL: SELECT * FROM `ot_category` WHERE ( id=61 ) LIMIT 1   [ RunTime:0.000044s ]
SQL: SELECT * FROM `ot_category` WHERE ( id=50 ) LIMIT 1   [ RunTime:0.000054s ]
SQL: SELECT * FROM `ot_category` WHERE ( id=50 ) LIMIT 1   [ RunTime:0.000042s ]
SQL: SELECT * FROM `ot_category` WHERE ( id=50 ) LIMIT 1   [ RunTime:0.000046s ]
SQL: SELECT * FROM `ot_category` WHERE ( id=50 ) LIMIT 1   [ RunTime:0.000042s ]
SQL: SELECT * FROM `ot_category` WHERE ( id=50 ) LIMIT 1   [ RunTime:0.000042s ]
SQL: SELECT * FROM `ot_category` WHERE ( id=50 ) LIMIT 1   [ RunTime:0.000065s ]
SQL: SELECT * FROM `ot_category` WHERE ( id=61 ) LIMIT 1   [ RunTime:0.000043s ]
INFO: [ view_parse ] --START--
INFO: [ template_filter ] --START--
INFO: Run Behavior\ContentReplace [ RunTime:0.000122s ]
INFO: [ template_filter ] --END-- [ RunTime:0.000155s ]
INFO: Run Behavior\ParseTemplate [ RunTime:0.010525s ]
INFO: [ view_parse ] --END-- [ RunTime:0.010571s ]
INFO: [ view_filter ] --START--
INFO: Run Behavior\WriteHtmlCache [ RunTime:0.000027s ]
INFO: [ view_filter ] --END-- [ RunTime:0.000049s ]
INFO: [ app_end ] --START--
INFO: Run Behavior\ShowPageTrace [ RunTime:0.000037s ]
INFO: [ app_end ] --END-- [ RunTime:0.000067s ]

[ 2016-12-20T02:17:27+08:00 ] 157.55.39.78 /
SQL: SHOW COLUMNS FROM `ot_document` [ RunTime:0.000301s ]
SQL: SELECT * FROM `ot_document` WHERE ( status=1 ) ORDER BY view desc LIMIT 0,12   [ RunTime:0.000053s ]
SQL: SHOW COLUMNS FROM `ot_category` [ RunTime:0.000330s ]
SQL: SELECT `id`,`name`,`title`,`pid`,`sort`,`list_row`,`meta_title`,`keywords`,`description`,`template_index`,`template_lists`,`template_detail`,`template_edit`,`model`,`type`,`link_id`,`allow_publish`,`display`,`reply`,`check`,`reply_model`,`extend`,`create_time`,`update_time`,`status`,`icon` FROM `ot_category` WHERE ( `status` = 1 ) ORDER BY sort  [ RunTime:0.000069s ]
SQL: SELECT COUNT(*) AS tp_count FROM `ot_document` WHERE ( status=1 ) LIMIT 1   [ RunTime:0.000053s ]
SQL: SELECT * FROM `ot_document` WHERE ( status=1 ) ORDER BY create_time desc LIMIT 0,10   [ RunTime:0.000051s ]
SQL: SELECT * FROM `ot_category` WHERE ( id=61 ) LIMIT 1   [ RunTime:0.000057s ]
SQL: SELECT * FROM `ot_category` WHERE ( id=61 ) LIMIT 1   [ RunTime:0.000050s ]
SQL: SELECT * FROM `ot_category` WHERE ( id=61 ) LIMIT 1   [ RunTime:0.000044s ]
SQL: SELECT * FROM `ot_category` WHERE ( id=50 ) LIMIT 1   [ RunTime:0.000043s ]
SQL: SELECT * FROM `ot_category` WHERE ( id=50 ) LIMIT 1   [ RunTime:0.000042s ]
SQL: SELECT * FROM `ot_category` WHERE ( id=50 ) LIMIT 1   [ RunTime:0.000042s ]
SQL: SELECT * FROM `ot_category` WHERE ( id=50 ) LIMIT 1   [ RunTime:0.000052s ]
SQL: SELECT * FROM `ot_category` WHERE ( id=50 ) LIMIT 1   [ RunTime:0.000041s ]
SQL: SELECT * FROM `ot_category` WHERE ( id=50 ) LIMIT 1   [ RunTime:0.000053s ]
SQL: SELECT * FROM `ot_category` WHERE ( id=61 ) LIMIT 1   [ RunTime:0.000042s ]
INFO: [ view_parse ] --START--
INFO: [ template_filter ] --START--
INFO: Run Behavior\ContentReplace [ RunTime:0.000101s ]
INFO: [ template_filter ] --END-- [ RunTime:0.000135s ]
INFO: Run Behavior\ParseTemplate [ RunTime:0.010667s ]
INFO: [ view_parse ] --END-- [ RunTime:0.010713s ]
INFO: [ view_filter ] --START--
INFO: Run Behavior\WriteHtmlCache [ RunTime:0.000024s ]
INFO: [ view_filter ] --END-- [ RunTime:0.000044s ]
INFO: [ app_end ] --START--
INFO: Run Behavior\ShowPageTrace [ RunTime:0.000030s ]
INFO: [ app_end ] --END-- [ RunTime:0.000058s ]

[ 2016-12-20T04:42:41+08:00 ] 123.125.71.100 /index.php?s=/home/article/lists/category/nodejs.html
SQL: SHOW COLUMNS FROM `ot_document` [ RunTime:0.000313s ]
SQL: SELECT * FROM `ot_document` WHERE ( status=1 ) ORDER BY view desc LIMIT 0,12   [ RunTime:0.000052s ]
SQL: SHOW COLUMNS FROM `ot_category` [ RunTime:0.000331s ]
SQL: SELECT `id`,`name`,`title`,`pid`,`sort`,`list_row`,`meta_title`,`keywords`,`description`,`template_index`,`template_lists`,`template_detail`,`template_edit`,`model`,`type`,`link_id`,`allow_publish`,`display`,`reply`,`check`,`reply_model`,`extend`,`create_time`,`update_time`,`status`,`icon` FROM `ot_category` WHERE ( `name` = 'nodejs' ) LIMIT 1   [ RunTime:0.000050s ]
INFO: [ view_parse ] --START--
INFO: [ template_filter ] --START--
INFO: Run Behavior\ContentReplace [ RunTime:0.000025s ]
INFO: [ template_filter ] --END-- [ RunTime:0.000055s ]
INFO: Run Behavior\ParseTemplate [ RunTime:0.001323s ]
INFO: [ view_parse ] --END-- [ RunTime:0.001356s ]
INFO: [ view_filter ] --START--
INFO: Run Behavior\WriteHtmlCache [ RunTime:0.000026s ]
INFO: [ view_filter ] --END-- [ RunTime:0.000047s ]

[ 2016-12-20T05:57:32+08:00 ] 157.55.39.78 /
SQL: SHOW COLUMNS FROM `ot_document` [ RunTime:0.000310s ]
SQL: SELECT * FROM `ot_document` WHERE ( status=1 ) ORDER BY view desc LIMIT 0,12   [ RunTime:0.000054s ]
SQL: SHOW COLUMNS FROM `ot_category` [ RunTime:0.000330s ]
SQL: SELECT `id`,`name`,`title`,`pid`,`sort`,`list_row`,`meta_title`,`keywords`,`description`,`template_index`,`template_lists`,`template_detail`,`template_edit`,`model`,`type`,`link_id`,`allow_publish`,`display`,`reply`,`check`,`reply_model`,`extend`,`create_time`,`update_time`,`status`,`icon` FROM `ot_category` WHERE ( `status` = 1 ) ORDER BY sort  [ RunTime:0.000062s ]
SQL: SELECT COUNT(*) AS tp_count FROM `ot_document` WHERE ( status=1 ) LIMIT 1   [ RunTime:0.000042s ]
SQL: SELECT * FROM `ot_document` WHERE ( status=1 ) ORDER BY create_time desc LIMIT 0,10   [ RunTime:0.000053s ]
SQL: SELECT * FROM `ot_category` WHERE ( id=61 ) LIMIT 1   [ RunTime:0.000047s ]
SQL: SELECT * FROM `ot_category` WHERE ( id=61 ) LIMIT 1   [ RunTime:0.000049s ]
SQL: SELECT * FROM `ot_category` WHERE ( id=61 ) LIMIT 1   [ RunTime:0.000045s ]
SQL: SELECT * FROM `ot_category` WHERE ( id=50 ) LIMIT 1   [ RunTime:0.000044s ]
SQL: SELECT * FROM `ot_category` WHERE ( id=50 ) LIMIT 1   [ RunTime:0.000047s ]
SQL: SELECT * FROM `ot_category` WHERE ( id=50 ) LIMIT 1   [ RunTime:0.000045s ]
SQL: SELECT * FROM `ot_category` WHERE ( id=50 ) LIMIT 1   [ RunTime:0.000044s ]
SQL: SELECT * FROM `ot_category` WHERE ( id=50 ) LIMIT 1   [ RunTime:0.000043s ]
SQL: SELECT * FROM `ot_category` WHERE ( id=50 ) LIMIT 1   [ RunTime:0.000043s ]
SQL: SELECT * FROM `ot_category` WHERE ( id=61 ) LIMIT 1   [ RunTime:0.000044s ]
INFO: [ view_parse ] --START--
INFO: [ template_filter ] --START--
INFO: Run Behavior\ContentReplace [ RunTime:0.000114s ]
INFO: [ template_filter ] --END-- [ RunTime:0.000157s ]
INFO: Run Behavior\ParseTemplate [ RunTime:0.010695s ]
INFO: [ view_parse ] --END-- [ RunTime:0.010731s ]
INFO: [ view_filter ] --START--
INFO: Run Behavior\WriteHtmlCache [ RunTime:0.000031s ]
INFO: [ view_filter ] --END-- [ RunTime:0.000052s ]
INFO: [ app_end ] --START--
INFO: Run Behavior\ShowPageTrace [ RunTime:0.000032s ]
INFO: [ app_end ] --END-- [ RunTime:0.000063s ]

[ 2016-12-20T14:32:11+08:00 ] 187.38.142.118 /
SQL: SHOW COLUMNS FROM `ot_document` [ RunTime:0.000310s ]
SQL: SELECT * FROM `ot_document` WHERE ( status=1 ) ORDER BY view desc LIMIT 0,12   [ RunTime:0.000055s ]
SQL: SHOW COLUMNS FROM `ot_category` [ RunTime:0.000329s ]
SQL: SELECT `id`,`name`,`title`,`pid`,`sort`,`list_row`,`meta_title`,`keywords`,`description`,`template_index`,`template_lists`,`template_detail`,`template_edit`,`model`,`type`,`link_id`,`allow_publish`,`display`,`reply`,`check`,`reply_model`,`extend`,`create_time`,`update_time`,`status`,`icon` FROM `ot_category` WHERE ( `status` = 1 ) ORDER BY sort  [ RunTime:0.000063s ]
SQL: SELECT COUNT(*) AS tp_count FROM `ot_document` WHERE ( status=1 ) LIMIT 1   [ RunTime:0.000042s ]
SQL: SELECT * FROM `ot_document` WHERE ( status=1 ) ORDER BY create_time desc LIMIT 0,10   [ RunTime:0.000052s ]
SQL: SELECT * FROM `ot_category` WHERE ( id=61 ) LIMIT 1   [ RunTime:0.000047s ]
SQL: SELECT * FROM `ot_category` WHERE ( id=61 ) LIMIT 1   [ RunTime:0.000049s ]
SQL: SELECT * FROM `ot_category` WHERE ( id=61 ) LIMIT 1   [ RunTime:0.000049s ]
SQL: SELECT * FROM `ot_category` WHERE ( id=50 ) LIMIT 1   [ RunTime:0.000043s ]
SQL: SELECT * FROM `ot_category` WHERE ( id=50 ) LIMIT 1   [ RunTime:0.000055s ]
SQL: SELECT * FROM `ot_category` WHERE ( id=50 ) LIMIT 1   [ RunTime:0.000051s ]
SQL: SELECT * FROM `ot_category` WHERE ( id=50 ) LIMIT 1   [ RunTime:0.000042s ]
SQL: SELECT * FROM `ot_category` WHERE ( id=50 ) LIMIT 1   [ RunTime:0.000042s ]
SQL: SELECT * FROM `ot_category` WHERE ( id=50 ) LIMIT 1   [ RunTime:0.000042s ]
SQL: SELECT * FROM `ot_category` WHERE ( id=61 ) LIMIT 1   [ RunTime:0.000043s ]
INFO: [ view_parse ] --START--
INFO: [ template_filter ] --START--
INFO: Run Behavior\ContentReplace [ RunTime:0.000135s ]
INFO: [ template_filter ] --END-- [ RunTime:0.000170s ]
INFO: Run Behavior\ParseTemplate [ RunTime:0.010795s ]
INFO: [ view_parse ] --END-- [ RunTime:0.010843s ]
INFO: [ view_filter ] --START--
INFO: Run Behavior\WriteHtmlCache [ RunTime:0.000030s ]
INFO: [ view_filter ] --END-- [ RunTime:0.000056s ]
INFO: [ app_end ] --START--
INFO: Run Behavior\ShowPageTrace [ RunTime:0.000041s ]
INFO: [ app_end ] --END-- [ RunTime:0.000077s ]

[ 2016-12-20T16:37:48+08:00 ] 54.202.193.78 /
SQL: SHOW COLUMNS FROM `ot_document` [ RunTime:0.000357s ]
SQL: SELECT * FROM `ot_document` WHERE ( status=1 ) ORDER BY view desc LIMIT 0,12   [ RunTime:0.000054s ]
SQL: SHOW COLUMNS FROM `ot_category` [ RunTime:0.000333s ]
SQL: SELECT `id`,`name`,`title`,`pid`,`sort`,`list_row`,`meta_title`,`keywords`,`description`,`template_index`,`template_lists`,`template_detail`,`template_edit`,`model`,`type`,`link_id`,`allow_publish`,`display`,`reply`,`check`,`reply_model`,`extend`,`create_time`,`update_time`,`status`,`icon` FROM `ot_category` WHERE ( `status` = 1 ) ORDER BY sort  [ RunTime:0.000061s ]
SQL: SELECT COUNT(*) AS tp_count FROM `ot_document` WHERE ( status=1 ) LIMIT 1   [ RunTime:0.000041s ]
SQL: SELECT * FROM `ot_document` WHERE ( status=1 ) ORDER BY create_time desc LIMIT 0,10   [ RunTime:0.000053s ]
SQL: SELECT * FROM `ot_category` WHERE ( id=61 ) LIMIT 1   [ RunTime:0.000046s ]
SQL: SELECT * FROM `ot_category` WHERE ( id=61 ) LIMIT 1   [ RunTime:0.000061s ]
SQL: SELECT * FROM `ot_category` WHERE ( id=61 ) LIMIT 1   [ RunTime:0.000045s ]
SQL: SELECT * FROM `ot_category` WHERE ( id=50 ) LIMIT 1   [ RunTime:0.000045s ]
SQL: SELECT * FROM `ot_category` WHERE ( id=50 ) LIMIT 1   [ RunTime:0.000042s ]
SQL: SELECT * FROM `ot_category` WHERE ( id=50 ) LIMIT 1   [ RunTime:0.000040s ]
SQL: SELECT * FROM `ot_category` WHERE ( id=50 ) LIMIT 1   [ RunTime:0.000053s ]
SQL: SELECT * FROM `ot_category` WHERE ( id=50 ) LIMIT 1   [ RunTime:0.000042s ]
SQL: SELECT * FROM `ot_category` WHERE ( id=50 ) LIMIT 1   [ RunTime:0.000043s ]
SQL: SELECT * FROM `ot_category` WHERE ( id=61 ) LIMIT 1   [ RunTime:0.000040s ]
INFO: [ view_parse ] --START--
INFO: [ template_filter ] --START--
INFO: Run Behavior\ContentReplace [ RunTime:0.000117s ]
INFO: [ template_filter ] --END-- [ RunTime:0.000163s ]
INFO: Run Behavior\ParseTemplate [ RunTime:0.010817s ]
INFO: [ view_parse ] --END-- [ RunTime:0.010849s ]
INFO: [ view_filter ] --START--
INFO: Run Behavior\WriteHtmlCache [ RunTime:0.000026s ]
INFO: [ view_filter ] --END-- [ RunTime:0.000046s ]
INFO: [ app_end ] --START--
INFO: Run Behavior\ShowPageTrace [ RunTime:0.000029s ]
INFO: [ app_end ] --END-- [ RunTime:0.000059s ]

[ 2016-12-20T23:24:37+08:00 ] 52.199.236.39 /
SQL: SHOW COLUMNS FROM `ot_document` [ RunTime:0.000312s ]
SQL: SELECT * FROM `ot_document` WHERE ( status=1 ) ORDER BY view desc LIMIT 0,12   [ RunTime:0.000054s ]
SQL: SHOW COLUMNS FROM `ot_category` [ RunTime:0.000329s ]
SQL: SELECT `id`,`name`,`title`,`pid`,`sort`,`list_row`,`meta_title`,`keywords`,`description`,`template_index`,`template_lists`,`template_detail`,`template_edit`,`model`,`type`,`link_id`,`allow_publish`,`display`,`reply`,`check`,`reply_model`,`extend`,`create_time`,`update_time`,`status`,`icon` FROM `ot_category` WHERE ( `status` = 1 ) ORDER BY sort  [ RunTime:0.000062s ]
SQL: SELECT COUNT(*) AS tp_count FROM `ot_document` WHERE ( status=1 ) LIMIT 1   [ RunTime:0.000042s ]
SQL: SELECT * FROM `ot_document` WHERE ( status=1 ) ORDER BY create_time desc LIMIT 0,10   [ RunTime:0.000053s ]
SQL: SELECT * FROM `ot_category` WHERE ( id=61 ) LIMIT 1   [ RunTime:0.000047s ]
SQL: SELECT * FROM `ot_category` WHERE ( id=61 ) LIMIT 1   [ RunTime:0.000051s ]
SQL: SELECT * FROM `ot_category` WHERE ( id=61 ) LIMIT 1   [ RunTime:0.000046s ]
SQL: SELECT * FROM `ot_category` WHERE ( id=50 ) LIMIT 1   [ RunTime:0.000055s ]
SQL: SELECT * FROM `ot_category` WHERE ( id=50 ) LIMIT 1   [ RunTime:0.000043s ]
SQL: SELECT * FROM `ot_category` WHERE ( id=50 ) LIMIT 1   [ RunTime:0.000044s ]
SQL: SELECT * FROM `ot_category` WHERE ( id=50 ) LIMIT 1   [ RunTime:0.000043s ]
SQL: SELECT * FROM `ot_category` WHERE ( id=50 ) LIMIT 1   [ RunTime:0.000044s ]
SQL: SELECT * FROM `ot_category` WHERE ( id=50 ) LIMIT 1   [ RunTime:0.000044s ]
SQL: SELECT * FROM `ot_category` WHERE ( id=61 ) LIMIT 1   [ RunTime:0.000044s ]
INFO: [ view_parse ] --START--
INFO: [ template_filter ] --START--
INFO: Run Behavior\ContentReplace [ RunTime:0.000111s ]
INFO: [ template_filter ] --END-- [ RunTime:0.000157s ]
INFO: Run Behavior\ParseTemplate [ RunTime:0.010877s ]
INFO: [ view_parse ] --END-- [ RunTime:0.010922s ]
INFO: [ view_filter ] --START--
INFO: Run Behavior\WriteHtmlCache [ RunTime:0.000028s ]
INFO: [ view_filter ] --END-- [ RunTime:0.000050s ]
INFO: [ app_end ] --START--
INFO: Run Behavior\ShowPageTrace [ RunTime:0.000034s ]
INFO: [ app_end ] --END-- [ RunTime:0.000078s ]

[ 2016-12-20T23:55:23+08:00 ] 121.42.0.61 /
SQL: SHOW COLUMNS FROM `ot_document` [ RunTime:0.000302s ]
SQL: SELECT * FROM `ot_document` WHERE ( status=1 ) ORDER BY view desc LIMIT 0,12   [ RunTime:0.000057s ]
SQL: SHOW COLUMNS FROM `ot_category` [ RunTime:0.000321s ]
SQL: SELECT `id`,`name`,`title`,`pid`,`sort`,`list_row`,`meta_title`,`keywords`,`description`,`template_index`,`template_lists`,`template_detail`,`template_edit`,`model`,`type`,`link_id`,`allow_publish`,`display`,`reply`,`check`,`reply_model`,`extend`,`create_time`,`update_time`,`status`,`icon` FROM `ot_category` WHERE ( `status` = 1 ) ORDER BY sort  [ RunTime:0.000062s ]
SQL: SELECT COUNT(*) AS tp_count FROM `ot_document` WHERE ( status=1 ) LIMIT 1   [ RunTime:0.000040s ]
SQL: SELECT * FROM `ot_document` WHERE ( status=1 ) ORDER BY create_time desc LIMIT 0,10   [ RunTime:0.000055s ]
SQL: SELECT * FROM `ot_category` WHERE ( id=61 ) LIMIT 1   [ RunTime:0.000046s ]
SQL: SELECT * FROM `ot_category` WHERE ( id=61 ) LIMIT 1   [ RunTime:0.000050s ]
SQL: SELECT * FROM `ot_category` WHERE ( id=61 ) LIMIT 1   [ RunTime:0.000043s ]
SQL: SELECT * FROM `ot_category` WHERE ( id=50 ) LIMIT 1   [ RunTime:0.000047s ]
SQL: SELECT * FROM `ot_category` WHERE ( id=50 ) LIMIT 1   [ RunTime:0.000043s ]
SQL: SELECT * FROM `ot_category` WHERE ( id=50 ) LIMIT 1   [ RunTime:0.000042s ]
SQL: SELECT * FROM `ot_category` WHERE ( id=50 ) LIMIT 1   [ RunTime:0.000043s ]
SQL: SELECT * FROM `ot_category` WHERE ( id=50 ) LIMIT 1   [ RunTime:0.000042s ]
SQL: SELECT * FROM `ot_category` WHERE ( id=50 ) LIMIT 1   [ RunTime:0.000042s ]
SQL: SELECT * FROM `ot_category` WHERE ( id=61 ) LIMIT 1   [ RunTime:0.000046s ]
INFO: [ view_parse ] --START--
INFO: [ template_filter ] --START--
INFO: Run Behavior\ContentReplace [ RunTime:0.000112s ]
INFO: [ template_filter ] --END-- [ RunTime:0.000147s ]
INFO: Run Behavior\ParseTemplate [ RunTime:0.010601s ]
INFO: [ view_parse ] --END-- [ RunTime:0.010646s ]
INFO: [ view_filter ] --START--
INFO: Run Behavior\WriteHtmlCache [ RunTime:0.000028s ]
INFO: [ view_filter ] --END-- [ RunTime:0.000050s ]
INFO: [ app_end ] --START--
INFO: Run Behavior\ShowPageTrace [ RunTime:0.000030s ]
INFO: [ app_end ] --END-- [ RunTime:0.000061s ]

[ 2016-12-20T23:56:03+08:00 ] 121.42.0.59 /
SQL: SHOW COLUMNS FROM `ot_document` [ RunTime:0.000328s ]
SQL: SELECT * FROM `ot_document` WHERE ( status=1 ) ORDER BY view desc LIMIT 0,12   [ RunTime:0.000054s ]
SQL: SHOW COLUMNS FROM `ot_category` [ RunTime:0.000325s ]
SQL: SELECT `id`,`name`,`title`,`pid`,`sort`,`list_row`,`meta_title`,`keywords`,`description`,`template_index`,`template_lists`,`template_detail`,`template_edit`,`model`,`type`,`link_id`,`allow_publish`,`display`,`reply`,`check`,`reply_model`,`extend`,`create_time`,`update_time`,`status`,`icon` FROM `ot_category` WHERE ( `status` = 1 ) ORDER BY sort  [ RunTime:0.000064s ]
SQL: SELECT COUNT(*) AS tp_count FROM `ot_document` WHERE ( status=1 ) LIMIT 1   [ RunTime:0.000040s ]
SQL: SELECT * FROM `ot_document` WHERE ( status=1 ) ORDER BY create_time desc LIMIT 0,10   [ RunTime:0.000047s ]
SQL: SELECT * FROM `ot_category` WHERE ( id=61 ) LIMIT 1   [ RunTime:0.000046s ]
SQL: SELECT * FROM `ot_category` WHERE ( id=61 ) LIMIT 1   [ RunTime:0.000048s ]
SQL: SELECT * FROM `ot_category` WHERE ( id=61 ) LIMIT 1   [ RunTime:0.000043s ]
SQL: SELECT * FROM `ot_category` WHERE ( id=50 ) LIMIT 1   [ RunTime:0.000055s ]
SQL: SELECT * FROM `ot_category` WHERE ( id=50 ) LIMIT 1   [ RunTime:0.000043s ]
SQL: SELECT * FROM `ot_category` WHERE ( id=50 ) LIMIT 1   [ RunTime:0.000043s ]
SQL: SELECT * FROM `ot_category` WHERE ( id=50 ) LIMIT 1   [ RunTime:0.000039s ]
SQL: SELECT * FROM `ot_category` WHERE ( id=50 ) LIMIT 1   [ RunTime:0.000039s ]
SQL: SELECT * FROM `ot_category` WHERE ( id=50 ) LIMIT 1   [ RunTime:0.000041s ]
SQL: SELECT * FROM `ot_category` WHERE ( id=61 ) LIMIT 1   [ RunTime:0.000045s ]
INFO: [ view_parse ] --START--
INFO: [ template_filter ] --START--
INFO: Run Behavior\ContentReplace [ RunTime:0.000119s ]
INFO: [ template_filter ] --END-- [ RunTime:0.000157s ]
INFO: Run Behavior\ParseTemplate [ RunTime:0.010726s ]
INFO: [ view_parse ] --END-- [ RunTime:0.010760s ]
INFO: [ view_filter ] --START--
INFO: Run Behavior\WriteHtmlCache [ RunTime:0.000029s ]
INFO: [ view_filter ] --END-- [ RunTime:0.000055s ]
INFO: [ app_end ] --START--
INFO: Run Behavior\ShowPageTrace [ RunTime:0.000030s ]
INFO: [ app_end ] --END-- [ RunTime:0.000058s ]

