[ 2016-10-04T02:20:44+08:00 ] 123.125.71.78 /index.php?s=/home/article/lists/category/BeijingOpera.html
SQL: SHOW COLUMNS FROM `ot_document` [ RunTime:0.000326s ]
SQL: SELECT * FROM `ot_document` WHERE ( status=1 ) ORDER BY view desc LIMIT 0,12   [ RunTime:0.000056s ]
SQL: SHOW COLUMNS FROM `ot_category` [ RunTime:0.000329s ]
SQL: SELECT `id`,`name`,`title`,`pid`,`sort`,`list_row`,`meta_title`,`keywords`,`description`,`template_index`,`template_lists`,`template_detail`,`template_edit`,`model`,`type`,`link_id`,`allow_publish`,`display`,`reply`,`check`,`reply_model`,`extend`,`create_time`,`update_time`,`status`,`icon` FROM `ot_category` WHERE ( `name` = 'BeijingOpera' ) LIMIT 1   [ RunTime:0.000056s ]
INFO: [ view_parse ] --START--
INFO: [ template_filter ] --START--
INFO: Run Behavior\ContentReplace [ RunTime:0.000024s ]
INFO: [ template_filter ] --END-- [ RunTime:0.000055s ]
INFO: Run Behavior\ParseTemplate [ RunTime:0.001443s ]
INFO: [ view_parse ] --END-- [ RunTime:0.001476s ]
INFO: [ view_filter ] --START--
INFO: Run Behavior\WriteHtmlCache [ RunTime:0.000027s ]
INFO: [ view_filter ] --END-- [ RunTime:0.000048s ]

[ 2016-10-04T05:46:14+08:00 ] 46.172.91.20 /
SQL: SHOW COLUMNS FROM `ot_document` [ RunTime:0.000317s ]
SQL: SELECT * FROM `ot_document` WHERE ( status=1 ) ORDER BY view desc LIMIT 0,12   [ RunTime:0.000053s ]
SQL: SHOW COLUMNS FROM `ot_category` [ RunTime:0.000315s ]
SQL: SELECT `id`,`name`,`title`,`pid`,`sort`,`list_row`,`meta_title`,`keywords`,`description`,`template_index`,`template_lists`,`template_detail`,`template_edit`,`model`,`type`,`link_id`,`allow_publish`,`display`,`reply`,`check`,`reply_model`,`extend`,`create_time`,`update_time`,`status`,`icon` FROM `ot_category` WHERE ( `status` = 1 ) ORDER BY sort  [ RunTime:0.000060s ]
SQL: SELECT COUNT(*) AS tp_count FROM `ot_document` WHERE ( status=1 ) LIMIT 1   [ RunTime:0.000041s ]
SQL: SELECT * FROM `ot_document` WHERE ( status=1 ) ORDER BY create_time desc LIMIT 0,10   [ RunTime:0.000051s ]
SQL: SELECT * FROM `ot_category` WHERE ( id=61 ) LIMIT 1   [ RunTime:0.000045s ]
SQL: SELECT * FROM `ot_category` WHERE ( id=61 ) LIMIT 1   [ RunTime:0.000048s ]
SQL: SELECT * FROM `ot_category` WHERE ( id=61 ) LIMIT 1   [ RunTime:0.000043s ]
SQL: SELECT * FROM `ot_category` WHERE ( id=50 ) LIMIT 1   [ RunTime:0.000044s ]
SQL: SELECT * FROM `ot_category` WHERE ( id=50 ) LIMIT 1   [ RunTime:0.000084s ]
SQL: SELECT * FROM `ot_category` WHERE ( id=50 ) LIMIT 1   [ RunTime:0.000043s ]
SQL: SELECT * FROM `ot_category` WHERE ( id=50 ) LIMIT 1   [ RunTime:0.000043s ]
SQL: SELECT * FROM `ot_category` WHERE ( id=50 ) LIMIT 1   [ RunTime:0.000043s ]
SQL: SELECT * FROM `ot_category` WHERE ( id=50 ) LIMIT 1   [ RunTime:0.000042s ]
SQL: SELECT * FROM `ot_category` WHERE ( id=61 ) LIMIT 1   [ RunTime:0.000043s ]
INFO: [ view_parse ] --START--
INFO: [ template_filter ] --START--
INFO: Run Behavior\ContentReplace [ RunTime:0.000117s ]
INFO: [ template_filter ] --END-- [ RunTime:0.000152s ]
INFO: Run Behavior\ParseTemplate [ RunTime:0.010762s ]
INFO: [ view_parse ] --END-- [ RunTime:0.010796s ]
INFO: [ view_filter ] --START--
INFO: Run Behavior\WriteHtmlCache [ RunTime:0.000031s ]
INFO: [ view_filter ] --END-- [ RunTime:0.000053s ]
INFO: [ app_end ] --START--
INFO: Run Behavior\ShowPageTrace [ RunTime:0.000031s ]
INFO: [ app_end ] --END-- [ RunTime:0.000059s ]

[ 2016-10-04T06:56:10+08:00 ] 208.43.225.84 /index.php
SQL: SHOW COLUMNS FROM `ot_document` [ RunTime:0.000308s ]
SQL: SELECT * FROM `ot_document` WHERE ( status=1 ) ORDER BY view desc LIMIT 0,12   [ RunTime:0.000055s ]
SQL: SHOW COLUMNS FROM `ot_category` [ RunTime:0.000366s ]
SQL: SELECT `id`,`name`,`title`,`pid`,`sort`,`list_row`,`meta_title`,`keywords`,`description`,`template_index`,`template_lists`,`template_detail`,`template_edit`,`model`,`type`,`link_id`,`allow_publish`,`display`,`reply`,`check`,`reply_model`,`extend`,`create_time`,`update_time`,`status`,`icon` FROM `ot_category` WHERE ( `status` = 1 ) ORDER BY sort  [ RunTime:0.000063s ]
SQL: SELECT COUNT(*) AS tp_count FROM `ot_document` WHERE ( status=1 ) LIMIT 1   [ RunTime:0.000042s ]
SQL: SELECT * FROM `ot_document` WHERE ( status=1 ) ORDER BY create_time desc LIMIT 0,10   [ RunTime:0.000068s ]
SQL: SELECT * FROM `ot_category` WHERE ( id=61 ) LIMIT 1   [ RunTime:0.000049s ]
SQL: SELECT * FROM `ot_category` WHERE ( id=61 ) LIMIT 1   [ RunTime:0.000050s ]
SQL: SELECT * FROM `ot_category` WHERE ( id=61 ) LIMIT 1   [ RunTime:0.000043s ]
SQL: SELECT * FROM `ot_category` WHERE ( id=50 ) LIMIT 1   [ RunTime:0.000043s ]
SQL: SELECT * FROM `ot_category` WHERE ( id=50 ) LIMIT 1   [ RunTime:0.000043s ]
SQL: SELECT * FROM `ot_category` WHERE ( id=50 ) LIMIT 1   [ RunTime:0.000042s ]
SQL: SELECT * FROM `ot_category` WHERE ( id=50 ) LIMIT 1   [ RunTime:0.000042s ]
SQL: SELECT * FROM `ot_category` WHERE ( id=50 ) LIMIT 1   [ RunTime:0.000042s ]
SQL: SELECT * FROM `ot_category` WHERE ( id=50 ) LIMIT 1   [ RunTime:0.000082s ]
SQL: SELECT * FROM `ot_category` WHERE ( id=61 ) LIMIT 1   [ RunTime:0.000041s ]
INFO: [ view_parse ] --START--
INFO: [ template_filter ] --START--
INFO: Run Behavior\ContentReplace [ RunTime:0.000135s ]
INFO: [ template_filter ] --END-- [ RunTime:0.000169s ]
INFO: Run Behavior\ParseTemplate [ RunTime:0.010597s ]
INFO: [ view_parse ] --END-- [ RunTime:0.010630s ]
INFO: [ view_filter ] --START--
INFO: Run Behavior\WriteHtmlCache [ RunTime:0.000028s ]
INFO: [ view_filter ] --END-- [ RunTime:0.000049s ]
INFO: [ app_end ] --START--
INFO: Run Behavior\ShowPageTrace [ RunTime:0.000026s ]
INFO: [ app_end ] --END-- [ RunTime:0.000053s ]

[ 2016-10-04T12:53:53+08:00 ] 198.20.70.114 /
SQL: SHOW COLUMNS FROM `ot_document` [ RunTime:0.000318s ]
SQL: SELECT * FROM `ot_document` WHERE ( status=1 ) ORDER BY view desc LIMIT 0,12   [ RunTime:0.000088s ]
SQL: SHOW COLUMNS FROM `ot_category` [ RunTime:0.000367s ]
SQL: SELECT `id`,`name`,`title`,`pid`,`sort`,`list_row`,`meta_title`,`keywords`,`description`,`template_index`,`template_lists`,`template_detail`,`template_edit`,`model`,`type`,`link_id`,`allow_publish`,`display`,`reply`,`check`,`reply_model`,`extend`,`create_time`,`update_time`,`status`,`icon` FROM `ot_category` WHERE ( `status` = 1 ) ORDER BY sort  [ RunTime:0.000061s ]
SQL: SELECT COUNT(*) AS tp_count FROM `ot_document` WHERE ( status=1 ) LIMIT 1   [ RunTime:0.000041s ]
SQL: SELECT * FROM `ot_document` WHERE ( status=1 ) ORDER BY create_time desc LIMIT 0,10   [ RunTime:0.000052s ]
SQL: SELECT * FROM `ot_category` WHERE ( id=61 ) LIMIT 1   [ RunTime:0.000045s ]
SQL: SELECT * FROM `ot_category` WHERE ( id=61 ) LIMIT 1   [ RunTime:0.000049s ]
SQL: SELECT * FROM `ot_category` WHERE ( id=61 ) LIMIT 1   [ RunTime:0.000044s ]
SQL: SELECT * FROM `ot_category` WHERE ( id=50 ) LIMIT 1   [ RunTime:0.000044s ]
SQL: SELECT * FROM `ot_category` WHERE ( id=50 ) LIMIT 1   [ RunTime:0.000043s ]
SQL: SELECT * FROM `ot_category` WHERE ( id=50 ) LIMIT 1   [ RunTime:0.000042s ]
SQL: SELECT * FROM `ot_category` WHERE ( id=50 ) LIMIT 1   [ RunTime:0.000042s ]
SQL: SELECT * FROM `ot_category` WHERE ( id=50 ) LIMIT 1   [ RunTime:0.000042s ]
SQL: SELECT * FROM `ot_category` WHERE ( id=50 ) LIMIT 1   [ RunTime:0.000042s ]
SQL: SELECT * FROM `ot_category` WHERE ( id=61 ) LIMIT 1   [ RunTime:0.000043s ]
INFO: [ view_parse ] --START--
INFO: [ template_filter ] --START--
INFO: Run Behavior\ContentReplace [ RunTime:0.000113s ]
INFO: [ template_filter ] --END-- [ RunTime:0.000160s ]
INFO: Run Behavior\ParseTemplate [ RunTime:0.010604s ]
INFO: [ view_parse ] --END-- [ RunTime:0.010636s ]
INFO: [ view_filter ] --START--
INFO: Run Behavior\WriteHtmlCache [ RunTime:0.000025s ]
INFO: [ view_filter ] --END-- [ RunTime:0.000046s ]
INFO: [ app_end ] --START--
INFO: Run Behavior\ShowPageTrace [ RunTime:0.000029s ]
INFO: [ app_end ] --END-- [ RunTime:0.000058s ]

[ 2016-10-04T13:12:17+08:00 ] 207.46.13.128 /
SQL: SHOW COLUMNS FROM `ot_document` [ RunTime:0.000317s ]
SQL: SELECT * FROM `ot_document` WHERE ( status=1 ) ORDER BY view desc LIMIT 0,12   [ RunTime:0.000055s ]
SQL: SHOW COLUMNS FROM `ot_category` [ RunTime:0.000337s ]
SQL: SELECT `id`,`name`,`title`,`pid`,`sort`,`list_row`,`meta_title`,`keywords`,`description`,`template_index`,`template_lists`,`template_detail`,`template_edit`,`model`,`type`,`link_id`,`allow_publish`,`display`,`reply`,`check`,`reply_model`,`extend`,`create_time`,`update_time`,`status`,`icon` FROM `ot_category` WHERE ( `status` = 1 ) ORDER BY sort  [ RunTime:0.000060s ]
SQL: SELECT COUNT(*) AS tp_count FROM `ot_document` WHERE ( status=1 ) LIMIT 1   [ RunTime:0.000042s ]
SQL: SELECT * FROM `ot_document` WHERE ( status=1 ) ORDER BY create_time desc LIMIT 0,10   [ RunTime:0.000064s ]
SQL: SELECT * FROM `ot_category` WHERE ( id=61 ) LIMIT 1   [ RunTime:0.000042s ]
SQL: SELECT * FROM `ot_category` WHERE ( id=61 ) LIMIT 1   [ RunTime:0.000060s ]
SQL: SELECT * FROM `ot_category` WHERE ( id=61 ) LIMIT 1   [ RunTime:0.000045s ]
SQL: SELECT * FROM `ot_category` WHERE ( id=50 ) LIMIT 1   [ RunTime:0.000044s ]
SQL: SELECT * FROM `ot_category` WHERE ( id=50 ) LIMIT 1   [ RunTime:0.000044s ]
SQL: SELECT * FROM `ot_category` WHERE ( id=50 ) LIMIT 1   [ RunTime:0.000044s ]
SQL: SELECT * FROM `ot_category` WHERE ( id=50 ) LIMIT 1   [ RunTime:0.000042s ]
SQL: SELECT * FROM `ot_category` WHERE ( id=50 ) LIMIT 1   [ RunTime:0.000041s ]
SQL: SELECT * FROM `ot_category` WHERE ( id=50 ) LIMIT 1   [ RunTime:0.000042s ]
SQL: SELECT * FROM `ot_category` WHERE ( id=61 ) LIMIT 1   [ RunTime:0.000042s ]
INFO: [ view_parse ] --START--
INFO: [ template_filter ] --START--
INFO: Run Behavior\ContentReplace [ RunTime:0.000129s ]
INFO: [ template_filter ] --END-- [ RunTime:0.000163s ]
INFO: Run Behavior\ParseTemplate [ RunTime:0.010839s ]
INFO: [ view_parse ] --END-- [ RunTime:0.010874s ]
INFO: [ view_filter ] --START--
INFO: Run Behavior\WriteHtmlCache [ RunTime:0.000027s ]
INFO: [ view_filter ] --END-- [ RunTime:0.000049s ]
INFO: [ app_end ] --START--
INFO: Run Behavior\ShowPageTrace [ RunTime:0.000029s ]
INFO: [ app_end ] --END-- [ RunTime:0.000058s ]

[ 2016-10-04T13:30:28+08:00 ] 123.125.71.102 /index.php?s=/home/article/lists/category/ML.html
SQL: SHOW COLUMNS FROM `ot_document` [ RunTime:0.000319s ]
SQL: SELECT * FROM `ot_document` WHERE ( status=1 ) ORDER BY view desc LIMIT 0,12   [ RunTime:0.000054s ]
SQL: SHOW COLUMNS FROM `ot_category` [ RunTime:0.000314s ]
SQL: SELECT `id`,`name`,`title`,`pid`,`sort`,`list_row`,`meta_title`,`keywords`,`description`,`template_index`,`template_lists`,`template_detail`,`template_edit`,`model`,`type`,`link_id`,`allow_publish`,`display`,`reply`,`check`,`reply_model`,`extend`,`create_time`,`update_time`,`status`,`icon` FROM `ot_category` WHERE ( `name` = 'ML' ) LIMIT 1   [ RunTime:0.000054s ]
SQL: SELECT COUNT(*) AS tp_count FROM `ot_document` WHERE ( status=1 AND category_id=52 ) LIMIT 1   [ RunTime:0.000160s ]
SQL: SELECT * FROM `ot_document` WHERE ( status=1 AND category_id=52 ) ORDER BY create_time LIMIT 0,15   [ RunTime:0.000162s ]
SQL: SELECT * FROM `ot_category` WHERE ( id=52 ) LIMIT 1   [ RunTime:0.000044s ]
INFO: [ view_parse ] --START--
INFO: [ template_filter ] --START--
INFO: Run Behavior\ContentReplace [ RunTime:0.000109s ]
INFO: [ template_filter ] --END-- [ RunTime:0.000143s ]
INFO: Run Behavior\ParseTemplate [ RunTime:0.008690s ]
INFO: [ view_parse ] --END-- [ RunTime:0.008724s ]
INFO: [ view_filter ] --START--
INFO: Run Behavior\WriteHtmlCache [ RunTime:0.000039s ]
INFO: [ view_filter ] --END-- [ RunTime:0.000061s ]
INFO: [ app_end ] --START--
INFO: Run Behavior\ShowPageTrace [ RunTime:0.000029s ]
INFO: [ app_end ] --END-- [ RunTime:0.000057s ]

[ 2016-10-04T14:16:07+08:00 ] 183.129.160.229 /
SQL: SHOW COLUMNS FROM `ot_document` [ RunTime:0.000306s ]
SQL: SELECT * FROM `ot_document` WHERE ( status=1 ) ORDER BY view desc LIMIT 0,12   [ RunTime:0.000055s ]
SQL: SHOW COLUMNS FROM `ot_category` [ RunTime:0.000326s ]
SQL: SELECT `id`,`name`,`title`,`pid`,`sort`,`list_row`,`meta_title`,`keywords`,`description`,`template_index`,`template_lists`,`template_detail`,`template_edit`,`model`,`type`,`link_id`,`allow_publish`,`display`,`reply`,`check`,`reply_model`,`extend`,`create_time`,`update_time`,`status`,`icon` FROM `ot_category` WHERE ( `status` = 1 ) ORDER BY sort  [ RunTime:0.000060s ]
SQL: SELECT COUNT(*) AS tp_count FROM `ot_document` WHERE ( status=1 ) LIMIT 1   [ RunTime:0.000052s ]
SQL: SELECT * FROM `ot_document` WHERE ( status=1 ) ORDER BY create_time desc LIMIT 0,10   [ RunTime:0.000052s ]
SQL: SELECT * FROM `ot_category` WHERE ( id=61 ) LIMIT 1   [ RunTime:0.000045s ]
SQL: SELECT * FROM `ot_category` WHERE ( id=61 ) LIMIT 1   [ RunTime:0.000048s ]
SQL: SELECT * FROM `ot_category` WHERE ( id=61 ) LIMIT 1   [ RunTime:0.000043s ]
SQL: SELECT * FROM `ot_category` WHERE ( id=50 ) LIMIT 1   [ RunTime:0.000044s ]
SQL: SELECT * FROM `ot_category` WHERE ( id=50 ) LIMIT 1   [ RunTime:0.000042s ]
SQL: SELECT * FROM `ot_category` WHERE ( id=50 ) LIMIT 1   [ RunTime:0.000042s ]
SQL: SELECT * FROM `ot_category` WHERE ( id=50 ) LIMIT 1   [ RunTime:0.000042s ]
SQL: SELECT * FROM `ot_category` WHERE ( id=50 ) LIMIT 1   [ RunTime:0.000042s ]
SQL: SELECT * FROM `ot_category` WHERE ( id=50 ) LIMIT 1   [ RunTime:0.000046s ]
SQL: SELECT * FROM `ot_category` WHERE ( id=61 ) LIMIT 1   [ RunTime:0.000045s ]
INFO: [ view_parse ] --START--
INFO: [ template_filter ] --START--
INFO: Run Behavior\ContentReplace [ RunTime:0.000119s ]
INFO: [ template_filter ] --END-- [ RunTime:0.000157s ]
INFO: Run Behavior\ParseTemplate [ RunTime:0.010726s ]
INFO: [ view_parse ] --END-- [ RunTime:0.010761s ]
INFO: [ view_filter ] --START--
INFO: Run Behavior\WriteHtmlCache [ RunTime:0.000032s ]
INFO: [ view_filter ] --END-- [ RunTime:0.000054s ]
INFO: [ app_end ] --START--
INFO: Run Behavior\ShowPageTrace [ RunTime:0.000029s ]
INFO: [ app_end ] --END-- [ RunTime:0.000069s ]

[ 2016-10-04T15:11:07+08:00 ] 192.187.101.234 /
SQL: SHOW COLUMNS FROM `ot_document` [ RunTime:0.000305s ]
SQL: SELECT * FROM `ot_document` WHERE ( status=1 ) ORDER BY view desc LIMIT 0,12   [ RunTime:0.000054s ]
SQL: SHOW COLUMNS FROM `ot_category` [ RunTime:0.000363s ]
SQL: SELECT `id`,`name`,`title`,`pid`,`sort`,`list_row`,`meta_title`,`keywords`,`description`,`template_index`,`template_lists`,`template_detail`,`template_edit`,`model`,`type`,`link_id`,`allow_publish`,`display`,`reply`,`check`,`reply_model`,`extend`,`create_time`,`update_time`,`status`,`icon` FROM `ot_category` WHERE ( `status` = 1 ) ORDER BY sort  [ RunTime:0.000062s ]
SQL: SELECT COUNT(*) AS tp_count FROM `ot_document` WHERE ( status=1 ) LIMIT 1   [ RunTime:0.000040s ]
SQL: SELECT * FROM `ot_document` WHERE ( status=1 ) ORDER BY create_time desc LIMIT 0,10   [ RunTime:0.000052s ]
SQL: SELECT * FROM `ot_category` WHERE ( id=61 ) LIMIT 1   [ RunTime:0.000046s ]
SQL: SELECT * FROM `ot_category` WHERE ( id=61 ) LIMIT 1   [ RunTime:0.000049s ]
SQL: SELECT * FROM `ot_category` WHERE ( id=61 ) LIMIT 1   [ RunTime:0.000044s ]
SQL: SELECT * FROM `ot_category` WHERE ( id=50 ) LIMIT 1   [ RunTime:0.000043s ]
SQL: SELECT * FROM `ot_category` WHERE ( id=50 ) LIMIT 1   [ RunTime:0.000042s ]
SQL: SELECT * FROM `ot_category` WHERE ( id=50 ) LIMIT 1   [ RunTime:0.000042s ]
SQL: SELECT * FROM `ot_category` WHERE ( id=50 ) LIMIT 1   [ RunTime:0.000043s ]
SQL: SELECT * FROM `ot_category` WHERE ( id=50 ) LIMIT 1   [ RunTime:0.000042s ]
SQL: SELECT * FROM `ot_category` WHERE ( id=50 ) LIMIT 1   [ RunTime:0.000043s ]
SQL: SELECT * FROM `ot_category` WHERE ( id=61 ) LIMIT 1   [ RunTime:0.000042s ]
INFO: [ view_parse ] --START--
INFO: [ template_filter ] --START--
INFO: Run Behavior\ContentReplace [ RunTime:0.000115s ]
INFO: [ template_filter ] --END-- [ RunTime:0.000150s ]
INFO: Run Behavior\ParseTemplate [ RunTime:0.010812s ]
INFO: [ view_parse ] --END-- [ RunTime:0.010849s ]
INFO: [ view_filter ] --START--
INFO: Run Behavior\WriteHtmlCache [ RunTime:0.000027s ]
INFO: [ view_filter ] --END-- [ RunTime:0.000047s ]
INFO: [ app_end ] --START--
INFO: Run Behavior\ShowPageTrace [ RunTime:0.000029s ]
INFO: [ app_end ] --END-- [ RunTime:0.000058s ]

[ 2016-10-04T22:29:48+08:00 ] 109.201.152.14 /
SQL: SHOW COLUMNS FROM `ot_document` [ RunTime:0.000319s ]
SQL: SELECT * FROM `ot_document` WHERE ( status=1 ) ORDER BY view desc LIMIT 0,12   [ RunTime:0.000056s ]
SQL: SHOW COLUMNS FROM `ot_category` [ RunTime:0.000346s ]
SQL: SELECT `id`,`name`,`title`,`pid`,`sort`,`list_row`,`meta_title`,`keywords`,`description`,`template_index`,`template_lists`,`template_detail`,`template_edit`,`model`,`type`,`link_id`,`allow_publish`,`display`,`reply`,`check`,`reply_model`,`extend`,`create_time`,`update_time`,`status`,`icon` FROM `ot_category` WHERE ( `status` = 1 ) ORDER BY sort  [ RunTime:0.000078s ]
SQL: SELECT COUNT(*) AS tp_count FROM `ot_document` WHERE ( status=1 ) LIMIT 1   [ RunTime:0.000043s ]
SQL: SELECT * FROM `ot_document` WHERE ( status=1 ) ORDER BY create_time desc LIMIT 0,10   [ RunTime:0.000052s ]
SQL: SELECT * FROM `ot_category` WHERE ( id=61 ) LIMIT 1   [ RunTime:0.000058s ]
SQL: SELECT * FROM `ot_category` WHERE ( id=61 ) LIMIT 1   [ RunTime:0.000050s ]
SQL: SELECT * FROM `ot_category` WHERE ( id=61 ) LIMIT 1   [ RunTime:0.000044s ]
SQL: SELECT * FROM `ot_category` WHERE ( id=50 ) LIMIT 1   [ RunTime:0.000044s ]
SQL: SELECT * FROM `ot_category` WHERE ( id=50 ) LIMIT 1   [ RunTime:0.000043s ]
SQL: SELECT * FROM `ot_category` WHERE ( id=50 ) LIMIT 1   [ RunTime:0.000055s ]
SQL: SELECT * FROM `ot_category` WHERE ( id=50 ) LIMIT 1   [ RunTime:0.000044s ]
SQL: SELECT * FROM `ot_category` WHERE ( id=50 ) LIMIT 1   [ RunTime:0.000044s ]
SQL: SELECT * FROM `ot_category` WHERE ( id=50 ) LIMIT 1   [ RunTime:0.000044s ]
SQL: SELECT * FROM `ot_category` WHERE ( id=61 ) LIMIT 1   [ RunTime:0.000044s ]
INFO: [ view_parse ] --START--
INFO: [ template_filter ] --START--
INFO: Run Behavior\ContentReplace [ RunTime:0.000111s ]
INFO: [ template_filter ] --END-- [ RunTime:0.000166s ]
INFO: Run Behavior\ParseTemplate [ RunTime:0.010628s ]
INFO: [ view_parse ] --END-- [ RunTime:0.010679s ]
INFO: [ view_filter ] --START--
INFO: Run Behavior\WriteHtmlCache [ RunTime:0.000029s ]
INFO: [ view_filter ] --END-- [ RunTime:0.000051s ]
INFO: [ app_end ] --START--
INFO: Run Behavior\ShowPageTrace [ RunTime:0.000031s ]
INFO: [ app_end ] --END-- [ RunTime:0.000060s ]

