[ 2017-08-11T00:07:20+08:00 ] 123.126.113.189 /index.php?s=/home/article/detail/id/29.html
SQL: SHOW COLUMNS FROM `ot_document` [ RunTime:0.000288s ]
SQL: SELECT * FROM `ot_document` WHERE ( status=1 ) ORDER BY view desc LIMIT 0,12   [ RunTime:0.000317s ]
SQL: SELECT `id`,`uid`,`name`,`title`,`category_id`,`description`,`root`,`pid`,`model_id`,`type`,`position`,`link_id`,`cover_id`,`display`,`deadline`,`attach`,`view`,`comment`,`extend`,`level`,`create_time`,`update_time`,`status` FROM `ot_document` WHERE ( `id` = 29 ) LIMIT 1   [ RunTime:0.000145s ]
SQL: SHOW COLUMNS FROM `ot_document_article` [ RunTime:0.000242s ]
SQL: SELECT `id`,`parse`,`content`,`template`,`bookmark` FROM `ot_document_article` WHERE ( `id` = 29 ) LIMIT 1   [ RunTime:0.000114s ]
SQL: SHOW COLUMNS FROM `ot_category` [ RunTime:0.000325s ]
SQL: SELECT `id`,`name`,`title`,`pid`,`sort`,`list_row`,`meta_title`,`keywords`,`description`,`template_index`,`template_lists`,`template_detail`,`template_edit`,`model`,`type`,`link_id`,`allow_publish`,`display`,`reply`,`check`,`reply_model`,`extend`,`create_time`,`update_time`,`status`,`icon` FROM `ot_category` WHERE ( `id` = 57 ) LIMIT 1   [ RunTime:0.000143s ]
SQL: UPDATE `ot_document` SET `view`=view+1 WHERE ( `id` = 29 ) [ RunTime:0.000139s ]
INFO: [ view_parse ] --START--
INFO: [ template_filter ] --START--
INFO: Run Behavior\ContentReplace [ RunTime:0.000081s ]
INFO: [ template_filter ] --END-- [ RunTime:0.000112s ]
SQL: SELECT `id`,`uid`,`name`,`title`,`category_id`,`description`,`root`,`pid`,`model_id`,`type`,`position`,`link_id`,`cover_id`,`display`,`deadline`,`attach`,`view`,`comment`,`extend`,`level`,`create_time`,`update_time`,`status` FROM `ot_document` WHERE ( `id` < '29' ) AND ( `pid` = 0 ) AND ( `category_id` = 57 ) AND ( `status` = 1 ) ORDER BY id DESC LIMIT 1   [ RunTime:0.000204s ]
SQL: SELECT `id`,`uid`,`name`,`title`,`category_id`,`description`,`root`,`pid`,`model_id`,`type`,`position`,`link_id`,`cover_id`,`display`,`deadline`,`attach`,`view`,`comment`,`extend`,`level`,`create_time`,`update_time`,`status` FROM `ot_document` WHERE ( `id` > '29' ) AND ( `pid` = 0 ) AND ( `category_id` = 57 ) AND ( `status` = 1 ) ORDER BY id LIMIT 1   [ RunTime:0.000199s ]
INFO: [ documentDetailAfter ] --START--
SQL: SHOW COLUMNS FROM `ot_attachment` [ RunTime:0.000259s ]
SQL: SELECT `id`,`uid`,`title`,`type`,`source`,`record_id`,`download`,`size`,`dir`,`sort`,`create_time`,`update_time`,`status` FROM `ot_attachment` WHERE ( `record_id` = 29 ) AND ( `status` = 1 )  [ RunTime:0.000049s ]
INFO: Run Attachment [ RunTime:0.000664s ]
SQL: SHOW COLUMNS FROM `ot_addons` [ RunTime:0.000278s ]
SQL: SELECT `config` FROM `ot_addons` WHERE ( `name` = 'SocialComment' ) AND ( `status` = 1 ) LIMIT 1   [ RunTime:0.000039s ]
INFO: [ view_parse ] --START--
INFO: [ template_filter ] --START--
INFO: Run Behavior\ContentReplace [ RunTime:0.000021s ]
INFO: [ template_filter ] --END-- [ RunTime:-0.003551s ]
NOTIC: [8] Undefined variable: addons /usr/share/nginx/html/Runtime/Cache/Home/58bd718024fb066be57959b1979e41a4.php 第 3 行.
INFO: Run Behavior\ParseTemplate [ RunTime:0.001039s ]
INFO: [ view_parse ] --END-- [ RunTime:0.001065s ]
INFO: [ view_filter ] --START--
INFO: Run Behavior\WriteHtmlCache [ RunTime:0.000021s ]
INFO: [ view_filter ] --END-- [ RunTime:0.000039s ]
INFO: Run SocialComment [ RunTime:0.001759s ]
INFO: [ documentDetailAfter ] --END-- [ RunTime:0.002454s ]
INFO: Run Behavior\ParseTemplate [ RunTime:0.001152s ]
INFO: [ view_parse ] --END-- [ RunTime:0.001065s ]
INFO: [ view_filter ] --START--
INFO: Run Behavior\WriteHtmlCache [ RunTime:0.000004s ]
INFO: [ view_filter ] --END-- [ RunTime:-0.000070s ]
INFO: [ app_end ] --START--
INFO: Run Behavior\ShowPageTrace [ RunTime:0.000038s ]
INFO: [ app_end ] --END-- [ RunTime:0.000065s ]

[ 2017-08-11T00:07:30+08:00 ] 123.126.113.189 /index.php?s=/home/article/detail/id/49.html
SQL: SHOW COLUMNS FROM `ot_document` [ RunTime:0.000323s ]
SQL: SELECT * FROM `ot_document` WHERE ( status=1 ) ORDER BY view desc LIMIT 0,12   [ RunTime:0.000328s ]
SQL: SELECT `id`,`uid`,`name`,`title`,`category_id`,`description`,`root`,`pid`,`model_id`,`type`,`position`,`link_id`,`cover_id`,`display`,`deadline`,`attach`,`view`,`comment`,`extend`,`level`,`create_time`,`update_time`,`status` FROM `ot_document` WHERE ( `id` = 49 ) LIMIT 1   [ RunTime:0.000140s ]
SQL: SHOW COLUMNS FROM `ot_document_article` [ RunTime:0.000258s ]
SQL: SELECT `id`,`parse`,`content`,`template`,`bookmark` FROM `ot_document_article` WHERE ( `id` = 49 ) LIMIT 1   [ RunTime:0.000129s ]
SQL: SHOW COLUMNS FROM `ot_category` [ RunTime:0.000341s ]
SQL: SELECT `id`,`name`,`title`,`pid`,`sort`,`list_row`,`meta_title`,`keywords`,`description`,`template_index`,`template_lists`,`template_detail`,`template_edit`,`model`,`type`,`link_id`,`allow_publish`,`display`,`reply`,`check`,`reply_model`,`extend`,`create_time`,`update_time`,`status`,`icon` FROM `ot_category` WHERE ( `id` = 50 ) LIMIT 1   [ RunTime:0.000056s ]
SQL: UPDATE `ot_document` SET `view`=view+1 WHERE ( `id` = 49 ) [ RunTime:0.000131s ]
INFO: [ view_parse ] --START--
INFO: [ template_filter ] --START--
INFO: Run Behavior\ContentReplace [ RunTime:0.000084s ]
INFO: [ template_filter ] --END-- [ RunTime:0.000122s ]
SQL: SELECT `id`,`uid`,`name`,`title`,`category_id`,`description`,`root`,`pid`,`model_id`,`type`,`position`,`link_id`,`cover_id`,`display`,`deadline`,`attach`,`view`,`comment`,`extend`,`level`,`create_time`,`update_time`,`status` FROM `ot_document` WHERE ( `id` < '49' ) AND ( `pid` = 0 ) AND ( `category_id` = 50 ) AND ( `status` = 1 ) ORDER BY id DESC LIMIT 1   [ RunTime:0.000259s ]
SQL: SELECT `id`,`uid`,`name`,`title`,`category_id`,`description`,`root`,`pid`,`model_id`,`type`,`position`,`link_id`,`cover_id`,`display`,`deadline`,`attach`,`view`,`comment`,`extend`,`level`,`create_time`,`update_time`,`status` FROM `ot_document` WHERE ( `id` > '49' ) AND ( `pid` = 0 ) AND ( `category_id` = 50 ) AND ( `status` = 1 ) ORDER BY id LIMIT 1   [ RunTime:0.000193s ]
INFO: [ documentDetailAfter ] --START--
SQL: SHOW COLUMNS FROM `ot_attachment` [ RunTime:0.000312s ]
SQL: SELECT `id`,`uid`,`title`,`type`,`source`,`record_id`,`download`,`size`,`dir`,`sort`,`create_time`,`update_time`,`status` FROM `ot_attachment` WHERE ( `record_id` = 49 ) AND ( `status` = 1 )  [ RunTime:0.000052s ]
INFO: Run Attachment [ RunTime:0.000762s ]
SQL: SHOW COLUMNS FROM `ot_addons` [ RunTime:0.000314s ]
SQL: SELECT `config` FROM `ot_addons` WHERE ( `name` = 'SocialComment' ) AND ( `status` = 1 ) LIMIT 1   [ RunTime:0.000043s ]
INFO: [ view_parse ] --START--
INFO: [ template_filter ] --START--
INFO: Run Behavior\ContentReplace [ RunTime:0.000024s ]
INFO: [ template_filter ] --END-- [ RunTime:-0.003949s ]
NOTIC: [8] Undefined variable: addons /usr/share/nginx/html/Runtime/Cache/Home/58bd718024fb066be57959b1979e41a4.php 第 3 行.
INFO: Run Behavior\ParseTemplate [ RunTime:0.001108s ]
INFO: [ view_parse ] --END-- [ RunTime:0.001138s ]
INFO: [ view_filter ] --START--
INFO: Run Behavior\WriteHtmlCache [ RunTime:0.000028s ]
INFO: [ view_filter ] --END-- [ RunTime:0.000049s ]
INFO: Run SocialComment [ RunTime:0.001871s ]
INFO: [ documentDetailAfter ] --END-- [ RunTime:0.002668s ]
INFO: Run Behavior\ParseTemplate [ RunTime:0.001243s ]
INFO: [ view_parse ] --END-- [ RunTime:0.001138s ]
INFO: [ view_filter ] --START--
INFO: Run Behavior\WriteHtmlCache [ RunTime:0.000004s ]
INFO: [ view_filter ] --END-- [ RunTime:-0.000081s ]
INFO: [ app_end ] --START--
INFO: Run Behavior\ShowPageTrace [ RunTime:0.000031s ]
INFO: [ app_end ] --END-- [ RunTime:0.000057s ]

[ 2017-08-11T00:43:21+08:00 ] 40.77.167.137 /
SQL: SHOW COLUMNS FROM `ot_document` [ RunTime:0.000317s ]
SQL: SELECT * FROM `ot_document` WHERE ( status=1 ) ORDER BY view desc LIMIT 0,12   [ RunTime:0.000350s ]
SQL: SHOW COLUMNS FROM `ot_category` [ RunTime:0.000391s ]
SQL: SELECT `id`,`name`,`title`,`pid`,`sort`,`list_row`,`meta_title`,`keywords`,`description`,`template_index`,`template_lists`,`template_detail`,`template_edit`,`model`,`type`,`link_id`,`allow_publish`,`display`,`reply`,`check`,`reply_model`,`extend`,`create_time`,`update_time`,`status`,`icon` FROM `ot_category` WHERE ( `status` = 1 ) ORDER BY sort  [ RunTime:0.000066s ]
SQL: SELECT COUNT(*) AS tp_count FROM `ot_document` WHERE ( status=1 ) LIMIT 1   [ RunTime:0.000137s ]
SQL: SELECT * FROM `ot_document` WHERE ( status=1 ) ORDER BY create_time desc LIMIT 0,10   [ RunTime:0.000251s ]
SQL: SELECT * FROM `ot_category` WHERE ( id=66 ) LIMIT 1   [ RunTime:0.000052s ]
SQL: SELECT * FROM `ot_category` WHERE ( id=65 ) LIMIT 1   [ RunTime:0.000051s ]
SQL: SELECT * FROM `ot_category` WHERE ( id=54 ) LIMIT 1   [ RunTime:0.000046s ]
SQL: SELECT * FROM `ot_category` WHERE ( id=75 ) LIMIT 1   [ RunTime:0.000055s ]
SQL: SELECT * FROM `ot_category` WHERE ( id=74 ) LIMIT 1   [ RunTime:0.000054s ]
SQL: SELECT * FROM `ot_category` WHERE ( id=59 ) LIMIT 1   [ RunTime:0.000043s ]
SQL: SELECT * FROM `ot_category` WHERE ( id=67 ) LIMIT 1   [ RunTime:0.000042s ]
SQL: SELECT * FROM `ot_category` WHERE ( id=73 ) LIMIT 1   [ RunTime:0.000051s ]
SQL: SELECT * FROM `ot_category` WHERE ( id=51 ) LIMIT 1   [ RunTime:0.000042s ]
SQL: SELECT * FROM `ot_category` WHERE ( id=65 ) LIMIT 1   [ RunTime:0.000043s ]
INFO: [ view_parse ] --START--
INFO: [ template_filter ] --START--
INFO: Run Behavior\ContentReplace [ RunTime:0.000122s ]
INFO: [ template_filter ] --END-- [ RunTime:0.000161s ]
INFO: Run Behavior\ParseTemplate [ RunTime:0.010620s ]
INFO: [ view_parse ] --END-- [ RunTime:0.010655s ]
INFO: [ view_filter ] --START--
INFO: Run Behavior\WriteHtmlCache [ RunTime:0.000030s ]
INFO: [ view_filter ] --END-- [ RunTime:0.000052s ]
INFO: [ app_end ] --START--
INFO: Run Behavior\ShowPageTrace [ RunTime:0.000030s ]
INFO: [ app_end ] --END-- [ RunTime:0.000061s ]

[ 2017-08-11T02:13:06+08:00 ] 157.55.39.234 /index.php?s=/home/article/detail/id/59.html
SQL: SHOW COLUMNS FROM `ot_document` [ RunTime:0.000333s ]
SQL: SELECT * FROM `ot_document` WHERE ( status=1 ) ORDER BY view desc LIMIT 0,12   [ RunTime:0.000055s ]
SQL: SELECT `id`,`uid`,`name`,`title`,`category_id`,`description`,`root`,`pid`,`model_id`,`type`,`position`,`link_id`,`cover_id`,`display`,`deadline`,`attach`,`view`,`comment`,`extend`,`level`,`create_time`,`update_time`,`status` FROM `ot_document` WHERE ( `id` = 59 ) LIMIT 1   [ RunTime:0.000152s ]
SQL: SHOW COLUMNS FROM `ot_document_article` [ RunTime:0.000253s ]
SQL: SELECT `id`,`parse`,`content`,`template`,`bookmark` FROM `ot_document_article` WHERE ( `id` = 59 ) LIMIT 1   [ RunTime:0.000123s ]
SQL: SHOW COLUMNS FROM `ot_category` [ RunTime:0.000328s ]
SQL: SELECT `id`,`name`,`title`,`pid`,`sort`,`list_row`,`meta_title`,`keywords`,`description`,`template_index`,`template_lists`,`template_detail`,`template_edit`,`model`,`type`,`link_id`,`allow_publish`,`display`,`reply`,`check`,`reply_model`,`extend`,`create_time`,`update_time`,`status`,`icon` FROM `ot_category` WHERE ( `id` = 61 ) LIMIT 1   [ RunTime:0.000056s ]
SQL: UPDATE `ot_document` SET `view`=view+1 WHERE ( `id` = 59 ) [ RunTime:0.000139s ]
INFO: [ view_parse ] --START--
INFO: [ template_filter ] --START--
INFO: Run Behavior\ContentReplace [ RunTime:0.000100s ]
INFO: [ template_filter ] --END-- [ RunTime:0.000137s ]
SQL: SELECT `id`,`uid`,`name`,`title`,`category_id`,`description`,`root`,`pid`,`model_id`,`type`,`position`,`link_id`,`cover_id`,`display`,`deadline`,`attach`,`view`,`comment`,`extend`,`level`,`create_time`,`update_time`,`status` FROM `ot_document` WHERE ( `id` < '59' ) AND ( `pid` = 0 ) AND ( `category_id` = 61 ) AND ( `status` = 1 ) ORDER BY id DESC LIMIT 1   [ RunTime:0.000239s ]
SQL: SELECT `id`,`uid`,`name`,`title`,`category_id`,`description`,`root`,`pid`,`model_id`,`type`,`position`,`link_id`,`cover_id`,`display`,`deadline`,`attach`,`view`,`comment`,`extend`,`level`,`create_time`,`update_time`,`status` FROM `ot_document` WHERE ( `id` > '59' ) AND ( `pid` = 0 ) AND ( `category_id` = 61 ) AND ( `status` = 1 ) ORDER BY id LIMIT 1   [ RunTime:0.000175s ]
INFO: [ documentDetailAfter ] --START--
SQL: SHOW COLUMNS FROM `ot_attachment` [ RunTime:0.000312s ]
SQL: SELECT `id`,`uid`,`title`,`type`,`source`,`record_id`,`download`,`size`,`dir`,`sort`,`create_time`,`update_time`,`status` FROM `ot_attachment` WHERE ( `record_id` = 59 ) AND ( `status` = 1 )  [ RunTime:0.000114s ]
INFO: Run Attachment [ RunTime:0.000822s ]
SQL: SHOW COLUMNS FROM `ot_addons` [ RunTime:0.000311s ]
SQL: SELECT `config` FROM `ot_addons` WHERE ( `name` = 'SocialComment' ) AND ( `status` = 1 ) LIMIT 1   [ RunTime:0.000042s ]
INFO: [ view_parse ] --START--
INFO: [ template_filter ] --START--
INFO: Run Behavior\ContentReplace [ RunTime:0.000025s ]
INFO: [ template_filter ] --END-- [ RunTime:-0.003822s ]
NOTIC: [8] Undefined variable: addons /usr/share/nginx/html/Runtime/Cache/Home/58bd718024fb066be57959b1979e41a4.php 第 3 行.
INFO: Run Behavior\ParseTemplate [ RunTime:0.001076s ]
INFO: [ view_parse ] --END-- [ RunTime:0.001103s ]
INFO: [ view_filter ] --START--
INFO: Run Behavior\WriteHtmlCache [ RunTime:0.000027s ]
INFO: [ view_filter ] --END-- [ RunTime:0.000048s ]
INFO: Run SocialComment [ RunTime:0.001817s ]
INFO: [ documentDetailAfter ] --END-- [ RunTime:0.002673s ]
INFO: Run Behavior\ParseTemplate [ RunTime:0.001222s ]
INFO: [ view_parse ] --END-- [ RunTime:0.001103s ]
INFO: [ view_filter ] --START--
INFO: Run Behavior\WriteHtmlCache [ RunTime:0.000005s ]
INFO: [ view_filter ] --END-- [ RunTime:-0.000103s ]
INFO: [ app_end ] --START--
INFO: Run Behavior\ShowPageTrace [ RunTime:0.000030s ]
INFO: [ app_end ] --END-- [ RunTime:0.000067s ]

[ 2017-08-11T02:47:57+08:00 ] 123.59.146.153 /
SQL: SHOW COLUMNS FROM `ot_document` [ RunTime:0.000291s ]
SQL: SELECT * FROM `ot_document` WHERE ( status=1 ) ORDER BY view desc LIMIT 0,12   [ RunTime:0.000318s ]
SQL: SHOW COLUMNS FROM `ot_category` [ RunTime:0.000375s ]
SQL: SELECT `id`,`name`,`title`,`pid`,`sort`,`list_row`,`meta_title`,`keywords`,`description`,`template_index`,`template_lists`,`template_detail`,`template_edit`,`model`,`type`,`link_id`,`allow_publish`,`display`,`reply`,`check`,`reply_model`,`extend`,`create_time`,`update_time`,`status`,`icon` FROM `ot_category` WHERE ( `status` = 1 ) ORDER BY sort  [ RunTime:0.000080s ]
SQL: SELECT COUNT(*) AS tp_count FROM `ot_document` WHERE ( status=1 ) LIMIT 1   [ RunTime:0.000125s ]
SQL: SELECT * FROM `ot_document` WHERE ( status=1 ) ORDER BY create_time desc LIMIT 0,10   [ RunTime:0.000261s ]
SQL: SELECT * FROM `ot_category` WHERE ( id=66 ) LIMIT 1   [ RunTime:0.000091s ]
SQL: SELECT * FROM `ot_category` WHERE ( id=65 ) LIMIT 1   [ RunTime:0.000082s ]
SQL: SELECT * FROM `ot_category` WHERE ( id=54 ) LIMIT 1   [ RunTime:0.000058s ]
SQL: SELECT * FROM `ot_category` WHERE ( id=75 ) LIMIT 1   [ RunTime:0.000046s ]
SQL: SELECT * FROM `ot_category` WHERE ( id=74 ) LIMIT 1   [ RunTime:0.000054s ]
SQL: SELECT * FROM `ot_category` WHERE ( id=59 ) LIMIT 1   [ RunTime:0.000040s ]
SQL: SELECT * FROM `ot_category` WHERE ( id=67 ) LIMIT 1   [ RunTime:0.000044s ]
SQL: SELECT * FROM `ot_category` WHERE ( id=73 ) LIMIT 1   [ RunTime:0.000043s ]
SQL: SELECT * FROM `ot_category` WHERE ( id=51 ) LIMIT 1   [ RunTime:0.000042s ]
SQL: SELECT * FROM `ot_category` WHERE ( id=65 ) LIMIT 1   [ RunTime:0.000043s ]
INFO: [ view_parse ] --START--
INFO: [ template_filter ] --START--
INFO: Run Behavior\ContentReplace [ RunTime:0.000137s ]
INFO: [ template_filter ] --END-- [ RunTime:0.000184s ]
INFO: Run Behavior\ParseTemplate [ RunTime:0.010333s ]
INFO: [ view_parse ] --END-- [ RunTime:0.010366s ]
INFO: [ view_filter ] --START--
INFO: Run Behavior\WriteHtmlCache [ RunTime:0.000040s ]
INFO: [ view_filter ] --END-- [ RunTime:0.000063s ]
INFO: [ app_end ] --START--
INFO: Run Behavior\ShowPageTrace [ RunTime:0.000034s ]
INFO: [ app_end ] --END-- [ RunTime:0.000065s ]

[ 2017-08-11T03:37:42+08:00 ] 196.203.37.34 /
SQL: SHOW COLUMNS FROM `ot_document` [ RunTime:0.000331s ]
SQL: SELECT * FROM `ot_document` WHERE ( status=1 ) ORDER BY view desc LIMIT 0,12   [ RunTime:0.000049s ]
SQL: SHOW COLUMNS FROM `ot_category` [ RunTime:0.000369s ]
SQL: SELECT `id`,`name`,`title`,`pid`,`sort`,`list_row`,`meta_title`,`keywords`,`description`,`template_index`,`template_lists`,`template_detail`,`template_edit`,`model`,`type`,`link_id`,`allow_publish`,`display`,`reply`,`check`,`reply_model`,`extend`,`create_time`,`update_time`,`status`,`icon` FROM `ot_category` WHERE ( `status` = 1 ) ORDER BY sort  [ RunTime:0.000077s ]
SQL: SELECT COUNT(*) AS tp_count FROM `ot_document` WHERE ( status=1 ) LIMIT 1   [ RunTime:0.000042s ]
SQL: SELECT * FROM `ot_document` WHERE ( status=1 ) ORDER BY create_time desc LIMIT 0,10   [ RunTime:0.000095s ]
SQL: SELECT * FROM `ot_category` WHERE ( id=66 ) LIMIT 1   [ RunTime:0.000050s ]
SQL: SELECT * FROM `ot_category` WHERE ( id=65 ) LIMIT 1   [ RunTime:0.000051s ]
SQL: SELECT * FROM `ot_category` WHERE ( id=54 ) LIMIT 1   [ RunTime:0.000046s ]
SQL: SELECT * FROM `ot_category` WHERE ( id=75 ) LIMIT 1   [ RunTime:0.000045s ]
SQL: SELECT * FROM `ot_category` WHERE ( id=74 ) LIMIT 1   [ RunTime:0.000044s ]
SQL: SELECT * FROM `ot_category` WHERE ( id=59 ) LIMIT 1   [ RunTime:0.000044s ]
SQL: SELECT * FROM `ot_category` WHERE ( id=67 ) LIMIT 1   [ RunTime:0.000043s ]
SQL: SELECT * FROM `ot_category` WHERE ( id=73 ) LIMIT 1   [ RunTime:0.000043s ]
SQL: SELECT * FROM `ot_category` WHERE ( id=51 ) LIMIT 1   [ RunTime:0.000043s ]
SQL: SELECT * FROM `ot_category` WHERE ( id=65 ) LIMIT 1   [ RunTime:0.000043s ]
INFO: [ view_parse ] --START--
INFO: [ template_filter ] --START--
INFO: Run Behavior\ContentReplace [ RunTime:0.000153s ]
INFO: [ template_filter ] --END-- [ RunTime:0.000203s ]
INFO: Run Behavior\ParseTemplate [ RunTime:0.010938s ]
INFO: [ view_parse ] --END-- [ RunTime:0.011002s ]
INFO: [ view_filter ] --START--
INFO: Run Behavior\WriteHtmlCache [ RunTime:0.000028s ]
INFO: [ view_filter ] --END-- [ RunTime:0.000055s ]
INFO: [ app_end ] --START--
INFO: Run Behavior\ShowPageTrace [ RunTime:0.000029s ]
INFO: [ app_end ] --END-- [ RunTime:0.000065s ]

[ 2017-08-11T05:47:07+08:00 ] 192.94.66.17 /index.php?s=/Admin/Public/login.html
INFO: [ view_parse ] --START--
INFO: [ template_filter ] --START--
INFO: Run Behavior\ContentReplace [ RunTime:0.000036s ]
INFO: [ template_filter ] --END-- [ RunTime:0.000068s ]
INFO: Run Behavior\ParseTemplate [ RunTime:0.001536s ]
INFO: [ view_parse ] --END-- [ RunTime:0.001583s ]
INFO: [ view_filter ] --START--
INFO: Run Behavior\WriteHtmlCache [ RunTime:0.000028s ]
INFO: [ view_filter ] --END-- [ RunTime:0.000049s ]
INFO: [ app_end ] --START--
INFO: Run Behavior\ShowPageTrace [ RunTime:0.000034s ]
INFO: [ app_end ] --END-- [ RunTime:0.000055s ]

[ 2017-08-11T05:47:14+08:00 ] 192.94.66.17 /index.php?s=/Admin/Index/index.html
NOTIC: [8192] mysql_connect(): The mysql extension is deprecated and will be removed in the future: use mysqli or PDO instead /usr/share/nginx/html/ThinkPHP/Library/Think/Db/Driver/Mysql.class.php 第 52 行.
SQL: SHOW COLUMNS FROM `ot_menu` [ RunTime:0.000361s ]
SQL: SELECT * FROM `ot_menu` WHERE ( `pid` = 0 ) AND ( `hide` = 0 ) ORDER BY sort asc  [ RunTime:0.000047s ]
SQL: SELECT `id` FROM `ot_menu` WHERE ( url like '%Index/index%' ) LIMIT 1   [ RunTime:0.000039s ]
SQL: SHOW COLUMNS FROM `ot_menu` [ RunTime:0.000261s ]
SQL: SELECT `id`,`pid`,`title` FROM `ot_menu` WHERE ( id=1 ) LIMIT 1   [ RunTime:0.000044s ]
SQL: SELECT DISTINCT  `group` FROM `ot_menu` WHERE ( pid = 1 )  [ RunTime:0.000039s ]
SQL: SELECT `id`,`url` FROM `ot_menu` WHERE ( `pid` = 1 ) AND ( `hide` = 0 )  [ RunTime:0.000037s ]
INFO: [ view_parse ] --START--
INFO: [ template_filter ] --START--
INFO: Run Behavior\ContentReplace [ RunTime:0.000067s ]
INFO: [ template_filter ] --END-- [ RunTime:0.000098s ]
INFO: [ AdminIndex ] --START--
SQL: SHOW COLUMNS FROM `ot_addons` [ RunTime:0.000293s ]
SQL: SELECT `config` FROM `ot_addons` WHERE ( `name` = 'SiteStat' ) AND ( `status` = 1 ) LIMIT 1   [ RunTime:0.000044s ]
SQL: SHOW COLUMNS FROM `ot_member` [ RunTime:0.000318s ]
SQL: SELECT COUNT(*) AS tp_count FROM `ot_member` LIMIT 1   [ RunTime:0.000097s ]
SQL: SHOW COLUMNS FROM `ot_action_log` [ RunTime:0.000257s ]
SQL: SELECT COUNT(*) AS tp_count FROM `ot_action_log` LIMIT 1   [ RunTime:0.000081s ]
SQL: SHOW COLUMNS FROM `ot_document` [ RunTime:0.000303s ]
SQL: SELECT COUNT(*) AS tp_count FROM `ot_document` LIMIT 1   [ RunTime:0.000080s ]
SQL: SHOW COLUMNS FROM `ot_category` [ RunTime:0.000320s ]
SQL: SELECT COUNT(*) AS tp_count FROM `ot_category` LIMIT 1   [ RunTime:0.000040s ]
SQL: SHOW COLUMNS FROM `ot_model` [ RunTime:0.000297s ]
SQL: SELECT COUNT(*) AS tp_count FROM `ot_model` LIMIT 1   [ RunTime:0.000043s ]
INFO: [ view_parse ] --START--
INFO: [ template_filter ] --START--
INFO: Run Behavior\ContentReplace [ RunTime:0.000018s ]
INFO: [ template_filter ] --END-- [ RunTime:-0.004978s ]
INFO: Run Behavior\ParseTemplate [ RunTime:0.000848s ]
INFO: [ view_parse ] --END-- [ RunTime:0.000881s ]
INFO: [ view_filter ] --START--
INFO: Run Behavior\WriteHtmlCache [ RunTime:0.000023s ]
INFO: [ view_filter ] --END-- [ RunTime:0.000044s ]
INFO: Run SiteStat [ RunTime:0.004350s ]
SQL: SELECT `config` FROM `ot_addons` WHERE ( `name` = 'SystemInfo' ) AND ( `status` = 1 ) LIMIT 1   [ RunTime:0.000047s ]
INFO: [ view_parse ] --START--
INFO: [ template_filter ] --START--
INFO: Run Behavior\ContentReplace [ RunTime:0.000022s ]
INFO: [ template_filter ] --END-- [ RunTime:-0.006326s ]
SQL: select version() as v; [ RunTime:0.000068s ]
INFO: Run Behavior\ParseTemplate [ RunTime:0.001237s ]
INFO: [ view_parse ] --END-- [ RunTime:-0.000307s ]
INFO: [ view_filter ] --START--
INFO: Run Behavior\WriteHtmlCache [ RunTime:0.000006s ]
INFO: [ view_filter ] --END-- [ RunTime:-0.001524s ]
INFO: Run SystemInfo [ RunTime:0.001536s ]
SQL: SELECT `config` FROM `ot_addons` WHERE ( `name` = 'DevTeam' ) AND ( `status` = 1 ) LIMIT 1   [ RunTime:0.000046s ]
INFO: [ view_parse ] --START--
INFO: [ template_filter ] --START--
INFO: Run Behavior\ContentReplace [ RunTime:0.000019s ]
INFO: [ template_filter ] --END-- [ RunTime:-0.007692s ]
INFO: Run Behavior\ParseTemplate [ RunTime:0.000773s ]
INFO: [ view_parse ] --END-- [ RunTime:-0.001859s ]
INFO: [ view_filter ] --START--
INFO: Run Behavior\WriteHtmlCache [ RunTime:0.000005s ]
INFO: [ view_filter ] --END-- [ RunTime:-0.002614s ]
INFO: Run DevTeam [ RunTime:0.001082s ]
INFO: [ AdminIndex ] --END-- [ RunTime:0.007012s ]
INFO: Run Behavior\ParseTemplate [ RunTime:0.000872s ]
INFO: [ view_parse ] --END-- [ RunTime:-0.001859s ]
INFO: [ view_filter ] --START--
INFO: Run Behavior\WriteHtmlCache [ RunTime:0.000003s ]
INFO: [ view_filter ] --END-- [ RunTime:-0.002703s ]
INFO: [ app_end ] --START--
INFO: Run Behavior\ShowPageTrace [ RunTime:0.000026s ]
INFO: [ app_end ] --END-- [ RunTime:0.000053s ]

[ 2017-08-11T05:47:24+08:00 ] 192.94.66.17 /index.php?s=/Admin/Article/mydocument.html
NOTIC: [8192] mysql_connect(): The mysql extension is deprecated and will be removed in the future: use mysqli or PDO instead /usr/share/nginx/html/ThinkPHP/Library/Think/Db/Driver/Mysql.class.php 第 52 行.
SQL: SHOW COLUMNS FROM `ot_menu` [ RunTime:0.000359s ]
SQL: SELECT * FROM `ot_menu` WHERE ( `pid` = 0 ) AND ( `hide` = 0 ) ORDER BY sort asc  [ RunTime:0.000047s ]
SQL: SELECT `id` FROM `ot_menu` WHERE ( url like '%Article/mydocument%' ) LIMIT 1   [ RunTime:0.000038s ]
SQL: SHOW COLUMNS FROM `ot_menu` [ RunTime:0.000260s ]
SQL: SELECT `id`,`pid`,`title` FROM `ot_menu` WHERE ( id=2 ) LIMIT 1   [ RunTime:0.000045s ]
SQL: SELECT DISTINCT  `group` FROM `ot_menu` WHERE ( pid = 2 )  [ RunTime:0.000039s ]
SQL: SELECT `id`,`url` FROM `ot_menu` WHERE ( `pid` = 2 ) AND ( `hide` = 0 )  [ RunTime:0.000036s ]
SQL: SELECT `id`,`pid`,`title`,`url`,`tip` FROM `ot_menu` WHERE ( `group` = '内容' ) AND ( `pid` = 2 ) AND ( `hide` = 0 ) ORDER BY sort asc  [ RunTime:0.000039s ]
SQL: SHOW COLUMNS FROM `ot_auth_group_access` [ RunTime:0.000232s ]
SQL: SELECT `extend_id` FROM ot_auth_group_access g INNER JOIN ot_auth_extend c on g.group_id=c.group_id  WHERE ( g.uid='1' and c.type='1' and !isnull(extend_id) )  [ RunTime:0.000039s ]
SQL: SHOW COLUMNS FROM `ot_category` [ RunTime:0.000330s ]
SQL: SELECT `id`,`title`,`pid`,`allow_publish` FROM `ot_category` WHERE ( `status` = 1 ) ORDER BY pid,sort  [ RunTime:0.000046s ]
SQL: SHOW COLUMNS FROM `ot_document` [ RunTime:0.000317s ]
SQL: SELECT COUNT(*) AS tp_count FROM `ot_document` WHERE ( `status` IN ('0','1','2') ) AND ( `uid` = 1 ) AND ( `pid` = 0 ) LIMIT 1   [ RunTime:0.000217s ]
SQL: SELECT `id`,`uid`,`name`,`title`,`category_id`,`description`,`root`,`pid`,`model_id`,`type`,`position`,`link_id`,`cover_id`,`display`,`deadline`,`attach`,`view`,`comment`,`extend`,`level`,`create_time`,`update_time`,`status` FROM `ot_document` WHERE ( `status` IN ('0','1','2') ) AND ( `uid` = 1 ) AND ( `pid` = 0 ) ORDER BY update_time desc LIMIT 0,50   [ RunTime:0.000422s ]
INFO: [ view_parse ] --START--
INFO: [ template_filter ] --START--
INFO: Run Behavior\ContentReplace [ RunTime:0.000130s ]
INFO: [ template_filter ] --END-- [ RunTime:0.000172s ]
SQL: SHOW COLUMNS FROM `ot_document` [ RunTime:0.000496s ]
SQL: SELECT COUNT(*) AS tp_count FROM `ot_document` WHERE ( pid=134 ) LIMIT 1   [ RunTime:0.000149s ]
SQL: SELECT `title` FROM `ot_category` WHERE ( id=66 ) LIMIT 1   [ RunTime:0.000041s ]
SQL: SELECT COUNT(*) AS tp_count FROM `ot_document` WHERE ( pid=133 ) LIMIT 1   [ RunTime:0.000119s ]
SQL: SELECT `title` FROM `ot_category` WHERE ( id=65 ) LIMIT 1   [ RunTime:0.000041s ]
SQL: SELECT COUNT(*) AS tp_count FROM `ot_document` WHERE ( pid=23 ) LIMIT 1   [ RunTime:0.000125s ]
SQL: SELECT `title` FROM `ot_category` WHERE ( id=51 ) LIMIT 1   [ RunTime:0.000039s ]
SQL: SELECT COUNT(*) AS tp_count FROM `ot_document` WHERE ( pid=131 ) LIMIT 1   [ RunTime:0.000114s ]
SQL: SELECT `title` FROM `ot_category` WHERE ( id=54 ) LIMIT 1   [ RunTime:0.000039s ]
SQL: SELECT COUNT(*) AS tp_count FROM `ot_document` WHERE ( pid=130 ) LIMIT 1   [ RunTime:0.000115s ]
SQL: SELECT `title` FROM `ot_category` WHERE ( id=75 ) LIMIT 1   [ RunTime:0.000039s ]
SQL: SELECT COUNT(*) AS tp_count FROM `ot_document` WHERE ( pid=129 ) LIMIT 1   [ RunTime:0.000112s ]
SQL: SELECT `title` FROM `ot_category` WHERE ( id=74 ) LIMIT 1   [ RunTime:0.000040s ]
SQL: SELECT COUNT(*) AS tp_count FROM `ot_document` WHERE ( pid=128 ) LIMIT 1   [ RunTime:0.000113s ]
SQL: SELECT `title` FROM `ot_category` WHERE ( id=59 ) LIMIT 1   [ RunTime:0.000038s ]
SQL: SELECT COUNT(*) AS tp_count FROM `ot_document` WHERE ( pid=126 ) LIMIT 1   [ RunTime:0.000121s ]
SQL: SELECT `title` FROM `ot_category` WHERE ( id=73 ) LIMIT 1   [ RunTime:0.000038s ]
SQL: SELECT COUNT(*) AS tp_count FROM `ot_document` WHERE ( pid=127 ) LIMIT 1   [ RunTime:0.000119s ]
SQL: SELECT `title` FROM `ot_category` WHERE ( id=67 ) LIMIT 1   [ RunTime:0.000040s ]
SQL: SELECT COUNT(*) AS tp_count FROM `ot_document` WHERE ( pid=111 ) LIMIT 1   [ RunTime:0.000117s ]
SQL: SELECT `title` FROM `ot_category` WHERE ( id=59 ) LIMIT 1   [ RunTime:0.000039s ]
SQL: SELECT COUNT(*) AS tp_count FROM `ot_document` WHERE ( pid=25 ) LIMIT 1   [ RunTime:0.000112s ]
SQL: SELECT `title` FROM `ot_category` WHERE ( id=56 ) LIMIT 1   [ RunTime:0.000039s ]
SQL: SELECT COUNT(*) AS tp_count FROM `ot_document` WHERE ( pid=125 ) LIMIT 1   [ RunTime:0.000112s ]
SQL: SELECT `title` FROM `ot_category` WHERE ( id=51 ) LIMIT 1   [ RunTime:0.000038s ]
SQL: SELECT COUNT(*) AS tp_count FROM `ot_document` WHERE ( pid=124 ) LIMIT 1   [ RunTime:0.000116s ]
SQL: SELECT `title` FROM `ot_category` WHERE ( id=65 ) LIMIT 1   [ RunTime:0.000038s ]
SQL: SELECT COUNT(*) AS tp_count FROM `ot_document` WHERE ( pid=113 ) LIMIT 1   [ RunTime:0.000116s ]
SQL: SELECT `title` FROM `ot_category` WHERE ( id=61 ) LIMIT 1   [ RunTime:0.000039s ]
SQL: SELECT COUNT(*) AS tp_count FROM `ot_document` WHERE ( pid=114 ) LIMIT 1   [ RunTime:0.000112s ]
SQL: SELECT `title` FROM `ot_category` WHERE ( id=66 ) LIMIT 1   [ RunTime:0.000039s ]
SQL: SELECT COUNT(*) AS tp_count FROM `ot_document` WHERE ( pid=123 ) LIMIT 1   [ RunTime:0.000111s ]
SQL: SELECT `title` FROM `ot_category` WHERE ( id=54 ) LIMIT 1   [ RunTime:0.000038s ]
SQL: SELECT COUNT(*) AS tp_count FROM `ot_document` WHERE ( pid=122 ) LIMIT 1   [ RunTime:0.000115s ]
SQL: SELECT `title` FROM `ot_category` WHERE ( id=54 ) LIMIT 1   [ RunTime:0.000039s ]
SQL: SELECT COUNT(*) AS tp_count FROM `ot_document` WHERE ( pid=121 ) LIMIT 1   [ RunTime:0.000113s ]
SQL: SELECT `title` FROM `ot_category` WHERE ( id=54 ) LIMIT 1   [ RunTime:0.000038s ]
SQL: SELECT COUNT(*) AS tp_count FROM `ot_document` WHERE ( pid=120 ) LIMIT 1   [ RunTime:0.000132s ]
SQL: SELECT `title` FROM `ot_category` WHERE ( id=71 ) LIMIT 1   [ RunTime:0.000040s ]
SQL: SELECT COUNT(*) AS tp_count FROM `ot_document` WHERE ( pid=29 ) LIMIT 1   [ RunTime:0.000113s ]
SQL: SELECT `title` FROM `ot_category` WHERE ( id=57 ) LIMIT 1   [ RunTime:0.000039s ]
SQL: SELECT COUNT(*) AS tp_count FROM `ot_document` WHERE ( pid=119 ) LIMIT 1   [ RunTime:0.000112s ]
SQL: SELECT `title` FROM `ot_category` WHERE ( id=72 ) LIMIT 1   [ RunTime:0.000038s ]
SQL: SELECT COUNT(*) AS tp_count FROM `ot_document` WHERE ( pid=118 ) LIMIT 1   [ RunTime:0.000121s ]
SQL: SELECT `title` FROM `ot_category` WHERE ( id=72 ) LIMIT 1   [ RunTime:0.000039s ]
SQL: SELECT COUNT(*) AS tp_count FROM `ot_document` WHERE ( pid=117 ) LIMIT 1   [ RunTime:0.000113s ]
SQL: SELECT `title` FROM `ot_category` WHERE ( id=72 ) LIMIT 1   [ RunTime:0.000038s ]
SQL: SELECT COUNT(*) AS tp_count FROM `ot_document` WHERE ( pid=108 ) LIMIT 1   [ RunTime:0.000112s ]
SQL: SELECT `title` FROM `ot_category` WHERE ( id=65 ) LIMIT 1   [ RunTime:0.000038s ]
SQL: SELECT COUNT(*) AS tp_count FROM `ot_document` WHERE ( pid=116 ) LIMIT 1   [ RunTime:0.000126s ]
SQL: SELECT `title` FROM `ot_category` WHERE ( id=65 ) LIMIT 1   [ RunTime:0.000039s ]
SQL: SELECT COUNT(*) AS tp_count FROM `ot_document` WHERE ( pid=26 ) LIMIT 1   [ RunTime:0.000113s ]
SQL: SELECT `title` FROM `ot_category` WHERE ( id=51 ) LIMIT 1   [ RunTime:0.000138s ]
SQL: SELECT COUNT(*) AS tp_count FROM `ot_document` WHERE ( pid=115 ) LIMIT 1   [ RunTime:0.000116s ]
SQL: SELECT `title` FROM `ot_category` WHERE ( id=71 ) LIMIT 1   [ RunTime:0.000039s ]
SQL: SELECT COUNT(*) AS tp_count FROM `ot_document` WHERE ( pid=64 ) LIMIT 1   [ RunTime:0.000112s ]
SQL: SELECT `title` FROM `ot_category` WHERE ( id=63 ) LIMIT 1   [ RunTime:0.000037s ]
SQL: SELECT COUNT(*) AS tp_count FROM `ot_document` WHERE ( pid=112 ) LIMIT 1   [ RunTime:0.000116s ]
SQL: SELECT `title` FROM `ot_category` WHERE ( id=61 ) LIMIT 1   [ RunTime:0.000039s ]
SQL: SELECT COUNT(*) AS tp_count FROM `ot_document` WHERE ( pid=110 ) LIMIT 1   [ RunTime:0.000117s ]
SQL: SELECT `title` FROM `ot_category` WHERE ( id=69 ) LIMIT 1   [ RunTime:0.000037s ]
SQL: SELECT COUNT(*) AS tp_count FROM `ot_document` WHERE ( pid=109 ) LIMIT 1   [ RunTime:0.000112s ]
SQL: SELECT `title` FROM `ot_category` WHERE ( id=65 ) LIMIT 1   [ RunTime:0.000039s ]
SQL: SELECT COUNT(*) AS tp_count FROM `ot_document` WHERE ( pid=107 ) LIMIT 1   [ RunTime:0.000112s ]
SQL: SELECT `title` FROM `ot_category` WHERE ( id=65 ) LIMIT 1   [ RunTime:0.000039s ]
SQL: SELECT COUNT(*) AS tp_count FROM `ot_document` WHERE ( pid=86 ) LIMIT 1   [ RunTime:0.000112s ]
SQL: SELECT `title` FROM `ot_category` WHERE ( id=65 ) LIMIT 1   [ RunTime:0.000043s ]
SQL: SELECT COUNT(*) AS tp_count FROM `ot_document` WHERE ( pid=106 ) LIMIT 1   [ RunTime:0.000112s ]
SQL: SELECT `title` FROM `ot_category` WHERE ( id=54 ) LIMIT 1   [ RunTime:0.000038s ]
SQL: SELECT COUNT(*) AS tp_count FROM `ot_document` WHERE ( pid=59 ) LIMIT 1   [ RunTime:0.000111s ]
SQL: SELECT `title` FROM `ot_category` WHERE ( id=61 ) LIMIT 1   [ RunTime:0.000038s ]
SQL: SELECT COUNT(*) AS tp_count FROM `ot_document` WHERE ( pid=105 ) LIMIT 1   [ RunTime:0.000114s ]
SQL: SELECT `title` FROM `ot_category` WHERE ( id=66 ) LIMIT 1   [ RunTime:0.000038s ]
SQL: SELECT COUNT(*) AS tp_count FROM `ot_document` WHERE ( pid=104 ) LIMIT 1   [ RunTime:0.000112s ]
SQL: SELECT `title` FROM `ot_category` WHERE ( id=66 ) LIMIT 1   [ RunTime:0.000038s ]
SQL: SELECT COUNT(*) AS tp_count FROM `ot_document` WHERE ( pid=102 ) LIMIT 1   [ RunTime:0.000111s ]
SQL: SELECT `title` FROM `ot_category` WHERE ( id=66 ) LIMIT 1   [ RunTime:0.000038s ]
SQL: SELECT COUNT(*) AS tp_count FROM `ot_document` WHERE ( pid=101 ) LIMIT 1   [ RunTime:0.000115s ]
SQL: SELECT `title` FROM `ot_category` WHERE ( id=66 ) LIMIT 1   [ RunTime:0.000039s ]
SQL: SELECT COUNT(*) AS tp_count FROM `ot_document` WHERE ( pid=94 ) LIMIT 1   [ RunTime:0.000119s ]
SQL: SELECT `title` FROM `ot_category` WHERE ( id=67 ) LIMIT 1   [ RunTime:0.000038s ]
SQL: SELECT COUNT(*) AS tp_count FROM `ot_document` WHERE ( pid=100 ) LIMIT 1   [ RunTime:0.000112s ]
SQL: SELECT `title` FROM `ot_category` WHERE ( id=68 ) LIMIT 1   [ RunTime:0.000043s ]
SQL: SELECT COUNT(*) AS tp_count FROM `ot_document` WHERE ( pid=99 ) LIMIT 1   [ RunTime:0.000112s ]
SQL: SELECT `title` FROM `ot_category` WHERE ( id=67 ) LIMIT 1   [ RunTime:0.000038s ]
SQL: SELECT COUNT(*) AS tp_count FROM `ot_document` WHERE ( pid=97 ) LIMIT 1   [ RunTime:0.000112s ]
SQL: SELECT `title` FROM `ot_category` WHERE ( id=67 ) LIMIT 1   [ RunTime:0.000038s ]
SQL: SELECT COUNT(*) AS tp_count FROM `ot_document` WHERE ( pid=98 ) LIMIT 1   [ RunTime:0.000112s ]
SQL: SELECT `title` FROM `ot_category` WHERE ( id=59 ) LIMIT 1   [ RunTime:0.000038s ]
SQL: SELECT COUNT(*) AS tp_count FROM `ot_document` WHERE ( pid=72 ) LIMIT 1   [ RunTime:0.000112s ]
SQL: SELECT `title` FROM `ot_category` WHERE ( id=59 ) LIMIT 1   [ RunTime:0.000038s ]
SQL: SELECT COUNT(*) AS tp_count FROM `ot_document` WHERE ( pid=81 ) LIMIT 1   [ RunTime:0.000112s ]
SQL: SELECT `title` FROM `ot_category` WHERE ( id=59 ) LIMIT 1   [ RunTime:0.000038s ]
SQL: SELECT COUNT(*) AS tp_count FROM `ot_document` WHERE ( pid=95 ) LIMIT 1   [ RunTime:0.000136s ]
SQL: SELECT `title` FROM `ot_category` WHERE ( id=68 ) LIMIT 1   [ RunTime:0.000037s ]
SQL: SELECT COUNT(*) AS tp_count FROM `ot_document` WHERE ( pid=93 ) LIMIT 1   [ RunTime:0.000115s ]
SQL: SELECT `title` FROM `ot_category` WHERE ( id=67 ) LIMIT 1   [ RunTime:0.000038s ]
SQL: SELECT COUNT(*) AS tp_count FROM `ot_document` WHERE ( pid=91 ) LIMIT 1   [ RunTime:0.000115s ]
SQL: SELECT `title` FROM `ot_category` WHERE ( id=61 ) LIMIT 1   [ RunTime:0.000038s ]
SQL: SELECT COUNT(*) AS tp_count FROM `ot_document` WHERE ( pid=88 ) LIMIT 1   [ RunTime:0.000112s ]
SQL: SELECT `title` FROM `ot_category` WHERE ( id=66 ) LIMIT 1   [ RunTime:0.000038s ]
INFO: Run Behavior\ParseTemplate [ RunTime:0.037112s ]
INFO: [ view_parse ] --END-- [ RunTime:0.037143s ]
INFO: [ view_filter ] --START--
INFO: Run Behavior\WriteHtmlCache [ RunTime:0.000046s ]
INFO: [ view_filter ] --END-- [ RunTime:0.000069s ]
INFO: [ app_end ] --START--
INFO: Run Behavior\ShowPageTrace [ RunTime:0.000028s ]
INFO: [ app_end ] --END-- [ RunTime:0.000058s ]

[ 2017-08-11T05:47:32+08:00 ] 192.94.66.17 /index.php?s=/Admin/Article/index/cate_id/66.html
NOTIC: [8192] mysql_connect(): The mysql extension is deprecated and will be removed in the future: use mysqli or PDO instead /usr/share/nginx/html/ThinkPHP/Library/Think/Db/Driver/Mysql.class.php 第 52 行.
SQL: SHOW COLUMNS FROM `ot_menu` [ RunTime:0.000358s ]
SQL: SELECT * FROM `ot_menu` WHERE ( `pid` = 0 ) AND ( `hide` = 0 ) ORDER BY sort asc  [ RunTime:0.000047s ]
SQL: SELECT `id` FROM `ot_menu` WHERE ( url like '%Article/index%' ) LIMIT 1   [ RunTime:0.000041s ]
SQL: SHOW COLUMNS FROM `ot_menu` [ RunTime:0.000268s ]
SQL: SELECT `id`,`pid`,`title` FROM `ot_menu` WHERE ( id=3 ) LIMIT 1   [ RunTime:0.000044s ]
SQL: SELECT `id`,`pid`,`title` FROM `ot_menu` WHERE ( id=2 ) LIMIT 1   [ RunTime:0.000041s ]
SQL: SELECT DISTINCT  `group` FROM `ot_menu` WHERE ( pid = 2 )  [ RunTime:0.000039s ]
SQL: SELECT `id`,`url` FROM `ot_menu` WHERE ( `pid` = 2 ) AND ( `hide` = 0 )  [ RunTime:0.000039s ]
SQL: SELECT `id`,`pid`,`title`,`url`,`tip` FROM `ot_menu` WHERE ( `group` = '内容' ) AND ( `pid` = 2 ) AND ( `hide` = 0 ) ORDER BY sort asc  [ RunTime:0.000041s ]
SQL: SHOW COLUMNS FROM `ot_auth_group_access` [ RunTime:0.000237s ]
SQL: SELECT `extend_id` FROM ot_auth_group_access g INNER JOIN ot_auth_extend c on g.group_id=c.group_id  WHERE ( g.uid='1' and c.type='1' and !isnull(extend_id) )  [ RunTime:0.000041s ]
SQL: SHOW COLUMNS FROM `ot_category` [ RunTime:0.000388s ]
SQL: SELECT `id`,`title`,`pid`,`allow_publish` FROM `ot_category` WHERE ( `status` = 1 ) ORDER BY pid,sort  [ RunTime:0.000047s ]
SQL: SELECT `id`,`title`,`pid` FROM `ot_category` WHERE ( `status` = 1 ) ORDER BY sort  [ RunTime:0.000048s ]
SQL: SHOW COLUMNS FROM `ot_model` [ RunTime:0.000313s ]
SQL: SELECT * FROM `ot_model` WHERE ( `name` = 'document' ) LIMIT 1   [ RunTime:0.000052s ]
SQL: SHOW COLUMNS FROM `ot_document` [ RunTime:0.000317s ]
SQL: SELECT COUNT(*) AS tp_count FROM `ot_document` WHERE ( `status` IN ('0','1','2') ) AND ( `pid` = 0 ) AND ( `category_id` = 66 ) LIMIT 1   [ RunTime:0.000204s ]
SQL: SELECT `id`,`uid`,`name`,`title`,`category_id`,`description`,`root`,`pid`,`model_id`,`type`,`position`,`link_id`,`cover_id`,`display`,`deadline`,`attach`,`view`,`comment`,`extend`,`level`,`create_time`,`update_time`,`status` FROM `ot_document` WHERE ( `status` IN ('0','1','2') ) AND ( `pid` = 0 ) AND ( `category_id` = 66 ) ORDER BY level DESC,id DESC LIMIT 0,50   [ RunTime:0.000223s ]
INFO: [ view_parse ] --START--
INFO: [ template_filter ] --START--
INFO: Run Behavior\ContentReplace [ RunTime:0.000164s ]
INFO: [ template_filter ] --END-- [ RunTime:0.000207s ]
INFO: Run Behavior\ParseTemplate [ RunTime:0.019317s ]
INFO: [ view_parse ] --END-- [ RunTime:0.019356s ]
INFO: [ view_filter ] --START--
INFO: Run Behavior\WriteHtmlCache [ RunTime:0.000035s ]
INFO: [ view_filter ] --END-- [ RunTime:0.000056s ]
INFO: [ app_end ] --START--
INFO: Run Behavior\ShowPageTrace [ RunTime:0.000031s ]
INFO: [ app_end ] --END-- [ RunTime:0.000060s ]

[ 2017-08-11T05:47:44+08:00 ] 192.94.66.17 /index.php?s=/Admin/Article/index/cate_id/65.html
NOTIC: [8192] mysql_connect(): The mysql extension is deprecated and will be removed in the future: use mysqli or PDO instead /usr/share/nginx/html/ThinkPHP/Library/Think/Db/Driver/Mysql.class.php 第 52 行.
SQL: SHOW COLUMNS FROM `ot_menu` [ RunTime:0.000365s ]
SQL: SELECT * FROM `ot_menu` WHERE ( `pid` = 0 ) AND ( `hide` = 0 ) ORDER BY sort asc  [ RunTime:0.000048s ]
SQL: SELECT `id` FROM `ot_menu` WHERE ( url like '%Article/index%' ) LIMIT 1   [ RunTime:0.000043s ]
SQL: SHOW COLUMNS FROM `ot_menu` [ RunTime:0.000262s ]
SQL: SELECT `id`,`pid`,`title` FROM `ot_menu` WHERE ( id=3 ) LIMIT 1   [ RunTime:0.000043s ]
SQL: SELECT `id`,`pid`,`title` FROM `ot_menu` WHERE ( id=2 ) LIMIT 1   [ RunTime:0.000040s ]
SQL: SELECT DISTINCT  `group` FROM `ot_menu` WHERE ( pid = 2 )  [ RunTime:0.000043s ]
SQL: SELECT `id`,`url` FROM `ot_menu` WHERE ( `pid` = 2 ) AND ( `hide` = 0 )  [ RunTime:0.000039s ]
SQL: SELECT `id`,`pid`,`title`,`url`,`tip` FROM `ot_menu` WHERE ( `group` = '内容' ) AND ( `pid` = 2 ) AND ( `hide` = 0 ) ORDER BY sort asc  [ RunTime:0.000039s ]
SQL: SHOW COLUMNS FROM `ot_auth_group_access` [ RunTime:0.000235s ]
SQL: SELECT `extend_id` FROM ot_auth_group_access g INNER JOIN ot_auth_extend c on g.group_id=c.group_id  WHERE ( g.uid='1' and c.type='1' and !isnull(extend_id) )  [ RunTime:0.000040s ]
SQL: SHOW COLUMNS FROM `ot_category` [ RunTime:0.000328s ]
SQL: SELECT `id`,`title`,`pid`,`allow_publish` FROM `ot_category` WHERE ( `status` = 1 ) ORDER BY pid,sort  [ RunTime:0.000047s ]
SQL: SELECT `id`,`title`,`pid` FROM `ot_category` WHERE ( `status` = 1 ) ORDER BY sort  [ RunTime:0.000047s ]
SQL: SHOW COLUMNS FROM `ot_model` [ RunTime:0.000307s ]
SQL: SELECT * FROM `ot_model` WHERE ( `name` = 'document' ) LIMIT 1   [ RunTime:0.000052s ]
SQL: SHOW COLUMNS FROM `ot_document` [ RunTime:0.000314s ]
SQL: SELECT COUNT(*) AS tp_count FROM `ot_document` WHERE ( `status` IN ('0','1','2') ) AND ( `pid` = 0 ) AND ( `category_id` = 65 ) LIMIT 1   [ RunTime:0.000198s ]
SQL: SELECT `id`,`uid`,`name`,`title`,`category_id`,`description`,`root`,`pid`,`model_id`,`type`,`position`,`link_id`,`cover_id`,`display`,`deadline`,`attach`,`view`,`comment`,`extend`,`level`,`create_time`,`update_time`,`status` FROM `ot_document` WHERE ( `status` IN ('0','1','2') ) AND ( `pid` = 0 ) AND ( `category_id` = 65 ) ORDER BY level DESC,id DESC LIMIT 0,50   [ RunTime:0.000224s ]
INFO: [ view_parse ] --START--
INFO: [ template_filter ] --START--
INFO: Run Behavior\ContentReplace [ RunTime:0.000149s ]
INFO: [ template_filter ] --END-- [ RunTime:0.000184s ]
INFO: Run Behavior\ParseTemplate [ RunTime:0.019210s ]
INFO: [ view_parse ] --END-- [ RunTime:0.019243s ]
INFO: [ view_filter ] --START--
INFO: Run Behavior\WriteHtmlCache [ RunTime:0.000028s ]
INFO: [ view_filter ] --END-- [ RunTime:0.000049s ]
INFO: [ app_end ] --START--
INFO: Run Behavior\ShowPageTrace [ RunTime:0.000027s ]
INFO: [ app_end ] --END-- [ RunTime:0.000057s ]

[ 2017-08-11T05:47:51+08:00 ] 192.94.66.17 /index.php?s=/Admin/Article/edit/id/108/model/1/cate_id/65.html
NOTIC: [8192] mysql_connect(): The mysql extension is deprecated and will be removed in the future: use mysqli or PDO instead /usr/share/nginx/html/ThinkPHP/Library/Think/Db/Driver/Mysql.class.php 第 52 行.
SQL: SHOW COLUMNS FROM `ot_menu` [ RunTime:0.000357s ]
SQL: SELECT * FROM `ot_menu` WHERE ( `pid` = 0 ) AND ( `hide` = 0 ) ORDER BY sort asc  [ RunTime:0.000048s ]
SQL: SELECT `id` FROM `ot_menu` WHERE ( url like '%Article/edit%' ) LIMIT 1   [ RunTime:0.000043s ]
SQL: SHOW COLUMNS FROM `ot_menu` [ RunTime:0.000268s ]
SQL: SELECT `id`,`pid`,`title` FROM `ot_menu` WHERE ( id=5 ) LIMIT 1   [ RunTime:0.000045s ]
SQL: SELECT `id`,`pid`,`title` FROM `ot_menu` WHERE ( id=3 ) LIMIT 1   [ RunTime:0.000040s ]
SQL: SELECT `id`,`pid`,`title` FROM `ot_menu` WHERE ( id=2 ) LIMIT 1   [ RunTime:0.000042s ]
SQL: SELECT DISTINCT  `group` FROM `ot_menu` WHERE ( pid = 2 )  [ RunTime:0.000039s ]
SQL: SELECT `id`,`url` FROM `ot_menu` WHERE ( `pid` = 2 ) AND ( `hide` = 0 )  [ RunTime:0.000041s ]
SQL: SELECT `id`,`pid`,`title`,`url`,`tip` FROM `ot_menu` WHERE ( `group` = '内容' ) AND ( `pid` = 2 ) AND ( `hide` = 0 ) ORDER BY sort asc  [ RunTime:0.000041s ]
SQL: SHOW COLUMNS FROM `ot_auth_group_access` [ RunTime:0.000243s ]
SQL: SELECT `extend_id` FROM ot_auth_group_access g INNER JOIN ot_auth_extend c on g.group_id=c.group_id  WHERE ( g.uid='1' and c.type='1' and !isnull(extend_id) )  [ RunTime:0.000041s ]
SQL: SHOW COLUMNS FROM `ot_category` [ RunTime:0.000332s ]
SQL: SELECT `id`,`title`,`pid`,`allow_publish` FROM `ot_category` WHERE ( `status` = 1 ) ORDER BY pid,sort  [ RunTime:0.000047s ]
SQL: SELECT `id`,`title`,`pid` FROM `ot_category` WHERE ( `status` = 1 ) ORDER BY sort  [ RunTime:0.000048s ]
SQL: SHOW COLUMNS FROM `ot_document` [ RunTime:0.000322s ]
SQL: SELECT `id`,`uid`,`name`,`title`,`category_id`,`description`,`root`,`pid`,`model_id`,`type`,`position`,`link_id`,`cover_id`,`display`,`deadline`,`attach`,`view`,`comment`,`extend`,`level`,`create_time`,`update_time`,`status` FROM `ot_document` WHERE ( `id` = 108 ) LIMIT 1   [ RunTime:0.000159s ]
SQL: SHOW COLUMNS FROM `ot_document_article` [ RunTime:0.000261s ]
SQL: SELECT `id`,`parse`,`content`,`template`,`bookmark` FROM `ot_document_article` WHERE ( `id` = 108 ) LIMIT 1   [ RunTime:0.000128s ]
SQL: SHOW COLUMNS FROM `ot_model` [ RunTime:0.000361s ]
SQL: SELECT `extend` FROM `ot_model` WHERE ( `id` = 2 ) LIMIT 1   [ RunTime:0.000045s ]
SQL: SHOW COLUMNS FROM `ot_attribute` [ RunTime:0.000305s ]
SQL: SELECT * FROM `ot_attribute` WHERE ( `model_id` IN ('2','1') )  [ RunTime:0.000060s ]
SQL: SELECT `field_sort` FROM `ot_model` WHERE ( `id` = 2 ) LIMIT 1   [ RunTime:0.000044s ]
SQL: SELECT `type` FROM `ot_category` WHERE ( `id` = 65 ) LIMIT 1   [ RunTime:0.000042s ]
INFO: [ view_parse ] --START--
INFO: [ template_filter ] --START--
INFO: Run Behavior\ContentReplace [ RunTime:0.000205s ]
INFO: [ template_filter ] --END-- [ RunTime:0.000244s ]
INFO: [ adminArticleEdit ] --START--
SQL: SHOW COLUMNS FROM `ot_addons` [ RunTime:0.000423s ]
SQL: SELECT `config` FROM `ot_addons` WHERE ( `name` = 'EditorForAdmin' ) AND ( `status` = 1 ) LIMIT 1   [ RunTime:0.000044s ]
INFO: [ view_parse ] --START--
INFO: [ template_filter ] --START--
INFO: Run Behavior\ContentReplace [ RunTime:0.000049s ]
INFO: [ template_filter ] --END-- [ RunTime:-0.008890s ]
INFO: Run Behavior\ParseTemplate [ RunTime:0.002148s ]
INFO: [ view_parse ] --END-- [ RunTime:0.002180s ]
INFO: [ view_filter ] --START--
INFO: Run Behavior\WriteHtmlCache [ RunTime:0.000027s ]
INFO: [ view_filter ] --END-- [ RunTime:0.000049s ]
INFO: Run EditorForAdmin [ RunTime:0.003086s ]
INFO: [ adminArticleEdit ] --END-- [ RunTime:0.003113s ]
INFO: Run Behavior\ParseTemplate [ RunTime:0.002455s ]
INFO: [ view_parse ] --END-- [ RunTime:0.002180s ]
INFO: [ view_filter ] --START--
INFO: Run Behavior\WriteHtmlCache [ RunTime:0.000006s ]
INFO: [ view_filter ] --END-- [ RunTime:-0.000255s ]
INFO: [ app_end ] --START--
INFO: Run Behavior\ShowPageTrace [ RunTime:0.000030s ]
INFO: [ app_end ] --END-- [ RunTime:0.000059s ]

[ 2017-08-11T06:38:07+08:00 ] 104.247.154.250 /
SQL: SHOW COLUMNS FROM `ot_document` [ RunTime:0.000312s ]
SQL: SELECT * FROM `ot_document` WHERE ( status=1 ) ORDER BY view desc LIMIT 0,12   [ RunTime:0.000067s ]
SQL: SHOW COLUMNS FROM `ot_category` [ RunTime:0.000401s ]
SQL: SELECT `id`,`name`,`title`,`pid`,`sort`,`list_row`,`meta_title`,`keywords`,`description`,`template_index`,`template_lists`,`template_detail`,`template_edit`,`model`,`type`,`link_id`,`allow_publish`,`display`,`reply`,`check`,`reply_model`,`extend`,`create_time`,`update_time`,`status`,`icon` FROM `ot_category` WHERE ( `status` = 1 ) ORDER BY sort  [ RunTime:0.000065s ]
SQL: SELECT COUNT(*) AS tp_count FROM `ot_document` WHERE ( status=1 ) LIMIT 1   [ RunTime:0.000042s ]
SQL: SELECT * FROM `ot_document` WHERE ( status=1 ) ORDER BY create_time desc LIMIT 0,10   [ RunTime:0.000063s ]
SQL: SELECT * FROM `ot_category` WHERE ( id=66 ) LIMIT 1   [ RunTime:0.000047s ]
SQL: SELECT * FROM `ot_category` WHERE ( id=65 ) LIMIT 1   [ RunTime:0.000068s ]
SQL: SELECT * FROM `ot_category` WHERE ( id=54 ) LIMIT 1   [ RunTime:0.000044s ]
SQL: SELECT * FROM `ot_category` WHERE ( id=75 ) LIMIT 1   [ RunTime:0.000044s ]
SQL: SELECT * FROM `ot_category` WHERE ( id=74 ) LIMIT 1   [ RunTime:0.000043s ]
SQL: SELECT * FROM `ot_category` WHERE ( id=59 ) LIMIT 1   [ RunTime:0.000043s ]
SQL: SELECT * FROM `ot_category` WHERE ( id=67 ) LIMIT 1   [ RunTime:0.000042s ]
SQL: SELECT * FROM `ot_category` WHERE ( id=73 ) LIMIT 1   [ RunTime:0.000042s ]
SQL: SELECT * FROM `ot_category` WHERE ( id=51 ) LIMIT 1   [ RunTime:0.000042s ]
SQL: SELECT * FROM `ot_category` WHERE ( id=65 ) LIMIT 1   [ RunTime:0.000043s ]
INFO: [ view_parse ] --START--
INFO: [ template_filter ] --START--
INFO: Run Behavior\ContentReplace [ RunTime:0.000123s ]
INFO: [ template_filter ] --END-- [ RunTime:0.000155s ]
INFO: Run Behavior\ParseTemplate [ RunTime:0.010591s ]
INFO: [ view_parse ] --END-- [ RunTime:0.010623s ]
INFO: [ view_filter ] --START--
INFO: Run Behavior\WriteHtmlCache [ RunTime:0.000025s ]
INFO: [ view_filter ] --END-- [ RunTime:0.000045s ]
INFO: [ app_end ] --START--
INFO: Run Behavior\ShowPageTrace [ RunTime:0.000026s ]
INFO: [ app_end ] --END-- [ RunTime:0.000052s ]

