[ 2017-03-12T00:35:23+08:00 ] 157.55.39.232 /
SQL: SHOW COLUMNS FROM `ot_document` [ RunTime:0.000349s ]
SQL: SELECT * FROM `ot_document` WHERE ( status=1 ) ORDER BY view desc LIMIT 0,12   [ RunTime:0.000055s ]
SQL: SHOW COLUMNS FROM `ot_category` [ RunTime:0.000352s ]
SQL: SELECT `id`,`name`,`title`,`pid`,`sort`,`list_row`,`meta_title`,`keywords`,`description`,`template_index`,`template_lists`,`template_detail`,`template_edit`,`model`,`type`,`link_id`,`allow_publish`,`display`,`reply`,`check`,`reply_model`,`extend`,`create_time`,`update_time`,`status`,`icon` FROM `ot_category` WHERE ( `status` = 1 ) ORDER BY sort  [ RunTime:0.000064s ]
SQL: SELECT COUNT(*) AS tp_count FROM `ot_document` WHERE ( status=1 ) LIMIT 1   [ RunTime:0.000039s ]
SQL: SELECT * FROM `ot_document` WHERE ( status=1 ) ORDER BY create_time desc LIMIT 0,10   [ RunTime:0.000048s ]
SQL: SELECT * FROM `ot_category` WHERE ( id=61 ) LIMIT 1   [ RunTime:0.000050s ]
SQL: SELECT * FROM `ot_category` WHERE ( id=61 ) LIMIT 1   [ RunTime:0.000047s ]
SQL: SELECT * FROM `ot_category` WHERE ( id=61 ) LIMIT 1   [ RunTime:0.000042s ]
SQL: SELECT * FROM `ot_category` WHERE ( id=50 ) LIMIT 1   [ RunTime:0.000041s ]
SQL: SELECT * FROM `ot_category` WHERE ( id=50 ) LIMIT 1   [ RunTime:0.000041s ]
SQL: SELECT * FROM `ot_category` WHERE ( id=50 ) LIMIT 1   [ RunTime:0.000043s ]
SQL: SELECT * FROM `ot_category` WHERE ( id=50 ) LIMIT 1   [ RunTime:0.000042s ]
SQL: SELECT * FROM `ot_category` WHERE ( id=50 ) LIMIT 1   [ RunTime:0.000043s ]
SQL: SELECT * FROM `ot_category` WHERE ( id=50 ) LIMIT 1   [ RunTime:0.000043s ]
SQL: SELECT * FROM `ot_category` WHERE ( id=61 ) LIMIT 1   [ RunTime:0.000040s ]
INFO: [ view_parse ] --START--
INFO: [ template_filter ] --START--
INFO: Run Behavior\ContentReplace [ RunTime:0.000132s ]
INFO: [ template_filter ] --END-- [ RunTime:0.000166s ]
INFO: Run Behavior\ParseTemplate [ RunTime:0.010677s ]
INFO: [ view_parse ] --END-- [ RunTime:0.010713s ]
INFO: [ view_filter ] --START--
INFO: Run Behavior\WriteHtmlCache [ RunTime:0.000029s ]
INFO: [ view_filter ] --END-- [ RunTime:0.000055s ]
INFO: [ app_end ] --START--
INFO: Run Behavior\ShowPageTrace [ RunTime:0.000029s ]
INFO: [ app_end ] --END-- [ RunTime:0.000060s ]

[ 2017-03-12T00:50:02+08:00 ] 123.125.71.58 /
SQL: SHOW COLUMNS FROM `ot_document` [ RunTime:0.000318s ]
SQL: SELECT * FROM `ot_document` WHERE ( status=1 ) ORDER BY view desc LIMIT 0,12   [ RunTime:0.000054s ]
SQL: SHOW COLUMNS FROM `ot_category` [ RunTime:0.000335s ]
SQL: SELECT `id`,`name`,`title`,`pid`,`sort`,`list_row`,`meta_title`,`keywords`,`description`,`template_index`,`template_lists`,`template_detail`,`template_edit`,`model`,`type`,`link_id`,`allow_publish`,`display`,`reply`,`check`,`reply_model`,`extend`,`create_time`,`update_time`,`status`,`icon` FROM `ot_category` WHERE ( `status` = 1 ) ORDER BY sort  [ RunTime:0.000061s ]
SQL: SELECT COUNT(*) AS tp_count FROM `ot_document` WHERE ( status=1 ) LIMIT 1   [ RunTime:0.000081s ]
SQL: SELECT * FROM `ot_document` WHERE ( status=1 ) ORDER BY create_time desc LIMIT 0,10   [ RunTime:0.000052s ]
SQL: SELECT * FROM `ot_category` WHERE ( id=61 ) LIMIT 1   [ RunTime:0.000050s ]
SQL: SELECT * FROM `ot_category` WHERE ( id=61 ) LIMIT 1   [ RunTime:0.000054s ]
SQL: SELECT * FROM `ot_category` WHERE ( id=61 ) LIMIT 1   [ RunTime:0.000053s ]
SQL: SELECT * FROM `ot_category` WHERE ( id=50 ) LIMIT 1   [ RunTime:0.000044s ]
SQL: SELECT * FROM `ot_category` WHERE ( id=50 ) LIMIT 1   [ RunTime:0.000045s ]
SQL: SELECT * FROM `ot_category` WHERE ( id=50 ) LIMIT 1   [ RunTime:0.000043s ]
SQL: SELECT * FROM `ot_category` WHERE ( id=50 ) LIMIT 1   [ RunTime:0.000044s ]
SQL: SELECT * FROM `ot_category` WHERE ( id=50 ) LIMIT 1   [ RunTime:0.000044s ]
SQL: SELECT * FROM `ot_category` WHERE ( id=50 ) LIMIT 1   [ RunTime:0.000044s ]
SQL: SELECT * FROM `ot_category` WHERE ( id=61 ) LIMIT 1   [ RunTime:0.000043s ]
INFO: [ view_parse ] --START--
INFO: [ template_filter ] --START--
INFO: Run Behavior\ContentReplace [ RunTime:0.000118s ]
INFO: [ template_filter ] --END-- [ RunTime:0.000152s ]
INFO: Run Behavior\ParseTemplate [ RunTime:0.010675s ]
INFO: [ view_parse ] --END-- [ RunTime:0.010707s ]
INFO: [ view_filter ] --START--
INFO: Run Behavior\WriteHtmlCache [ RunTime:0.000026s ]
INFO: [ view_filter ] --END-- [ RunTime:0.000045s ]
INFO: [ app_end ] --START--
INFO: Run Behavior\ShowPageTrace [ RunTime:0.000030s ]
INFO: [ app_end ] --END-- [ RunTime:0.000060s ]

[ 2017-03-12T00:52:50+08:00 ] 14.186.11.75 /
SQL: SHOW COLUMNS FROM `ot_document` [ RunTime:0.000314s ]
SQL: SELECT * FROM `ot_document` WHERE ( status=1 ) ORDER BY view desc LIMIT 0,12   [ RunTime:0.000058s ]
SQL: SHOW COLUMNS FROM `ot_category` [ RunTime:0.000342s ]
SQL: SELECT `id`,`name`,`title`,`pid`,`sort`,`list_row`,`meta_title`,`keywords`,`description`,`template_index`,`template_lists`,`template_detail`,`template_edit`,`model`,`type`,`link_id`,`allow_publish`,`display`,`reply`,`check`,`reply_model`,`extend`,`create_time`,`update_time`,`status`,`icon` FROM `ot_category` WHERE ( `status` = 1 ) ORDER BY sort  [ RunTime:0.000073s ]
SQL: SELECT COUNT(*) AS tp_count FROM `ot_document` WHERE ( status=1 ) LIMIT 1   [ RunTime:0.000054s ]
SQL: SELECT * FROM `ot_document` WHERE ( status=1 ) ORDER BY create_time desc LIMIT 0,10   [ RunTime:0.000062s ]
SQL: SELECT * FROM `ot_category` WHERE ( id=61 ) LIMIT 1   [ RunTime:0.000043s ]
SQL: SELECT * FROM `ot_category` WHERE ( id=61 ) LIMIT 1   [ RunTime:0.000046s ]
SQL: SELECT * FROM `ot_category` WHERE ( id=61 ) LIMIT 1   [ RunTime:0.000041s ]
SQL: SELECT * FROM `ot_category` WHERE ( id=50 ) LIMIT 1   [ RunTime:0.000041s ]
SQL: SELECT * FROM `ot_category` WHERE ( id=50 ) LIMIT 1   [ RunTime:0.000040s ]
SQL: SELECT * FROM `ot_category` WHERE ( id=50 ) LIMIT 1   [ RunTime:0.000043s ]
SQL: SELECT * FROM `ot_category` WHERE ( id=50 ) LIMIT 1   [ RunTime:0.000043s ]
SQL: SELECT * FROM `ot_category` WHERE ( id=50 ) LIMIT 1   [ RunTime:0.000041s ]
SQL: SELECT * FROM `ot_category` WHERE ( id=50 ) LIMIT 1   [ RunTime:0.000046s ]
SQL: SELECT * FROM `ot_category` WHERE ( id=61 ) LIMIT 1   [ RunTime:0.000040s ]
INFO: [ view_parse ] --START--
INFO: [ template_filter ] --START--
INFO: Run Behavior\ContentReplace [ RunTime:0.000121s ]
INFO: [ template_filter ] --END-- [ RunTime:0.000155s ]
INFO: Run Behavior\ParseTemplate [ RunTime:0.010783s ]
INFO: [ view_parse ] --END-- [ RunTime:0.010816s ]
INFO: [ view_filter ] --START--
INFO: Run Behavior\WriteHtmlCache [ RunTime:0.000028s ]
INFO: [ view_filter ] --END-- [ RunTime:0.000050s ]
INFO: [ app_end ] --START--
INFO: Run Behavior\ShowPageTrace [ RunTime:0.000030s ]
INFO: [ app_end ] --END-- [ RunTime:0.000058s ]

[ 2017-03-12T01:55:27+08:00 ] 171.247.86.53 /
SQL: SHOW COLUMNS FROM `ot_document` [ RunTime:0.000313s ]
SQL: SELECT * FROM `ot_document` WHERE ( status=1 ) ORDER BY view desc LIMIT 0,12   [ RunTime:0.000054s ]
SQL: SHOW COLUMNS FROM `ot_category` [ RunTime:0.000359s ]
SQL: SELECT `id`,`name`,`title`,`pid`,`sort`,`list_row`,`meta_title`,`keywords`,`description`,`template_index`,`template_lists`,`template_detail`,`template_edit`,`model`,`type`,`link_id`,`allow_publish`,`display`,`reply`,`check`,`reply_model`,`extend`,`create_time`,`update_time`,`status`,`icon` FROM `ot_category` WHERE ( `status` = 1 ) ORDER BY sort  [ RunTime:0.000077s ]
SQL: SELECT COUNT(*) AS tp_count FROM `ot_document` WHERE ( status=1 ) LIMIT 1   [ RunTime:0.000040s ]
SQL: SELECT * FROM `ot_document` WHERE ( status=1 ) ORDER BY create_time desc LIMIT 0,10   [ RunTime:0.000047s ]
SQL: SELECT * FROM `ot_category` WHERE ( id=61 ) LIMIT 1   [ RunTime:0.000056s ]
SQL: SELECT * FROM `ot_category` WHERE ( id=61 ) LIMIT 1   [ RunTime:0.000047s ]
SQL: SELECT * FROM `ot_category` WHERE ( id=61 ) LIMIT 1   [ RunTime:0.000044s ]
SQL: SELECT * FROM `ot_category` WHERE ( id=50 ) LIMIT 1   [ RunTime:0.000043s ]
SQL: SELECT * FROM `ot_category` WHERE ( id=50 ) LIMIT 1   [ RunTime:0.000067s ]
SQL: SELECT * FROM `ot_category` WHERE ( id=50 ) LIMIT 1   [ RunTime:0.000043s ]
SQL: SELECT * FROM `ot_category` WHERE ( id=50 ) LIMIT 1   [ RunTime:0.000041s ]
SQL: SELECT * FROM `ot_category` WHERE ( id=50 ) LIMIT 1   [ RunTime:0.000039s ]
SQL: SELECT * FROM `ot_category` WHERE ( id=50 ) LIMIT 1   [ RunTime:0.000038s ]
SQL: SELECT * FROM `ot_category` WHERE ( id=61 ) LIMIT 1   [ RunTime:0.000039s ]
INFO: [ view_parse ] --START--
INFO: [ template_filter ] --START--
INFO: Run Behavior\ContentReplace [ RunTime:0.000112s ]
INFO: [ template_filter ] --END-- [ RunTime:0.000145s ]
INFO: Run Behavior\ParseTemplate [ RunTime:0.010672s ]
INFO: [ view_parse ] --END-- [ RunTime:0.010706s ]
INFO: [ view_filter ] --START--
INFO: Run Behavior\WriteHtmlCache [ RunTime:0.000026s ]
INFO: [ view_filter ] --END-- [ RunTime:0.000047s ]
INFO: [ app_end ] --START--
INFO: Run Behavior\ShowPageTrace [ RunTime:0.000030s ]
INFO: [ app_end ] --END-- [ RunTime:0.000057s ]

[ 2017-03-12T04:07:32+08:00 ] 92.27.219.108 /
SQL: SHOW COLUMNS FROM `ot_document` [ RunTime:0.000309s ]
SQL: SELECT * FROM `ot_document` WHERE ( status=1 ) ORDER BY view desc LIMIT 0,12   [ RunTime:0.000054s ]
SQL: SHOW COLUMNS FROM `ot_category` [ RunTime:0.000328s ]
SQL: SELECT `id`,`name`,`title`,`pid`,`sort`,`list_row`,`meta_title`,`keywords`,`description`,`template_index`,`template_lists`,`template_detail`,`template_edit`,`model`,`type`,`link_id`,`allow_publish`,`display`,`reply`,`check`,`reply_model`,`extend`,`create_time`,`update_time`,`status`,`icon` FROM `ot_category` WHERE ( `status` = 1 ) ORDER BY sort  [ RunTime:0.000060s ]
SQL: SELECT COUNT(*) AS tp_count FROM `ot_document` WHERE ( status=1 ) LIMIT 1   [ RunTime:0.000043s ]
SQL: SELECT * FROM `ot_document` WHERE ( status=1 ) ORDER BY create_time desc LIMIT 0,10   [ RunTime:0.000051s ]
SQL: SELECT * FROM `ot_category` WHERE ( id=61 ) LIMIT 1   [ RunTime:0.000047s ]
SQL: SELECT * FROM `ot_category` WHERE ( id=61 ) LIMIT 1   [ RunTime:0.000050s ]
SQL: SELECT * FROM `ot_category` WHERE ( id=61 ) LIMIT 1   [ RunTime:0.000045s ]
SQL: SELECT * FROM `ot_category` WHERE ( id=50 ) LIMIT 1   [ RunTime:0.000045s ]
SQL: SELECT * FROM `ot_category` WHERE ( id=50 ) LIMIT 1   [ RunTime:0.000044s ]
SQL: SELECT * FROM `ot_category` WHERE ( id=50 ) LIMIT 1   [ RunTime:0.000044s ]
SQL: SELECT * FROM `ot_category` WHERE ( id=50 ) LIMIT 1   [ RunTime:0.000044s ]
SQL: SELECT * FROM `ot_category` WHERE ( id=50 ) LIMIT 1   [ RunTime:0.000044s ]
SQL: SELECT * FROM `ot_category` WHERE ( id=50 ) LIMIT 1   [ RunTime:0.000043s ]
SQL: SELECT * FROM `ot_category` WHERE ( id=61 ) LIMIT 1   [ RunTime:0.000043s ]
INFO: [ view_parse ] --START--
INFO: [ template_filter ] --START--
INFO: Run Behavior\ContentReplace [ RunTime:0.000108s ]
INFO: [ template_filter ] --END-- [ RunTime:0.000144s ]
INFO: Run Behavior\ParseTemplate [ RunTime:0.010988s ]
INFO: [ view_parse ] --END-- [ RunTime:0.011021s ]
INFO: [ view_filter ] --START--
INFO: Run Behavior\WriteHtmlCache [ RunTime:0.000039s ]
INFO: [ view_filter ] --END-- [ RunTime:0.000060s ]
INFO: [ app_end ] --START--
INFO: Run Behavior\ShowPageTrace [ RunTime:0.000030s ]
INFO: [ app_end ] --END-- [ RunTime:0.000065s ]

[ 2017-03-12T04:56:38+08:00 ] 180.167.76.235 /
SQL: SHOW COLUMNS FROM `ot_document` [ RunTime:0.000315s ]
SQL: SELECT * FROM `ot_document` WHERE ( status=1 ) ORDER BY view desc LIMIT 0,12   [ RunTime:0.000055s ]
SQL: SHOW COLUMNS FROM `ot_category` [ RunTime:0.000291s ]
SQL: SELECT `id`,`name`,`title`,`pid`,`sort`,`list_row`,`meta_title`,`keywords`,`description`,`template_index`,`template_lists`,`template_detail`,`template_edit`,`model`,`type`,`link_id`,`allow_publish`,`display`,`reply`,`check`,`reply_model`,`extend`,`create_time`,`update_time`,`status`,`icon` FROM `ot_category` WHERE ( `status` = 1 ) ORDER BY sort  [ RunTime:0.000064s ]
SQL: SELECT COUNT(*) AS tp_count FROM `ot_document` WHERE ( status=1 ) LIMIT 1   [ RunTime:0.000038s ]
SQL: SELECT * FROM `ot_document` WHERE ( status=1 ) ORDER BY create_time desc LIMIT 0,10   [ RunTime:0.000047s ]
SQL: SELECT * FROM `ot_category` WHERE ( id=61 ) LIMIT 1   [ RunTime:0.000043s ]
SQL: SELECT * FROM `ot_category` WHERE ( id=61 ) LIMIT 1   [ RunTime:0.000048s ]
SQL: SELECT * FROM `ot_category` WHERE ( id=61 ) LIMIT 1   [ RunTime:0.000044s ]
SQL: SELECT * FROM `ot_category` WHERE ( id=50 ) LIMIT 1   [ RunTime:0.000044s ]
SQL: SELECT * FROM `ot_category` WHERE ( id=50 ) LIMIT 1   [ RunTime:0.000043s ]
SQL: SELECT * FROM `ot_category` WHERE ( id=50 ) LIMIT 1   [ RunTime:0.000046s ]
SQL: SELECT * FROM `ot_category` WHERE ( id=50 ) LIMIT 1   [ RunTime:0.000041s ]
SQL: SELECT * FROM `ot_category` WHERE ( id=50 ) LIMIT 1   [ RunTime:0.000043s ]
SQL: SELECT * FROM `ot_category` WHERE ( id=50 ) LIMIT 1   [ RunTime:0.000042s ]
SQL: SELECT * FROM `ot_category` WHERE ( id=61 ) LIMIT 1   [ RunTime:0.000045s ]
INFO: [ view_parse ] --START--
INFO: [ template_filter ] --START--
INFO: Run Behavior\ContentReplace [ RunTime:0.000110s ]
INFO: [ template_filter ] --END-- [ RunTime:0.000144s ]
INFO: Run Behavior\ParseTemplate [ RunTime:0.010892s ]
INFO: [ view_parse ] --END-- [ RunTime:0.010926s ]
INFO: [ view_filter ] --START--
INFO: Run Behavior\WriteHtmlCache [ RunTime:0.000028s ]
INFO: [ view_filter ] --END-- [ RunTime:0.000048s ]
INFO: 
INFO: 
INFO: 

[ 2017-03-12T05:43:11+08:00 ] 109.90.131.53 /
SQL: SHOW COLUMNS FROM `ot_document` [ RunTime:0.000322s ]
SQL: SELECT * FROM `ot_document` WHERE ( status=1 ) ORDER BY view desc LIMIT 0,12   [ RunTime:0.000054s ]
SQL: SHOW COLUMNS FROM `ot_category` [ RunTime:0.000326s ]
SQL: SELECT `id`,`name`,`title`,`pid`,`sort`,`list_row`,`meta_title`,`keywords`,`description`,`template_index`,`template_lists`,`template_detail`,`template_edit`,`model`,`type`,`link_id`,`allow_publish`,`display`,`reply`,`check`,`reply_model`,`extend`,`create_time`,`update_time`,`status`,`icon` FROM `ot_category` WHERE ( `status` = 1 ) ORDER BY sort  [ RunTime:0.000063s ]
SQL: SELECT COUNT(*) AS tp_count FROM `ot_document` WHERE ( status=1 ) LIMIT 1   [ RunTime:0.000041s ]
SQL: SELECT * FROM `ot_document` WHERE ( status=1 ) ORDER BY create_time desc LIMIT 0,10   [ RunTime:0.000050s ]
SQL: SELECT * FROM `ot_category` WHERE ( id=61 ) LIMIT 1   [ RunTime:0.000069s ]
SQL: SELECT * FROM `ot_category` WHERE ( id=61 ) LIMIT 1   [ RunTime:0.000048s ]
SQL: SELECT * FROM `ot_category` WHERE ( id=61 ) LIMIT 1   [ RunTime:0.000082s ]
SQL: SELECT * FROM `ot_category` WHERE ( id=50 ) LIMIT 1   [ RunTime:0.000043s ]
SQL: SELECT * FROM `ot_category` WHERE ( id=50 ) LIMIT 1   [ RunTime:0.000042s ]
SQL: SELECT * FROM `ot_category` WHERE ( id=50 ) LIMIT 1   [ RunTime:0.000042s ]
SQL: SELECT * FROM `ot_category` WHERE ( id=50 ) LIMIT 1   [ RunTime:0.000042s ]
SQL: SELECT * FROM `ot_category` WHERE ( id=50 ) LIMIT 1   [ RunTime:0.000042s ]
SQL: SELECT * FROM `ot_category` WHERE ( id=50 ) LIMIT 1   [ RunTime:0.000045s ]
SQL: SELECT * FROM `ot_category` WHERE ( id=61 ) LIMIT 1   [ RunTime:0.000043s ]
INFO: [ view_parse ] --START--
INFO: [ template_filter ] --START--
INFO: Run Behavior\ContentReplace [ RunTime:0.000109s ]
INFO: [ template_filter ] --END-- [ RunTime:0.000144s ]
INFO: Run Behavior\ParseTemplate [ RunTime:0.010668s ]
INFO: [ view_parse ] --END-- [ RunTime:0.010702s ]
INFO: [ view_filter ] --START--
INFO: Run Behavior\WriteHtmlCache [ RunTime:0.000027s ]
INFO: [ view_filter ] --END-- [ RunTime:0.000049s ]
INFO: [ app_end ] --START--
INFO: Run Behavior\ShowPageTrace [ RunTime:0.000033s ]
INFO: [ app_end ] --END-- [ RunTime:0.000062s ]

[ 2017-03-12T06:19:40+08:00 ] 14.169.30.9 /
SQL: SHOW COLUMNS FROM `ot_document` [ RunTime:0.000312s ]
SQL: SELECT * FROM `ot_document` WHERE ( status=1 ) ORDER BY view desc LIMIT 0,12   [ RunTime:0.000056s ]
SQL: SHOW COLUMNS FROM `ot_category` [ RunTime:0.000328s ]
SQL: SELECT `id`,`name`,`title`,`pid`,`sort`,`list_row`,`meta_title`,`keywords`,`description`,`template_index`,`template_lists`,`template_detail`,`template_edit`,`model`,`type`,`link_id`,`allow_publish`,`display`,`reply`,`check`,`reply_model`,`extend`,`create_time`,`update_time`,`status`,`icon` FROM `ot_category` WHERE ( `status` = 1 ) ORDER BY sort  [ RunTime:0.000062s ]
SQL: SELECT COUNT(*) AS tp_count FROM `ot_document` WHERE ( status=1 ) LIMIT 1   [ RunTime:0.000041s ]
SQL: SELECT * FROM `ot_document` WHERE ( status=1 ) ORDER BY create_time desc LIMIT 0,10   [ RunTime:0.000051s ]
SQL: SELECT * FROM `ot_category` WHERE ( id=61 ) LIMIT 1   [ RunTime:0.000046s ]
SQL: SELECT * FROM `ot_category` WHERE ( id=61 ) LIMIT 1   [ RunTime:0.000049s ]
SQL: SELECT * FROM `ot_category` WHERE ( id=61 ) LIMIT 1   [ RunTime:0.000043s ]
SQL: SELECT * FROM `ot_category` WHERE ( id=50 ) LIMIT 1   [ RunTime:0.000043s ]
SQL: SELECT * FROM `ot_category` WHERE ( id=50 ) LIMIT 1   [ RunTime:0.000043s ]
SQL: SELECT * FROM `ot_category` WHERE ( id=50 ) LIMIT 1   [ RunTime:0.000042s ]
SQL: SELECT * FROM `ot_category` WHERE ( id=50 ) LIMIT 1   [ RunTime:0.000042s ]
SQL: SELECT * FROM `ot_category` WHERE ( id=50 ) LIMIT 1   [ RunTime:0.000045s ]
SQL: SELECT * FROM `ot_category` WHERE ( id=50 ) LIMIT 1   [ RunTime:0.000043s ]
SQL: SELECT * FROM `ot_category` WHERE ( id=61 ) LIMIT 1   [ RunTime:0.000042s ]
INFO: [ view_parse ] --START--
INFO: [ template_filter ] --START--
INFO: Run Behavior\ContentReplace [ RunTime:0.000112s ]
INFO: [ template_filter ] --END-- [ RunTime:0.000149s ]
INFO: Run Behavior\ParseTemplate [ RunTime:0.010675s ]
INFO: [ view_parse ] --END-- [ RunTime:0.010710s ]
INFO: [ view_filter ] --START--
INFO: Run Behavior\WriteHtmlCache [ RunTime:0.000028s ]
INFO: [ view_filter ] --END-- [ RunTime:0.000050s ]
INFO: [ app_end ] --START--
INFO: Run Behavior\ShowPageTrace [ RunTime:0.000030s ]
INFO: [ app_end ] --END-- [ RunTime:0.000059s ]

[ 2017-03-12T06:44:35+08:00 ] 187.193.234.90 /
SQL: SHOW COLUMNS FROM `ot_document` [ RunTime:0.000305s ]
SQL: SELECT * FROM `ot_document` WHERE ( status=1 ) ORDER BY view desc LIMIT 0,12   [ RunTime:0.000065s ]
SQL: SHOW COLUMNS FROM `ot_category` [ RunTime:0.000348s ]
SQL: SELECT `id`,`name`,`title`,`pid`,`sort`,`list_row`,`meta_title`,`keywords`,`description`,`template_index`,`template_lists`,`template_detail`,`template_edit`,`model`,`type`,`link_id`,`allow_publish`,`display`,`reply`,`check`,`reply_model`,`extend`,`create_time`,`update_time`,`status`,`icon` FROM `ot_category` WHERE ( `status` = 1 ) ORDER BY sort  [ RunTime:0.000061s ]
SQL: SELECT COUNT(*) AS tp_count FROM `ot_document` WHERE ( status=1 ) LIMIT 1   [ RunTime:0.000041s ]
SQL: SELECT * FROM `ot_document` WHERE ( status=1 ) ORDER BY create_time desc LIMIT 0,10   [ RunTime:0.000061s ]
SQL: SELECT * FROM `ot_category` WHERE ( id=61 ) LIMIT 1   [ RunTime:0.000044s ]
SQL: SELECT * FROM `ot_category` WHERE ( id=61 ) LIMIT 1   [ RunTime:0.000047s ]
SQL: SELECT * FROM `ot_category` WHERE ( id=61 ) LIMIT 1   [ RunTime:0.000047s ]
SQL: SELECT * FROM `ot_category` WHERE ( id=50 ) LIMIT 1   [ RunTime:0.000043s ]
SQL: SELECT * FROM `ot_category` WHERE ( id=50 ) LIMIT 1   [ RunTime:0.000041s ]
SQL: SELECT * FROM `ot_category` WHERE ( id=50 ) LIMIT 1   [ RunTime:0.000041s ]
SQL: SELECT * FROM `ot_category` WHERE ( id=50 ) LIMIT 1   [ RunTime:0.000042s ]
SQL: SELECT * FROM `ot_category` WHERE ( id=50 ) LIMIT 1   [ RunTime:0.000041s ]
SQL: SELECT * FROM `ot_category` WHERE ( id=50 ) LIMIT 1   [ RunTime:0.000041s ]
SQL: SELECT * FROM `ot_category` WHERE ( id=61 ) LIMIT 1   [ RunTime:0.000041s ]
INFO: [ view_parse ] --START--
INFO: [ template_filter ] --START--
INFO: Run Behavior\ContentReplace [ RunTime:0.000107s ]
INFO: [ template_filter ] --END-- [ RunTime:0.000144s ]
INFO: Run Behavior\ParseTemplate [ RunTime:0.010804s ]
INFO: [ view_parse ] --END-- [ RunTime:0.010841s ]
INFO: [ view_filter ] --START--
INFO: Run Behavior\WriteHtmlCache [ RunTime:0.000064s ]
INFO: [ view_filter ] --END-- [ RunTime:0.000089s ]
INFO: [ app_end ] --START--
INFO: Run Behavior\ShowPageTrace [ RunTime:0.000030s ]
INFO: [ app_end ] --END-- [ RunTime:0.000070s ]

[ 2017-03-12T07:29:14+08:00 ] 42.114.204.17 /
SQL: SHOW COLUMNS FROM `ot_document` [ RunTime:0.000302s ]
SQL: SELECT * FROM `ot_document` WHERE ( status=1 ) ORDER BY view desc LIMIT 0,12   [ RunTime:0.000054s ]
SQL: SHOW COLUMNS FROM `ot_category` [ RunTime:0.000352s ]
SQL: SELECT `id`,`name`,`title`,`pid`,`sort`,`list_row`,`meta_title`,`keywords`,`description`,`template_index`,`template_lists`,`template_detail`,`template_edit`,`model`,`type`,`link_id`,`allow_publish`,`display`,`reply`,`check`,`reply_model`,`extend`,`create_time`,`update_time`,`status`,`icon` FROM `ot_category` WHERE ( `status` = 1 ) ORDER BY sort  [ RunTime:0.000065s ]
SQL: SELECT COUNT(*) AS tp_count FROM `ot_document` WHERE ( status=1 ) LIMIT 1   [ RunTime:0.000055s ]
SQL: SELECT * FROM `ot_document` WHERE ( status=1 ) ORDER BY create_time desc LIMIT 0,10   [ RunTime:0.000052s ]
SQL: SELECT * FROM `ot_category` WHERE ( id=61 ) LIMIT 1   [ RunTime:0.000045s ]
SQL: SELECT * FROM `ot_category` WHERE ( id=61 ) LIMIT 1   [ RunTime:0.000046s ]
SQL: SELECT * FROM `ot_category` WHERE ( id=61 ) LIMIT 1   [ RunTime:0.000044s ]
SQL: SELECT * FROM `ot_category` WHERE ( id=50 ) LIMIT 1   [ RunTime:0.000043s ]
SQL: SELECT * FROM `ot_category` WHERE ( id=50 ) LIMIT 1   [ RunTime:0.000054s ]
SQL: SELECT * FROM `ot_category` WHERE ( id=50 ) LIMIT 1   [ RunTime:0.000044s ]
SQL: SELECT * FROM `ot_category` WHERE ( id=50 ) LIMIT 1   [ RunTime:0.000044s ]
SQL: SELECT * FROM `ot_category` WHERE ( id=50 ) LIMIT 1   [ RunTime:0.000055s ]
SQL: SELECT * FROM `ot_category` WHERE ( id=50 ) LIMIT 1   [ RunTime:0.000040s ]
SQL: SELECT * FROM `ot_category` WHERE ( id=61 ) LIMIT 1   [ RunTime:0.000054s ]
INFO: [ view_parse ] --START--
INFO: [ template_filter ] --START--
INFO: Run Behavior\ContentReplace [ RunTime:0.000111s ]
INFO: [ template_filter ] --END-- [ RunTime:0.000149s ]
INFO: Run Behavior\ParseTemplate [ RunTime:0.010824s ]
INFO: [ view_parse ] --END-- [ RunTime:0.010858s ]
INFO: [ view_filter ] --START--
INFO: Run Behavior\WriteHtmlCache [ RunTime:0.000033s ]
INFO: [ view_filter ] --END-- [ RunTime:0.000056s ]
INFO: [ app_end ] --START--
INFO: Run Behavior\ShowPageTrace [ RunTime:0.000030s ]
INFO: [ app_end ] --END-- [ RunTime:0.000059s ]

[ 2017-03-12T08:28:26+08:00 ] 189.199.81.201 /
SQL: SHOW COLUMNS FROM `ot_document` [ RunTime:0.000327s ]
SQL: SELECT * FROM `ot_document` WHERE ( status=1 ) ORDER BY view desc LIMIT 0,12   [ RunTime:0.000058s ]
SQL: SHOW COLUMNS FROM `ot_category` [ RunTime:0.000366s ]
SQL: SELECT `id`,`name`,`title`,`pid`,`sort`,`list_row`,`meta_title`,`keywords`,`description`,`template_index`,`template_lists`,`template_detail`,`template_edit`,`model`,`type`,`link_id`,`allow_publish`,`display`,`reply`,`check`,`reply_model`,`extend`,`create_time`,`update_time`,`status`,`icon` FROM `ot_category` WHERE ( `status` = 1 ) ORDER BY sort  [ RunTime:0.000057s ]
SQL: SELECT COUNT(*) AS tp_count FROM `ot_document` WHERE ( status=1 ) LIMIT 1   [ RunTime:0.000039s ]
SQL: SELECT * FROM `ot_document` WHERE ( status=1 ) ORDER BY create_time desc LIMIT 0,10   [ RunTime:0.000053s ]
SQL: SELECT * FROM `ot_category` WHERE ( id=61 ) LIMIT 1   [ RunTime:0.000047s ]
SQL: SELECT * FROM `ot_category` WHERE ( id=61 ) LIMIT 1   [ RunTime:0.000046s ]
SQL: SELECT * FROM `ot_category` WHERE ( id=61 ) LIMIT 1   [ RunTime:0.000041s ]
SQL: SELECT * FROM `ot_category` WHERE ( id=50 ) LIMIT 1   [ RunTime:0.000044s ]
SQL: SELECT * FROM `ot_category` WHERE ( id=50 ) LIMIT 1   [ RunTime:0.000043s ]
SQL: SELECT * FROM `ot_category` WHERE ( id=50 ) LIMIT 1   [ RunTime:0.000055s ]
SQL: SELECT * FROM `ot_category` WHERE ( id=50 ) LIMIT 1   [ RunTime:0.000045s ]
SQL: SELECT * FROM `ot_category` WHERE ( id=50 ) LIMIT 1   [ RunTime:0.000046s ]
SQL: SELECT * FROM `ot_category` WHERE ( id=50 ) LIMIT 1   [ RunTime:0.000043s ]
SQL: SELECT * FROM `ot_category` WHERE ( id=61 ) LIMIT 1   [ RunTime:0.000044s ]
INFO: [ view_parse ] --START--
INFO: [ template_filter ] --START--
INFO: Run Behavior\ContentReplace [ RunTime:0.000107s ]
INFO: [ template_filter ] --END-- [ RunTime:0.000155s ]
INFO: Run Behavior\ParseTemplate [ RunTime:0.010805s ]
INFO: [ view_parse ] --END-- [ RunTime:0.010840s ]
INFO: [ view_filter ] --START--
INFO: Run Behavior\WriteHtmlCache [ RunTime:0.000028s ]
INFO: [ view_filter ] --END-- [ RunTime:0.000051s ]
INFO: [ app_end ] --START--
INFO: Run Behavior\ShowPageTrace [ RunTime:0.000029s ]
INFO: [ app_end ] --END-- [ RunTime:0.000058s ]

[ 2017-03-12T08:46:36+08:00 ] 123.125.71.110 /
SQL: SHOW COLUMNS FROM `ot_document` [ RunTime:0.000375s ]
SQL: SELECT * FROM `ot_document` WHERE ( status=1 ) ORDER BY view desc LIMIT 0,12   [ RunTime:0.000056s ]
SQL: SHOW COLUMNS FROM `ot_category` [ RunTime:0.000333s ]
SQL: SELECT `id`,`name`,`title`,`pid`,`sort`,`list_row`,`meta_title`,`keywords`,`description`,`template_index`,`template_lists`,`template_detail`,`template_edit`,`model`,`type`,`link_id`,`allow_publish`,`display`,`reply`,`check`,`reply_model`,`extend`,`create_time`,`update_time`,`status`,`icon` FROM `ot_category` WHERE ( `status` = 1 ) ORDER BY sort  [ RunTime:0.000064s ]
SQL: SELECT COUNT(*) AS tp_count FROM `ot_document` WHERE ( status=1 ) LIMIT 1   [ RunTime:0.000042s ]
SQL: SELECT * FROM `ot_document` WHERE ( status=1 ) ORDER BY create_time desc LIMIT 0,10   [ RunTime:0.000054s ]
SQL: SELECT * FROM `ot_category` WHERE ( id=61 ) LIMIT 1   [ RunTime:0.000047s ]
SQL: SELECT * FROM `ot_category` WHERE ( id=61 ) LIMIT 1   [ RunTime:0.000050s ]
SQL: SELECT * FROM `ot_category` WHERE ( id=61 ) LIMIT 1   [ RunTime:0.000045s ]
SQL: SELECT * FROM `ot_category` WHERE ( id=50 ) LIMIT 1   [ RunTime:0.000044s ]
SQL: SELECT * FROM `ot_category` WHERE ( id=50 ) LIMIT 1   [ RunTime:0.000043s ]
SQL: SELECT * FROM `ot_category` WHERE ( id=50 ) LIMIT 1   [ RunTime:0.000043s ]
SQL: SELECT * FROM `ot_category` WHERE ( id=50 ) LIMIT 1   [ RunTime:0.000042s ]
SQL: SELECT * FROM `ot_category` WHERE ( id=50 ) LIMIT 1   [ RunTime:0.000042s ]
SQL: SELECT * FROM `ot_category` WHERE ( id=50 ) LIMIT 1   [ RunTime:0.000044s ]
SQL: SELECT * FROM `ot_category` WHERE ( id=61 ) LIMIT 1   [ RunTime:0.000044s ]
INFO: [ view_parse ] --START--
INFO: [ template_filter ] --START--
INFO: Run Behavior\ContentReplace [ RunTime:0.000117s ]
INFO: [ template_filter ] --END-- [ RunTime:0.000153s ]
INFO: Run Behavior\ParseTemplate [ RunTime:0.010700s ]
INFO: [ view_parse ] --END-- [ RunTime:0.010735s ]
INFO: [ view_filter ] --START--
INFO: Run Behavior\WriteHtmlCache [ RunTime:0.000029s ]
INFO: [ view_filter ] --END-- [ RunTime:0.000050s ]
INFO: [ app_end ] --START--
INFO: Run Behavior\ShowPageTrace [ RunTime:0.000031s ]
INFO: [ app_end ] --END-- [ RunTime:0.000059s ]

[ 2017-03-12T12:42:36+08:00 ] 113.162.51.235 /
SQL: SHOW COLUMNS FROM `ot_document` [ RunTime:0.000305s ]
SQL: SELECT * FROM `ot_document` WHERE ( status=1 ) ORDER BY view desc LIMIT 0,12   [ RunTime:0.000053s ]
SQL: SHOW COLUMNS FROM `ot_category` [ RunTime:0.000321s ]
SQL: SELECT `id`,`name`,`title`,`pid`,`sort`,`list_row`,`meta_title`,`keywords`,`description`,`template_index`,`template_lists`,`template_detail`,`template_edit`,`model`,`type`,`link_id`,`allow_publish`,`display`,`reply`,`check`,`reply_model`,`extend`,`create_time`,`update_time`,`status`,`icon` FROM `ot_category` WHERE ( `status` = 1 ) ORDER BY sort  [ RunTime:0.000061s ]
SQL: SELECT COUNT(*) AS tp_count FROM `ot_document` WHERE ( status=1 ) LIMIT 1   [ RunTime:0.000041s ]
SQL: SELECT * FROM `ot_document` WHERE ( status=1 ) ORDER BY create_time desc LIMIT 0,10   [ RunTime:0.000089s ]
SQL: SELECT * FROM `ot_category` WHERE ( id=61 ) LIMIT 1   [ RunTime:0.000049s ]
SQL: SELECT * FROM `ot_category` WHERE ( id=61 ) LIMIT 1   [ RunTime:0.000049s ]
SQL: SELECT * FROM `ot_category` WHERE ( id=61 ) LIMIT 1   [ RunTime:0.000044s ]
SQL: SELECT * FROM `ot_category` WHERE ( id=50 ) LIMIT 1   [ RunTime:0.000043s ]
SQL: SELECT * FROM `ot_category` WHERE ( id=50 ) LIMIT 1   [ RunTime:0.000043s ]
SQL: SELECT * FROM `ot_category` WHERE ( id=50 ) LIMIT 1   [ RunTime:0.000042s ]
SQL: SELECT * FROM `ot_category` WHERE ( id=50 ) LIMIT 1   [ RunTime:0.000042s ]
SQL: SELECT * FROM `ot_category` WHERE ( id=50 ) LIMIT 1   [ RunTime:0.000042s ]
SQL: SELECT * FROM `ot_category` WHERE ( id=50 ) LIMIT 1   [ RunTime:0.000042s ]
SQL: SELECT * FROM `ot_category` WHERE ( id=61 ) LIMIT 1   [ RunTime:0.000042s ]
INFO: [ view_parse ] --START--
INFO: [ template_filter ] --START--
INFO: Run Behavior\ContentReplace [ RunTime:0.000108s ]
INFO: [ template_filter ] --END-- [ RunTime:0.000145s ]
INFO: Run Behavior\ParseTemplate [ RunTime:0.010558s ]
INFO: [ view_parse ] --END-- [ RunTime:0.010630s ]
INFO: [ view_filter ] --START--
INFO: Run Behavior\WriteHtmlCache [ RunTime:0.000028s ]
INFO: [ view_filter ] --END-- [ RunTime:0.000051s ]
INFO: [ app_end ] --START--
INFO: Run Behavior\ShowPageTrace [ RunTime:0.000028s ]
INFO: [ app_end ] --END-- [ RunTime:0.000067s ]

[ 2017-03-12T14:05:39+08:00 ] 103.232.103.146 /
SQL: SHOW COLUMNS FROM `ot_document` [ RunTime:0.000298s ]
SQL: SELECT * FROM `ot_document` WHERE ( status=1 ) ORDER BY view desc LIMIT 0,12   [ RunTime:0.000066s ]
SQL: SHOW COLUMNS FROM `ot_category` [ RunTime:0.000353s ]
SQL: SELECT `id`,`name`,`title`,`pid`,`sort`,`list_row`,`meta_title`,`keywords`,`description`,`template_index`,`template_lists`,`template_detail`,`template_edit`,`model`,`type`,`link_id`,`allow_publish`,`display`,`reply`,`check`,`reply_model`,`extend`,`create_time`,`update_time`,`status`,`icon` FROM `ot_category` WHERE ( `status` = 1 ) ORDER BY sort  [ RunTime:0.000062s ]
SQL: SELECT COUNT(*) AS tp_count FROM `ot_document` WHERE ( status=1 ) LIMIT 1   [ RunTime:0.000082s ]
SQL: SELECT * FROM `ot_document` WHERE ( status=1 ) ORDER BY create_time desc LIMIT 0,10   [ RunTime:0.000067s ]
SQL: SELECT * FROM `ot_category` WHERE ( id=61 ) LIMIT 1   [ RunTime:0.000046s ]
SQL: SELECT * FROM `ot_category` WHERE ( id=61 ) LIMIT 1   [ RunTime:0.000045s ]
SQL: SELECT * FROM `ot_category` WHERE ( id=61 ) LIMIT 1   [ RunTime:0.000041s ]
SQL: SELECT * FROM `ot_category` WHERE ( id=50 ) LIMIT 1   [ RunTime:0.000045s ]
SQL: SELECT * FROM `ot_category` WHERE ( id=50 ) LIMIT 1   [ RunTime:0.000044s ]
SQL: SELECT * FROM `ot_category` WHERE ( id=50 ) LIMIT 1   [ RunTime:0.000053s ]
SQL: SELECT * FROM `ot_category` WHERE ( id=50 ) LIMIT 1   [ RunTime:0.000040s ]
SQL: SELECT * FROM `ot_category` WHERE ( id=50 ) LIMIT 1   [ RunTime:0.000040s ]
SQL: SELECT * FROM `ot_category` WHERE ( id=50 ) LIMIT 1   [ RunTime:0.000043s ]
SQL: SELECT * FROM `ot_category` WHERE ( id=61 ) LIMIT 1   [ RunTime:0.000043s ]
INFO: [ view_parse ] --START--
INFO: [ template_filter ] --START--
INFO: Run Behavior\ContentReplace [ RunTime:0.000098s ]
INFO: [ template_filter ] --END-- [ RunTime:0.000130s ]
INFO: Run Behavior\ParseTemplate [ RunTime:0.010740s ]
INFO: [ view_parse ] --END-- [ RunTime:0.010786s ]
INFO: [ view_filter ] --START--
INFO: Run Behavior\WriteHtmlCache [ RunTime:0.000027s ]
INFO: [ view_filter ] --END-- [ RunTime:0.000046s ]
INFO: [ app_end ] --START--
INFO: Run Behavior\ShowPageTrace [ RunTime:0.000029s ]
INFO: [ app_end ] --END-- [ RunTime:0.000069s ]

[ 2017-03-12T14:11:37+08:00 ] 157.55.39.232 /
SQL: SHOW COLUMNS FROM `ot_document` [ RunTime:0.000308s ]
SQL: SELECT * FROM `ot_document` WHERE ( status=1 ) ORDER BY view desc LIMIT 0,12   [ RunTime:0.000057s ]
SQL: SHOW COLUMNS FROM `ot_category` [ RunTime:0.000335s ]
SQL: SELECT `id`,`name`,`title`,`pid`,`sort`,`list_row`,`meta_title`,`keywords`,`description`,`template_index`,`template_lists`,`template_detail`,`template_edit`,`model`,`type`,`link_id`,`allow_publish`,`display`,`reply`,`check`,`reply_model`,`extend`,`create_time`,`update_time`,`status`,`icon` FROM `ot_category` WHERE ( `status` = 1 ) ORDER BY sort  [ RunTime:0.000061s ]
SQL: SELECT COUNT(*) AS tp_count FROM `ot_document` WHERE ( status=1 ) LIMIT 1   [ RunTime:0.000042s ]
SQL: SELECT * FROM `ot_document` WHERE ( status=1 ) ORDER BY create_time desc LIMIT 0,10   [ RunTime:0.000054s ]
SQL: SELECT * FROM `ot_category` WHERE ( id=61 ) LIMIT 1   [ RunTime:0.000046s ]
SQL: SELECT * FROM `ot_category` WHERE ( id=61 ) LIMIT 1   [ RunTime:0.000050s ]
SQL: SELECT * FROM `ot_category` WHERE ( id=61 ) LIMIT 1   [ RunTime:0.000045s ]
SQL: SELECT * FROM `ot_category` WHERE ( id=50 ) LIMIT 1   [ RunTime:0.000045s ]
SQL: SELECT * FROM `ot_category` WHERE ( id=50 ) LIMIT 1   [ RunTime:0.000044s ]
SQL: SELECT * FROM `ot_category` WHERE ( id=50 ) LIMIT 1   [ RunTime:0.000045s ]
SQL: SELECT * FROM `ot_category` WHERE ( id=50 ) LIMIT 1   [ RunTime:0.000044s ]
SQL: SELECT * FROM `ot_category` WHERE ( id=50 ) LIMIT 1   [ RunTime:0.000044s ]
SQL: SELECT * FROM `ot_category` WHERE ( id=50 ) LIMIT 1   [ RunTime:0.000047s ]
SQL: SELECT * FROM `ot_category` WHERE ( id=61 ) LIMIT 1   [ RunTime:0.000044s ]
INFO: [ view_parse ] --START--
INFO: [ template_filter ] --START--
INFO: Run Behavior\ContentReplace [ RunTime:0.000110s ]
INFO: [ template_filter ] --END-- [ RunTime:0.000147s ]
INFO: Run Behavior\ParseTemplate [ RunTime:0.010739s ]
INFO: [ view_parse ] --END-- [ RunTime:0.010774s ]
INFO: [ view_filter ] --START--
INFO: Run Behavior\WriteHtmlCache [ RunTime:0.000029s ]
INFO: [ view_filter ] --END-- [ RunTime:0.000051s ]
INFO: [ app_end ] --START--
INFO: Run Behavior\ShowPageTrace [ RunTime:0.000030s ]
INFO: [ app_end ] --END-- [ RunTime:0.000061s ]

[ 2017-03-12T14:41:32+08:00 ] 195.228.78.100 /
SQL: SHOW COLUMNS FROM `ot_document` [ RunTime:0.000313s ]
SQL: SELECT * FROM `ot_document` WHERE ( status=1 ) ORDER BY view desc LIMIT 0,12   [ RunTime:0.000053s ]
SQL: SHOW COLUMNS FROM `ot_category` [ RunTime:0.000408s ]
SQL: SELECT `id`,`name`,`title`,`pid`,`sort`,`list_row`,`meta_title`,`keywords`,`description`,`template_index`,`template_lists`,`template_detail`,`template_edit`,`model`,`type`,`link_id`,`allow_publish`,`display`,`reply`,`check`,`reply_model`,`extend`,`create_time`,`update_time`,`status`,`icon` FROM `ot_category` WHERE ( `status` = 1 ) ORDER BY sort  [ RunTime:0.000060s ]
SQL: SELECT COUNT(*) AS tp_count FROM `ot_document` WHERE ( status=1 ) LIMIT 1   [ RunTime:0.000042s ]
SQL: SELECT * FROM `ot_document` WHERE ( status=1 ) ORDER BY create_time desc LIMIT 0,10   [ RunTime:0.000053s ]
SQL: SELECT * FROM `ot_category` WHERE ( id=61 ) LIMIT 1   [ RunTime:0.000046s ]
SQL: SELECT * FROM `ot_category` WHERE ( id=61 ) LIMIT 1   [ RunTime:0.000050s ]
SQL: SELECT * FROM `ot_category` WHERE ( id=61 ) LIMIT 1   [ RunTime:0.000045s ]
SQL: SELECT * FROM `ot_category` WHERE ( id=50 ) LIMIT 1   [ RunTime:0.000045s ]
SQL: SELECT * FROM `ot_category` WHERE ( id=50 ) LIMIT 1   [ RunTime:0.000044s ]
SQL: SELECT * FROM `ot_category` WHERE ( id=50 ) LIMIT 1   [ RunTime:0.000044s ]
SQL: SELECT * FROM `ot_category` WHERE ( id=50 ) LIMIT 1   [ RunTime:0.000043s ]
SQL: SELECT * FROM `ot_category` WHERE ( id=50 ) LIMIT 1   [ RunTime:0.000044s ]
SQL: SELECT * FROM `ot_category` WHERE ( id=50 ) LIMIT 1   [ RunTime:0.000043s ]
SQL: SELECT * FROM `ot_category` WHERE ( id=61 ) LIMIT 1   [ RunTime:0.000044s ]
INFO: [ view_parse ] --START--
INFO: [ template_filter ] --START--
INFO: Run Behavior\ContentReplace [ RunTime:0.000127s ]
INFO: [ template_filter ] --END-- [ RunTime:0.000162s ]
INFO: Run Behavior\ParseTemplate [ RunTime:0.010516s ]
INFO: [ view_parse ] --END-- [ RunTime:0.010550s ]
INFO: [ view_filter ] --START--
INFO: Run Behavior\WriteHtmlCache [ RunTime:0.000028s ]
INFO: [ view_filter ] --END-- [ RunTime:0.000050s ]
INFO: [ app_end ] --START--
INFO: Run Behavior\ShowPageTrace [ RunTime:0.000027s ]
INFO: [ app_end ] --END-- [ RunTime:0.000054s ]

[ 2017-03-12T14:41:36+08:00 ] 189.129.128.2 /
SQL: SHOW COLUMNS FROM `ot_document` [ RunTime:0.000312s ]
SQL: SELECT * FROM `ot_document` WHERE ( status=1 ) ORDER BY view desc LIMIT 0,12   [ RunTime:0.000057s ]
SQL: SHOW COLUMNS FROM `ot_category` [ RunTime:0.000343s ]
SQL: SELECT `id`,`name`,`title`,`pid`,`sort`,`list_row`,`meta_title`,`keywords`,`description`,`template_index`,`template_lists`,`template_detail`,`template_edit`,`model`,`type`,`link_id`,`allow_publish`,`display`,`reply`,`check`,`reply_model`,`extend`,`create_time`,`update_time`,`status`,`icon` FROM `ot_category` WHERE ( `status` = 1 ) ORDER BY sort  [ RunTime:0.000064s ]
SQL: SELECT COUNT(*) AS tp_count FROM `ot_document` WHERE ( status=1 ) LIMIT 1   [ RunTime:0.000041s ]
SQL: SELECT * FROM `ot_document` WHERE ( status=1 ) ORDER BY create_time desc LIMIT 0,10   [ RunTime:0.000052s ]
SQL: SELECT * FROM `ot_category` WHERE ( id=61 ) LIMIT 1   [ RunTime:0.000046s ]
SQL: SELECT * FROM `ot_category` WHERE ( id=61 ) LIMIT 1   [ RunTime:0.000050s ]
SQL: SELECT * FROM `ot_category` WHERE ( id=61 ) LIMIT 1   [ RunTime:0.000044s ]
SQL: SELECT * FROM `ot_category` WHERE ( id=50 ) LIMIT 1   [ RunTime:0.000045s ]
SQL: SELECT * FROM `ot_category` WHERE ( id=50 ) LIMIT 1   [ RunTime:0.000043s ]
SQL: SELECT * FROM `ot_category` WHERE ( id=50 ) LIMIT 1   [ RunTime:0.000043s ]
SQL: SELECT * FROM `ot_category` WHERE ( id=50 ) LIMIT 1   [ RunTime:0.000043s ]
SQL: SELECT * FROM `ot_category` WHERE ( id=50 ) LIMIT 1   [ RunTime:0.000043s ]
SQL: SELECT * FROM `ot_category` WHERE ( id=50 ) LIMIT 1   [ RunTime:0.000042s ]
SQL: SELECT * FROM `ot_category` WHERE ( id=61 ) LIMIT 1   [ RunTime:0.000046s ]
INFO: [ view_parse ] --START--
INFO: [ template_filter ] --START--
INFO: Run Behavior\ContentReplace [ RunTime:0.000119s ]
INFO: [ template_filter ] --END-- [ RunTime:0.000158s ]
INFO: Run Behavior\ParseTemplate [ RunTime:0.010618s ]
INFO: [ view_parse ] --END-- [ RunTime:0.010655s ]
INFO: [ view_filter ] --START--
INFO: Run Behavior\WriteHtmlCache [ RunTime:0.000031s ]
INFO: [ view_filter ] --END-- [ RunTime:0.000053s ]
INFO: [ app_end ] --START--
INFO: Run Behavior\ShowPageTrace [ RunTime:0.000031s ]
INFO: [ app_end ] --END-- [ RunTime:0.000060s ]

[ 2017-03-12T15:17:55+08:00 ] 220.181.108.78 /index.php?s=/home/article/detail/id/45.html
SQL: SHOW COLUMNS FROM `ot_document` [ RunTime:0.000313s ]
SQL: SELECT * FROM `ot_document` WHERE ( status=1 ) ORDER BY view desc LIMIT 0,12   [ RunTime:0.000057s ]
SQL: SELECT `id`,`uid`,`name`,`title`,`category_id`,`description`,`root`,`pid`,`model_id`,`type`,`position`,`link_id`,`cover_id`,`display`,`deadline`,`attach`,`view`,`comment`,`extend`,`level`,`create_time`,`update_time`,`status` FROM `ot_document` WHERE ( `id` = 45 ) LIMIT 1   [ RunTime:0.000175s ]
SQL: SHOW COLUMNS FROM `ot_document_article` [ RunTime:0.000249s ]
SQL: SELECT `id`,`parse`,`content`,`template`,`bookmark` FROM `ot_document_article` WHERE ( `id` = 45 ) LIMIT 1   [ RunTime:0.000054s ]
SQL: SHOW COLUMNS FROM `ot_category` [ RunTime:0.000324s ]
SQL: SELECT `id`,`name`,`title`,`pid`,`sort`,`list_row`,`meta_title`,`keywords`,`description`,`template_index`,`template_lists`,`template_detail`,`template_edit`,`model`,`type`,`link_id`,`allow_publish`,`display`,`reply`,`check`,`reply_model`,`extend`,`create_time`,`update_time`,`status`,`icon` FROM `ot_category` WHERE ( `id` = 50 ) LIMIT 1   [ RunTime:0.000056s ]
SQL: UPDATE `ot_document` SET `view`=view+1 WHERE ( `id` = 45 ) [ RunTime:0.000161s ]
INFO: [ view_parse ] --START--
INFO: [ template_filter ] --START--
INFO: Run Behavior\ContentReplace [ RunTime:0.000101s ]
INFO: [ template_filter ] --END-- [ RunTime:0.000140s ]
SQL: SELECT `id`,`uid`,`name`,`title`,`category_id`,`description`,`root`,`pid`,`model_id`,`type`,`position`,`link_id`,`cover_id`,`display`,`deadline`,`attach`,`view`,`comment`,`extend`,`level`,`create_time`,`update_time`,`status` FROM `ot_document` WHERE ( `id` < '45' ) AND ( `pid` = 0 ) AND ( `category_id` = 50 ) AND ( `status` = 1 ) ORDER BY id DESC LIMIT 1   [ RunTime:0.000227s ]
SQL: SELECT `id`,`uid`,`name`,`title`,`category_id`,`description`,`root`,`pid`,`model_id`,`type`,`position`,`link_id`,`cover_id`,`display`,`deadline`,`attach`,`view`,`comment`,`extend`,`level`,`create_time`,`update_time`,`status` FROM `ot_document` WHERE ( `id` > '45' ) AND ( `pid` = 0 ) AND ( `category_id` = 50 ) AND ( `status` = 1 ) ORDER BY id LIMIT 1   [ RunTime:0.000194s ]
INFO: [ documentDetailAfter ] --START--
SQL: SHOW COLUMNS FROM `ot_attachment` [ RunTime:0.000275s ]
SQL: SELECT `id`,`uid`,`title`,`type`,`source`,`record_id`,`download`,`size`,`dir`,`sort`,`create_time`,`update_time`,`status` FROM `ot_attachment` WHERE ( `record_id` = 45 ) AND ( `status` = 1 )  [ RunTime:0.000054s ]
INFO: Run Attachment [ RunTime:0.000711s ]
SQL: SHOW COLUMNS FROM `ot_addons` [ RunTime:0.000260s ]
SQL: SELECT `config` FROM `ot_addons` WHERE ( `name` = 'SocialComment' ) AND ( `status` = 1 ) LIMIT 1   [ RunTime:0.000044s ]
INFO: [ view_parse ] --START--
INFO: [ template_filter ] --START--
INFO: Run Behavior\ContentReplace [ RunTime:0.000023s ]
INFO: [ template_filter ] --END-- [ RunTime:-0.003790s ]
NOTIC: [8] Undefined variable: addons /usr/share/nginx/html/Runtime/Cache/Home/58bd718024fb066be57959b1979e41a4.php 第 3 行.
INFO: Run Behavior\ParseTemplate [ RunTime:0.001110s ]
INFO: [ view_parse ] --END-- [ RunTime:0.001139s ]
INFO: [ view_filter ] --START--
INFO: Run Behavior\WriteHtmlCache [ RunTime:0.000027s ]
INFO: [ view_filter ] --END-- [ RunTime:0.000049s ]
INFO: Run SocialComment [ RunTime:0.001842s ]
INFO: [ documentDetailAfter ] --END-- [ RunTime:0.002627s ]
INFO: Run Behavior\ParseTemplate [ RunTime:0.001252s ]
INFO: [ view_parse ] --END-- [ RunTime:0.001139s ]
INFO: [ view_filter ] --START--
INFO: Run Behavior\WriteHtmlCache [ RunTime:0.000005s ]
INFO: [ view_filter ] --END-- [ RunTime:-0.000101s ]
INFO: [ app_end ] --START--
INFO: Run Behavior\ShowPageTrace [ RunTime:0.000031s ]
INFO: [ app_end ] --END-- [ RunTime:0.000060s ]

[ 2017-03-12T15:43:50+08:00 ] 60.191.38.77 /
SQL: SHOW COLUMNS FROM `ot_document` [ RunTime:0.000313s ]
SQL: SELECT * FROM `ot_document` WHERE ( status=1 ) ORDER BY view desc LIMIT 0,12   [ RunTime:0.000262s ]
SQL: SHOW COLUMNS FROM `ot_category` [ RunTime:0.000337s ]
SQL: SELECT `id`,`name`,`title`,`pid`,`sort`,`list_row`,`meta_title`,`keywords`,`description`,`template_index`,`template_lists`,`template_detail`,`template_edit`,`model`,`type`,`link_id`,`allow_publish`,`display`,`reply`,`check`,`reply_model`,`extend`,`create_time`,`update_time`,`status`,`icon` FROM `ot_category` WHERE ( `status` = 1 ) ORDER BY sort  [ RunTime:0.000090s ]
SQL: SELECT COUNT(*) AS tp_count FROM `ot_document` WHERE ( status=1 ) LIMIT 1   [ RunTime:0.000143s ]
SQL: SELECT * FROM `ot_document` WHERE ( status=1 ) ORDER BY create_time desc LIMIT 0,10   [ RunTime:0.000208s ]
SQL: SELECT * FROM `ot_category` WHERE ( id=61 ) LIMIT 1   [ RunTime:0.000044s ]
SQL: SELECT * FROM `ot_category` WHERE ( id=61 ) LIMIT 1   [ RunTime:0.000050s ]
SQL: SELECT * FROM `ot_category` WHERE ( id=61 ) LIMIT 1   [ RunTime:0.000069s ]
SQL: SELECT * FROM `ot_category` WHERE ( id=50 ) LIMIT 1   [ RunTime:0.000041s ]
SQL: SELECT * FROM `ot_category` WHERE ( id=50 ) LIMIT 1   [ RunTime:0.000040s ]
SQL: SELECT * FROM `ot_category` WHERE ( id=50 ) LIMIT 1   [ RunTime:0.000040s ]
SQL: SELECT * FROM `ot_category` WHERE ( id=50 ) LIMIT 1   [ RunTime:0.000041s ]
SQL: SELECT * FROM `ot_category` WHERE ( id=50 ) LIMIT 1   [ RunTime:0.000042s ]
SQL: SELECT * FROM `ot_category` WHERE ( id=50 ) LIMIT 1   [ RunTime:0.000043s ]
SQL: SELECT * FROM `ot_category` WHERE ( id=61 ) LIMIT 1   [ RunTime:0.000088s ]
INFO: [ view_parse ] --START--
INFO: [ template_filter ] --START--
INFO: Run Behavior\ContentReplace [ RunTime:0.000112s ]
INFO: [ template_filter ] --END-- [ RunTime:0.000148s ]
INFO: Run Behavior\ParseTemplate [ RunTime:0.010683s ]
INFO: [ view_parse ] --END-- [ RunTime:0.010716s ]
INFO: [ view_filter ] --START--
INFO: Run Behavior\WriteHtmlCache [ RunTime:0.000027s ]
INFO: [ view_filter ] --END-- [ RunTime:0.000050s ]
INFO: [ app_end ] --START--
INFO: Run Behavior\ShowPageTrace [ RunTime:0.000029s ]
INFO: [ app_end ] --END-- [ RunTime:0.000058s ]

[ 2017-03-12T16:55:58+08:00 ] 5.63.161.60 /
SQL: SHOW COLUMNS FROM `ot_document` [ RunTime:0.000300s ]
SQL: SELECT * FROM `ot_document` WHERE ( status=1 ) ORDER BY view desc LIMIT 0,12   [ RunTime:0.000051s ]
SQL: SHOW COLUMNS FROM `ot_category` [ RunTime:0.000320s ]
SQL: SELECT `id`,`name`,`title`,`pid`,`sort`,`list_row`,`meta_title`,`keywords`,`description`,`template_index`,`template_lists`,`template_detail`,`template_edit`,`model`,`type`,`link_id`,`allow_publish`,`display`,`reply`,`check`,`reply_model`,`extend`,`create_time`,`update_time`,`status`,`icon` FROM `ot_category` WHERE ( `status` = 1 ) ORDER BY sort  [ RunTime:0.000059s ]
SQL: SELECT COUNT(*) AS tp_count FROM `ot_document` WHERE ( status=1 ) LIMIT 1   [ RunTime:0.000041s ]
SQL: SELECT * FROM `ot_document` WHERE ( status=1 ) ORDER BY create_time desc LIMIT 0,10   [ RunTime:0.000095s ]
SQL: SELECT * FROM `ot_category` WHERE ( id=61 ) LIMIT 1   [ RunTime:0.000058s ]
SQL: SELECT * FROM `ot_category` WHERE ( id=61 ) LIMIT 1   [ RunTime:0.000045s ]
SQL: SELECT * FROM `ot_category` WHERE ( id=61 ) LIMIT 1   [ RunTime:0.000040s ]
SQL: SELECT * FROM `ot_category` WHERE ( id=50 ) LIMIT 1   [ RunTime:0.000040s ]
SQL: SELECT * FROM `ot_category` WHERE ( id=50 ) LIMIT 1   [ RunTime:0.000039s ]
SQL: SELECT * FROM `ot_category` WHERE ( id=50 ) LIMIT 1   [ RunTime:0.000042s ]
SQL: SELECT * FROM `ot_category` WHERE ( id=50 ) LIMIT 1   [ RunTime:0.000043s ]
SQL: SELECT * FROM `ot_category` WHERE ( id=50 ) LIMIT 1   [ RunTime:0.000041s ]
SQL: SELECT * FROM `ot_category` WHERE ( id=50 ) LIMIT 1   [ RunTime:0.000065s ]
SQL: SELECT * FROM `ot_category` WHERE ( id=61 ) LIMIT 1   [ RunTime:0.000046s ]
INFO: [ view_parse ] --START--
INFO: [ template_filter ] --START--
INFO: Run Behavior\ContentReplace [ RunTime:0.000117s ]
INFO: [ template_filter ] --END-- [ RunTime:0.000151s ]
INFO: Run Behavior\ParseTemplate [ RunTime:0.010306s ]
INFO: [ view_parse ] --END-- [ RunTime:0.010340s ]
INFO: [ view_filter ] --START--
INFO: Run Behavior\WriteHtmlCache [ RunTime:0.000027s ]
INFO: [ view_filter ] --END-- [ RunTime:0.000049s ]
INFO: [ app_end ] --START--
INFO: Run Behavior\ShowPageTrace [ RunTime:0.000030s ]
INFO: [ app_end ] --END-- [ RunTime:0.000059s ]

[ 2017-03-12T16:58:16+08:00 ] 123.125.71.32 /
SQL: SHOW COLUMNS FROM `ot_document` [ RunTime:0.000319s ]
SQL: SELECT * FROM `ot_document` WHERE ( status=1 ) ORDER BY view desc LIMIT 0,12   [ RunTime:0.000051s ]
SQL: SHOW COLUMNS FROM `ot_category` [ RunTime:0.000334s ]
SQL: SELECT `id`,`name`,`title`,`pid`,`sort`,`list_row`,`meta_title`,`keywords`,`description`,`template_index`,`template_lists`,`template_detail`,`template_edit`,`model`,`type`,`link_id`,`allow_publish`,`display`,`reply`,`check`,`reply_model`,`extend`,`create_time`,`update_time`,`status`,`icon` FROM `ot_category` WHERE ( `status` = 1 ) ORDER BY sort  [ RunTime:0.000056s ]
SQL: SELECT COUNT(*) AS tp_count FROM `ot_document` WHERE ( status=1 ) LIMIT 1   [ RunTime:0.000038s ]
SQL: SELECT * FROM `ot_document` WHERE ( status=1 ) ORDER BY create_time desc LIMIT 0,10   [ RunTime:0.000060s ]
SQL: SELECT * FROM `ot_category` WHERE ( id=61 ) LIMIT 1   [ RunTime:0.000130s ]
SQL: SELECT * FROM `ot_category` WHERE ( id=61 ) LIMIT 1   [ RunTime:0.000060s ]
SQL: SELECT * FROM `ot_category` WHERE ( id=61 ) LIMIT 1   [ RunTime:0.000044s ]
SQL: SELECT * FROM `ot_category` WHERE ( id=50 ) LIMIT 1   [ RunTime:0.000044s ]
SQL: SELECT * FROM `ot_category` WHERE ( id=50 ) LIMIT 1   [ RunTime:0.000052s ]
SQL: SELECT * FROM `ot_category` WHERE ( id=50 ) LIMIT 1   [ RunTime:0.000042s ]
SQL: SELECT * FROM `ot_category` WHERE ( id=50 ) LIMIT 1   [ RunTime:0.000043s ]
SQL: SELECT * FROM `ot_category` WHERE ( id=50 ) LIMIT 1   [ RunTime:0.000043s ]
SQL: SELECT * FROM `ot_category` WHERE ( id=50 ) LIMIT 1   [ RunTime:0.000044s ]
SQL: SELECT * FROM `ot_category` WHERE ( id=61 ) LIMIT 1   [ RunTime:0.000044s ]
INFO: [ view_parse ] --START--
INFO: [ template_filter ] --START--
INFO: Run Behavior\ContentReplace [ RunTime:0.000124s ]
INFO: [ template_filter ] --END-- [ RunTime:0.000160s ]
INFO: Run Behavior\ParseTemplate [ RunTime:0.010863s ]
INFO: [ view_parse ] --END-- [ RunTime:0.010897s ]
INFO: [ view_filter ] --START--
INFO: Run Behavior\WriteHtmlCache [ RunTime:0.000026s ]
INFO: [ view_filter ] --END-- [ RunTime:0.000046s ]
INFO: [ app_end ] --START--
INFO: Run Behavior\ShowPageTrace [ RunTime:0.000056s ]
INFO: [ app_end ] --END-- [ RunTime:0.000086s ]

[ 2017-03-12T18:05:59+08:00 ] 189.175.53.164 /
SQL: SHOW COLUMNS FROM `ot_document` [ RunTime:0.000312s ]
SQL: SELECT * FROM `ot_document` WHERE ( status=1 ) ORDER BY view desc LIMIT 0,12   [ RunTime:0.000054s ]
SQL: SHOW COLUMNS FROM `ot_category` [ RunTime:0.000324s ]
SQL: SELECT `id`,`name`,`title`,`pid`,`sort`,`list_row`,`meta_title`,`keywords`,`description`,`template_index`,`template_lists`,`template_detail`,`template_edit`,`model`,`type`,`link_id`,`allow_publish`,`display`,`reply`,`check`,`reply_model`,`extend`,`create_time`,`update_time`,`status`,`icon` FROM `ot_category` WHERE ( `status` = 1 ) ORDER BY sort  [ RunTime:0.000063s ]
SQL: SELECT COUNT(*) AS tp_count FROM `ot_document` WHERE ( status=1 ) LIMIT 1   [ RunTime:0.000042s ]
SQL: SELECT * FROM `ot_document` WHERE ( status=1 ) ORDER BY create_time desc LIMIT 0,10   [ RunTime:0.000053s ]
SQL: SELECT * FROM `ot_category` WHERE ( id=61 ) LIMIT 1   [ RunTime:0.000046s ]
SQL: SELECT * FROM `ot_category` WHERE ( id=61 ) LIMIT 1   [ RunTime:0.000050s ]
SQL: SELECT * FROM `ot_category` WHERE ( id=61 ) LIMIT 1   [ RunTime:0.000044s ]
SQL: SELECT * FROM `ot_category` WHERE ( id=50 ) LIMIT 1   [ RunTime:0.000044s ]
SQL: SELECT * FROM `ot_category` WHERE ( id=50 ) LIMIT 1   [ RunTime:0.000043s ]
SQL: SELECT * FROM `ot_category` WHERE ( id=50 ) LIMIT 1   [ RunTime:0.000043s ]
SQL: SELECT * FROM `ot_category` WHERE ( id=50 ) LIMIT 1   [ RunTime:0.000044s ]
SQL: SELECT * FROM `ot_category` WHERE ( id=50 ) LIMIT 1   [ RunTime:0.000044s ]
SQL: SELECT * FROM `ot_category` WHERE ( id=50 ) LIMIT 1   [ RunTime:0.000043s ]
SQL: SELECT * FROM `ot_category` WHERE ( id=61 ) LIMIT 1   [ RunTime:0.000043s ]
INFO: [ view_parse ] --START--
INFO: [ template_filter ] --START--
INFO: Run Behavior\ContentReplace [ RunTime:0.000111s ]
INFO: [ template_filter ] --END-- [ RunTime:0.000145s ]
INFO: Run Behavior\ParseTemplate [ RunTime:0.010613s ]
INFO: [ view_parse ] --END-- [ RunTime:0.010648s ]
INFO: [ view_filter ] --START--
INFO: Run Behavior\WriteHtmlCache [ RunTime:0.000028s ]
INFO: [ view_filter ] --END-- [ RunTime:0.000051s ]
INFO: [ app_end ] --START--
INFO: Run Behavior\ShowPageTrace [ RunTime:0.000031s ]
INFO: [ app_end ] --END-- [ RunTime:0.000059s ]

[ 2017-03-12T22:57:50+08:00 ] 73.232.204.47 /
SQL: SHOW COLUMNS FROM `ot_document` [ RunTime:0.000311s ]
SQL: SELECT * FROM `ot_document` WHERE ( status=1 ) ORDER BY view desc LIMIT 0,12   [ RunTime:0.000060s ]
SQL: SHOW COLUMNS FROM `ot_category` [ RunTime:0.000343s ]
SQL: SELECT `id`,`name`,`title`,`pid`,`sort`,`list_row`,`meta_title`,`keywords`,`description`,`template_index`,`template_lists`,`template_detail`,`template_edit`,`model`,`type`,`link_id`,`allow_publish`,`display`,`reply`,`check`,`reply_model`,`extend`,`create_time`,`update_time`,`status`,`icon` FROM `ot_category` WHERE ( `status` = 1 ) ORDER BY sort  [ RunTime:0.000073s ]
SQL: SELECT COUNT(*) AS tp_count FROM `ot_document` WHERE ( status=1 ) LIMIT 1   [ RunTime:0.000042s ]
SQL: SELECT * FROM `ot_document` WHERE ( status=1 ) ORDER BY create_time desc LIMIT 0,10   [ RunTime:0.000052s ]
SQL: SELECT * FROM `ot_category` WHERE ( id=61 ) LIMIT 1   [ RunTime:0.000046s ]
SQL: SELECT * FROM `ot_category` WHERE ( id=61 ) LIMIT 1   [ RunTime:0.000049s ]
SQL: SELECT * FROM `ot_category` WHERE ( id=61 ) LIMIT 1   [ RunTime:0.000056s ]
SQL: SELECT * FROM `ot_category` WHERE ( id=50 ) LIMIT 1   [ RunTime:0.000045s ]
SQL: SELECT * FROM `ot_category` WHERE ( id=50 ) LIMIT 1   [ RunTime:0.000044s ]
SQL: SELECT * FROM `ot_category` WHERE ( id=50 ) LIMIT 1   [ RunTime:0.000043s ]
SQL: SELECT * FROM `ot_category` WHERE ( id=50 ) LIMIT 1   [ RunTime:0.000055s ]
SQL: SELECT * FROM `ot_category` WHERE ( id=50 ) LIMIT 1   [ RunTime:0.000044s ]
SQL: SELECT * FROM `ot_category` WHERE ( id=50 ) LIMIT 1   [ RunTime:0.000044s ]
SQL: SELECT * FROM `ot_category` WHERE ( id=61 ) LIMIT 1   [ RunTime:0.000045s ]
INFO: [ view_parse ] --START--
INFO: [ template_filter ] --START--
INFO: Run Behavior\ContentReplace [ RunTime:0.000108s ]
INFO: [ template_filter ] --END-- [ RunTime:0.000144s ]
INFO: Run Behavior\ParseTemplate [ RunTime:0.010734s ]
INFO: [ view_parse ] --END-- [ RunTime:0.010770s ]
INFO: [ view_filter ] --START--
INFO: Run Behavior\WriteHtmlCache [ RunTime:0.000029s ]
INFO: [ view_filter ] --END-- [ RunTime:0.000051s ]
INFO: [ app_end ] --START--
INFO: Run Behavior\ShowPageTrace [ RunTime:0.000031s ]
INFO: [ app_end ] --END-- [ RunTime:0.000060s ]

[ 2017-03-12T23:50:20+08:00 ] 220.181.108.168 /index.php?s=/home/article/lists/category/nodejs.html
SQL: SHOW COLUMNS FROM `ot_document` [ RunTime:0.000320s ]
SQL: SELECT * FROM `ot_document` WHERE ( status=1 ) ORDER BY view desc LIMIT 0,12   [ RunTime:0.000052s ]
SQL: SHOW COLUMNS FROM `ot_category` [ RunTime:0.000350s ]
SQL: SELECT `id`,`name`,`title`,`pid`,`sort`,`list_row`,`meta_title`,`keywords`,`description`,`template_index`,`template_lists`,`template_detail`,`template_edit`,`model`,`type`,`link_id`,`allow_publish`,`display`,`reply`,`check`,`reply_model`,`extend`,`create_time`,`update_time`,`status`,`icon` FROM `ot_category` WHERE ( `name` = 'nodejs' ) LIMIT 1   [ RunTime:0.000063s ]
INFO: [ view_parse ] --START--
INFO: [ template_filter ] --START--
INFO: Run Behavior\ContentReplace [ RunTime:0.000024s ]
INFO: [ template_filter ] --END-- [ RunTime:0.000055s ]
INFO: Run Behavior\ParseTemplate [ RunTime:0.001351s ]
INFO: [ view_parse ] --END-- [ RunTime:0.001383s ]
INFO: [ view_filter ] --START--
INFO: Run Behavior\WriteHtmlCache [ RunTime:0.000027s ]
INFO: [ view_filter ] --END-- [ RunTime:0.000048s ]

[ 2017-03-12T23:58:31+08:00 ] 208.43.225.84 /
SQL: SHOW COLUMNS FROM `ot_document` [ RunTime:0.000304s ]
SQL: SELECT * FROM `ot_document` WHERE ( status=1 ) ORDER BY view desc LIMIT 0,12   [ RunTime:0.000055s ]
SQL: SHOW COLUMNS FROM `ot_category` [ RunTime:0.000324s ]
SQL: SELECT `id`,`name`,`title`,`pid`,`sort`,`list_row`,`meta_title`,`keywords`,`description`,`template_index`,`template_lists`,`template_detail`,`template_edit`,`model`,`type`,`link_id`,`allow_publish`,`display`,`reply`,`check`,`reply_model`,`extend`,`create_time`,`update_time`,`status`,`icon` FROM `ot_category` WHERE ( `status` = 1 ) ORDER BY sort  [ RunTime:0.000061s ]
SQL: SELECT COUNT(*) AS tp_count FROM `ot_document` WHERE ( status=1 ) LIMIT 1   [ RunTime:0.000041s ]
SQL: SELECT * FROM `ot_document` WHERE ( status=1 ) ORDER BY create_time desc LIMIT 0,10   [ RunTime:0.000051s ]
SQL: SELECT * FROM `ot_category` WHERE ( id=61 ) LIMIT 1   [ RunTime:0.000047s ]
SQL: SELECT * FROM `ot_category` WHERE ( id=61 ) LIMIT 1   [ RunTime:0.000049s ]
SQL: SELECT * FROM `ot_category` WHERE ( id=61 ) LIMIT 1   [ RunTime:0.000044s ]
SQL: SELECT * FROM `ot_category` WHERE ( id=50 ) LIMIT 1   [ RunTime:0.000044s ]
SQL: SELECT * FROM `ot_category` WHERE ( id=50 ) LIMIT 1   [ RunTime:0.000042s ]
SQL: SELECT * FROM `ot_category` WHERE ( id=50 ) LIMIT 1   [ RunTime:0.000042s ]
SQL: SELECT * FROM `ot_category` WHERE ( id=50 ) LIMIT 1   [ RunTime:0.000053s ]
SQL: SELECT * FROM `ot_category` WHERE ( id=50 ) LIMIT 1   [ RunTime:0.000054s ]
SQL: SELECT * FROM `ot_category` WHERE ( id=50 ) LIMIT 1   [ RunTime:0.000041s ]
SQL: SELECT * FROM `ot_category` WHERE ( id=61 ) LIMIT 1   [ RunTime:0.000045s ]
INFO: [ view_parse ] --START--
INFO: [ template_filter ] --START--
INFO: Run Behavior\ContentReplace [ RunTime:0.000139s ]
INFO: [ template_filter ] --END-- [ RunTime:0.000176s ]
INFO: Run Behavior\ParseTemplate [ RunTime:0.010689s ]
INFO: [ view_parse ] --END-- [ RunTime:0.010722s ]
INFO: [ view_filter ] --START--
INFO: Run Behavior\WriteHtmlCache [ RunTime:0.000027s ]
INFO: [ view_filter ] --END-- [ RunTime:0.000049s ]
INFO: [ app_end ] --START--
INFO: Run Behavior\ShowPageTrace [ RunTime:0.000027s ]
INFO: [ app_end ] --END-- [ RunTime:0.000056s ]

