[ 2017-07-31T02:21:31+08:00 ] 103.78.132.3 /
SQL: SHOW COLUMNS FROM `ot_document` [ RunTime:0.000312s ]
SQL: SELECT * FROM `ot_document` WHERE ( status=1 ) ORDER BY view desc LIMIT 0,12   [ RunTime:0.000303s ]
SQL: SHOW COLUMNS FROM `ot_category` [ RunTime:0.000346s ]
SQL: SELECT `id`,`name`,`title`,`pid`,`sort`,`list_row`,`meta_title`,`keywords`,`description`,`template_index`,`template_lists`,`template_detail`,`template_edit`,`model`,`type`,`link_id`,`allow_publish`,`display`,`reply`,`check`,`reply_model`,`extend`,`create_time`,`update_time`,`status`,`icon` FROM `ot_category` WHERE ( `status` = 1 ) ORDER BY sort  [ RunTime:0.000066s ]
SQL: SELECT COUNT(*) AS tp_count FROM `ot_document` WHERE ( status=1 ) LIMIT 1   [ RunTime:0.000131s ]
SQL: SELECT * FROM `ot_document` WHERE ( status=1 ) ORDER BY create_time desc LIMIT 0,10   [ RunTime:0.000240s ]
SQL: SELECT * FROM `ot_category` WHERE ( id=65 ) LIMIT 1   [ RunTime:0.000052s ]
SQL: SELECT * FROM `ot_category` WHERE ( id=65 ) LIMIT 1   [ RunTime:0.000061s ]
SQL: SELECT * FROM `ot_category` WHERE ( id=65 ) LIMIT 1   [ RunTime:0.000044s ]
SQL: SELECT * FROM `ot_category` WHERE ( id=54 ) LIMIT 1   [ RunTime:0.000044s ]
SQL: SELECT * FROM `ot_category` WHERE ( id=66 ) LIMIT 1   [ RunTime:0.000043s ]
SQL: SELECT * FROM `ot_category` WHERE ( id=66 ) LIMIT 1   [ RunTime:0.000042s ]
SQL: SELECT * FROM `ot_category` WHERE ( id=66 ) LIMIT 1   [ RunTime:0.000042s ]
SQL: SELECT * FROM `ot_category` WHERE ( id=66 ) LIMIT 1   [ RunTime:0.000043s ]
SQL: SELECT * FROM `ot_category` WHERE ( id=68 ) LIMIT 1   [ RunTime:0.000087s ]
SQL: SELECT * FROM `ot_category` WHERE ( id=67 ) LIMIT 1   [ RunTime:0.000044s ]
INFO: [ view_parse ] --START--
INFO: [ template_filter ] --START--
INFO: Run Behavior\ContentReplace [ RunTime:0.000110s ]
INFO: [ template_filter ] --END-- [ RunTime:0.000148s ]
INFO: Run Behavior\ParseTemplate [ RunTime:0.010517s ]
INFO: [ view_parse ] --END-- [ RunTime:0.010552s ]
INFO: [ view_filter ] --START--
INFO: Run Behavior\WriteHtmlCache [ RunTime:0.000028s ]
INFO: [ view_filter ] --END-- [ RunTime:0.000051s ]
INFO: [ app_end ] --START--
INFO: Run Behavior\ShowPageTrace [ RunTime:0.000028s ]
INFO: [ app_end ] --END-- [ RunTime:0.000057s ]

[ 2017-07-31T04:06:40+08:00 ] 123.126.113.189 /index.php?s=/home/article/detail/id/85.html
SQL: SHOW COLUMNS FROM `ot_document` [ RunTime:0.000361s ]
SQL: SELECT * FROM `ot_document` WHERE ( status=1 ) ORDER BY view desc LIMIT 0,12   [ RunTime:0.000052s ]
SQL: SELECT `id`,`uid`,`name`,`title`,`category_id`,`description`,`root`,`pid`,`model_id`,`type`,`position`,`link_id`,`cover_id`,`display`,`deadline`,`attach`,`view`,`comment`,`extend`,`level`,`create_time`,`update_time`,`status` FROM `ot_document` WHERE ( `id` = 85 ) LIMIT 1   [ RunTime:0.000153s ]
SQL: SHOW COLUMNS FROM `ot_document_article` [ RunTime:0.000259s ]
SQL: SELECT `id`,`parse`,`content`,`template`,`bookmark` FROM `ot_document_article` WHERE ( `id` = 85 ) LIMIT 1   [ RunTime:0.000115s ]
SQL: SHOW COLUMNS FROM `ot_category` [ RunTime:0.000380s ]
SQL: SELECT `id`,`name`,`title`,`pid`,`sort`,`list_row`,`meta_title`,`keywords`,`description`,`template_index`,`template_lists`,`template_detail`,`template_edit`,`model`,`type`,`link_id`,`allow_publish`,`display`,`reply`,`check`,`reply_model`,`extend`,`create_time`,`update_time`,`status`,`icon` FROM `ot_category` WHERE ( `id` = 65 ) LIMIT 1   [ RunTime:0.000048s ]
SQL: UPDATE `ot_document` SET `view`=view+1 WHERE ( `id` = 85 ) [ RunTime:0.000124s ]
INFO: [ view_parse ] --START--
INFO: [ template_filter ] --START--
INFO: Run Behavior\ContentReplace [ RunTime:0.000106s ]
INFO: [ template_filter ] --END-- [ RunTime:0.000137s ]
SQL: SELECT `id`,`uid`,`name`,`title`,`category_id`,`description`,`root`,`pid`,`model_id`,`type`,`position`,`link_id`,`cover_id`,`display`,`deadline`,`attach`,`view`,`comment`,`extend`,`level`,`create_time`,`update_time`,`status` FROM `ot_document` WHERE ( `id` < '85' ) AND ( `pid` = 0 ) AND ( `category_id` = 65 ) AND ( `status` = 1 ) ORDER BY id DESC LIMIT 1   [ RunTime:0.000198s ]
SQL: SELECT `id`,`uid`,`name`,`title`,`category_id`,`description`,`root`,`pid`,`model_id`,`type`,`position`,`link_id`,`cover_id`,`display`,`deadline`,`attach`,`view`,`comment`,`extend`,`level`,`create_time`,`update_time`,`status` FROM `ot_document` WHERE ( `id` > '85' ) AND ( `pid` = 0 ) AND ( `category_id` = 65 ) AND ( `status` = 1 ) ORDER BY id LIMIT 1   [ RunTime:0.000199s ]
INFO: [ documentDetailAfter ] --START--
SQL: SHOW COLUMNS FROM `ot_attachment` [ RunTime:0.000256s ]
SQL: SELECT `id`,`uid`,`title`,`type`,`source`,`record_id`,`download`,`size`,`dir`,`sort`,`create_time`,`update_time`,`status` FROM `ot_attachment` WHERE ( `record_id` = 85 ) AND ( `status` = 1 )  [ RunTime:0.000104s ]
INFO: Run Attachment [ RunTime:0.000722s ]
SQL: SHOW COLUMNS FROM `ot_addons` [ RunTime:0.000282s ]
SQL: SELECT `config` FROM `ot_addons` WHERE ( `name` = 'SocialComment' ) AND ( `status` = 1 ) LIMIT 1   [ RunTime:0.000038s ]
INFO: [ view_parse ] --START--
INFO: [ template_filter ] --START--
INFO: Run Behavior\ContentReplace [ RunTime:0.000020s ]
INFO: [ template_filter ] --END-- [ RunTime:-0.003761s ]
NOTIC: [8] Undefined variable: addons /usr/share/nginx/html/Runtime/Cache/Home/58bd718024fb066be57959b1979e41a4.php 第 3 行.
INFO: Run Behavior\ParseTemplate [ RunTime:0.001082s ]
INFO: [ view_parse ] --END-- [ RunTime:0.001108s ]
INFO: [ view_filter ] --START--
INFO: Run Behavior\WriteHtmlCache [ RunTime:0.000025s ]
INFO: [ view_filter ] --END-- [ RunTime:0.000043s ]
INFO: Run SocialComment [ RunTime:0.001754s ]
INFO: [ documentDetailAfter ] --END-- [ RunTime:0.002520s ]
INFO: Run Behavior\ParseTemplate [ RunTime:0.001219s ]
INFO: [ view_parse ] --END-- [ RunTime:0.001108s ]
INFO: [ view_filter ] --START--
INFO: Run Behavior\WriteHtmlCache [ RunTime:0.000004s ]
INFO: [ view_filter ] --END-- [ RunTime:-0.000100s ]
INFO: [ app_end ] --START--
INFO: Run Behavior\ShowPageTrace [ RunTime:0.000068s ]
INFO: [ app_end ] --END-- [ RunTime:0.000104s ]

[ 2017-07-31T04:06:51+08:00 ] 123.126.113.189 /index.php?s=/home/article/detail/id/29.html
SQL: SHOW COLUMNS FROM `ot_document` [ RunTime:0.000318s ]
SQL: SELECT * FROM `ot_document` WHERE ( status=1 ) ORDER BY view desc LIMIT 0,12   [ RunTime:0.000293s ]
SQL: SELECT `id`,`uid`,`name`,`title`,`category_id`,`description`,`root`,`pid`,`model_id`,`type`,`position`,`link_id`,`cover_id`,`display`,`deadline`,`attach`,`view`,`comment`,`extend`,`level`,`create_time`,`update_time`,`status` FROM `ot_document` WHERE ( `id` = 29 ) LIMIT 1   [ RunTime:0.000143s ]
SQL: SHOW COLUMNS FROM `ot_document_article` [ RunTime:0.000260s ]
SQL: SELECT `id`,`parse`,`content`,`template`,`bookmark` FROM `ot_document_article` WHERE ( `id` = 29 ) LIMIT 1   [ RunTime:0.000117s ]
SQL: SHOW COLUMNS FROM `ot_category` [ RunTime:0.000342s ]
SQL: SELECT `id`,`name`,`title`,`pid`,`sort`,`list_row`,`meta_title`,`keywords`,`description`,`template_index`,`template_lists`,`template_detail`,`template_edit`,`model`,`type`,`link_id`,`allow_publish`,`display`,`reply`,`check`,`reply_model`,`extend`,`create_time`,`update_time`,`status`,`icon` FROM `ot_category` WHERE ( `id` = 57 ) LIMIT 1   [ RunTime:0.000154s ]
SQL: UPDATE `ot_document` SET `view`=view+1 WHERE ( `id` = 29 ) [ RunTime:0.000172s ]
INFO: [ view_parse ] --START--
INFO: [ template_filter ] --START--
INFO: Run Behavior\ContentReplace [ RunTime:0.000100s ]
INFO: [ template_filter ] --END-- [ RunTime:0.000136s ]
SQL: SELECT `id`,`uid`,`name`,`title`,`category_id`,`description`,`root`,`pid`,`model_id`,`type`,`position`,`link_id`,`cover_id`,`display`,`deadline`,`attach`,`view`,`comment`,`extend`,`level`,`create_time`,`update_time`,`status` FROM `ot_document` WHERE ( `id` < '29' ) AND ( `pid` = 0 ) AND ( `category_id` = 57 ) AND ( `status` = 1 ) ORDER BY id DESC LIMIT 1   [ RunTime:0.000229s ]
SQL: SELECT `id`,`uid`,`name`,`title`,`category_id`,`description`,`root`,`pid`,`model_id`,`type`,`position`,`link_id`,`cover_id`,`display`,`deadline`,`attach`,`view`,`comment`,`extend`,`level`,`create_time`,`update_time`,`status` FROM `ot_document` WHERE ( `id` > '29' ) AND ( `pid` = 0 ) AND ( `category_id` = 57 ) AND ( `status` = 1 ) ORDER BY id LIMIT 1   [ RunTime:0.000247s ]
INFO: [ documentDetailAfter ] --START--
SQL: SHOW COLUMNS FROM `ot_attachment` [ RunTime:0.000301s ]
SQL: SELECT `id`,`uid`,`title`,`type`,`source`,`record_id`,`download`,`size`,`dir`,`sort`,`create_time`,`update_time`,`status` FROM `ot_attachment` WHERE ( `record_id` = 29 ) AND ( `status` = 1 )  [ RunTime:0.000114s ]
INFO: Run Attachment [ RunTime:0.000791s ]
SQL: SHOW COLUMNS FROM `ot_addons` [ RunTime:0.000273s ]
SQL: SELECT `config` FROM `ot_addons` WHERE ( `name` = 'SocialComment' ) AND ( `status` = 1 ) LIMIT 1   [ RunTime:0.000043s ]
INFO: [ view_parse ] --START--
INFO: [ template_filter ] --START--
INFO: Run Behavior\ContentReplace [ RunTime:0.000023s ]
INFO: [ template_filter ] --END-- [ RunTime:-0.003737s ]
NOTIC: [8] Undefined variable: addons /usr/share/nginx/html/Runtime/Cache/Home/58bd718024fb066be57959b1979e41a4.php 第 3 行.
INFO: Run Behavior\ParseTemplate [ RunTime:0.001105s ]
INFO: [ view_parse ] --END-- [ RunTime:0.001134s ]
INFO: [ view_filter ] --START--
INFO: Run Behavior\WriteHtmlCache [ RunTime:0.000029s ]
INFO: [ view_filter ] --END-- [ RunTime:0.000049s ]
INFO: Run SocialComment [ RunTime:0.001812s ]
INFO: [ documentDetailAfter ] --END-- [ RunTime:0.002635s ]
INFO: Run Behavior\ParseTemplate [ RunTime:0.001247s ]
INFO: [ view_parse ] --END-- [ RunTime:0.001134s ]
INFO: [ view_filter ] --START--
INFO: Run Behavior\WriteHtmlCache [ RunTime:0.000004s ]
INFO: [ view_filter ] --END-- [ RunTime:-0.000095s ]
INFO: [ app_end ] --START--
INFO: Run Behavior\ShowPageTrace [ RunTime:0.000031s ]
INFO: [ app_end ] --END-- [ RunTime:0.000059s ]

[ 2017-07-31T04:07:01+08:00 ] 123.126.113.189 /index.php?s=/Home/Article/detail/id/86.html
SQL: SHOW COLUMNS FROM `ot_document` [ RunTime:0.000320s ]
SQL: SELECT * FROM `ot_document` WHERE ( status=1 ) ORDER BY view desc LIMIT 0,12   [ RunTime:0.000309s ]
SQL: SELECT `id`,`uid`,`name`,`title`,`category_id`,`description`,`root`,`pid`,`model_id`,`type`,`position`,`link_id`,`cover_id`,`display`,`deadline`,`attach`,`view`,`comment`,`extend`,`level`,`create_time`,`update_time`,`status` FROM `ot_document` WHERE ( `id` = 86 ) LIMIT 1   [ RunTime:0.000148s ]
SQL: SHOW COLUMNS FROM `ot_document_article` [ RunTime:0.000257s ]
SQL: SELECT `id`,`parse`,`content`,`template`,`bookmark` FROM `ot_document_article` WHERE ( `id` = 86 ) LIMIT 1   [ RunTime:0.000125s ]
SQL: SHOW COLUMNS FROM `ot_category` [ RunTime:0.000338s ]
SQL: SELECT `id`,`name`,`title`,`pid`,`sort`,`list_row`,`meta_title`,`keywords`,`description`,`template_index`,`template_lists`,`template_detail`,`template_edit`,`model`,`type`,`link_id`,`allow_publish`,`display`,`reply`,`check`,`reply_model`,`extend`,`create_time`,`update_time`,`status`,`icon` FROM `ot_category` WHERE ( `id` = 65 ) LIMIT 1   [ RunTime:0.000055s ]
SQL: UPDATE `ot_document` SET `view`=view+1 WHERE ( `id` = 86 ) [ RunTime:0.000127s ]
INFO: [ view_parse ] --START--
INFO: [ template_filter ] --START--
INFO: Run Behavior\ContentReplace [ RunTime:0.000096s ]
INFO: [ template_filter ] --END-- [ RunTime:0.000128s ]
SQL: SELECT `id`,`uid`,`name`,`title`,`category_id`,`description`,`root`,`pid`,`model_id`,`type`,`position`,`link_id`,`cover_id`,`display`,`deadline`,`attach`,`view`,`comment`,`extend`,`level`,`create_time`,`update_time`,`status` FROM `ot_document` WHERE ( `id` < '86' ) AND ( `pid` = 0 ) AND ( `category_id` = 65 ) AND ( `status` = 1 ) ORDER BY id DESC LIMIT 1   [ RunTime:0.000200s ]
SQL: SELECT `id`,`uid`,`name`,`title`,`category_id`,`description`,`root`,`pid`,`model_id`,`type`,`position`,`link_id`,`cover_id`,`display`,`deadline`,`attach`,`view`,`comment`,`extend`,`level`,`create_time`,`update_time`,`status` FROM `ot_document` WHERE ( `id` > '86' ) AND ( `pid` = 0 ) AND ( `category_id` = 65 ) AND ( `status` = 1 ) ORDER BY id LIMIT 1   [ RunTime:0.000193s ]
INFO: [ documentDetailAfter ] --START--
SQL: SHOW COLUMNS FROM `ot_attachment` [ RunTime:0.000287s ]
SQL: SELECT `id`,`uid`,`title`,`type`,`source`,`record_id`,`download`,`size`,`dir`,`sort`,`create_time`,`update_time`,`status` FROM `ot_attachment` WHERE ( `record_id` = 86 ) AND ( `status` = 1 )  [ RunTime:0.000115s ]
INFO: Run Attachment [ RunTime:0.000821s ]
SQL: SHOW COLUMNS FROM `ot_addons` [ RunTime:0.000262s ]
SQL: SELECT `config` FROM `ot_addons` WHERE ( `name` = 'SocialComment' ) AND ( `status` = 1 ) LIMIT 1   [ RunTime:0.000041s ]
INFO: [ view_parse ] --START--
INFO: [ template_filter ] --START--
INFO: Run Behavior\ContentReplace [ RunTime:0.000023s ]
INFO: [ template_filter ] --END-- [ RunTime:-0.003853s ]
NOTIC: [8] Undefined variable: addons /usr/share/nginx/html/Runtime/Cache/Home/58bd718024fb066be57959b1979e41a4.php 第 3 行.
INFO: Run Behavior\ParseTemplate [ RunTime:0.001157s ]
INFO: [ view_parse ] --END-- [ RunTime:0.001196s ]
INFO: [ view_filter ] --START--
INFO: Run Behavior\WriteHtmlCache [ RunTime:0.000026s ]
INFO: [ view_filter ] --END-- [ RunTime:0.000047s ]
INFO: Run SocialComment [ RunTime:0.001877s ]
INFO: [ documentDetailAfter ] --END-- [ RunTime:0.002733s ]
INFO: Run Behavior\ParseTemplate [ RunTime:0.001310s ]
INFO: [ view_parse ] --END-- [ RunTime:0.001196s ]
INFO: [ view_filter ] --START--
INFO: Run Behavior\WriteHtmlCache [ RunTime:0.000004s ]
INFO: [ view_filter ] --END-- [ RunTime:-0.000099s ]
INFO: [ app_end ] --START--
INFO: Run Behavior\ShowPageTrace [ RunTime:0.000029s ]
INFO: [ app_end ] --END-- [ RunTime:0.000054s ]

[ 2017-07-31T04:07:11+08:00 ] 123.126.113.189 /index.php?s=/home/article/detail/id/75.html
SQL: SHOW COLUMNS FROM `ot_document` [ RunTime:0.000322s ]
SQL: SELECT * FROM `ot_document` WHERE ( status=1 ) ORDER BY view desc LIMIT 0,12   [ RunTime:0.000296s ]
SQL: SELECT `id`,`uid`,`name`,`title`,`category_id`,`description`,`root`,`pid`,`model_id`,`type`,`position`,`link_id`,`cover_id`,`display`,`deadline`,`attach`,`view`,`comment`,`extend`,`level`,`create_time`,`update_time`,`status` FROM `ot_document` WHERE ( `id` = 75 ) LIMIT 1   [ RunTime:0.000181s ]
SQL: SHOW COLUMNS FROM `ot_document_article` [ RunTime:0.000253s ]
SQL: SELECT `id`,`parse`,`content`,`template`,`bookmark` FROM `ot_document_article` WHERE ( `id` = 75 ) LIMIT 1   [ RunTime:0.000118s ]
SQL: SHOW COLUMNS FROM `ot_category` [ RunTime:0.000343s ]
SQL: SELECT `id`,`name`,`title`,`pid`,`sort`,`list_row`,`meta_title`,`keywords`,`description`,`template_index`,`template_lists`,`template_detail`,`template_edit`,`model`,`type`,`link_id`,`allow_publish`,`display`,`reply`,`check`,`reply_model`,`extend`,`create_time`,`update_time`,`status`,`icon` FROM `ot_category` WHERE ( `id` = 64 ) LIMIT 1   [ RunTime:0.000146s ]
SQL: UPDATE `ot_document` SET `view`=view+1 WHERE ( `id` = 75 ) [ RunTime:0.000125s ]
INFO: [ view_parse ] --START--
INFO: [ template_filter ] --START--
INFO: Run Behavior\ContentReplace [ RunTime:0.000096s ]
INFO: [ template_filter ] --END-- [ RunTime:0.000129s ]
SQL: SELECT `id`,`uid`,`name`,`title`,`category_id`,`description`,`root`,`pid`,`model_id`,`type`,`position`,`link_id`,`cover_id`,`display`,`deadline`,`attach`,`view`,`comment`,`extend`,`level`,`create_time`,`update_time`,`status` FROM `ot_document` WHERE ( `id` < '75' ) AND ( `pid` = 0 ) AND ( `category_id` = 64 ) AND ( `status` = 1 ) ORDER BY id DESC LIMIT 1   [ RunTime:0.000204s ]
SQL: SELECT `id`,`uid`,`name`,`title`,`category_id`,`description`,`root`,`pid`,`model_id`,`type`,`position`,`link_id`,`cover_id`,`display`,`deadline`,`attach`,`view`,`comment`,`extend`,`level`,`create_time`,`update_time`,`status` FROM `ot_document` WHERE ( `id` > '75' ) AND ( `pid` = 0 ) AND ( `category_id` = 64 ) AND ( `status` = 1 ) ORDER BY id LIMIT 1   [ RunTime:0.000185s ]
INFO: [ documentDetailAfter ] --START--
SQL: SHOW COLUMNS FROM `ot_attachment` [ RunTime:0.000280s ]
SQL: SELECT `id`,`uid`,`title`,`type`,`source`,`record_id`,`download`,`size`,`dir`,`sort`,`create_time`,`update_time`,`status` FROM `ot_attachment` WHERE ( `record_id` = 75 ) AND ( `status` = 1 )  [ RunTime:0.000112s ]
INFO: Run Attachment [ RunTime:0.000750s ]
SQL: SHOW COLUMNS FROM `ot_addons` [ RunTime:0.000262s ]
SQL: SELECT `config` FROM `ot_addons` WHERE ( `name` = 'SocialComment' ) AND ( `status` = 1 ) LIMIT 1   [ RunTime:0.000042s ]
INFO: [ view_parse ] --START--
INFO: [ template_filter ] --START--
INFO: Run Behavior\ContentReplace [ RunTime:0.000027s ]
INFO: [ template_filter ] --END-- [ RunTime:-0.003687s ]
NOTIC: [8] Undefined variable: addons /usr/share/nginx/html/Runtime/Cache/Home/58bd718024fb066be57959b1979e41a4.php 第 3 行.
INFO: Run Behavior\ParseTemplate [ RunTime:0.001107s ]
INFO: [ view_parse ] --END-- [ RunTime:0.001135s ]
INFO: [ view_filter ] --START--
INFO: Run Behavior\WriteHtmlCache [ RunTime:0.000025s ]
INFO: [ view_filter ] --END-- [ RunTime:0.000045s ]
INFO: Run SocialComment [ RunTime:0.001794s ]
INFO: [ documentDetailAfter ] --END-- [ RunTime:0.002578s ]
INFO: Run Behavior\ParseTemplate [ RunTime:0.001243s ]
INFO: [ view_parse ] --END-- [ RunTime:0.001135s ]
INFO: [ view_filter ] --START--
INFO: Run Behavior\WriteHtmlCache [ RunTime:0.000004s ]
INFO: [ view_filter ] --END-- [ RunTime:-0.000096s ]
INFO: [ app_end ] --START--
INFO: Run Behavior\ShowPageTrace [ RunTime:0.000029s ]
INFO: [ app_end ] --END-- [ RunTime:0.000065s ]

[ 2017-07-31T04:07:21+08:00 ] 123.126.113.189 /index.php?s=/home/article/detail/id/68.html
SQL: SHOW COLUMNS FROM `ot_document` [ RunTime:0.000328s ]
SQL: SELECT * FROM `ot_document` WHERE ( status=1 ) ORDER BY view desc LIMIT 0,12   [ RunTime:0.000295s ]
SQL: SELECT `id`,`uid`,`name`,`title`,`category_id`,`description`,`root`,`pid`,`model_id`,`type`,`position`,`link_id`,`cover_id`,`display`,`deadline`,`attach`,`view`,`comment`,`extend`,`level`,`create_time`,`update_time`,`status` FROM `ot_document` WHERE ( `id` = 68 ) LIMIT 1   [ RunTime:0.000147s ]
SQL: SHOW COLUMNS FROM `ot_document_article` [ RunTime:0.000279s ]
SQL: SELECT `id`,`parse`,`content`,`template`,`bookmark` FROM `ot_document_article` WHERE ( `id` = 68 ) LIMIT 1   [ RunTime:0.000118s ]
SQL: SHOW COLUMNS FROM `ot_category` [ RunTime:0.000342s ]
SQL: SELECT `id`,`name`,`title`,`pid`,`sort`,`list_row`,`meta_title`,`keywords`,`description`,`template_index`,`template_lists`,`template_detail`,`template_edit`,`model`,`type`,`link_id`,`allow_publish`,`display`,`reply`,`check`,`reply_model`,`extend`,`create_time`,`update_time`,`status`,`icon` FROM `ot_category` WHERE ( `id` = 64 ) LIMIT 1   [ RunTime:0.000052s ]
SQL: UPDATE `ot_document` SET `view`=view+1 WHERE ( `id` = 68 ) [ RunTime:0.000128s ]
INFO: [ view_parse ] --START--
INFO: [ template_filter ] --START--
INFO: Run Behavior\ContentReplace [ RunTime:0.000107s ]
INFO: [ template_filter ] --END-- [ RunTime:0.000140s ]
SQL: SELECT `id`,`uid`,`name`,`title`,`category_id`,`description`,`root`,`pid`,`model_id`,`type`,`position`,`link_id`,`cover_id`,`display`,`deadline`,`attach`,`view`,`comment`,`extend`,`level`,`create_time`,`update_time`,`status` FROM `ot_document` WHERE ( `id` < '68' ) AND ( `pid` = 0 ) AND ( `category_id` = 64 ) AND ( `status` = 1 ) ORDER BY id DESC LIMIT 1   [ RunTime:0.000238s ]
SQL: SELECT `id`,`uid`,`name`,`title`,`category_id`,`description`,`root`,`pid`,`model_id`,`type`,`position`,`link_id`,`cover_id`,`display`,`deadline`,`attach`,`view`,`comment`,`extend`,`level`,`create_time`,`update_time`,`status` FROM `ot_document` WHERE ( `id` > '68' ) AND ( `pid` = 0 ) AND ( `category_id` = 64 ) AND ( `status` = 1 ) ORDER BY id LIMIT 1   [ RunTime:0.000185s ]
INFO: [ documentDetailAfter ] --START--
SQL: SHOW COLUMNS FROM `ot_attachment` [ RunTime:0.000302s ]
SQL: SELECT `id`,`uid`,`title`,`type`,`source`,`record_id`,`download`,`size`,`dir`,`sort`,`create_time`,`update_time`,`status` FROM `ot_attachment` WHERE ( `record_id` = 68 ) AND ( `status` = 1 )  [ RunTime:0.000126s ]
INFO: Run Attachment [ RunTime:0.000791s ]
SQL: SHOW COLUMNS FROM `ot_addons` [ RunTime:0.000274s ]
SQL: SELECT `config` FROM `ot_addons` WHERE ( `name` = 'SocialComment' ) AND ( `status` = 1 ) LIMIT 1   [ RunTime:0.000054s ]
INFO: [ view_parse ] --START--
INFO: [ template_filter ] --START--
INFO: Run Behavior\ContentReplace [ RunTime:0.000023s ]
INFO: [ template_filter ] --END-- [ RunTime:-0.003760s ]
NOTIC: [8] Undefined variable: addons /usr/share/nginx/html/Runtime/Cache/Home/58bd718024fb066be57959b1979e41a4.php 第 3 行.
INFO: Run Behavior\ParseTemplate [ RunTime:0.001122s ]
INFO: [ view_parse ] --END-- [ RunTime:0.001150s ]
INFO: [ view_filter ] --START--
INFO: Run Behavior\WriteHtmlCache [ RunTime:0.000032s ]
INFO: [ view_filter ] --END-- [ RunTime:0.000051s ]
INFO: Run SocialComment [ RunTime:0.001839s ]
INFO: [ documentDetailAfter ] --END-- [ RunTime:0.002676s ]
INFO: Run Behavior\ParseTemplate [ RunTime:0.001274s ]
INFO: [ view_parse ] --END-- [ RunTime:0.001150s ]
INFO: [ view_filter ] --START--
INFO: Run Behavior\WriteHtmlCache [ RunTime:0.000004s ]
INFO: [ view_filter ] --END-- [ RunTime:-0.000107s ]
INFO: [ app_end ] --START--
INFO: Run Behavior\ShowPageTrace [ RunTime:0.000028s ]
INFO: [ app_end ] --END-- [ RunTime:0.000056s ]

[ 2017-07-31T04:52:29+08:00 ] 157.55.39.227 /index.php?s=/home/article/detail/id/41.html
SQL: SHOW COLUMNS FROM `ot_document` [ RunTime:0.000317s ]
SQL: SELECT * FROM `ot_document` WHERE ( status=1 ) ORDER BY view desc LIMIT 0,12   [ RunTime:0.000303s ]
SQL: SELECT `id`,`uid`,`name`,`title`,`category_id`,`description`,`root`,`pid`,`model_id`,`type`,`position`,`link_id`,`cover_id`,`display`,`deadline`,`attach`,`view`,`comment`,`extend`,`level`,`create_time`,`update_time`,`status` FROM `ot_document` WHERE ( `id` = 41 ) LIMIT 1   [ RunTime:0.000137s ]
SQL: SHOW COLUMNS FROM `ot_document_article` [ RunTime:0.000262s ]
SQL: SELECT `id`,`parse`,`content`,`template`,`bookmark` FROM `ot_document_article` WHERE ( `id` = 41 ) LIMIT 1   [ RunTime:0.000116s ]
SQL: SHOW COLUMNS FROM `ot_category` [ RunTime:0.000338s ]
SQL: SELECT `id`,`name`,`title`,`pid`,`sort`,`list_row`,`meta_title`,`keywords`,`description`,`template_index`,`template_lists`,`template_detail`,`template_edit`,`model`,`type`,`link_id`,`allow_publish`,`display`,`reply`,`check`,`reply_model`,`extend`,`create_time`,`update_time`,`status`,`icon` FROM `ot_category` WHERE ( `id` = 61 ) LIMIT 1   [ RunTime:0.000055s ]
SQL: UPDATE `ot_document` SET `view`=view+1 WHERE ( `id` = 41 ) [ RunTime:0.000129s ]
INFO: [ view_parse ] --START--
INFO: [ template_filter ] --START--
INFO: Run Behavior\ContentReplace [ RunTime:0.000087s ]
INFO: [ template_filter ] --END-- [ RunTime:0.000122s ]
SQL: SELECT `id`,`uid`,`name`,`title`,`category_id`,`description`,`root`,`pid`,`model_id`,`type`,`position`,`link_id`,`cover_id`,`display`,`deadline`,`attach`,`view`,`comment`,`extend`,`level`,`create_time`,`update_time`,`status` FROM `ot_document` WHERE ( `id` < '41' ) AND ( `pid` = 0 ) AND ( `category_id` = 61 ) AND ( `status` = 1 ) ORDER BY id DESC LIMIT 1   [ RunTime:0.000231s ]
SQL: SELECT `id`,`uid`,`name`,`title`,`category_id`,`description`,`root`,`pid`,`model_id`,`type`,`position`,`link_id`,`cover_id`,`display`,`deadline`,`attach`,`view`,`comment`,`extend`,`level`,`create_time`,`update_time`,`status` FROM `ot_document` WHERE ( `id` > '41' ) AND ( `pid` = 0 ) AND ( `category_id` = 61 ) AND ( `status` = 1 ) ORDER BY id LIMIT 1   [ RunTime:0.000193s ]
INFO: [ documentDetailAfter ] --START--
SQL: SHOW COLUMNS FROM `ot_attachment` [ RunTime:0.000290s ]
SQL: SELECT `id`,`uid`,`title`,`type`,`source`,`record_id`,`download`,`size`,`dir`,`sort`,`create_time`,`update_time`,`status` FROM `ot_attachment` WHERE ( `record_id` = 41 ) AND ( `status` = 1 )  [ RunTime:0.000127s ]
INFO: Run Attachment [ RunTime:0.000796s ]
SQL: SHOW COLUMNS FROM `ot_addons` [ RunTime:0.000274s ]
SQL: SELECT `config` FROM `ot_addons` WHERE ( `name` = 'SocialComment' ) AND ( `status` = 1 ) LIMIT 1   [ RunTime:0.000042s ]
INFO: [ view_parse ] --START--
INFO: [ template_filter ] --START--
INFO: Run Behavior\ContentReplace [ RunTime:0.000023s ]
INFO: [ template_filter ] --END-- [ RunTime:-0.003822s ]
NOTIC: [8] Undefined variable: addons /usr/share/nginx/html/Runtime/Cache/Home/58bd718024fb066be57959b1979e41a4.php 第 3 行.
INFO: Run Behavior\ParseTemplate [ RunTime:0.001125s ]
INFO: [ view_parse ] --END-- [ RunTime:0.001152s ]
INFO: [ view_filter ] --START--
INFO: Run Behavior\WriteHtmlCache [ RunTime:0.000028s ]
INFO: [ view_filter ] --END-- [ RunTime:0.000049s ]
INFO: Run SocialComment [ RunTime:0.001835s ]
INFO: [ documentDetailAfter ] --END-- [ RunTime:0.002664s ]
INFO: Run Behavior\ParseTemplate [ RunTime:0.001271s ]
INFO: [ view_parse ] --END-- [ RunTime:0.001152s ]
INFO: [ view_filter ] --START--
INFO: Run Behavior\WriteHtmlCache [ RunTime:0.000005s ]
INFO: [ view_filter ] --END-- [ RunTime:-0.000102s ]
INFO: [ app_end ] --START--
INFO: Run Behavior\ShowPageTrace [ RunTime:0.000031s ]
INFO: [ app_end ] --END-- [ RunTime:0.000063s ]

[ 2017-07-31T05:05:03+08:00 ] 54.80.50.169 /
SQL: SHOW COLUMNS FROM `ot_document` [ RunTime:0.000317s ]
SQL: SELECT * FROM `ot_document` WHERE ( status=1 ) ORDER BY view desc LIMIT 0,12   [ RunTime:0.000352s ]
SQL: SHOW COLUMNS FROM `ot_category` [ RunTime:0.000347s ]
SQL: SELECT `id`,`name`,`title`,`pid`,`sort`,`list_row`,`meta_title`,`keywords`,`description`,`template_index`,`template_lists`,`template_detail`,`template_edit`,`model`,`type`,`link_id`,`allow_publish`,`display`,`reply`,`check`,`reply_model`,`extend`,`create_time`,`update_time`,`status`,`icon` FROM `ot_category` WHERE ( `status` = 1 ) ORDER BY sort  [ RunTime:0.000077s ]
SQL: SELECT COUNT(*) AS tp_count FROM `ot_document` WHERE ( status=1 ) LIMIT 1   [ RunTime:0.000129s ]
SQL: SELECT * FROM `ot_document` WHERE ( status=1 ) ORDER BY create_time desc LIMIT 0,10   [ RunTime:0.000250s ]
SQL: SELECT * FROM `ot_category` WHERE ( id=65 ) LIMIT 1   [ RunTime:0.000049s ]
SQL: SELECT * FROM `ot_category` WHERE ( id=65 ) LIMIT 1   [ RunTime:0.000062s ]
SQL: SELECT * FROM `ot_category` WHERE ( id=65 ) LIMIT 1   [ RunTime:0.000045s ]
SQL: SELECT * FROM `ot_category` WHERE ( id=54 ) LIMIT 1   [ RunTime:0.000049s ]
SQL: SELECT * FROM `ot_category` WHERE ( id=66 ) LIMIT 1   [ RunTime:0.000044s ]
SQL: SELECT * FROM `ot_category` WHERE ( id=66 ) LIMIT 1   [ RunTime:0.000044s ]
SQL: SELECT * FROM `ot_category` WHERE ( id=66 ) LIMIT 1   [ RunTime:0.000043s ]
SQL: SELECT * FROM `ot_category` WHERE ( id=66 ) LIMIT 1   [ RunTime:0.000043s ]
SQL: SELECT * FROM `ot_category` WHERE ( id=68 ) LIMIT 1   [ RunTime:0.000043s ]
SQL: SELECT * FROM `ot_category` WHERE ( id=67 ) LIMIT 1   [ RunTime:0.000044s ]
INFO: [ view_parse ] --START--
INFO: [ template_filter ] --START--
INFO: Run Behavior\ContentReplace [ RunTime:0.000113s ]
INFO: [ template_filter ] --END-- [ RunTime:0.000150s ]
INFO: Run Behavior\ParseTemplate [ RunTime:0.010672s ]
INFO: [ view_parse ] --END-- [ RunTime:0.010707s ]
INFO: [ view_filter ] --START--
INFO: Run Behavior\WriteHtmlCache [ RunTime:0.000029s ]
INFO: [ view_filter ] --END-- [ RunTime:0.000051s ]
INFO: 
INFO: 
INFO: 

