[ 2017-02-02T00:40:47+08:00 ] 220.181.108.146 /
SQL: SHOW COLUMNS FROM `ot_document` [ RunTime:0.000307s ]
SQL: SELECT * FROM `ot_document` WHERE ( status=1 ) ORDER BY view desc LIMIT 0,12   [ RunTime:0.000245s ]
SQL: SHOW COLUMNS FROM `ot_category` [ RunTime:0.000349s ]
SQL: SELECT `id`,`name`,`title`,`pid`,`sort`,`list_row`,`meta_title`,`keywords`,`description`,`template_index`,`template_lists`,`template_detail`,`template_edit`,`model`,`type`,`link_id`,`allow_publish`,`display`,`reply`,`check`,`reply_model`,`extend`,`create_time`,`update_time`,`status`,`icon` FROM `ot_category` WHERE ( `status` = 1 ) ORDER BY sort  [ RunTime:0.000060s ]
SQL: SELECT COUNT(*) AS tp_count FROM `ot_document` WHERE ( status=1 ) LIMIT 1   [ RunTime:0.000128s ]
SQL: SELECT * FROM `ot_document` WHERE ( status=1 ) ORDER BY create_time desc LIMIT 0,10   [ RunTime:0.000194s ]
SQL: SELECT * FROM `ot_category` WHERE ( id=61 ) LIMIT 1   [ RunTime:0.000049s ]
SQL: SELECT * FROM `ot_category` WHERE ( id=61 ) LIMIT 1   [ RunTime:0.000048s ]
SQL: SELECT * FROM `ot_category` WHERE ( id=61 ) LIMIT 1   [ RunTime:0.000044s ]
SQL: SELECT * FROM `ot_category` WHERE ( id=50 ) LIMIT 1   [ RunTime:0.000043s ]
SQL: SELECT * FROM `ot_category` WHERE ( id=50 ) LIMIT 1   [ RunTime:0.000042s ]
SQL: SELECT * FROM `ot_category` WHERE ( id=50 ) LIMIT 1   [ RunTime:0.000042s ]
SQL: SELECT * FROM `ot_category` WHERE ( id=50 ) LIMIT 1   [ RunTime:0.000041s ]
SQL: SELECT * FROM `ot_category` WHERE ( id=50 ) LIMIT 1   [ RunTime:0.000040s ]
SQL: SELECT * FROM `ot_category` WHERE ( id=50 ) LIMIT 1   [ RunTime:0.000042s ]
SQL: SELECT * FROM `ot_category` WHERE ( id=61 ) LIMIT 1   [ RunTime:0.000043s ]
INFO: [ view_parse ] --START--
INFO: [ template_filter ] --START--
INFO: Run Behavior\ContentReplace [ RunTime:0.000116s ]
INFO: [ template_filter ] --END-- [ RunTime:0.000151s ]
INFO: Run Behavior\ParseTemplate [ RunTime:0.010676s ]
INFO: [ view_parse ] --END-- [ RunTime:0.010711s ]
INFO: [ view_filter ] --START--
INFO: Run Behavior\WriteHtmlCache [ RunTime:0.000029s ]
INFO: [ view_filter ] --END-- [ RunTime:0.000050s ]
INFO: [ app_end ] --START--
INFO: Run Behavior\ShowPageTrace [ RunTime:0.000030s ]
INFO: [ app_end ] --END-- [ RunTime:0.000076s ]

[ 2017-02-02T03:40:20+08:00 ] 179.217.167.32 /
SQL: SHOW COLUMNS FROM `ot_document` [ RunTime:0.000309s ]
SQL: SELECT * FROM `ot_document` WHERE ( status=1 ) ORDER BY view desc LIMIT 0,12   [ RunTime:0.000057s ]
SQL: SHOW COLUMNS FROM `ot_category` [ RunTime:0.000330s ]
SQL: SELECT `id`,`name`,`title`,`pid`,`sort`,`list_row`,`meta_title`,`keywords`,`description`,`template_index`,`template_lists`,`template_detail`,`template_edit`,`model`,`type`,`link_id`,`allow_publish`,`display`,`reply`,`check`,`reply_model`,`extend`,`create_time`,`update_time`,`status`,`icon` FROM `ot_category` WHERE ( `status` = 1 ) ORDER BY sort  [ RunTime:0.000062s ]
SQL: SELECT COUNT(*) AS tp_count FROM `ot_document` WHERE ( status=1 ) LIMIT 1   [ RunTime:0.000047s ]
SQL: SELECT * FROM `ot_document` WHERE ( status=1 ) ORDER BY create_time desc LIMIT 0,10   [ RunTime:0.000054s ]
SQL: SELECT * FROM `ot_category` WHERE ( id=61 ) LIMIT 1   [ RunTime:0.000047s ]
SQL: SELECT * FROM `ot_category` WHERE ( id=61 ) LIMIT 1   [ RunTime:0.000051s ]
SQL: SELECT * FROM `ot_category` WHERE ( id=61 ) LIMIT 1   [ RunTime:0.000046s ]
SQL: SELECT * FROM `ot_category` WHERE ( id=50 ) LIMIT 1   [ RunTime:0.000045s ]
SQL: SELECT * FROM `ot_category` WHERE ( id=50 ) LIMIT 1   [ RunTime:0.000043s ]
SQL: SELECT * FROM `ot_category` WHERE ( id=50 ) LIMIT 1   [ RunTime:0.000044s ]
SQL: SELECT * FROM `ot_category` WHERE ( id=50 ) LIMIT 1   [ RunTime:0.000044s ]
SQL: SELECT * FROM `ot_category` WHERE ( id=50 ) LIMIT 1   [ RunTime:0.000043s ]
SQL: SELECT * FROM `ot_category` WHERE ( id=50 ) LIMIT 1   [ RunTime:0.000055s ]
SQL: SELECT * FROM `ot_category` WHERE ( id=61 ) LIMIT 1   [ RunTime:0.000043s ]
INFO: [ view_parse ] --START--
INFO: [ template_filter ] --START--
INFO: Run Behavior\ContentReplace [ RunTime:0.000109s ]
INFO: [ template_filter ] --END-- [ RunTime:0.000146s ]
INFO: Run Behavior\ParseTemplate [ RunTime:0.010785s ]
INFO: [ view_parse ] --END-- [ RunTime:0.010819s ]
INFO: [ view_filter ] --START--
INFO: Run Behavior\WriteHtmlCache [ RunTime:0.000028s ]
INFO: [ view_filter ] --END-- [ RunTime:0.000052s ]
INFO: [ app_end ] --START--
INFO: Run Behavior\ShowPageTrace [ RunTime:0.000030s ]
INFO: [ app_end ] --END-- [ RunTime:0.000058s ]

[ 2017-02-02T07:01:23+08:00 ] 207.46.13.5 /
SQL: SHOW COLUMNS FROM `ot_document` [ RunTime:0.000311s ]
SQL: SELECT * FROM `ot_document` WHERE ( status=1 ) ORDER BY view desc LIMIT 0,12   [ RunTime:0.000055s ]
SQL: SHOW COLUMNS FROM `ot_category` [ RunTime:0.000333s ]
SQL: SELECT `id`,`name`,`title`,`pid`,`sort`,`list_row`,`meta_title`,`keywords`,`description`,`template_index`,`template_lists`,`template_detail`,`template_edit`,`model`,`type`,`link_id`,`allow_publish`,`display`,`reply`,`check`,`reply_model`,`extend`,`create_time`,`update_time`,`status`,`icon` FROM `ot_category` WHERE ( `status` = 1 ) ORDER BY sort  [ RunTime:0.000064s ]
SQL: SELECT COUNT(*) AS tp_count FROM `ot_document` WHERE ( status=1 ) LIMIT 1   [ RunTime:0.000043s ]
SQL: SELECT * FROM `ot_document` WHERE ( status=1 ) ORDER BY create_time desc LIMIT 0,10   [ RunTime:0.000052s ]
SQL: SELECT * FROM `ot_category` WHERE ( id=61 ) LIMIT 1   [ RunTime:0.000047s ]
SQL: SELECT * FROM `ot_category` WHERE ( id=61 ) LIMIT 1   [ RunTime:0.000060s ]
SQL: SELECT * FROM `ot_category` WHERE ( id=61 ) LIMIT 1   [ RunTime:0.000042s ]
SQL: SELECT * FROM `ot_category` WHERE ( id=50 ) LIMIT 1   [ RunTime:0.000041s ]
SQL: SELECT * FROM `ot_category` WHERE ( id=50 ) LIMIT 1   [ RunTime:0.000041s ]
SQL: SELECT * FROM `ot_category` WHERE ( id=50 ) LIMIT 1   [ RunTime:0.000039s ]
SQL: SELECT * FROM `ot_category` WHERE ( id=50 ) LIMIT 1   [ RunTime:0.000041s ]
SQL: SELECT * FROM `ot_category` WHERE ( id=50 ) LIMIT 1   [ RunTime:0.000053s ]
SQL: SELECT * FROM `ot_category` WHERE ( id=50 ) LIMIT 1   [ RunTime:0.000042s ]
SQL: SELECT * FROM `ot_category` WHERE ( id=61 ) LIMIT 1   [ RunTime:0.000043s ]
INFO: [ view_parse ] --START--
INFO: [ template_filter ] --START--
INFO: Run Behavior\ContentReplace [ RunTime:0.000118s ]
INFO: [ template_filter ] --END-- [ RunTime:0.000167s ]
INFO: Run Behavior\ParseTemplate [ RunTime:0.010872s ]
INFO: [ view_parse ] --END-- [ RunTime:0.010911s ]
INFO: [ view_filter ] --START--
INFO: Run Behavior\WriteHtmlCache [ RunTime:0.000027s ]
INFO: [ view_filter ] --END-- [ RunTime:0.000048s ]
INFO: [ app_end ] --START--
INFO: Run Behavior\ShowPageTrace [ RunTime:0.000030s ]
INFO: [ app_end ] --END-- [ RunTime:0.000059s ]

[ 2017-02-02T08:38:32+08:00 ] 220.181.108.110 /
SQL: SHOW COLUMNS FROM `ot_document` [ RunTime:0.000307s ]
SQL: SELECT * FROM `ot_document` WHERE ( status=1 ) ORDER BY view desc LIMIT 0,12   [ RunTime:0.000056s ]
SQL: SHOW COLUMNS FROM `ot_category` [ RunTime:0.000333s ]
SQL: SELECT `id`,`name`,`title`,`pid`,`sort`,`list_row`,`meta_title`,`keywords`,`description`,`template_index`,`template_lists`,`template_detail`,`template_edit`,`model`,`type`,`link_id`,`allow_publish`,`display`,`reply`,`check`,`reply_model`,`extend`,`create_time`,`update_time`,`status`,`icon` FROM `ot_category` WHERE ( `status` = 1 ) ORDER BY sort  [ RunTime:0.000061s ]
SQL: SELECT COUNT(*) AS tp_count FROM `ot_document` WHERE ( status=1 ) LIMIT 1   [ RunTime:0.000045s ]
SQL: SELECT * FROM `ot_document` WHERE ( status=1 ) ORDER BY create_time desc LIMIT 0,10   [ RunTime:0.000053s ]
SQL: SELECT * FROM `ot_category` WHERE ( id=61 ) LIMIT 1   [ RunTime:0.000047s ]
SQL: SELECT * FROM `ot_category` WHERE ( id=61 ) LIMIT 1   [ RunTime:0.000051s ]
SQL: SELECT * FROM `ot_category` WHERE ( id=61 ) LIMIT 1   [ RunTime:0.000046s ]
SQL: SELECT * FROM `ot_category` WHERE ( id=50 ) LIMIT 1   [ RunTime:0.000045s ]
SQL: SELECT * FROM `ot_category` WHERE ( id=50 ) LIMIT 1   [ RunTime:0.000044s ]
SQL: SELECT * FROM `ot_category` WHERE ( id=50 ) LIMIT 1   [ RunTime:0.000044s ]
SQL: SELECT * FROM `ot_category` WHERE ( id=50 ) LIMIT 1   [ RunTime:0.000043s ]
SQL: SELECT * FROM `ot_category` WHERE ( id=50 ) LIMIT 1   [ RunTime:0.000042s ]
SQL: SELECT * FROM `ot_category` WHERE ( id=50 ) LIMIT 1   [ RunTime:0.000043s ]
SQL: SELECT * FROM `ot_category` WHERE ( id=61 ) LIMIT 1   [ RunTime:0.000043s ]
INFO: [ view_parse ] --START--
INFO: [ template_filter ] --START--
INFO: Run Behavior\ContentReplace [ RunTime:0.000116s ]
INFO: [ template_filter ] --END-- [ RunTime:0.000152s ]
INFO: Run Behavior\ParseTemplate [ RunTime:0.010759s ]
INFO: [ view_parse ] --END-- [ RunTime:0.010794s ]
INFO: [ view_filter ] --START--
INFO: Run Behavior\WriteHtmlCache [ RunTime:0.000028s ]
INFO: [ view_filter ] --END-- [ RunTime:0.000051s ]
INFO: [ app_end ] --START--
INFO: Run Behavior\ShowPageTrace [ RunTime:0.000029s ]
INFO: [ app_end ] --END-- [ RunTime:0.000079s ]

[ 2017-02-02T11:00:47+08:00 ] 60.191.38.77 /
SQL: SHOW COLUMNS FROM `ot_document` [ RunTime:0.000324s ]
SQL: SELECT * FROM `ot_document` WHERE ( status=1 ) ORDER BY view desc LIMIT 0,12   [ RunTime:0.000067s ]
SQL: SHOW COLUMNS FROM `ot_category` [ RunTime:0.000344s ]
SQL: SELECT `id`,`name`,`title`,`pid`,`sort`,`list_row`,`meta_title`,`keywords`,`description`,`template_index`,`template_lists`,`template_detail`,`template_edit`,`model`,`type`,`link_id`,`allow_publish`,`display`,`reply`,`check`,`reply_model`,`extend`,`create_time`,`update_time`,`status`,`icon` FROM `ot_category` WHERE ( `status` = 1 ) ORDER BY sort  [ RunTime:0.000060s ]
SQL: SELECT COUNT(*) AS tp_count FROM `ot_document` WHERE ( status=1 ) LIMIT 1   [ RunTime:0.000042s ]
SQL: SELECT * FROM `ot_document` WHERE ( status=1 ) ORDER BY create_time desc LIMIT 0,10   [ RunTime:0.000050s ]
SQL: SELECT * FROM `ot_category` WHERE ( id=61 ) LIMIT 1   [ RunTime:0.000045s ]
SQL: SELECT * FROM `ot_category` WHERE ( id=61 ) LIMIT 1   [ RunTime:0.000053s ]
SQL: SELECT * FROM `ot_category` WHERE ( id=61 ) LIMIT 1   [ RunTime:0.000044s ]
SQL: SELECT * FROM `ot_category` WHERE ( id=50 ) LIMIT 1   [ RunTime:0.000043s ]
SQL: SELECT * FROM `ot_category` WHERE ( id=50 ) LIMIT 1   [ RunTime:0.000043s ]
SQL: SELECT * FROM `ot_category` WHERE ( id=50 ) LIMIT 1   [ RunTime:0.000053s ]
SQL: SELECT * FROM `ot_category` WHERE ( id=50 ) LIMIT 1   [ RunTime:0.000038s ]
SQL: SELECT * FROM `ot_category` WHERE ( id=50 ) LIMIT 1   [ RunTime:0.000038s ]
SQL: SELECT * FROM `ot_category` WHERE ( id=50 ) LIMIT 1   [ RunTime:0.000038s ]
SQL: SELECT * FROM `ot_category` WHERE ( id=61 ) LIMIT 1   [ RunTime:0.000042s ]
INFO: [ view_parse ] --START--
INFO: [ template_filter ] --START--
INFO: Run Behavior\ContentReplace [ RunTime:0.000112s ]
INFO: [ template_filter ] --END-- [ RunTime:0.000147s ]
INFO: Run Behavior\ParseTemplate [ RunTime:0.010597s ]
INFO: [ view_parse ] --END-- [ RunTime:0.010629s ]
INFO: [ view_filter ] --START--
INFO: Run Behavior\WriteHtmlCache [ RunTime:0.000039s ]
INFO: [ view_filter ] --END-- [ RunTime:0.000061s ]
INFO: [ app_end ] --START--
INFO: Run Behavior\ShowPageTrace [ RunTime:0.000029s ]
INFO: [ app_end ] --END-- [ RunTime:0.000058s ]

[ 2017-02-02T17:01:32+08:00 ] 220.181.108.115 /
SQL: SHOW COLUMNS FROM `ot_document` [ RunTime:0.000328s ]
SQL: SELECT * FROM `ot_document` WHERE ( status=1 ) ORDER BY view desc LIMIT 0,12   [ RunTime:0.000067s ]
SQL: SHOW COLUMNS FROM `ot_category` [ RunTime:0.000351s ]
SQL: SELECT `id`,`name`,`title`,`pid`,`sort`,`list_row`,`meta_title`,`keywords`,`description`,`template_index`,`template_lists`,`template_detail`,`template_edit`,`model`,`type`,`link_id`,`allow_publish`,`display`,`reply`,`check`,`reply_model`,`extend`,`create_time`,`update_time`,`status`,`icon` FROM `ot_category` WHERE ( `status` = 1 ) ORDER BY sort  [ RunTime:0.000065s ]
SQL: SELECT COUNT(*) AS tp_count FROM `ot_document` WHERE ( status=1 ) LIMIT 1   [ RunTime:0.000041s ]
SQL: SELECT * FROM `ot_document` WHERE ( status=1 ) ORDER BY create_time desc LIMIT 0,10   [ RunTime:0.000064s ]
SQL: SELECT * FROM `ot_category` WHERE ( id=61 ) LIMIT 1   [ RunTime:0.000047s ]
SQL: SELECT * FROM `ot_category` WHERE ( id=61 ) LIMIT 1   [ RunTime:0.000050s ]
SQL: SELECT * FROM `ot_category` WHERE ( id=61 ) LIMIT 1   [ RunTime:0.000045s ]
SQL: SELECT * FROM `ot_category` WHERE ( id=50 ) LIMIT 1   [ RunTime:0.000045s ]
SQL: SELECT * FROM `ot_category` WHERE ( id=50 ) LIMIT 1   [ RunTime:0.000044s ]
SQL: SELECT * FROM `ot_category` WHERE ( id=50 ) LIMIT 1   [ RunTime:0.000044s ]
SQL: SELECT * FROM `ot_category` WHERE ( id=50 ) LIMIT 1   [ RunTime:0.000063s ]
SQL: SELECT * FROM `ot_category` WHERE ( id=50 ) LIMIT 1   [ RunTime:0.000043s ]
SQL: SELECT * FROM `ot_category` WHERE ( id=50 ) LIMIT 1   [ RunTime:0.000054s ]
SQL: SELECT * FROM `ot_category` WHERE ( id=61 ) LIMIT 1   [ RunTime:0.000044s ]
INFO: [ view_parse ] --START--
INFO: [ template_filter ] --START--
INFO: Run Behavior\ContentReplace [ RunTime:0.000135s ]
INFO: [ template_filter ] --END-- [ RunTime:0.000169s ]
INFO: Run Behavior\ParseTemplate [ RunTime:0.010919s ]
INFO: [ view_parse ] --END-- [ RunTime:0.010951s ]
INFO: [ view_filter ] --START--
INFO: Run Behavior\WriteHtmlCache [ RunTime:0.000026s ]
INFO: [ view_filter ] --END-- [ RunTime:0.000046s ]
INFO: [ app_end ] --START--
INFO: Run Behavior\ShowPageTrace [ RunTime:0.000027s ]
INFO: [ app_end ] --END-- [ RunTime:0.000069s ]

[ 2017-02-02T17:18:31+08:00 ] 122.224.153.110 /
SQL: SHOW COLUMNS FROM `ot_document` [ RunTime:0.000362s ]
SQL: SELECT * FROM `ot_document` WHERE ( status=1 ) ORDER BY view desc LIMIT 0,12   [ RunTime:0.000052s ]
SQL: SHOW COLUMNS FROM `ot_category` [ RunTime:0.000331s ]
SQL: SELECT `id`,`name`,`title`,`pid`,`sort`,`list_row`,`meta_title`,`keywords`,`description`,`template_index`,`template_lists`,`template_detail`,`template_edit`,`model`,`type`,`link_id`,`allow_publish`,`display`,`reply`,`check`,`reply_model`,`extend`,`create_time`,`update_time`,`status`,`icon` FROM `ot_category` WHERE ( `status` = 1 ) ORDER BY sort  [ RunTime:0.000060s ]
SQL: SELECT COUNT(*) AS tp_count FROM `ot_document` WHERE ( status=1 ) LIMIT 1   [ RunTime:0.000041s ]
SQL: SELECT * FROM `ot_document` WHERE ( status=1 ) ORDER BY create_time desc LIMIT 0,10   [ RunTime:0.000062s ]
SQL: SELECT * FROM `ot_category` WHERE ( id=61 ) LIMIT 1   [ RunTime:0.000045s ]
SQL: SELECT * FROM `ot_category` WHERE ( id=61 ) LIMIT 1   [ RunTime:0.000048s ]
SQL: SELECT * FROM `ot_category` WHERE ( id=61 ) LIMIT 1   [ RunTime:0.000041s ]
SQL: SELECT * FROM `ot_category` WHERE ( id=50 ) LIMIT 1   [ RunTime:0.000040s ]
SQL: SELECT * FROM `ot_category` WHERE ( id=50 ) LIMIT 1   [ RunTime:0.000039s ]
SQL: SELECT * FROM `ot_category` WHERE ( id=50 ) LIMIT 1   [ RunTime:0.000039s ]
SQL: SELECT * FROM `ot_category` WHERE ( id=50 ) LIMIT 1   [ RunTime:0.000039s ]
SQL: SELECT * FROM `ot_category` WHERE ( id=50 ) LIMIT 1   [ RunTime:0.000039s ]
SQL: SELECT * FROM `ot_category` WHERE ( id=50 ) LIMIT 1   [ RunTime:0.000055s ]
SQL: SELECT * FROM `ot_category` WHERE ( id=61 ) LIMIT 1   [ RunTime:0.000042s ]
INFO: [ view_parse ] --START--
INFO: [ template_filter ] --START--
INFO: Run Behavior\ContentReplace [ RunTime:0.000109s ]
INFO: [ template_filter ] --END-- [ RunTime:0.000146s ]
INFO: Run Behavior\ParseTemplate [ RunTime:0.010721s ]
INFO: [ view_parse ] --END-- [ RunTime:0.010756s ]
INFO: [ view_filter ] --START--
INFO: Run Behavior\WriteHtmlCache [ RunTime:0.000028s ]
INFO: [ view_filter ] --END-- [ RunTime:0.000050s ]
INFO: [ app_end ] --START--
INFO: Run Behavior\ShowPageTrace [ RunTime:0.000037s ]
INFO: [ app_end ] --END-- [ RunTime:0.000082s ]

[ 2017-02-02T18:39:02+08:00 ] 207.46.13.5 /
SQL: SHOW COLUMNS FROM `ot_document` [ RunTime:0.000373s ]
SQL: SELECT * FROM `ot_document` WHERE ( status=1 ) ORDER BY view desc LIMIT 0,12   [ RunTime:0.000052s ]
SQL: SHOW COLUMNS FROM `ot_category` [ RunTime:0.000302s ]
SQL: SELECT `id`,`name`,`title`,`pid`,`sort`,`list_row`,`meta_title`,`keywords`,`description`,`template_index`,`template_lists`,`template_detail`,`template_edit`,`model`,`type`,`link_id`,`allow_publish`,`display`,`reply`,`check`,`reply_model`,`extend`,`create_time`,`update_time`,`status`,`icon` FROM `ot_category` WHERE ( `status` = 1 ) ORDER BY sort  [ RunTime:0.000063s ]
SQL: SELECT COUNT(*) AS tp_count FROM `ot_document` WHERE ( status=1 ) LIMIT 1   [ RunTime:0.000037s ]
SQL: SELECT * FROM `ot_document` WHERE ( status=1 ) ORDER BY create_time desc LIMIT 0,10   [ RunTime:0.000047s ]
SQL: SELECT * FROM `ot_category` WHERE ( id=61 ) LIMIT 1   [ RunTime:0.000042s ]
SQL: SELECT * FROM `ot_category` WHERE ( id=61 ) LIMIT 1   [ RunTime:0.000048s ]
SQL: SELECT * FROM `ot_category` WHERE ( id=61 ) LIMIT 1   [ RunTime:0.000043s ]
SQL: SELECT * FROM `ot_category` WHERE ( id=50 ) LIMIT 1   [ RunTime:0.000054s ]
SQL: SELECT * FROM `ot_category` WHERE ( id=50 ) LIMIT 1   [ RunTime:0.000039s ]
SQL: SELECT * FROM `ot_category` WHERE ( id=50 ) LIMIT 1   [ RunTime:0.000041s ]
SQL: SELECT * FROM `ot_category` WHERE ( id=50 ) LIMIT 1   [ RunTime:0.000039s ]
SQL: SELECT * FROM `ot_category` WHERE ( id=50 ) LIMIT 1   [ RunTime:0.000038s ]
SQL: SELECT * FROM `ot_category` WHERE ( id=50 ) LIMIT 1   [ RunTime:0.000038s ]
SQL: SELECT * FROM `ot_category` WHERE ( id=61 ) LIMIT 1   [ RunTime:0.000047s ]
INFO: [ view_parse ] --START--
INFO: [ template_filter ] --START--
INFO: Run Behavior\ContentReplace [ RunTime:0.000108s ]
INFO: [ template_filter ] --END-- [ RunTime:0.000144s ]
INFO: Run Behavior\ParseTemplate [ RunTime:0.010675s ]
INFO: [ view_parse ] --END-- [ RunTime:0.010709s ]
INFO: [ view_filter ] --START--
INFO: Run Behavior\WriteHtmlCache [ RunTime:0.000028s ]
INFO: [ view_filter ] --END-- [ RunTime:0.000049s ]
INFO: [ app_end ] --START--
INFO: Run Behavior\ShowPageTrace [ RunTime:0.000030s ]
INFO: [ app_end ] --END-- [ RunTime:0.000059s ]

[ 2017-02-02T19:42:34+08:00 ] 220.181.108.152 /index.php?s=/home/article/lists/category/redis.html
SQL: SHOW COLUMNS FROM `ot_document` [ RunTime:0.000310s ]
SQL: SELECT * FROM `ot_document` WHERE ( status=1 ) ORDER BY view desc LIMIT 0,12   [ RunTime:0.000056s ]
SQL: SHOW COLUMNS FROM `ot_category` [ RunTime:0.000330s ]
SQL: SELECT `id`,`name`,`title`,`pid`,`sort`,`list_row`,`meta_title`,`keywords`,`description`,`template_index`,`template_lists`,`template_detail`,`template_edit`,`model`,`type`,`link_id`,`allow_publish`,`display`,`reply`,`check`,`reply_model`,`extend`,`create_time`,`update_time`,`status`,`icon` FROM `ot_category` WHERE ( `name` = 'redis' ) LIMIT 1   [ RunTime:0.000055s ]
INFO: [ view_parse ] --START--
INFO: [ template_filter ] --START--
INFO: Run Behavior\ContentReplace [ RunTime:0.000025s ]
INFO: [ template_filter ] --END-- [ RunTime:0.000057s ]
INFO: Run Behavior\ParseTemplate [ RunTime:0.001386s ]
INFO: [ view_parse ] --END-- [ RunTime:0.001418s ]
INFO: [ view_filter ] --START--
INFO: Run Behavior\WriteHtmlCache [ RunTime:0.000027s ]
INFO: [ view_filter ] --END-- [ RunTime:0.000048s ]

