[ 2017-08-04T01:21:09+08:00 ] 192.94.66.22 /index.php?s=/Admin/Public/login.html
INFO: [ view_parse ] --START--
INFO: [ template_filter ] --START--
INFO: Run Behavior\ContentReplace [ RunTime:0.000037s ]
INFO: [ template_filter ] --END-- [ RunTime:0.000068s ]
INFO: Run Behavior\ParseTemplate [ RunTime:0.001483s ]
INFO: [ view_parse ] --END-- [ RunTime:0.001530s ]
INFO: [ view_filter ] --START--
INFO: Run Behavior\WriteHtmlCache [ RunTime:0.000027s ]
INFO: [ view_filter ] --END-- [ RunTime:0.000048s ]
INFO: [ app_end ] --START--
INFO: Run Behavior\ShowPageTrace [ RunTime:0.000023s ]
INFO: [ app_end ] --END-- [ RunTime:0.000044s ]

[ 2017-08-04T01:23:02+08:00 ] 192.94.66.22 /index.php?s=/Admin/Public/login.html
INFO: [ view_parse ] --START--
INFO: [ template_filter ] --START--
INFO: Run Behavior\ContentReplace [ RunTime:0.000037s ]
INFO: [ template_filter ] --END-- [ RunTime:0.000068s ]
INFO: Run Behavior\ParseTemplate [ RunTime:0.001522s ]
INFO: [ view_parse ] --END-- [ RunTime:0.001566s ]
INFO: [ view_filter ] --START--
INFO: Run Behavior\WriteHtmlCache [ RunTime:0.000025s ]
INFO: [ view_filter ] --END-- [ RunTime:0.000046s ]
INFO: [ app_end ] --START--
INFO: Run Behavior\ShowPageTrace [ RunTime:0.000022s ]
INFO: [ app_end ] --END-- [ RunTime:0.000043s ]

[ 2017-08-04T01:23:04+08:00 ] 192.94.66.22 /index.php?s=/Admin/Public/login.html
INFO: [ view_parse ] --START--
INFO: [ template_filter ] --START--
INFO: Run Behavior\ContentReplace [ RunTime:0.000034s ]
INFO: [ template_filter ] --END-- [ RunTime:0.000062s ]
INFO: Run Behavior\ParseTemplate [ RunTime:0.001497s ]
INFO: [ view_parse ] --END-- [ RunTime:0.001537s ]
INFO: [ view_filter ] --START--
INFO: Run Behavior\WriteHtmlCache [ RunTime:0.000021s ]
INFO: [ view_filter ] --END-- [ RunTime:0.000042s ]
INFO: [ app_end ] --START--
INFO: Run Behavior\ShowPageTrace [ RunTime:0.000018s ]
INFO: [ app_end ] --END-- [ RunTime:0.000039s ]

[ 2017-08-04T01:24:00+08:00 ] 192.94.66.22 /index.php?s=/Admin/Public/login.html
INFO: [ view_parse ] --START--
INFO: [ template_filter ] --START--
INFO: Run Behavior\ContentReplace [ RunTime:0.000037s ]
INFO: [ template_filter ] --END-- [ RunTime:0.000068s ]
INFO: Run Behavior\ParseTemplate [ RunTime:0.001589s ]
INFO: [ view_parse ] --END-- [ RunTime:0.001636s ]
INFO: [ view_filter ] --START--
INFO: Run Behavior\WriteHtmlCache [ RunTime:0.000027s ]
INFO: [ view_filter ] --END-- [ RunTime:0.000048s ]
INFO: [ app_end ] --START--
INFO: Run Behavior\ShowPageTrace [ RunTime:0.000023s ]
INFO: [ app_end ] --END-- [ RunTime:0.000045s ]

[ 2017-08-04T01:24:13+08:00 ] 192.94.66.22 /index.php?s=/Admin/Index/index.html
NOTIC: [8192] mysql_connect(): The mysql extension is deprecated and will be removed in the future: use mysqli or PDO instead /usr/share/nginx/html/ThinkPHP/Library/Think/Db/Driver/Mysql.class.php 第 52 行.
SQL: SHOW COLUMNS FROM `ot_menu` [ RunTime:0.000361s ]
SQL: SELECT * FROM `ot_menu` WHERE ( `pid` = 0 ) AND ( `hide` = 0 ) ORDER BY sort asc  [ RunTime:0.000047s ]
SQL: SELECT `id` FROM `ot_menu` WHERE ( url like '%Index/index%' ) LIMIT 1   [ RunTime:0.000038s ]
SQL: SHOW COLUMNS FROM `ot_menu` [ RunTime:0.000261s ]
SQL: SELECT `id`,`pid`,`title` FROM `ot_menu` WHERE ( id=1 ) LIMIT 1   [ RunTime:0.000044s ]
SQL: SELECT DISTINCT  `group` FROM `ot_menu` WHERE ( pid = 1 )  [ RunTime:0.000080s ]
SQL: SELECT `id`,`url` FROM `ot_menu` WHERE ( `pid` = 1 ) AND ( `hide` = 0 )  [ RunTime:0.000041s ]
INFO: [ view_parse ] --START--
INFO: [ template_filter ] --START--
INFO: Run Behavior\ContentReplace [ RunTime:0.000059s ]
INFO: [ template_filter ] --END-- [ RunTime:0.000090s ]
INFO: [ AdminIndex ] --START--
SQL: SHOW COLUMNS FROM `ot_addons` [ RunTime:0.000314s ]
SQL: SELECT `config` FROM `ot_addons` WHERE ( `name` = 'SiteStat' ) AND ( `status` = 1 ) LIMIT 1   [ RunTime:0.000043s ]
SQL: SHOW COLUMNS FROM `ot_member` [ RunTime:0.000269s ]
SQL: SELECT COUNT(*) AS tp_count FROM `ot_member` LIMIT 1   [ RunTime:0.000096s ]
SQL: SHOW COLUMNS FROM `ot_action_log` [ RunTime:0.000260s ]
SQL: SELECT COUNT(*) AS tp_count FROM `ot_action_log` LIMIT 1   [ RunTime:0.000080s ]
SQL: SHOW COLUMNS FROM `ot_document` [ RunTime:0.000308s ]
SQL: SELECT COUNT(*) AS tp_count FROM `ot_document` LIMIT 1   [ RunTime:0.000082s ]
SQL: SHOW COLUMNS FROM `ot_category` [ RunTime:0.000343s ]
SQL: SELECT COUNT(*) AS tp_count FROM `ot_category` LIMIT 1   [ RunTime:0.000040s ]
SQL: SHOW COLUMNS FROM `ot_model` [ RunTime:0.000294s ]
SQL: SELECT COUNT(*) AS tp_count FROM `ot_model` LIMIT 1   [ RunTime:0.000041s ]
INFO: [ view_parse ] --START--
INFO: [ template_filter ] --START--
INFO: Run Behavior\ContentReplace [ RunTime:0.000019s ]
INFO: [ template_filter ] --END-- [ RunTime:-0.005073s ]
INFO: Run Behavior\ParseTemplate [ RunTime:0.000892s ]
INFO: [ view_parse ] --END-- [ RunTime:0.000923s ]
INFO: [ view_filter ] --START--
INFO: Run Behavior\WriteHtmlCache [ RunTime:0.000023s ]
INFO: [ view_filter ] --END-- [ RunTime:0.000045s ]
INFO: Run SiteStat [ RunTime:0.004472s ]
SQL: SELECT `config` FROM `ot_addons` WHERE ( `name` = 'SystemInfo' ) AND ( `status` = 1 ) LIMIT 1   [ RunTime:0.000048s ]
INFO: [ view_parse ] --START--
INFO: [ template_filter ] --START--
INFO: Run Behavior\ContentReplace [ RunTime:0.000021s ]
INFO: [ template_filter ] --END-- [ RunTime:-0.006366s ]
SQL: select version() as v; [ RunTime:0.000067s ]
INFO: Run Behavior\ParseTemplate [ RunTime:0.001182s ]
INFO: [ view_parse ] --END-- [ RunTime:-0.000308s ]
INFO: [ view_filter ] --START--
INFO: Run Behavior\WriteHtmlCache [ RunTime:0.000005s ]
INFO: [ view_filter ] --END-- [ RunTime:-0.001466s ]
INFO: Run SystemInfo [ RunTime:0.001478s ]
SQL: SELECT `config` FROM `ot_addons` WHERE ( `name` = 'DevTeam' ) AND ( `status` = 1 ) LIMIT 1   [ RunTime:0.000046s ]
INFO: [ view_parse ] --START--
INFO: [ template_filter ] --START--
INFO: Run Behavior\ContentReplace [ RunTime:0.000032s ]
INFO: [ template_filter ] --END-- [ RunTime:-0.007710s ]
INFO: Run Behavior\ParseTemplate [ RunTime:0.000797s ]
INFO: [ view_parse ] --END-- [ RunTime:-0.001790s ]
INFO: [ view_filter ] --START--
INFO: Run Behavior\WriteHtmlCache [ RunTime:0.000006s ]
INFO: [ view_filter ] --END-- [ RunTime:-0.002568s ]
INFO: Run DevTeam [ RunTime:0.001097s ]
INFO: [ AdminIndex ] --END-- [ RunTime:0.007088s ]
INFO: Run Behavior\ParseTemplate [ RunTime:0.000898s ]
INFO: [ view_parse ] --END-- [ RunTime:-0.001790s ]
INFO: [ view_filter ] --START--
INFO: Run Behavior\WriteHtmlCache [ RunTime:0.000004s ]
INFO: [ view_filter ] --END-- [ RunTime:-0.002658s ]
INFO: [ app_end ] --START--
INFO: Run Behavior\ShowPageTrace [ RunTime:0.000026s ]
INFO: [ app_end ] --END-- [ RunTime:0.000053s ]

[ 2017-08-04T01:24:16+08:00 ] 192.94.66.22 /index.php?s=/Admin/Article/mydocument.html
NOTIC: [8192] mysql_connect(): The mysql extension is deprecated and will be removed in the future: use mysqli or PDO instead /usr/share/nginx/html/ThinkPHP/Library/Think/Db/Driver/Mysql.class.php 第 52 行.
SQL: SHOW COLUMNS FROM `ot_menu` [ RunTime:0.000363s ]
SQL: SELECT * FROM `ot_menu` WHERE ( `pid` = 0 ) AND ( `hide` = 0 ) ORDER BY sort asc  [ RunTime:0.000048s ]
SQL: SELECT `id` FROM `ot_menu` WHERE ( url like '%Article/mydocument%' ) LIMIT 1   [ RunTime:0.000039s ]
SQL: SHOW COLUMNS FROM `ot_menu` [ RunTime:0.000250s ]
SQL: SELECT `id`,`pid`,`title` FROM `ot_menu` WHERE ( id=2 ) LIMIT 1   [ RunTime:0.000042s ]
SQL: SELECT DISTINCT  `group` FROM `ot_menu` WHERE ( pid = 2 )  [ RunTime:0.000037s ]
SQL: SELECT `id`,`url` FROM `ot_menu` WHERE ( `pid` = 2 ) AND ( `hide` = 0 )  [ RunTime:0.000051s ]
SQL: SELECT `id`,`pid`,`title`,`url`,`tip` FROM `ot_menu` WHERE ( `group` = '内容' ) AND ( `pid` = 2 ) AND ( `hide` = 0 ) ORDER BY sort asc  [ RunTime:0.000041s ]
SQL: SHOW COLUMNS FROM `ot_auth_group_access` [ RunTime:0.000263s ]
SQL: SELECT `extend_id` FROM ot_auth_group_access g INNER JOIN ot_auth_extend c on g.group_id=c.group_id  WHERE ( g.uid='1' and c.type='1' and !isnull(extend_id) )  [ RunTime:0.000038s ]
SQL: SHOW COLUMNS FROM `ot_category` [ RunTime:0.000329s ]
SQL: SELECT `id`,`title`,`pid`,`allow_publish` FROM `ot_category` WHERE ( `status` = 1 ) ORDER BY pid,sort  [ RunTime:0.000046s ]
SQL: SHOW COLUMNS FROM `ot_document` [ RunTime:0.000306s ]
SQL: SELECT COUNT(*) AS tp_count FROM `ot_document` WHERE ( `status` IN ('0','1','2') ) AND ( `uid` = 1 ) AND ( `pid` = 0 ) LIMIT 1   [ RunTime:0.000231s ]
SQL: SELECT `id`,`uid`,`name`,`title`,`category_id`,`description`,`root`,`pid`,`model_id`,`type`,`position`,`link_id`,`cover_id`,`display`,`deadline`,`attach`,`view`,`comment`,`extend`,`level`,`create_time`,`update_time`,`status` FROM `ot_document` WHERE ( `status` IN ('0','1','2') ) AND ( `uid` = 1 ) AND ( `pid` = 0 ) ORDER BY update_time desc LIMIT 0,50   [ RunTime:0.000424s ]
INFO: [ view_parse ] --START--
INFO: [ template_filter ] --START--
INFO: Run Behavior\ContentReplace [ RunTime:0.000135s ]
INFO: [ template_filter ] --END-- [ RunTime:0.000168s ]
SQL: SHOW COLUMNS FROM `ot_document` [ RunTime:0.000358s ]
SQL: SELECT COUNT(*) AS tp_count FROM `ot_document` WHERE ( pid=126 ) LIMIT 1   [ RunTime:0.000155s ]
SQL: SELECT `title` FROM `ot_category` WHERE ( id=73 ) LIMIT 1   [ RunTime:0.000040s ]
SQL: SELECT COUNT(*) AS tp_count FROM `ot_document` WHERE ( pid=25 ) LIMIT 1   [ RunTime:0.000130s ]
SQL: SELECT `title` FROM `ot_category` WHERE ( id=56 ) LIMIT 1   [ RunTime:0.000043s ]
SQL: SELECT COUNT(*) AS tp_count FROM `ot_document` WHERE ( pid=125 ) LIMIT 1   [ RunTime:0.000116s ]
SQL: SELECT `title` FROM `ot_category` WHERE ( id=51 ) LIMIT 1   [ RunTime:0.000041s ]
SQL: SELECT COUNT(*) AS tp_count FROM `ot_document` WHERE ( pid=124 ) LIMIT 1   [ RunTime:0.000116s ]
SQL: SELECT `title` FROM `ot_category` WHERE ( id=65 ) LIMIT 1   [ RunTime:0.000041s ]
SQL: SELECT COUNT(*) AS tp_count FROM `ot_document` WHERE ( pid=113 ) LIMIT 1   [ RunTime:0.000157s ]
SQL: SELECT `title` FROM `ot_category` WHERE ( id=61 ) LIMIT 1   [ RunTime:0.000042s ]
SQL: SELECT COUNT(*) AS tp_count FROM `ot_document` WHERE ( pid=114 ) LIMIT 1   [ RunTime:0.000117s ]
SQL: SELECT `title` FROM `ot_category` WHERE ( id=66 ) LIMIT 1   [ RunTime:0.000040s ]
SQL: SELECT COUNT(*) AS tp_count FROM `ot_document` WHERE ( pid=123 ) LIMIT 1   [ RunTime:0.000117s ]
SQL: SELECT `title` FROM `ot_category` WHERE ( id=54 ) LIMIT 1   [ RunTime:0.000040s ]
SQL: SELECT COUNT(*) AS tp_count FROM `ot_document` WHERE ( pid=122 ) LIMIT 1   [ RunTime:0.000116s ]
SQL: SELECT `title` FROM `ot_category` WHERE ( id=54 ) LIMIT 1   [ RunTime:0.000040s ]
SQL: SELECT COUNT(*) AS tp_count FROM `ot_document` WHERE ( pid=121 ) LIMIT 1   [ RunTime:0.000113s ]
SQL: SELECT `title` FROM `ot_category` WHERE ( id=54 ) LIMIT 1   [ RunTime:0.000051s ]
SQL: SELECT COUNT(*) AS tp_count FROM `ot_document` WHERE ( pid=120 ) LIMIT 1   [ RunTime:0.000128s ]
SQL: SELECT `title` FROM `ot_category` WHERE ( id=71 ) LIMIT 1   [ RunTime:0.000041s ]
SQL: SELECT COUNT(*) AS tp_count FROM `ot_document` WHERE ( pid=23 ) LIMIT 1   [ RunTime:0.000125s ]
SQL: SELECT `title` FROM `ot_category` WHERE ( id=51 ) LIMIT 1   [ RunTime:0.000040s ]
SQL: SELECT COUNT(*) AS tp_count FROM `ot_document` WHERE ( pid=29 ) LIMIT 1   [ RunTime:0.000115s ]
SQL: SELECT `title` FROM `ot_category` WHERE ( id=57 ) LIMIT 1   [ RunTime:0.000056s ]
SQL: SELECT COUNT(*) AS tp_count FROM `ot_document` WHERE ( pid=119 ) LIMIT 1   [ RunTime:0.000133s ]
SQL: SELECT `title` FROM `ot_category` WHERE ( id=72 ) LIMIT 1   [ RunTime:0.000037s ]
SQL: SELECT COUNT(*) AS tp_count FROM `ot_document` WHERE ( pid=118 ) LIMIT 1   [ RunTime:0.000106s ]
SQL: SELECT `title` FROM `ot_category` WHERE ( id=72 ) LIMIT 1   [ RunTime:0.000040s ]
SQL: SELECT COUNT(*) AS tp_count FROM `ot_document` WHERE ( pid=117 ) LIMIT 1   [ RunTime:0.000121s ]
SQL: SELECT `title` FROM `ot_category` WHERE ( id=72 ) LIMIT 1   [ RunTime:0.000039s ]
SQL: SELECT COUNT(*) AS tp_count FROM `ot_document` WHERE ( pid=108 ) LIMIT 1   [ RunTime:0.000119s ]
SQL: SELECT `title` FROM `ot_category` WHERE ( id=65 ) LIMIT 1   [ RunTime:0.000039s ]
SQL: SELECT COUNT(*) AS tp_count FROM `ot_document` WHERE ( pid=116 ) LIMIT 1   [ RunTime:0.000115s ]
SQL: SELECT `title` FROM `ot_category` WHERE ( id=65 ) LIMIT 1   [ RunTime:0.000040s ]
SQL: SELECT COUNT(*) AS tp_count FROM `ot_document` WHERE ( pid=26 ) LIMIT 1   [ RunTime:0.000126s ]
SQL: SELECT `title` FROM `ot_category` WHERE ( id=51 ) LIMIT 1   [ RunTime:0.000040s ]
SQL: SELECT COUNT(*) AS tp_count FROM `ot_document` WHERE ( pid=115 ) LIMIT 1   [ RunTime:0.000116s ]
SQL: SELECT `title` FROM `ot_category` WHERE ( id=71 ) LIMIT 1   [ RunTime:0.000040s ]
SQL: SELECT COUNT(*) AS tp_count FROM `ot_document` WHERE ( pid=64 ) LIMIT 1   [ RunTime:0.000127s ]
SQL: SELECT `title` FROM `ot_category` WHERE ( id=63 ) LIMIT 1   [ RunTime:0.000039s ]
SQL: SELECT COUNT(*) AS tp_count FROM `ot_document` WHERE ( pid=112 ) LIMIT 1   [ RunTime:0.000139s ]
SQL: SELECT `title` FROM `ot_category` WHERE ( id=61 ) LIMIT 1   [ RunTime:0.000040s ]
SQL: SELECT COUNT(*) AS tp_count FROM `ot_document` WHERE ( pid=111 ) LIMIT 1   [ RunTime:0.000142s ]
SQL: SELECT `title` FROM `ot_category` WHERE ( id=59 ) LIMIT 1   [ RunTime:0.000036s ]
SQL: SELECT COUNT(*) AS tp_count FROM `ot_document` WHERE ( pid=110 ) LIMIT 1   [ RunTime:0.000107s ]
SQL: SELECT `title` FROM `ot_category` WHERE ( id=69 ) LIMIT 1   [ RunTime:0.000037s ]
SQL: SELECT COUNT(*) AS tp_count FROM `ot_document` WHERE ( pid=109 ) LIMIT 1   [ RunTime:0.000135s ]
SQL: SELECT `title` FROM `ot_category` WHERE ( id=65 ) LIMIT 1   [ RunTime:0.000041s ]
SQL: SELECT COUNT(*) AS tp_count FROM `ot_document` WHERE ( pid=107 ) LIMIT 1   [ RunTime:0.000107s ]
SQL: SELECT `title` FROM `ot_category` WHERE ( id=65 ) LIMIT 1   [ RunTime:0.000051s ]
SQL: SELECT COUNT(*) AS tp_count FROM `ot_document` WHERE ( pid=86 ) LIMIT 1   [ RunTime:0.000128s ]
SQL: SELECT `title` FROM `ot_category` WHERE ( id=65 ) LIMIT 1   [ RunTime:0.000040s ]
SQL: SELECT COUNT(*) AS tp_count FROM `ot_document` WHERE ( pid=106 ) LIMIT 1   [ RunTime:0.000116s ]
SQL: SELECT `title` FROM `ot_category` WHERE ( id=54 ) LIMIT 1   [ RunTime:0.000050s ]
SQL: SELECT COUNT(*) AS tp_count FROM `ot_document` WHERE ( pid=59 ) LIMIT 1   [ RunTime:0.000114s ]
SQL: SELECT `title` FROM `ot_category` WHERE ( id=61 ) LIMIT 1   [ RunTime:0.000040s ]
SQL: SELECT COUNT(*) AS tp_count FROM `ot_document` WHERE ( pid=105 ) LIMIT 1   [ RunTime:0.000115s ]
SQL: SELECT `title` FROM `ot_category` WHERE ( id=66 ) LIMIT 1   [ RunTime:0.000036s ]
SQL: SELECT COUNT(*) AS tp_count FROM `ot_document` WHERE ( pid=104 ) LIMIT 1   [ RunTime:0.000112s ]
SQL: SELECT `title` FROM `ot_category` WHERE ( id=66 ) LIMIT 1   [ RunTime:0.000036s ]
SQL: SELECT COUNT(*) AS tp_count FROM `ot_document` WHERE ( pid=102 ) LIMIT 1   [ RunTime:0.000127s ]
SQL: SELECT `title` FROM `ot_category` WHERE ( id=66 ) LIMIT 1   [ RunTime:0.000040s ]
SQL: SELECT COUNT(*) AS tp_count FROM `ot_document` WHERE ( pid=101 ) LIMIT 1   [ RunTime:0.000106s ]
SQL: SELECT `title` FROM `ot_category` WHERE ( id=66 ) LIMIT 1   [ RunTime:0.000036s ]
SQL: SELECT COUNT(*) AS tp_count FROM `ot_document` WHERE ( pid=94 ) LIMIT 1   [ RunTime:0.000105s ]
SQL: SELECT `title` FROM `ot_category` WHERE ( id=67 ) LIMIT 1   [ RunTime:0.000051s ]
SQL: SELECT COUNT(*) AS tp_count FROM `ot_document` WHERE ( pid=100 ) LIMIT 1   [ RunTime:0.000147s ]
SQL: SELECT `title` FROM `ot_category` WHERE ( id=68 ) LIMIT 1   [ RunTime:0.000037s ]
SQL: SELECT COUNT(*) AS tp_count FROM `ot_document` WHERE ( pid=99 ) LIMIT 1   [ RunTime:0.000106s ]
SQL: SELECT `title` FROM `ot_category` WHERE ( id=67 ) LIMIT 1   [ RunTime:0.000048s ]
SQL: SELECT COUNT(*) AS tp_count FROM `ot_document` WHERE ( pid=97 ) LIMIT 1   [ RunTime:0.000114s ]
SQL: SELECT `title` FROM `ot_category` WHERE ( id=67 ) LIMIT 1   [ RunTime:0.000039s ]
SQL: SELECT COUNT(*) AS tp_count FROM `ot_document` WHERE ( pid=98 ) LIMIT 1   [ RunTime:0.000122s ]
SQL: SELECT `title` FROM `ot_category` WHERE ( id=59 ) LIMIT 1   [ RunTime:0.000037s ]
SQL: SELECT COUNT(*) AS tp_count FROM `ot_document` WHERE ( pid=72 ) LIMIT 1   [ RunTime:0.000118s ]
SQL: SELECT `title` FROM `ot_category` WHERE ( id=59 ) LIMIT 1   [ RunTime:0.000040s ]
SQL: SELECT COUNT(*) AS tp_count FROM `ot_document` WHERE ( pid=81 ) LIMIT 1   [ RunTime:0.000136s ]
SQL: SELECT `title` FROM `ot_category` WHERE ( id=59 ) LIMIT 1   [ RunTime:0.000036s ]
SQL: SELECT COUNT(*) AS tp_count FROM `ot_document` WHERE ( pid=95 ) LIMIT 1   [ RunTime:0.000107s ]
SQL: SELECT `title` FROM `ot_category` WHERE ( id=68 ) LIMIT 1   [ RunTime:0.000039s ]
SQL: SELECT COUNT(*) AS tp_count FROM `ot_document` WHERE ( pid=93 ) LIMIT 1   [ RunTime:0.000125s ]
SQL: SELECT `title` FROM `ot_category` WHERE ( id=67 ) LIMIT 1   [ RunTime:0.000075s ]
SQL: SELECT COUNT(*) AS tp_count FROM `ot_document` WHERE ( pid=91 ) LIMIT 1   [ RunTime:0.000131s ]
SQL: SELECT `title` FROM `ot_category` WHERE ( id=61 ) LIMIT 1   [ RunTime:0.000040s ]
SQL: SELECT COUNT(*) AS tp_count FROM `ot_document` WHERE ( pid=88 ) LIMIT 1   [ RunTime:0.000137s ]
SQL: SELECT `title` FROM `ot_category` WHERE ( id=66 ) LIMIT 1   [ RunTime:0.000058s ]
SQL: SELECT COUNT(*) AS tp_count FROM `ot_document` WHERE ( pid=89 ) LIMIT 1   [ RunTime:0.000136s ]
SQL: SELECT `title` FROM `ot_category` WHERE ( id=66 ) LIMIT 1   [ RunTime:0.000039s ]
SQL: SELECT COUNT(*) AS tp_count FROM `ot_document` WHERE ( pid=87 ) LIMIT 1   [ RunTime:0.000114s ]
SQL: SELECT `title` FROM `ot_category` WHERE ( id=65 ) LIMIT 1   [ RunTime:0.000040s ]
SQL: SELECT COUNT(*) AS tp_count FROM `ot_document` WHERE ( pid=84 ) LIMIT 1   [ RunTime:0.000137s ]
SQL: SELECT `title` FROM `ot_category` WHERE ( id=65 ) LIMIT 1   [ RunTime:0.000052s ]
SQL: SELECT COUNT(*) AS tp_count FROM `ot_document` WHERE ( pid=82 ) LIMIT 1   [ RunTime:0.000116s ]
SQL: SELECT `title` FROM `ot_category` WHERE ( id=65 ) LIMIT 1   [ RunTime:0.000040s ]
SQL: SELECT COUNT(*) AS tp_count FROM `ot_document` WHERE ( pid=85 ) LIMIT 1   [ RunTime:0.000116s ]
SQL: SELECT `title` FROM `ot_category` WHERE ( id=65 ) LIMIT 1   [ RunTime:0.000039s ]
SQL: SELECT COUNT(*) AS tp_count FROM `ot_document` WHERE ( pid=69 ) LIMIT 1   [ RunTime:0.000123s ]
SQL: SELECT `title` FROM `ot_category` WHERE ( id=61 ) LIMIT 1   [ RunTime:0.000037s ]
SQL: SELECT COUNT(*) AS tp_count FROM `ot_document` WHERE ( pid=79 ) LIMIT 1   [ RunTime:0.000133s ]
SQL: SELECT `title` FROM `ot_category` WHERE ( id=64 ) LIMIT 1   [ RunTime:0.000039s ]
INFO: Run Behavior\ParseTemplate [ RunTime:0.037771s ]
INFO: [ view_parse ] --END-- [ RunTime:0.037801s ]
INFO: [ view_filter ] --START--
INFO: Run Behavior\WriteHtmlCache [ RunTime:0.000035s ]
INFO: [ view_filter ] --END-- [ RunTime:0.000057s ]
INFO: [ app_end ] --START--
INFO: Run Behavior\ShowPageTrace [ RunTime:0.000028s ]
INFO: [ app_end ] --END-- [ RunTime:0.000058s ]

[ 2017-08-04T01:24:30+08:00 ] 192.94.66.22 /index.php?s=/Admin/Article/edit/cate_id/73/id/126.html
NOTIC: [8192] mysql_connect(): The mysql extension is deprecated and will be removed in the future: use mysqli or PDO instead /usr/share/nginx/html/ThinkPHP/Library/Think/Db/Driver/Mysql.class.php 第 52 行.
SQL: SHOW COLUMNS FROM `ot_menu` [ RunTime:0.000357s ]
SQL: SELECT * FROM `ot_menu` WHERE ( `pid` = 0 ) AND ( `hide` = 0 ) ORDER BY sort asc  [ RunTime:0.000047s ]
SQL: SELECT `id` FROM `ot_menu` WHERE ( url like '%Article/edit%' ) LIMIT 1   [ RunTime:0.000039s ]
SQL: SHOW COLUMNS FROM `ot_menu` [ RunTime:0.000262s ]
SQL: SELECT `id`,`pid`,`title` FROM `ot_menu` WHERE ( id=5 ) LIMIT 1   [ RunTime:0.000044s ]
SQL: SELECT `id`,`pid`,`title` FROM `ot_menu` WHERE ( id=3 ) LIMIT 1   [ RunTime:0.000039s ]
SQL: SELECT `id`,`pid`,`title` FROM `ot_menu` WHERE ( id=2 ) LIMIT 1   [ RunTime:0.000039s ]
SQL: SELECT DISTINCT  `group` FROM `ot_menu` WHERE ( pid = 2 )  [ RunTime:0.000038s ]
SQL: SELECT `id`,`url` FROM `ot_menu` WHERE ( `pid` = 2 ) AND ( `hide` = 0 )  [ RunTime:0.000039s ]
SQL: SELECT `id`,`pid`,`title`,`url`,`tip` FROM `ot_menu` WHERE ( `group` = '内容' ) AND ( `pid` = 2 ) AND ( `hide` = 0 ) ORDER BY sort asc  [ RunTime:0.000040s ]
SQL: SHOW COLUMNS FROM `ot_auth_group_access` [ RunTime:0.000233s ]
SQL: SELECT `extend_id` FROM ot_auth_group_access g INNER JOIN ot_auth_extend c on g.group_id=c.group_id  WHERE ( g.uid='1' and c.type='1' and !isnull(extend_id) )  [ RunTime:0.000040s ]
SQL: SHOW COLUMNS FROM `ot_category` [ RunTime:0.000329s ]
SQL: SELECT `id`,`title`,`pid`,`allow_publish` FROM `ot_category` WHERE ( `status` = 1 ) ORDER BY pid,sort  [ RunTime:0.000047s ]
SQL: SELECT `id`,`title`,`pid` FROM `ot_category` WHERE ( `status` = 1 ) ORDER BY sort  [ RunTime:0.000048s ]
SQL: SHOW COLUMNS FROM `ot_document` [ RunTime:0.000359s ]
SQL: SELECT `id`,`uid`,`name`,`title`,`category_id`,`description`,`root`,`pid`,`model_id`,`type`,`position`,`link_id`,`cover_id`,`display`,`deadline`,`attach`,`view`,`comment`,`extend`,`level`,`create_time`,`update_time`,`status` FROM `ot_document` WHERE ( `id` = 126 ) LIMIT 1   [ RunTime:0.000212s ]
SQL: SHOW COLUMNS FROM `ot_document_article` [ RunTime:0.000258s ]
SQL: SELECT `id`,`parse`,`content`,`template`,`bookmark` FROM `ot_document_article` WHERE ( `id` = 126 ) LIMIT 1   [ RunTime:0.000128s ]
SQL: SHOW COLUMNS FROM `ot_model` [ RunTime:0.000307s ]
SQL: SELECT `extend` FROM `ot_model` WHERE ( `id` = 2 ) LIMIT 1   [ RunTime:0.000042s ]
SQL: SHOW COLUMNS FROM `ot_attribute` [ RunTime:0.000323s ]
SQL: SELECT * FROM `ot_attribute` WHERE ( `model_id` IN ('2','1') )  [ RunTime:0.000062s ]
SQL: SELECT `field_sort` FROM `ot_model` WHERE ( `id` = 2 ) LIMIT 1   [ RunTime:0.000043s ]
SQL: SELECT `type` FROM `ot_category` WHERE ( `id` = 73 ) LIMIT 1   [ RunTime:0.000041s ]
INFO: [ view_parse ] --START--
INFO: [ template_filter ] --START--
INFO: Run Behavior\ContentReplace [ RunTime:0.000213s ]
INFO: [ template_filter ] --END-- [ RunTime:0.000250s ]
INFO: [ adminArticleEdit ] --START--
SQL: SHOW COLUMNS FROM `ot_addons` [ RunTime:0.000373s ]
SQL: SELECT `config` FROM `ot_addons` WHERE ( `name` = 'EditorForAdmin' ) AND ( `status` = 1 ) LIMIT 1   [ RunTime:0.000043s ]
INFO: [ view_parse ] --START--
INFO: [ template_filter ] --START--
INFO: Run Behavior\ContentReplace [ RunTime:0.000052s ]
INFO: [ template_filter ] --END-- [ RunTime:-0.008877s ]
INFO: Run Behavior\ParseTemplate [ RunTime:0.002228s ]
INFO: [ view_parse ] --END-- [ RunTime:0.002259s ]
INFO: [ view_filter ] --START--
INFO: Run Behavior\WriteHtmlCache [ RunTime:0.000027s ]
INFO: [ view_filter ] --END-- [ RunTime:0.000047s ]
INFO: Run EditorForAdmin [ RunTime:0.003096s ]
INFO: [ adminArticleEdit ] --END-- [ RunTime:0.003123s ]
INFO: Run Behavior\ParseTemplate [ RunTime:0.002535s ]
INFO: [ view_parse ] --END-- [ RunTime:0.002259s ]
INFO: [ view_filter ] --START--
INFO: Run Behavior\WriteHtmlCache [ RunTime:0.000005s ]
INFO: [ view_filter ] --END-- [ RunTime:-0.000256s ]
INFO: [ app_end ] --START--
INFO: Run Behavior\ShowPageTrace [ RunTime:0.000039s ]
INFO: [ app_end ] --END-- [ RunTime:0.000068s ]

[ 2017-08-04T01:27:39+08:00 ] 192.94.66.22 /index.php?s=/Admin/Article/update.html
INFO: [ app_begin ] --START--
INFO: Run Behavior\ReadHtmlCache [ RunTime:0.000023s ]
INFO: [ app_begin ] --END-- [ RunTime:0.000066s ]
NOTIC: [8192] mysql_connect(): The mysql extension is deprecated and will be removed in the future: use mysqli or PDO instead /usr/share/nginx/html/ThinkPHP/Library/Think/Db/Driver/Mysql.class.php 第 52 行.
SQL: SHOW COLUMNS FROM `ot_menu` [ RunTime:0.000399s ]
SQL: SELECT * FROM `ot_menu` WHERE ( `pid` = 0 ) AND ( `hide` = 0 ) ORDER BY sort asc  [ RunTime:0.000049s ]
SQL: SELECT `id` FROM `ot_menu` WHERE ( url like '%Article/update%' ) LIMIT 1   [ RunTime:0.000042s ]
SQL: SHOW COLUMNS FROM `ot_menu` [ RunTime:0.000267s ]
SQL: SELECT `id`,`pid`,`title` FROM `ot_menu` WHERE ( id=7 ) LIMIT 1   [ RunTime:0.000045s ]
SQL: SELECT `id`,`pid`,`title` FROM `ot_menu` WHERE ( id=3 ) LIMIT 1   [ RunTime:0.000040s ]
SQL: SELECT `id`,`pid`,`title` FROM `ot_menu` WHERE ( id=2 ) LIMIT 1   [ RunTime:0.000038s ]
SQL: SELECT DISTINCT  `group` FROM `ot_menu` WHERE ( pid = 2 )  [ RunTime:0.000041s ]
SQL: SELECT `id`,`url` FROM `ot_menu` WHERE ( `pid` = 2 ) AND ( `hide` = 0 )  [ RunTime:0.000042s ]
SQL: SELECT `id`,`pid`,`title`,`url`,`tip` FROM `ot_menu` WHERE ( `group` = '内容' ) AND ( `pid` = 2 ) AND ( `hide` = 0 ) ORDER BY sort asc  [ RunTime:0.000041s ]
SQL: SHOW COLUMNS FROM `ot_document` [ RunTime:0.000323s ]
SQL: SELECT `status` FROM `ot_document` WHERE ( `id` = 126 ) LIMIT 1   [ RunTime:0.000132s ]
SQL: UPDATE `ot_document` SET `title`='Start Cascading',`name`='',`description`='',`type`=2,`display`=1,`level`=0,`cover_id`=0,`view`=0,`comment`=0,`create_time`=1501736100,`deadline`=0,`link_id`=0,`pid`=0,`model_id`=2,`category_id`=73,`root`=0,`update_time`=1501781259,`status`=1,`position`=0 WHERE ( `id` = 126 ) [ RunTime:0.000310s ]
SQL: SHOW COLUMNS FROM `ot_document_article` [ RunTime:0.000309s ]
NOTIC: [8] Undefined variable: id /usr/share/nginx/html/Application/Admin/Model/DocumentModel.class.php 第 178 行.
SQL: UPDATE `ot_document_article` SET `content`='<p style=\"white-space: normal;\">官网的文档 貌似更新到15 年，一开始装有些问题．</p><p style=\"white-space: normal;\">ubuntu: 14.04</p><p style=\"white-space: normal;\">openjdk-7-jdk&nbsp;apt-get install</p><p style=\"white-space: normal;\">gradle-1.12 binary-release</p><p style=\"white-space: normal;\">hadoop: 2.4.1 binary-release</p><p style=\"white-space: normal;\"><br/></p><p style=\"white-space: normal;\">git clone ../impati</p><p style=\"white-space: normal;\"><br/></p><p style=\"white-space: normal;\">cd&nbsp;Impatiant</p><p style=\"white-space: normal;\">gradle&nbsp;clean jar</p><p style=\"white-space: normal;\">cd part1</p><p style=\"white-space: normal;\"><br/></p><p style=\"white-space: normal;\"><br/></p><p style=\"white-space: normal;\">Anatomy:</p><p style=\"white-space: normal;\">&nbsp; source taps &nbsp; &nbsp; &nbsp; SQL &nbsp; &nbsp; &nbsp; &nbsp; &nbsp;J2EE &nbsp; &nbsp; &nbsp; &nbsp; &nbsp;SAS for prediction model &nbsp; &nbsp; &nbsp; sink taps</p><p style=\"white-space: normal;\">data sources --&gt; ETL --&gt; data prep --&gt; prediction model ----------------&gt; end uses.</p><p style=\"white-space: normal;\">&nbsp; &nbsp; &nbsp; &nbsp; &nbsp; &nbsp; &nbsp; &nbsp; &nbsp; &nbsp; &nbsp; &nbsp; &nbsp;SQLPlanner &nbsp; &nbsp; &nbsp; &nbsp; &nbsp; &nbsp; &nbsp; &nbsp; &nbsp; &nbsp; &nbsp; &nbsp; &nbsp; &nbsp; &nbsp;&nbsp;&nbsp;&nbsp;&nbsp;&nbsp; &nbsp;&nbsp;&nbsp;&nbsp; &nbsp;&nbsp;&nbsp;&nbsp; &nbsp;&nbsp;&nbsp;&nbsp; &nbsp;&nbsp;&nbsp;&nbsp; &nbsp;&nbsp;&nbsp;&nbsp; &nbsp;&nbsp;&nbsp;&nbsp; &nbsp;&nbsp;&nbsp;&nbsp; &nbsp;&nbsp;&nbsp;&nbsp; PMMLPlanner</p><p style=\"white-space: normal;\"><br/></p><p style=\"white-space: normal;\">java sample code:</p><p style=\"white-space: normal;\"><br/></p><p style=\"white-space: normal;\">word count - conceptual flow diagram</p><p style=\"white-space: normal;\">&nbsp; &nbsp;&nbsp;&nbsp;&nbsp;&nbsp; &nbsp;&nbsp;&nbsp;&nbsp; &nbsp;&nbsp;&nbsp;&nbsp; &nbsp;&nbsp;&nbsp;&nbsp; &nbsp;&nbsp;&nbsp;&nbsp; &nbsp;&nbsp;&nbsp;&nbsp; &nbsp;&nbsp;&nbsp;&nbsp; &nbsp;&nbsp;&nbsp;&nbsp; &nbsp;&nbsp;&nbsp;&nbsp; Map &nbsp;&nbsp;&nbsp;&nbsp;&nbsp;&nbsp; &nbsp;&nbsp;&nbsp;&nbsp; &nbsp;&nbsp;&nbsp;&nbsp; &nbsp;&nbsp;&nbsp;&nbsp; &nbsp;&nbsp;&nbsp;&nbsp; &nbsp;&nbsp;&nbsp;&nbsp; &nbsp;&nbsp;&nbsp;&nbsp; &nbsp;&nbsp;&nbsp;&nbsp; &nbsp;&nbsp;&nbsp;&nbsp; Reduce</p><p style=\"white-space: normal;\">Document Collection ------------&gt; Tokenize ---------&gt;Groupby token---------------&gt;Count--------&gt;word count</p><p style=\"white-space: normal;\">&nbsp;1 map 1 reduce 18 lines &nbsp;code</p><p style=\"white-space: normal;\"><br/></p><p style=\"white-space: normal;\">sql&nbsp;in cascading</p><p style=\"white-space: normal;\">PMML in cascading with&nbsp;R ?</p><p style=\"white-space: normal;\"><br/></p><p style=\"white-space: normal;\">首要概念：</p><p style=\"white-space: normal;\"><br/></p><p style=\"white-space: normal;\">Tap:数据源&nbsp;mongodb&nbsp;hbase&nbsp;jdbc</p><p style=\"white-space: normal;\">Pipe</p><p style=\"white-space: normal;\">Fields</p><p style=\"white-space: normal;\">Each</p><p style=\"white-space: normal;\">Every</p><p style=\"white-space: normal;\"><br/></p><p style=\"white-space: normal;\"><br/></p><p style=\"white-space: normal;\"><br/></p><p style=\"white-space: normal;\"><br/></p><p style=\"white-space: normal;\"><br/></p><p><br/></p>',`parse`=0,`bookmark`=0,`template`='' WHERE ( `id` = 126 ) [ RunTime:0.000161s ]
INFO: [ documentSaveComplete ] --START--
INFO: Run Attachment [ RunTime:0.000082s ]
INFO: [ documentSaveComplete ] --END-- [ RunTime:0.000106s ]
NOTIC: [8] Undefined variable: id /usr/share/nginx/html/Application/Admin/Model/DocumentModel.class.php 第 189 行.

[ 2017-08-04T01:27:40+08:00 ] 192.94.66.22 /index.php?s=/Admin/Article/mydocument.html
NOTIC: [8192] mysql_connect(): The mysql extension is deprecated and will be removed in the future: use mysqli or PDO instead /usr/share/nginx/html/ThinkPHP/Library/Think/Db/Driver/Mysql.class.php 第 52 行.
SQL: SHOW COLUMNS FROM `ot_menu` [ RunTime:0.000396s ]
SQL: SELECT * FROM `ot_menu` WHERE ( `pid` = 0 ) AND ( `hide` = 0 ) ORDER BY sort asc  [ RunTime:0.000048s ]
SQL: SELECT `id` FROM `ot_menu` WHERE ( url like '%Article/mydocument%' ) LIMIT 1   [ RunTime:0.000038s ]
SQL: SHOW COLUMNS FROM `ot_menu` [ RunTime:0.000266s ]
SQL: SELECT `id`,`pid`,`title` FROM `ot_menu` WHERE ( id=2 ) LIMIT 1   [ RunTime:0.000045s ]
SQL: SELECT DISTINCT  `group` FROM `ot_menu` WHERE ( pid = 2 )  [ RunTime:0.000040s ]
SQL: SELECT `id`,`url` FROM `ot_menu` WHERE ( `pid` = 2 ) AND ( `hide` = 0 )  [ RunTime:0.000036s ]
SQL: SELECT `id`,`pid`,`title`,`url`,`tip` FROM `ot_menu` WHERE ( `group` = '内容' ) AND ( `pid` = 2 ) AND ( `hide` = 0 ) ORDER BY sort asc  [ RunTime:0.000039s ]
SQL: SHOW COLUMNS FROM `ot_auth_group_access` [ RunTime:0.000233s ]
SQL: SELECT `extend_id` FROM ot_auth_group_access g INNER JOIN ot_auth_extend c on g.group_id=c.group_id  WHERE ( g.uid='1' and c.type='1' and !isnull(extend_id) )  [ RunTime:0.000040s ]
SQL: SHOW COLUMNS FROM `ot_category` [ RunTime:0.000330s ]
SQL: SELECT `id`,`title`,`pid`,`allow_publish` FROM `ot_category` WHERE ( `status` = 1 ) ORDER BY pid,sort  [ RunTime:0.000046s ]
SQL: SHOW COLUMNS FROM `ot_document` [ RunTime:0.000323s ]
SQL: SELECT COUNT(*) AS tp_count FROM `ot_document` WHERE ( `status` IN ('0','1','2') ) AND ( `uid` = 1 ) AND ( `pid` = 0 ) LIMIT 1   [ RunTime:0.000224s ]
SQL: SELECT `id`,`uid`,`name`,`title`,`category_id`,`description`,`root`,`pid`,`model_id`,`type`,`position`,`link_id`,`cover_id`,`display`,`deadline`,`attach`,`view`,`comment`,`extend`,`level`,`create_time`,`update_time`,`status` FROM `ot_document` WHERE ( `status` IN ('0','1','2') ) AND ( `uid` = 1 ) AND ( `pid` = 0 ) ORDER BY update_time desc LIMIT 0,50   [ RunTime:0.000458s ]
INFO: [ view_parse ] --START--
INFO: [ template_filter ] --START--
INFO: Run Behavior\ContentReplace [ RunTime:0.000151s ]
INFO: [ template_filter ] --END-- [ RunTime:0.000197s ]
SQL: SHOW COLUMNS FROM `ot_document` [ RunTime:0.000458s ]
SQL: SELECT COUNT(*) AS tp_count FROM `ot_document` WHERE ( pid=126 ) LIMIT 1   [ RunTime:0.000149s ]
SQL: SELECT `title` FROM `ot_category` WHERE ( id=73 ) LIMIT 1   [ RunTime:0.000041s ]
SQL: SELECT COUNT(*) AS tp_count FROM `ot_document` WHERE ( pid=25 ) LIMIT 1   [ RunTime:0.000118s ]
SQL: SELECT `title` FROM `ot_category` WHERE ( id=56 ) LIMIT 1   [ RunTime:0.000042s ]
SQL: SELECT COUNT(*) AS tp_count FROM `ot_document` WHERE ( pid=125 ) LIMIT 1   [ RunTime:0.000113s ]
SQL: SELECT `title` FROM `ot_category` WHERE ( id=51 ) LIMIT 1   [ RunTime:0.000040s ]
SQL: SELECT COUNT(*) AS tp_count FROM `ot_document` WHERE ( pid=124 ) LIMIT 1   [ RunTime:0.000113s ]
SQL: SELECT `title` FROM `ot_category` WHERE ( id=65 ) LIMIT 1   [ RunTime:0.000039s ]
SQL: SELECT COUNT(*) AS tp_count FROM `ot_document` WHERE ( pid=113 ) LIMIT 1   [ RunTime:0.000141s ]
SQL: SELECT `title` FROM `ot_category` WHERE ( id=61 ) LIMIT 1   [ RunTime:0.000039s ]
SQL: SELECT COUNT(*) AS tp_count FROM `ot_document` WHERE ( pid=114 ) LIMIT 1   [ RunTime:0.000119s ]
SQL: SELECT `title` FROM `ot_category` WHERE ( id=66 ) LIMIT 1   [ RunTime:0.000039s ]
SQL: SELECT COUNT(*) AS tp_count FROM `ot_document` WHERE ( pid=123 ) LIMIT 1   [ RunTime:0.000126s ]
SQL: SELECT `title` FROM `ot_category` WHERE ( id=54 ) LIMIT 1   [ RunTime:0.000039s ]
SQL: SELECT COUNT(*) AS tp_count FROM `ot_document` WHERE ( pid=122 ) LIMIT 1   [ RunTime:0.000113s ]
SQL: SELECT `title` FROM `ot_category` WHERE ( id=54 ) LIMIT 1   [ RunTime:0.000039s ]
SQL: SELECT COUNT(*) AS tp_count FROM `ot_document` WHERE ( pid=121 ) LIMIT 1   [ RunTime:0.000111s ]
SQL: SELECT `title` FROM `ot_category` WHERE ( id=54 ) LIMIT 1   [ RunTime:0.000038s ]
SQL: SELECT COUNT(*) AS tp_count FROM `ot_document` WHERE ( pid=120 ) LIMIT 1   [ RunTime:0.000111s ]
SQL: SELECT `title` FROM `ot_category` WHERE ( id=71 ) LIMIT 1   [ RunTime:0.000038s ]
SQL: SELECT COUNT(*) AS tp_count FROM `ot_document` WHERE ( pid=23 ) LIMIT 1   [ RunTime:0.000115s ]
SQL: SELECT `title` FROM `ot_category` WHERE ( id=51 ) LIMIT 1   [ RunTime:0.000039s ]
SQL: SELECT COUNT(*) AS tp_count FROM `ot_document` WHERE ( pid=29 ) LIMIT 1   [ RunTime:0.000112s ]
SQL: SELECT `title` FROM `ot_category` WHERE ( id=57 ) LIMIT 1   [ RunTime:0.000039s ]
SQL: SELECT COUNT(*) AS tp_count FROM `ot_document` WHERE ( pid=119 ) LIMIT 1   [ RunTime:0.000111s ]
SQL: SELECT `title` FROM `ot_category` WHERE ( id=72 ) LIMIT 1   [ RunTime:0.000039s ]
SQL: SELECT COUNT(*) AS tp_count FROM `ot_document` WHERE ( pid=118 ) LIMIT 1   [ RunTime:0.000115s ]
SQL: SELECT `title` FROM `ot_category` WHERE ( id=72 ) LIMIT 1   [ RunTime:0.000038s ]
SQL: SELECT COUNT(*) AS tp_count FROM `ot_document` WHERE ( pid=117 ) LIMIT 1   [ RunTime:0.000112s ]
SQL: SELECT `title` FROM `ot_category` WHERE ( id=72 ) LIMIT 1   [ RunTime:0.000038s ]
SQL: SELECT COUNT(*) AS tp_count FROM `ot_document` WHERE ( pid=108 ) LIMIT 1   [ RunTime:0.000113s ]
SQL: SELECT `title` FROM `ot_category` WHERE ( id=65 ) LIMIT 1   [ RunTime:0.000063s ]
SQL: SELECT COUNT(*) AS tp_count FROM `ot_document` WHERE ( pid=116 ) LIMIT 1   [ RunTime:0.000113s ]
SQL: SELECT `title` FROM `ot_category` WHERE ( id=65 ) LIMIT 1   [ RunTime:0.000044s ]
SQL: SELECT COUNT(*) AS tp_count FROM `ot_document` WHERE ( pid=26 ) LIMIT 1   [ RunTime:0.000113s ]
SQL: SELECT `title` FROM `ot_category` WHERE ( id=51 ) LIMIT 1   [ RunTime:0.000040s ]
SQL: SELECT COUNT(*) AS tp_count FROM `ot_document` WHERE ( pid=115 ) LIMIT 1   [ RunTime:0.000113s ]
SQL: SELECT `title` FROM `ot_category` WHERE ( id=71 ) LIMIT 1   [ RunTime:0.000039s ]
SQL: SELECT COUNT(*) AS tp_count FROM `ot_document` WHERE ( pid=64 ) LIMIT 1   [ RunTime:0.000112s ]
SQL: SELECT `title` FROM `ot_category` WHERE ( id=63 ) LIMIT 1   [ RunTime:0.000039s ]
SQL: SELECT COUNT(*) AS tp_count FROM `ot_document` WHERE ( pid=112 ) LIMIT 1   [ RunTime:0.000116s ]
SQL: SELECT `title` FROM `ot_category` WHERE ( id=61 ) LIMIT 1   [ RunTime:0.000039s ]
SQL: SELECT COUNT(*) AS tp_count FROM `ot_document` WHERE ( pid=111 ) LIMIT 1   [ RunTime:0.000112s ]
SQL: SELECT `title` FROM `ot_category` WHERE ( id=59 ) LIMIT 1   [ RunTime:0.000039s ]
SQL: SELECT COUNT(*) AS tp_count FROM `ot_document` WHERE ( pid=110 ) LIMIT 1   [ RunTime:0.000112s ]
SQL: SELECT `title` FROM `ot_category` WHERE ( id=69 ) LIMIT 1   [ RunTime:0.000041s ]
SQL: SELECT COUNT(*) AS tp_count FROM `ot_document` WHERE ( pid=109 ) LIMIT 1   [ RunTime:0.000111s ]
SQL: SELECT `title` FROM `ot_category` WHERE ( id=65 ) LIMIT 1   [ RunTime:0.000039s ]
SQL: SELECT COUNT(*) AS tp_count FROM `ot_document` WHERE ( pid=107 ) LIMIT 1   [ RunTime:0.000112s ]
SQL: SELECT `title` FROM `ot_category` WHERE ( id=65 ) LIMIT 1   [ RunTime:0.000039s ]
SQL: SELECT COUNT(*) AS tp_count FROM `ot_document` WHERE ( pid=86 ) LIMIT 1   [ RunTime:0.000111s ]
SQL: SELECT `title` FROM `ot_category` WHERE ( id=65 ) LIMIT 1   [ RunTime:0.000041s ]
SQL: SELECT COUNT(*) AS tp_count FROM `ot_document` WHERE ( pid=106 ) LIMIT 1   [ RunTime:0.000113s ]
SQL: SELECT `title` FROM `ot_category` WHERE ( id=54 ) LIMIT 1   [ RunTime:0.000039s ]
SQL: SELECT COUNT(*) AS tp_count FROM `ot_document` WHERE ( pid=59 ) LIMIT 1   [ RunTime:0.000112s ]
SQL: SELECT `title` FROM `ot_category` WHERE ( id=61 ) LIMIT 1   [ RunTime:0.000039s ]
SQL: SELECT COUNT(*) AS tp_count FROM `ot_document` WHERE ( pid=105 ) LIMIT 1   [ RunTime:0.000112s ]
SQL: SELECT `title` FROM `ot_category` WHERE ( id=66 ) LIMIT 1   [ RunTime:0.000038s ]
SQL: SELECT COUNT(*) AS tp_count FROM `ot_document` WHERE ( pid=104 ) LIMIT 1   [ RunTime:0.000115s ]
SQL: SELECT `title` FROM `ot_category` WHERE ( id=66 ) LIMIT 1   [ RunTime:0.000038s ]
SQL: SELECT COUNT(*) AS tp_count FROM `ot_document` WHERE ( pid=102 ) LIMIT 1   [ RunTime:0.000117s ]
SQL: SELECT `title` FROM `ot_category` WHERE ( id=66 ) LIMIT 1   [ RunTime:0.000038s ]
SQL: SELECT COUNT(*) AS tp_count FROM `ot_document` WHERE ( pid=101 ) LIMIT 1   [ RunTime:0.000112s ]
SQL: SELECT `title` FROM `ot_category` WHERE ( id=66 ) LIMIT 1   [ RunTime:0.000038s ]
SQL: SELECT COUNT(*) AS tp_count FROM `ot_document` WHERE ( pid=94 ) LIMIT 1   [ RunTime:0.000110s ]
SQL: SELECT `title` FROM `ot_category` WHERE ( id=67 ) LIMIT 1   [ RunTime:0.000037s ]
SQL: SELECT COUNT(*) AS tp_count FROM `ot_document` WHERE ( pid=100 ) LIMIT 1   [ RunTime:0.000111s ]
SQL: SELECT `title` FROM `ot_category` WHERE ( id=68 ) LIMIT 1   [ RunTime:0.000038s ]
SQL: SELECT COUNT(*) AS tp_count FROM `ot_document` WHERE ( pid=99 ) LIMIT 1   [ RunTime:0.000111s ]
SQL: SELECT `title` FROM `ot_category` WHERE ( id=67 ) LIMIT 1   [ RunTime:0.000037s ]
SQL: SELECT COUNT(*) AS tp_count FROM `ot_document` WHERE ( pid=97 ) LIMIT 1   [ RunTime:0.000114s ]
SQL: SELECT `title` FROM `ot_category` WHERE ( id=67 ) LIMIT 1   [ RunTime:0.000040s ]
SQL: SELECT COUNT(*) AS tp_count FROM `ot_document` WHERE ( pid=98 ) LIMIT 1   [ RunTime:0.000112s ]
SQL: SELECT `title` FROM `ot_category` WHERE ( id=59 ) LIMIT 1   [ RunTime:0.000039s ]
SQL: SELECT COUNT(*) AS tp_count FROM `ot_document` WHERE ( pid=72 ) LIMIT 1   [ RunTime:0.000115s ]
SQL: SELECT `title` FROM `ot_category` WHERE ( id=59 ) LIMIT 1   [ RunTime:0.000038s ]
SQL: SELECT COUNT(*) AS tp_count FROM `ot_document` WHERE ( pid=81 ) LIMIT 1   [ RunTime:0.000111s ]
SQL: SELECT `title` FROM `ot_category` WHERE ( id=59 ) LIMIT 1   [ RunTime:0.000038s ]
SQL: SELECT COUNT(*) AS tp_count FROM `ot_document` WHERE ( pid=95 ) LIMIT 1   [ RunTime:0.000111s ]
SQL: SELECT `title` FROM `ot_category` WHERE ( id=68 ) LIMIT 1   [ RunTime:0.000038s ]
SQL: SELECT COUNT(*) AS tp_count FROM `ot_document` WHERE ( pid=93 ) LIMIT 1   [ RunTime:0.000112s ]
SQL: SELECT `title` FROM `ot_category` WHERE ( id=67 ) LIMIT 1   [ RunTime:0.000041s ]
SQL: SELECT COUNT(*) AS tp_count FROM `ot_document` WHERE ( pid=91 ) LIMIT 1   [ RunTime:0.000112s ]
SQL: SELECT `title` FROM `ot_category` WHERE ( id=61 ) LIMIT 1   [ RunTime:0.000039s ]
SQL: SELECT COUNT(*) AS tp_count FROM `ot_document` WHERE ( pid=88 ) LIMIT 1   [ RunTime:0.000110s ]
SQL: SELECT `title` FROM `ot_category` WHERE ( id=66 ) LIMIT 1   [ RunTime:0.000039s ]
SQL: SELECT COUNT(*) AS tp_count FROM `ot_document` WHERE ( pid=89 ) LIMIT 1   [ RunTime:0.000111s ]
SQL: SELECT `title` FROM `ot_category` WHERE ( id=66 ) LIMIT 1   [ RunTime:0.000038s ]
SQL: SELECT COUNT(*) AS tp_count FROM `ot_document` WHERE ( pid=87 ) LIMIT 1   [ RunTime:0.000118s ]
SQL: SELECT `title` FROM `ot_category` WHERE ( id=65 ) LIMIT 1   [ RunTime:0.000039s ]
SQL: SELECT COUNT(*) AS tp_count FROM `ot_document` WHERE ( pid=84 ) LIMIT 1   [ RunTime:0.000126s ]
SQL: SELECT `title` FROM `ot_category` WHERE ( id=65 ) LIMIT 1   [ RunTime:0.000040s ]
SQL: SELECT COUNT(*) AS tp_count FROM `ot_document` WHERE ( pid=82 ) LIMIT 1   [ RunTime:0.000123s ]
SQL: SELECT `title` FROM `ot_category` WHERE ( id=65 ) LIMIT 1   [ RunTime:0.000039s ]
SQL: SELECT COUNT(*) AS tp_count FROM `ot_document` WHERE ( pid=85 ) LIMIT 1   [ RunTime:0.000120s ]
SQL: SELECT `title` FROM `ot_category` WHERE ( id=65 ) LIMIT 1   [ RunTime:0.000039s ]
SQL: SELECT COUNT(*) AS tp_count FROM `ot_document` WHERE ( pid=69 ) LIMIT 1   [ RunTime:0.000111s ]
SQL: SELECT `title` FROM `ot_category` WHERE ( id=61 ) LIMIT 1   [ RunTime:0.000039s ]
SQL: SELECT COUNT(*) AS tp_count FROM `ot_document` WHERE ( pid=79 ) LIMIT 1   [ RunTime:0.000110s ]
SQL: SELECT `title` FROM `ot_category` WHERE ( id=64 ) LIMIT 1   [ RunTime:0.000038s ]
INFO: Run Behavior\ParseTemplate [ RunTime:0.037177s ]
INFO: [ view_parse ] --END-- [ RunTime:0.037209s ]
INFO: [ view_filter ] --START--
INFO: Run Behavior\WriteHtmlCache [ RunTime:0.000049s ]
INFO: [ view_filter ] --END-- [ RunTime:0.000071s ]
INFO: [ app_end ] --START--
INFO: Run Behavior\ShowPageTrace [ RunTime:0.000032s ]
INFO: [ app_end ] --END-- [ RunTime:0.000062s ]

[ 2017-08-04T02:20:13+08:00 ] 157.55.39.135 /
SQL: SHOW COLUMNS FROM `ot_document` [ RunTime:0.000324s ]
SQL: SELECT * FROM `ot_document` WHERE ( status=1 ) ORDER BY view desc LIMIT 0,12   [ RunTime:0.000323s ]
SQL: SHOW COLUMNS FROM `ot_category` [ RunTime:0.000338s ]
SQL: SELECT `id`,`name`,`title`,`pid`,`sort`,`list_row`,`meta_title`,`keywords`,`description`,`template_index`,`template_lists`,`template_detail`,`template_edit`,`model`,`type`,`link_id`,`allow_publish`,`display`,`reply`,`check`,`reply_model`,`extend`,`create_time`,`update_time`,`status`,`icon` FROM `ot_category` WHERE ( `status` = 1 ) ORDER BY sort  [ RunTime:0.000061s ]
SQL: SELECT COUNT(*) AS tp_count FROM `ot_document` WHERE ( status=1 ) LIMIT 1   [ RunTime:0.000130s ]
SQL: SELECT * FROM `ot_document` WHERE ( status=1 ) ORDER BY create_time desc LIMIT 0,10   [ RunTime:0.000260s ]
SQL: SELECT * FROM `ot_category` WHERE ( id=73 ) LIMIT 1   [ RunTime:0.000059s ]
SQL: SELECT * FROM `ot_category` WHERE ( id=51 ) LIMIT 1   [ RunTime:0.000048s ]
SQL: SELECT * FROM `ot_category` WHERE ( id=65 ) LIMIT 1   [ RunTime:0.000055s ]
SQL: SELECT * FROM `ot_category` WHERE ( id=54 ) LIMIT 1   [ RunTime:0.000041s ]
SQL: SELECT * FROM `ot_category` WHERE ( id=54 ) LIMIT 1   [ RunTime:0.000053s ]
SQL: SELECT * FROM `ot_category` WHERE ( id=54 ) LIMIT 1   [ RunTime:0.000042s ]
SQL: SELECT * FROM `ot_category` WHERE ( id=71 ) LIMIT 1   [ RunTime:0.000041s ]
SQL: SELECT * FROM `ot_category` WHERE ( id=72 ) LIMIT 1   [ RunTime:0.000056s ]
SQL: SELECT * FROM `ot_category` WHERE ( id=72 ) LIMIT 1   [ RunTime:0.000041s ]
SQL: SELECT * FROM `ot_category` WHERE ( id=72 ) LIMIT 1   [ RunTime:0.000041s ]
INFO: [ view_parse ] --START--
INFO: [ template_filter ] --START--
INFO: Run Behavior\ContentReplace [ RunTime:0.000127s ]
INFO: [ template_filter ] --END-- [ RunTime:0.000161s ]
INFO: Run Behavior\ParseTemplate [ RunTime:0.010519s ]
INFO: [ view_parse ] --END-- [ RunTime:0.010554s ]
INFO: [ view_filter ] --START--
INFO: Run Behavior\WriteHtmlCache [ RunTime:0.000027s ]
INFO: [ view_filter ] --END-- [ RunTime:0.000049s ]
INFO: [ app_end ] --START--
INFO: Run Behavior\ShowPageTrace [ RunTime:0.000030s ]
INFO: [ app_end ] --END-- [ RunTime:0.000059s ]

[ 2017-08-04T05:07:43+08:00 ] 183.129.160.229 /
SQL: SHOW COLUMNS FROM `ot_document` [ RunTime:0.000340s ]
SQL: SELECT * FROM `ot_document` WHERE ( status=1 ) ORDER BY view desc LIMIT 0,12   [ RunTime:0.000055s ]
SQL: SHOW COLUMNS FROM `ot_category` [ RunTime:0.000361s ]
SQL: SELECT `id`,`name`,`title`,`pid`,`sort`,`list_row`,`meta_title`,`keywords`,`description`,`template_index`,`template_lists`,`template_detail`,`template_edit`,`model`,`type`,`link_id`,`allow_publish`,`display`,`reply`,`check`,`reply_model`,`extend`,`create_time`,`update_time`,`status`,`icon` FROM `ot_category` WHERE ( `status` = 1 ) ORDER BY sort  [ RunTime:0.000058s ]
SQL: SELECT COUNT(*) AS tp_count FROM `ot_document` WHERE ( status=1 ) LIMIT 1   [ RunTime:0.000042s ]
SQL: SELECT * FROM `ot_document` WHERE ( status=1 ) ORDER BY create_time desc LIMIT 0,10   [ RunTime:0.000054s ]
SQL: SELECT * FROM `ot_category` WHERE ( id=73 ) LIMIT 1   [ RunTime:0.000047s ]
SQL: SELECT * FROM `ot_category` WHERE ( id=51 ) LIMIT 1   [ RunTime:0.000061s ]
SQL: SELECT * FROM `ot_category` WHERE ( id=65 ) LIMIT 1   [ RunTime:0.000044s ]
SQL: SELECT * FROM `ot_category` WHERE ( id=54 ) LIMIT 1   [ RunTime:0.000055s ]
SQL: SELECT * FROM `ot_category` WHERE ( id=54 ) LIMIT 1   [ RunTime:0.000041s ]
SQL: SELECT * FROM `ot_category` WHERE ( id=54 ) LIMIT 1   [ RunTime:0.000043s ]
SQL: SELECT * FROM `ot_category` WHERE ( id=71 ) LIMIT 1   [ RunTime:0.000045s ]
SQL: SELECT * FROM `ot_category` WHERE ( id=72 ) LIMIT 1   [ RunTime:0.000043s ]
SQL: SELECT * FROM `ot_category` WHERE ( id=72 ) LIMIT 1   [ RunTime:0.000042s ]
SQL: SELECT * FROM `ot_category` WHERE ( id=72 ) LIMIT 1   [ RunTime:0.000053s ]
INFO: [ view_parse ] --START--
INFO: [ template_filter ] --START--
INFO: Run Behavior\ContentReplace [ RunTime:0.000148s ]
INFO: [ template_filter ] --END-- [ RunTime:0.000183s ]
INFO: Run Behavior\ParseTemplate [ RunTime:0.010674s ]
INFO: [ view_parse ] --END-- [ RunTime:0.010712s ]
INFO: [ view_filter ] --START--
INFO: Run Behavior\WriteHtmlCache [ RunTime:0.000028s ]
INFO: [ view_filter ] --END-- [ RunTime:0.000049s ]
INFO: [ app_end ] --START--
INFO: Run Behavior\ShowPageTrace [ RunTime:0.000029s ]
INFO: [ app_end ] --END-- [ RunTime:0.000059s ]

